INFO     Running translator.
INFO     translator inputs: ['../../domain1.pddl', '../../problem2.pddl']
INFO     translator arguments: []
Parsing...
Parsing: [0.000s CPU, 0.010s wall-clock]
Normalizing task... [0.000s CPU, 0.001s wall-clock]
Instantiating...
Generating Datalog program... [0.000s CPU, 0.001s wall-clock]
Normalizing Datalog program...
Trivial rules: Converted to facts.
Normalizing Datalog program: [0.020s CPU, 0.008s wall-clock]
Preparing model... [0.000s CPU, 0.003s wall-clock]
Generated 60 rules.
Computing model... [0.020s CPU, 0.024s wall-clock]
444 relevant atoms
879 auxiliary atoms
1323 final queue length
1671 total queue pushes
Completing instantiation... [0.020s CPU, 0.019s wall-clock]
Instantiating: [0.060s CPU, 0.055s wall-clock]
Computing fact groups...
Finding invariants...
10 initial candidates
Finding invariants: [0.010s CPU, 0.010s wall-clock]
Checking invariant weight... [0.000s CPU, 0.000s wall-clock]
Instantiating groups... [0.000s CPU, 0.001s wall-clock]
Collecting mutex groups... [0.000s CPU, 0.000s wall-clock]
Choosing groups...
37 uncovered facts
Choosing groups: [0.000s CPU, 0.001s wall-clock]
Building translation key... [0.010s CPU, 0.001s wall-clock]
Computing fact groups: [0.020s CPU, 0.014s wall-clock]
Building STRIPS to SAS dictionary... [0.000s CPU, 0.000s wall-clock]
Building dictionary for full mutex groups... [0.000s CPU, 0.000s wall-clock]
Building mutex information...
Building mutex information: [0.000s CPU, 0.000s wall-clock]
Translating task...
Processing axioms...
Simplifying axioms... [0.000s CPU, 0.000s wall-clock]
Processing axioms: [0.000s CPU, 0.002s wall-clock]
Translating task: [0.020s CPU, 0.022s wall-clock]
216 effect conditions simplified
0 implied preconditions added
Detecting unreachable propositions...
0 operators removed
0 axioms removed
6 propositions removed
Detecting unreachable propositions: [0.010s CPU, 0.010s wall-clock]
Translator variables: 43
Translator derived variables: 6
Translator facts: 152
Translator goal facts: 5
Translator mutex groups: 19
Translator total mutex groups size: 169
Translator operators: 204
Translator axioms: 8
Translator task size: 1791
Translator peak memory: 44896 KB
Writing output... [0.000s CPU, 0.005s wall-clock]
Done! [0.110s CPU, 0.120s wall-clock]
INFO     Running preprocessor.
INFO     preprocessor input: output.sas
INFO     preprocessor arguments: ['--h2_time_limit', '30']
Building causal graph...
The causal graph is not acyclic.
31 variables of 43 necessary
13 of 19 mutex groups necessary.
204 of 204 operators necessary.
8 of 8 axiom rules necessary.
Disabling h2 analysis because it does not currently support axioms
Preprocessor variables: 31
Preprocessor facts: 128
Preprocessor derived variables: 6
Preprocessor operators: 204
Preprocessor mutex groups: 13
Preprocessor task size: 1653
Writing output...
done
INFO     Running search.
INFO     search input: output
INFO     search portfolio: /planner/driver/portfolios/seq_sat_saarplan.py
External time limits: -1, -1
Internal time limit: 1800
External memory limits: -1, -1
Internal memory limit: 8000000000
remaining time at start: 1799.59
remaining time: 1799.59
config 0: relative time 100, remaining 1800
g bound: infinity
next plan number: 1
args: ['/planner/driver/../fast-downward-decoupled/search/downward-release', '--decoupling', 'fork(search_type=sat, pruning=cost_frontier(irrelevance=TRANSITIONS), max_leaf_size=1000000)', '--heuristic', 'hff=ff(cost_type=one)', '--search', 'lazy_greedy(hff, preferred=hff, cost_type=one, bound=infinity)', '--internal-previous-portfolio-plans', '0', '--internal-plan-file', 're.out']
timeout: 99.98 -> (100, 101)
using frontier pruning method
performing irrelevance analysis in leaf factors
performing decoupled satisficing search
maximum leaf factor size 1000000
using fork factoring profile
reading input... [t=0.00319842s]
done reading input! [t=0.00568943s]
Peak memory: 3608 KB
returncode: 3

remaining time: 1799.55
config 1: relative time 600, remaining 1700
g bound: infinity
next plan number: 1
args: ['/planner/driver/../fast-downward-decoupled/search/downward-release', '--decoupling', 'portfolio(fallback_on_abstain=true, overwrite_options=true, choose_max_leaves=true,          factorings=[fork(search_type=sat, max_leaf_size=1000000), ifork(search_type=sat, max_leaf_size=1000000), incarcs(search_type=sat, max_leaf_size=100000)])', '--heuristic', 'hff=ff(cost_type=one)', '--search', 'lazy_greedy(hff, preferred=hff, cost_type=one, bound=infinity, symmetry=symmetry_state_pruning(lex_prices=false, lex_num_states=false, lex_goal_cost=false))', '--internal-previous-portfolio-plans', '0', '--internal-plan-file', 're.out']
timeout: 635.14 -> (636, 637)
performing decoupled satisficing search
maximum leaf factor size 1000000
using default pruning method: BasicPruning
using fork factoring profile
performing decoupled satisficing search
maximum leaf factor size 1000000
using default pruning method: BasicPruning
using inverted-fork factoring profile
performing decoupled satisficing search
maximum leaf factor size 100000
using default pruning method: BasicPruning
using incident-arcs factoring profile
performing Star Decoupled A* search
using default pruning method: BasicPruning
using factoring portfolio
reading input... [t=0.00119979s]
done reading input! [t=0.00119979s]
Variables: 31
Bytes per state: 8
Building successor generator...done! [t=0.00119979s]
peak memory difference for root successor generator creation: 132 KB
time for root successor generation creation: 0s
done! [t=0.00119979s]
done initalizing global data [t=0.00119979s]
Creating symmetry graph stabilizing goal only and using orbit search.
Conducting lazy best first search, (real) bound = 2147483647
Initializing FF heuristic...
Initializing additive heuristic...
Simplifying 632 unary operators... done! [632 unary operators]
Best heuristic value: 34 [g=0, 1 evaluated, 0 expanded, t=0.00119979s, 4036 KB]
Best heuristic value: 33 [g=7, 26 evaluated, 25 expanded, t=0.00520039s, 4036 KB]
Best heuristic value: 32 [g=10, 34 evaluated, 33 expanded, t=0.00520039s, 4036 KB]
Best heuristic value: 31 [g=11, 35 evaluated, 34 expanded, t=0.00520039s, 4036 KB]
Best heuristic value: 30 [g=18, 75 evaluated, 74 expanded, t=0.00520039s, 4036 KB]
Best heuristic value: 29 [g=25, 120 evaluated, 119 expanded, t=0.00520039s, 4036 KB]
Best heuristic value: 28 [g=42, 16289 evaluated, 16288 expanded, t=0.476933s, 6292 KB]
Best heuristic value: 27 [g=43, 16290 evaluated, 16289 expanded, t=0.476933s, 6292 KB]
Best heuristic value: 26 [g=44, 16291 evaluated, 16290 expanded, t=0.476933s, 6292 KB]
Best heuristic value: 24 [g=46, 16294 evaluated, 16293 expanded, t=0.476933s, 6292 KB]
Best heuristic value: 23 [g=48, 16297 evaluated, 16296 expanded, t=0.476933s, 6292 KB]
Best heuristic value: 21 [g=49, 16298 evaluated, 16297 expanded, t=0.476933s, 6292 KB]
Best heuristic value: 20 [g=50, 16299 evaluated, 16298 expanded, t=0.476933s, 6292 KB]
Best heuristic value: 18 [g=52, 16301 evaluated, 16300 expanded, t=0.476933s, 6292 KB]
Best heuristic value: 17 [g=53, 16303 evaluated, 16302 expanded, t=0.476933s, 6292 KB]
Best heuristic value: 16 [g=55, 16307 evaluated, 16306 expanded, t=0.476933s, 6292 KB]
Best heuristic value: 14 [g=56, 16308 evaluated, 16307 expanded, t=0.476933s, 6292 KB]
Best heuristic value: 12 [g=58, 16311 evaluated, 16310 expanded, t=0.476933s, 6292 KB]
Best heuristic value: 11 [g=60, 16313 evaluated, 16312 expanded, t=0.476933s, 6292 KB]
Best heuristic value: 10 [g=61, 16315 evaluated, 16314 expanded, t=0.476933s, 6292 KB]
Best heuristic value: 9 [g=62, 16317 evaluated, 16316 expanded, t=0.476933s, 6292 KB]
Best heuristic value: 8 [g=64, 16321 evaluated, 16320 expanded, t=0.476933s, 6292 KB]
Best heuristic value: 7 [g=66, 16324 evaluated, 16323 expanded, t=0.476933s, 6292 KB]
Best heuristic value: 6 [g=67, 16326 evaluated, 16325 expanded, t=0.476933s, 6292 KB]
Best heuristic value: 5 [g=67, 16360 evaluated, 16357 expanded, t=0.476933s, 6292 KB]
Best heuristic value: 3 [g=69, 16363 evaluated, 16360 expanded, t=0.476933s, 6292 KB]
Best heuristic value: 2 [g=70, 16364 evaluated, 16361 expanded, t=0.476933s, 6292 KB]
Best heuristic value: 1 [g=71, 16365 evaluated, 16362 expanded, t=0.476933s, 6292 KB]
Solution found!
Actual search time: 0.475733s [t=0.476933s]
move-on-arrival train1 v1 t0 (1)
move-on-arrival train2 v2 v1 (1)
move-on-arrival train3 v3 v2 (1)
move-on-arrival train4 v4 v3 (1)
move-to-track train1 t0 t1 track1 (1)
move-on-arrival train2 v1 t0 (1)
move-on-arrival train3 v2 v1 (1)
move-on-arrival train4 v3 v2 (1)
move-on-arrival train5 v5 v4 (1)
move-on-arrival train5 v4 v3 (1)
move-on-arrival train6 v6 v5 (1)
move-to-track train2 t0 t5 track2 (1)
move-along-track train1 t1 t2 track1 (1)
move-on-arrival train3 v1 t0 (1)
move-on-arrival train4 v2 v1 (1)
move-on-arrival train5 v3 v2 (1)
move-on-arrival train6 v5 v4 (1)
move-on-arrival train6 v4 v3 (1)
move-along-track train1 t2 t1 track1 (1)
move-along-track train2 t5 t6 track2 (1)
move-to-track train3 t0 t5 track2 (1)
move-on-arrival train4 v1 t0 (1)
move-on-arrival train5 v2 v1 (1)
move-along-track train1 t1 t2 track1 (1)
move-to-track train4 t0 t1 track1 (1)
move-on-arrival train6 v3 v2 (1)
move-on-arrival train5 v1 t0 (1)
move-on-arrival train6 v2 v1 (1)
move-along-track train1 t2 t3 track1 (1)
move-along-track train4 t1 t2 track1 (1)
move-to-track train5 t0 t1 track1 (1)
move-along-track train1 t3 t4 track1 (1)
move-along-track train4 t2 t3 track1 (1)
move-on-arrival train6 v1 t0 (1)
move-along-track train5 t1 t2 track1 (1)
move-to-track train6 t0 t1 track1 (1)
move-from-track train3 t5 t0 track2 (1)
move-to-departure train3 t0 v1 (1)
move-along-track train2 t6 t5 track2 (1)
move-to-departure train3 v1 v2 (1)
move-to-departure train3 v2 v3 (1)
move-to-departure train3 v3 v4 (1)
move-to-departure train3 v4 v5 (1)
move-to-departure train3 v5 v6 (1)
move-from-track train2 t5 t0 track2 (1)
move-to-departure train2 t0 v1 (1)
move-to-departure train2 v1 v2 (1)
move-to-departure train2 v2 v3 (1)
move-to-departure train2 v3 v4 (1)
move-to-departure train2 v4 v5 (1)
move-from-track train6 t1 t0 track1 (1)
move-to-departure train6 t0 v1 (1)
move-along-track train5 t2 t1 track1 (1)
move-to-departure train6 v1 v2 (1)
move-to-departure train6 v2 v3 (1)
move-to-departure train6 v3 v4 (1)
move-along-track train4 t3 t2 track1 (1)
move-along-track train1 t4 t3 track1 (1)
move-from-track train5 t1 t0 track1 (1)
move-along-track train4 t2 t1 track1 (1)
move-to-track train5 t0 t5 track2 (1)
move-along-track train1 t3 t2 track1 (1)
move-from-track train4 t1 t0 track1 (1)
move-to-departure train4 t0 v1 (1)
move-along-track train1 t2 t1 track1 (1)
move-to-departure train4 v1 v2 (1)
move-to-departure train4 v2 v3 (1)
move-from-track train1 t1 t0 track1 (1)
move-to-departure train1 t0 v1 (1)
move-to-departure train1 v1 v2 (1)
move-from-track train5 t5 t0 track2 (1)
move-to-departure train5 t0 v1 (1)
Plan length: 72 step(s).
Plan cost: 72
Initial state h value: 34.
Expanded 16363 state(s).
Reopened 0 state(s).
Evaluated 16366 state(s).
Evaluations: 16366
Generated 93143 state(s).
Dead ends: 2 state(s).
Number of registered states: 16366
Search time: 0.475733s
Total time: 0.476933s
Solution found.
Peak memory: 6292 KB
returncode: 0

plan manager: found new plan with cost 72
remaining time: 1799.08
config 2: relative time 1100, remaining 1100
g bound: 71
next plan number: 2
args: ['/planner/driver/../fast-downward-conjunctions/builds/release64clangpgonative/bin/downward', '--if-unit-cost', '--heuristic', 'hcff_normalcost=cff(seed=42, cache_estimates=false, cost_type=PLUSONE)', '--heuristic', 'hn_normalcost=novelty(cache_estimates=false)', '--heuristic', 'tmp_normalcost=novelty_linker(hcff_normalcost, [hn_normalcost])', '--heuristic', 'hlm_normalcost=lmcount(lm_rhw(reasonable_orders=true))', '--search', 'ipc18_iterated([grey_initial_state_search(grey_painting=all_prefer_inv, cost_type=PLUSONE),                            ehc_cn(hcff_normalcost, preferred=hcff_normalcost, novelty=hn_normalcost, seed=42, max_growth=8, max_time=500),                            lazy_iterated_weights_c([hcff_normalcost, hlm_normalcost], preferred=[hcff_normalcost], conjunctions_heuristic=hcff_normalcost,                                                    strategy=maintain_fixed_size_probabilistic(initial_removal_mode=UNTIL_BOUND, base_probability=0.02, target_growth_ratio=1.50))                           ], delete_after_phase_heuristics=[hn_normalcost, tmp_normalcost], delete_after_phase_phases=[1, 1], continue_on_fail=true, bound=71)', '--if-non-unit-cost', '--heuristic', 'hcff=cff(seed=42, cache_estimates=false, cost_type=ONE)', '--heuristic', 'hn=novelty(cache_estimates=false)', '--heuristic', 'tmp=novelty_linker(hcff, [hn])', '--heuristic', 'hcff_normalcost=cff(seed=42, cache_estimates=false, cost_type=PLUSONE)', '--heuristic', 'hn_normalcost=novelty(cache_estimates=false)', '--heuristic', 'tmp_normalcost=novelty_linker(hcff_normalcost, [hn_normalcost])', '--heuristic', 'hlm=lmcount(lm_rhw(reasonable_orders=true, lm_cost_type=ONE), cost_type=ONE)', '--heuristic', 'hlm_normalcost=lmcount(lm_rhw(reasonable_orders=true))', '--search', 'ipc18_iterated([grey_initial_state_search(grey_painting=all_prefer_inv, cost_type=ONE),                            ehc_cn(hcff, preferred=hcff, novelty=hn, seed=42, cost_type=ONE, max_growth=8, max_time=500),                            lazy_greedy_c([hcff, hlm], preferred=[hcff], conjunctions_heuristic=hcff,                                          strategy=maintain_fixed_size_probabilistic(initial_removal_mode=UNTIL_BOUND, base_probability=0.02, target_growth_ratio=1.50), cost_type=ONE),                            ehc_cn(hcff_normalcost, preferred=hcff_normalcost, novelty=hn_normalcost, seed=42, max_growth=8, max_time=100),                            lazy_iterated_weights_c([hcff_normalcost, hlm_normalcost], preferred=[hcff_normalcost], conjunctions_heuristic=hcff_normalcost,                                                    strategy=maintain_fixed_size_probabilistic(generate_initially=true, initial_removal_mode=UNTIL_BOUND, base_probability=0.02, target_growth_ratio=1.50))                           ], decision_point=1, skip_if_solved=[2], skip_if_failed=[3],                           delete_after_phase_heuristics=[hn, tmp, hcff, hlm, hn_normalcost, tmp_normalcost],                           delete_after_phase_phases=[1, 1, 2, 2, 3, 3], continue_on_fail=true, bound=71)', '--always', '--internal-previous-portfolio-plans', '1', '--internal-plan-file', 're.out']
timeout: 1799.08 -> (1800, 1801)
reading input... [t=0.00175816s]
done reading input! [t=0.00564463s]
packing state variables...done! [t=0.00564463s]
Variables: 31
FactPairs: 128
Bytes per state: 8
Building successor generator...done! [t=0.00564463s]
done initalizing global data [t=0.00564463s]
cross context: 1
best supporter function: h^Cadd
no relaxed plan extraction: 0
tie breaking: RANDOM
WARNING: task has axioms that are being ignored by the heuristic!
Initializing CFF heuristic...
The original task would have 624 counters.
Finished hcff initialization, t = 0s
Initializing novelty heuristic...
Linking novelty heuristics to the conjunctions heuristic...
Initializing Exploration...
Initializing landmarks count heuristic...
Generating landmarks using the RPG/SAS+ approach
approx. reasonable orders
approx. obedient reasonable orders
Removed 0 reasonable or obedient reasonable orders
Landmarks generation time: 0.00799912s
Discovered 65 landmarks, of which 0 are disjunctive and 0 are conjunctive 
442 edges
Starting search: grey_initial_state_search(grey_painting = all_prefer_inv, cost_type = plusone)
Simplifying 632 unary operators... done! [632 unary operators]
Initializing additive heuristic...
Initializing Red-Black Relaxation heuristic...
Peak memory: 5896 KB
returncode: 3

remaining time: 1799.02
config 0: relative time 600, remaining 600
g bound: 72
next plan number: 2
args: ['/planner/driver/../fast-downward-decoupled/search/downward-release', '--decoupling', 'portfolio(fallback_on_abstain=true, overwrite_options=true, choose_max_leaves=true,          factorings=[fork(search_type=sat, max_leaf_size=1000000), ifork(search_type=sat, max_leaf_size=1000000), incarcs(search_type=sat, max_leaf_size=100000)])', '--heuristic', 'hff=ff(cost_type=one)', '--search', 'lazy_greedy(hff, preferred=hff, cost_type=one, bound=72, symmetry=symmetry_state_pruning(lex_prices=false, lex_num_states=false, lex_goal_cost=false))', '--internal-previous-portfolio-plans', '1', '--internal-plan-file', 're.out']
timeout: 1799.02 -> (1800, 1801)
performing decoupled satisficing search
maximum leaf factor size 1000000
using default pruning method: BasicPruning
using fork factoring profile
performing decoupled satisficing search
maximum leaf factor size 1000000
using default pruning method: BasicPruning
using inverted-fork factoring profile
performing decoupled satisficing search
maximum leaf factor size 100000
using default pruning method: BasicPruning
using incident-arcs factoring profile
performing Star Decoupled A* search
using default pruning method: BasicPruning
using factoring portfolio
reading input... [t=0s]
done reading input! [t=0s]
Variables: 31
Bytes per state: 8
Building successor generator...done! [t=0s]
peak memory difference for root successor generator creation: 132 KB
time for root successor generation creation: 0s
done! [t=0s]
done initalizing global data [t=0s]
Creating symmetry graph stabilizing goal only and using orbit search.
Conducting lazy best first search, (real) bound = 72
Initializing FF heuristic...
Initializing additive heuristic...
Simplifying 632 unary operators... done! [632 unary operators]
Best heuristic value: 34 [g=0, 1 evaluated, 0 expanded, t=0s, 4036 KB]
Best heuristic value: 33 [g=7, 26 evaluated, 25 expanded, t=0.00400227s, 4036 KB]
Best heuristic value: 32 [g=10, 34 evaluated, 33 expanded, t=0.00400227s, 4036 KB]
Best heuristic value: 31 [g=11, 35 evaluated, 34 expanded, t=0.00400227s, 4036 KB]
Best heuristic value: 30 [g=18, 75 evaluated, 74 expanded, t=0.00400227s, 4036 KB]
Best heuristic value: 29 [g=25, 120 evaluated, 119 expanded, t=0.00400227s, 4036 KB]
Best heuristic value: 28 [g=42, 16289 evaluated, 16288 expanded, t=0.475708s, 6284 KB]
Best heuristic value: 27 [g=43, 16290 evaluated, 16289 expanded, t=0.475708s, 6284 KB]
Best heuristic value: 26 [g=44, 16291 evaluated, 16290 expanded, t=0.475708s, 6284 KB]
Best heuristic value: 24 [g=46, 16294 evaluated, 16293 expanded, t=0.475708s, 6284 KB]
Best heuristic value: 23 [g=48, 16297 evaluated, 16296 expanded, t=0.475708s, 6284 KB]
Best heuristic value: 21 [g=49, 16298 evaluated, 16297 expanded, t=0.475708s, 6284 KB]
Best heuristic value: 20 [g=50, 16299 evaluated, 16298 expanded, t=0.475708s, 6284 KB]
Best heuristic value: 18 [g=52, 16301 evaluated, 16300 expanded, t=0.475708s, 6284 KB]
Best heuristic value: 17 [g=53, 16303 evaluated, 16302 expanded, t=0.475708s, 6284 KB]
Best heuristic value: 16 [g=55, 16307 evaluated, 16306 expanded, t=0.479709s, 6284 KB]
Best heuristic value: 14 [g=56, 16308 evaluated, 16307 expanded, t=0.479709s, 6284 KB]
Best heuristic value: 12 [g=58, 16311 evaluated, 16310 expanded, t=0.479709s, 6284 KB]
Best heuristic value: 11 [g=60, 16313 evaluated, 16312 expanded, t=0.479709s, 6284 KB]
Best heuristic value: 10 [g=61, 16315 evaluated, 16314 expanded, t=0.479709s, 6284 KB]
Best heuristic value: 9 [g=62, 16317 evaluated, 16316 expanded, t=0.479709s, 6284 KB]
Best heuristic value: 8 [g=64, 16321 evaluated, 16320 expanded, t=0.479709s, 6284 KB]
Best heuristic value: 7 [g=66, 16324 evaluated, 16323 expanded, t=0.479709s, 6284 KB]
Best heuristic value: 6 [g=67, 16326 evaluated, 16325 expanded, t=0.479709s, 6284 KB]
Best heuristic value: 5 [g=67, 16359 evaluated, 16357 expanded, t=0.479709s, 6284 KB]
Best heuristic value: 3 [g=69, 16362 evaluated, 16360 expanded, t=0.479709s, 6284 KB]
Best heuristic value: 2 [g=70, 16363 evaluated, 16361 expanded, t=0.479709s, 6284 KB]
Best heuristic value: 1 [g=71, 16364 evaluated, 16362 expanded, t=0.479709s, 6284 KB]
Solution found!
Actual search time: 5.29262s [t=5.29262s]
move-on-arrival train1 v1 t0 (1)
move-on-arrival train2 v2 v1 (1)
move-on-arrival train3 v3 v2 (1)
move-on-arrival train4 v4 v3 (1)
move-on-arrival train5 v5 v4 (1)
move-on-arrival train6 v6 v5 (1)
move-to-track train1 t0 t5 track2 (1)
move-on-arrival train2 v1 t0 (1)
move-on-arrival train3 v2 v1 (1)
move-on-arrival train4 v3 v2 (1)
move-on-arrival train5 v4 v3 (1)
move-to-track train2 t0 t1 track1 (1)
move-along-track train1 t5 t6 track2 (1)
move-on-arrival train3 v1 t0 (1)
move-on-arrival train4 v2 v1 (1)
move-on-arrival train5 v3 v2 (1)
move-on-arrival train6 v5 v4 (1)
move-on-arrival train6 v4 v3 (1)
move-to-track train3 t0 t5 track2 (1)
move-on-arrival train4 v1 t0 (1)
move-on-arrival train5 v2 v1 (1)
move-along-track train2 t1 t2 track1 (1)
move-to-track train4 t0 t1 track1 (1)
move-on-arrival train6 v3 v2 (1)
move-along-track train2 t2 t3 track1 (1)
move-on-arrival train5 v1 t0 (1)
move-on-arrival train6 v2 v1 (1)
move-along-track train4 t1 t2 track1 (1)
move-along-track train2 t3 t4 track1 (1)
move-to-track train5 t0 t1 track1 (1)
move-along-track train4 t2 t3 track1 (1)
move-on-arrival train6 v1 t0 (1)
move-along-track train5 t1 t2 track1 (1)
move-to-track train6 t0 t1 track1 (1)
move-from-track train3 t5 t0 track2 (1)
move-to-departure train3 t0 v1 (1)
move-along-track train1 t6 t5 track2 (1)
move-to-departure train3 v1 v2 (1)
move-to-departure train3 v2 v3 (1)
move-to-departure train3 v3 v4 (1)
move-to-departure train3 v4 v5 (1)
move-to-departure train3 v5 v6 (1)
move-from-track train1 t5 t0 track2 (1)
move-to-departure train1 t0 v1 (1)
move-to-departure train1 v1 v2 (1)
move-to-departure train1 v2 v3 (1)
move-to-departure train1 v3 v4 (1)
move-to-departure train1 v4 v5 (1)
move-from-track train6 t1 t0 track1 (1)
move-to-departure train6 t0 v1 (1)
move-along-track train5 t2 t1 track1 (1)
move-to-departure train6 v1 v2 (1)
move-to-departure train6 v2 v3 (1)
move-to-departure train6 v3 v4 (1)
move-along-track train4 t3 t2 track1 (1)
move-along-track train2 t4 t3 track1 (1)
move-from-track train5 t1 t0 track1 (1)
move-along-track train4 t2 t1 track1 (1)
move-to-track train5 t0 t5 track2 (1)
move-along-track train2 t3 t2 track1 (1)
move-from-track train4 t1 t0 track1 (1)
move-to-departure train4 t0 v1 (1)
move-along-track train2 t2 t1 track1 (1)
move-to-departure train4 v1 v2 (1)
move-to-departure train4 v2 v3 (1)
move-from-track train2 t1 t0 track1 (1)
move-to-departure train2 t0 v1 (1)
move-to-departure train2 v1 v2 (1)
move-from-track train5 t5 t0 track2 (1)
move-to-departure train5 t0 v1 (1)
Plan length: 70 step(s).
Plan cost: 70
Initial state h value: 34.
Expanded 257320 state(s).
Reopened 0 state(s).
Evaluated 257355 state(s).
Evaluations: 257355
Generated 1605415 state(s).
Dead ends: 34 state(s).
Number of registered states: 257355
Search time: 5.29262s
Total time: 5.29262s
Solution found.
Peak memory: 34332 KB
returncode: 0

plan manager: found new plan with cost 70
remaining time: 1793.72
config 0: relative time 600, remaining 600
g bound: 70
next plan number: 3
args: ['/planner/driver/../fast-downward-decoupled/search/downward-release', '--decoupling', 'portfolio(fallback_on_abstain=true, overwrite_options=true, choose_max_leaves=true,          factorings=[fork(search_type=sat, max_leaf_size=1000000), ifork(search_type=sat, max_leaf_size=1000000), incarcs(search_type=sat, max_leaf_size=100000)])', '--heuristic', 'hff=ff(cost_type=one)', '--search', 'lazy_greedy(hff, preferred=hff, cost_type=one, bound=70, symmetry=symmetry_state_pruning(lex_prices=false, lex_num_states=false, lex_goal_cost=false))', '--internal-previous-portfolio-plans', '2', '--internal-plan-file', 're.out']
timeout: 1793.72 -> (1794, 1795)
performing decoupled satisficing search
maximum leaf factor size 1000000
using default pruning method: BasicPruning
using fork factoring profile
performing decoupled satisficing search
maximum leaf factor size 1000000
using default pruning method: BasicPruning
using inverted-fork factoring profile
performing decoupled satisficing search
maximum leaf factor size 100000
using default pruning method: BasicPruning
using incident-arcs factoring profile
performing Star Decoupled A* search
using default pruning method: BasicPruning
using factoring portfolio
reading input... [t=0s]
done reading input! [t=0.00139404s]
Variables: 31
Bytes per state: 8
Building successor generator...done! [t=0.00139404s]
peak memory difference for root successor generator creation: 132 KB
time for root successor generation creation: 0s
done! [t=0.00139404s]
done initalizing global data [t=0.00139404s]
Creating symmetry graph stabilizing goal only and using orbit search.
Conducting lazy best first search, (real) bound = 70
Initializing FF heuristic...
Initializing additive heuristic...
Simplifying 632 unary operators... done! [632 unary operators]
Best heuristic value: 34 [g=0, 1 evaluated, 0 expanded, t=0.00139404s, 4036 KB]
Best heuristic value: 33 [g=7, 26 evaluated, 25 expanded, t=0.00139404s, 4036 KB]
Best heuristic value: 32 [g=10, 34 evaluated, 33 expanded, t=0.0053963s, 4036 KB]
Best heuristic value: 31 [g=11, 35 evaluated, 34 expanded, t=0.0053963s, 4036 KB]
Best heuristic value: 30 [g=18, 75 evaluated, 74 expanded, t=0.0053963s, 4036 KB]
Best heuristic value: 29 [g=25, 120 evaluated, 119 expanded, t=0.0053963s, 4036 KB]
Best heuristic value: 28 [g=42, 16289 evaluated, 16288 expanded, t=0.497244s, 6284 KB]
Best heuristic value: 27 [g=43, 16290 evaluated, 16289 expanded, t=0.501246s, 6284 KB]
Best heuristic value: 26 [g=44, 16291 evaluated, 16290 expanded, t=0.501246s, 6284 KB]
Best heuristic value: 24 [g=46, 16294 evaluated, 16293 expanded, t=0.501246s, 6284 KB]
Best heuristic value: 23 [g=48, 16297 evaluated, 16296 expanded, t=0.501246s, 6284 KB]
Best heuristic value: 21 [g=49, 16298 evaluated, 16297 expanded, t=0.501246s, 6284 KB]
Best heuristic value: 20 [g=50, 16299 evaluated, 16298 expanded, t=0.501246s, 6284 KB]
Best heuristic value: 18 [g=52, 16301 evaluated, 16300 expanded, t=0.501246s, 6284 KB]
Best heuristic value: 17 [g=53, 16303 evaluated, 16302 expanded, t=0.501922s, 6284 KB]
Best heuristic value: 16 [g=55, 16307 evaluated, 16306 expanded, t=0.501922s, 6284 KB]
Best heuristic value: 14 [g=56, 16308 evaluated, 16307 expanded, t=0.501922s, 6284 KB]
Best heuristic value: 12 [g=58, 16311 evaluated, 16310 expanded, t=0.501922s, 6284 KB]
Best heuristic value: 11 [g=60, 16313 evaluated, 16312 expanded, t=0.501922s, 6284 KB]
Best heuristic value: 10 [g=61, 16315 evaluated, 16314 expanded, t=0.501922s, 6284 KB]
Best heuristic value: 9 [g=62, 16317 evaluated, 16316 expanded, t=0.501922s, 6284 KB]
Best heuristic value: 8 [g=64, 16321 evaluated, 16320 expanded, t=0.501922s, 6284 KB]
Best heuristic value: 7 [g=66, 16324 evaluated, 16323 expanded, t=0.501922s, 6284 KB]
Best heuristic value: 6 [g=67, 16326 evaluated, 16325 expanded, t=0.501922s, 6284 KB]
Best heuristic value: 5 [g=67, 16355 evaluated, 16354 expanded, t=0.501922s, 6284 KB]
Best heuristic value: 3 [g=69, 16358 evaluated, 16357 expanded, t=0.501922s, 6284 KB]
Best heuristic value: 2 [g=68, 233981 evaluated, 233979 expanded, t=4.55935s, 28036 KB]
Best heuristic value: 1 [g=69, 233982 evaluated, 233980 expanded, t=4.55935s, 28036 KB]
Completely explored state space -- no solution!
Actual search time: 7.7324s [t=7.7338s]
Initial state h value: 34.
Expanded 435301 state(s).
Reopened 0 state(s).
Evaluated 435307 state(s).
Evaluations: 435307
Generated 2738698 state(s).
Dead ends: 6 state(s).
Number of registered states: 435307
Search time: 7.7324s
Total time: 7.7338s
Search stopped without finding a solution.
Peak memory: 47240 KB
returncode: 5

Exit codes: [3, 0, 3, 0, 5]
Error: Unexpected exit codes: [3]
Command '['run-portfolio', '/planner/driver/portfolios/seq_sat_saarplan.py']' returned non-zero exit status 3
