../../domain1.pddl
../../problem2.pddl
re.out
/home/simbachiu/rail-planning/domain1/4-action-costs

Functions: ( :functions ( total-cost ) )  |

Action cost: move-to-track | ( increase ( total-cost ) 1 ) ( increase ( total-cost ) 1 )  | 300
Action cost: move-from-track | ( increase ( total-cost ) 1 )  | 200
Action cost: move-along-track | ( increase ( total-cost ) 1 )  | 200
Action cost: move-to-departure | ( increase ( total-cost ) 1 )  | 200
Action cost: move-on-arrival | ( increase ( total-cost ) 1 )  | 200

Fluent: ( = ( total-cost ) 0 ) 

Metric: ( :metric minimize ( total-cost ) ) 


ff: parsing domain file/planner/src/parser
/home/simbachiu/rail-planning/domain1/4-action-costs

original_domain: /home/simbachiu/rail-planning/domain1/4-action-costs/domain1.pddl
domain_wac: /home/simbachiu/rail-planning/domain1/4-action-costs/domain_without_action_costs.txt
domain_wce: /home/simbachiu/rail-planning/domain1/4-action-costs/domain_wce.txt
domain_ready: /home/simbachiu/rail-planning/domain1/4-action-costs/domain_ready.txt

original_problem: /home/simbachiu/rail-planning/domain1/4-action-costs/problem2.pddl
problem_wac: /home/simbachiu/rail-planning/domain1/4-action-costs/problem_without_action_costs.txt
problem_wce: /home/simbachiu/rail-planning/domain1/4-action-costs/facts_wce.txt
problem_ready: /home/simbachiu/rail-planning/domain1/4-action-costs/problem_ready.txt

action_costs_domain_file: /home/simbachiu/rail-planning/domain1/4-action-costs/action_costs_from_domain_file.txt
action_costs_problem_file: /home/simbachiu/rail-planning/domain1/4-action-costs/action_costs_from_problem_file.txt



Action costs processed.


highest number of when per action: 300

ERROR al compilar los efectos condicionales de forma polinomica

Parsing...

ff: parsing domain file
domain 'DOMAIN1' defined
 ... done.
ff: parsing problem file
problem 'PROBLEM2' defined
 ... done.



no optimization required. skipping criterion.


no metric specified. plan length assumed.

checking for cyclic := effects --- OK.

Evaluation function 1.000000*g(s) + 3.000000*h(s) where
 metric is plan length

 INITIAL STATE FEEATURES

 num_relevant_facts: 128 
 num_actions: 220 
 rp_fact_balance_min:  -11
 rp_fact_balance_avg:  0.000000
 rp_fact_balance_var:  2.430278
 rp_goal_balance_min:  1
 rp_goal_balance_avg:  1.000000
 rp_goal_balance_var:  0.000000

 Planning Graph Fact Serie:		 25 3 8 7 12 11 15 11 8 5 7 4 6 1
 Relaxed Plan Add Serie:		 0 0 0 0 0 0 0 0 8 0 18 8 8 49
 Relaxed Plan Del Serie:		 0 0 0 0 0 0 0 0 8 0 17 9 8 49
 Achieved Goal Serie:			 0 0 0 0 0 0 0 0 0 0 0 0 0 1
 Applicable Action Serie:		 2 6 16 22 32 36 42 30 20 16 16 12 172 0
 Unbalance Fact Serie:			 0 0 0 0 0 0 0 0 7 0 12 16 22 45
 Balance Fact Serie:			 25 0 0 0 0 0 0 0 9 0 13 12 10 17

 Num relevant ops: 436
balance Ratio: 5.165
Unbalance Ratio: 9.881
Balance Distorsion: 220
Balance Distorsion: 220
 h_ff: 32
 h_max: 13
 h_ffratio     2.46/home/simbachiu/rail-planning/domain1/4-action-costsþ
***

/home/simbachiu/rail-planning/domain1/4-action-costsþ/initfeature-info.txt

*******

initfeature-info.txt

Parsing...
/home/simbachiu/rail-planning/domain1/4-action-costs/translateFile
No file in translate
/home/simbachiu/rail-planning/domain1/4-action-costs/features.arff
No file in preprocess
/home/simbachiu/rail-planning/domain1/4-action-costs/initfeature-info.txt
No file in fflearner
/home/simbachiu/rail-planning/domain1/4-action-costs/landmark.arff
No file in landmarks
/home/simbachiu/rail-planning/domain1/4-action-costs/red-black
No file in red-black
/home/simbachiu/rail-planning/domain1/4-action-costs/tmp_results
No file in heuristics
?,?,?,?,?,?,?,?,?,?,?,?,?,?,?,?,?,?,?,?,?,?,?,?,?,?,?,?,?,?,?,?,?,?,?,?,?,?,?,?,?,?,?,?,?,?,?,?,?,?,?,?,?,?,?,?,?,?,?,?,?,?,?,?,?,?,?,?,?,?,?,?,?,?,?,?,?,?,?,?,?,?,?,?,?,?,?,?,?,?,?,?,?,?,?,?,?,?,?,?,?,?,?,?,?,?,?,?,?,?,?,?,?,?,?,?,?,?,?,?,?,?
results 7
***** 1 1
inst: 1 actual: True predicted: True error: 0.973 planner: fdss-2
***** 2 1
inst: 2 actual: True predicted: True error: 0.961 planner: probe
***** 3 1
inst: 3 actual: True predicted: False error: 0.983 planner: yahsp2-mt
***** 4 1
inst: 4 actual: True predicted: True error: 0.967 planner: mercury
***** 5 1
inst: 5 actual: True predicted: True error: 0.949 planner: jasper
***** 6 1
inst: 6 actual: True predicted: False error: 0.995 planner: siw
***** 7 1
inst: 7 actual: True predicted: True error: 0.979 planner: bfs-f


task contains conditional effects. turning off state domination.

 --- OK.
 Match tree built with 220 nodes.

PDDL problem description loaded: 
	Domain: DOMAIN1
	Problem: PROBLEM2
	#Actions: 220
	#Fluents: 128
Landmarks found: 1
Starting search with IW (time budget is 60 secs)...
Try allocate size: 0.001 MB
Try allocate size: 0.001 MB

Caption
{#goals, #UNnachieved,  #Achieved} -> IW(max_w)

{1/1/0}:IW(1) -> [2][3][4][5][6][7]Try allocate size: 0.128 MB

{1/1/0}:IW(2) -> [2][3][4][5][6][7][8][9][10][11][12][13][14][15][16][17][18][19][20][21][22][23][24][25][26][27][28][29][30][31][32][33][34][35][36][37][38][39][40][41][42][43][44][45][46][47][48][49][50][51][52][53][54][55][56][57][58][59][60]Try allocate size: 16.384 MB

{1/1/0}:IW(3) -> [2][3][4][5][6][7][8][9][10][11][12][13][14][15][16][17][18][19][20][21][22][23][24][25][26][27][28][29][30][31][32][33][34][35][36][37][38][39][40][41][42][43][44][45][46][47][48][49][50][51][52][53][54][55][56][57][58][59][60][61][62][63][64][65][66][67][68][69][70][71][72][73][74][75][76][77][78][79][80]Try allocate size: 2097.15 MB
EXCEDED, m_arity downgraded to 1 --> size: 0.001 MB
;; NOT I-REACHABLE ;;
Total time: 16.9143
Nodes generated during search: 55470
Nodes expanded during search: 55469
IW search completed in 16.9143 secs
suboptimal yahsp search, threads : 32, teams : 2, strategy : 2
anytime behavior
domain file : /home/simbachiu/rail-planning/domain1/4-action-costs/domain1.pddl
problem file : /home/simbachiu/rail-planning/domain1/4-action-costs/problem2.pddl
output file : /home/simbachiu/rail-planning/domain1/4-action-costs/cleaned_result.result

Parsing domain....................

Parser error (syntax error) at line 35 : (...


***** The memory limit is:  7458980659
***************************

WARNING: IT IS A TEST CONFIGURATION ***************

***************************

/home/simbachiu/rail-planning/domain1/4-action-costs
/planner/src
Run command: python2.7 /planner/src/parser/parse.py /home/simbachiu/rail-planning/domain1/4-action-costs/domain1.pddl /home/simbachiu/rail-planning/domain1/4-action-costs/problem2.pddl

Portfolio runs original domain/problem

Parser took 1.0 seconds

Extract Features with original problem and domain
Run command: ulimit -v 4194304;ulimit -t 50; python2.7 /planner/src/features/translate/translate.py /home/simbachiu/rail-planning/domain1/4-action-costs/domain1.pddl /home/simbachiu/rail-planning/domain1/4-action-costs/problem2.pddl
Run command: ulimit -v 4194304;ulimit -t 50; /planner/src/features/preprocess/preprocess < /home/simbachiu/rail-planning/domain1/4-action-costs/output.sas
Run command: ulimit -v 4194304;ulimit -t 50; /planner/src/features/ff-learner/roller3.0 -o /home/simbachiu/rail-planning/domain1/4-action-costs/domain1.pddl -f /home/simbachiu/rail-planning/domain1/4-action-costs/problem2.pddl -S 28
Run command: ulimit -v 4194304;ulimit -t 100; /planner/src/features/heuristics/training.sh /home/simbachiu/rail-planning/domain1/4-action-costs/domain1.pddl /home/simbachiu/rail-planning/domain1/4-action-costs/problem2.pddl
Run command: ulimit -v 4194304;ulimit -t 100; /planner/src/search/downward --landmarks "lm=lm_merged([lm_hm(m=1),lm_rhw(),lm_zg()])" < /home/simbachiu/rail-planning/domain1/4-action-costs/output
Run command: ulimit -v 4194304;ulimit -t 100; /planner/src/search-mercury/downward ipc seq-agl-mercury </home/simbachiu/rail-planning/domain1/4-action-costs/output
Run command: python2.7 /planner/src/models/joinFile.py /home/simbachiu/rail-planning/domain1/4-action-costs
Run command: java -cp /planner/src/models/weka.jar -Xms256m -Xmx1024m weka.filters.unsupervised.attribute.Remove -R 1-3,18,20,65,78-79,119-120 -i /home/simbachiu/rail-planning/domain1/4-action-costs/global_features.arff -o /home/simbachiu/rail-planning/domain1/4-action-costs/global_features_simply.arff
Features 1.0 seconds

Features and parser took 2.0 seconds

Run command: java -Xms256m -Xmx1024m -cp /planner/src/models/weka.jar weka.classifiers.meta.RotationForest -l /planner/src/models/meta.RotationForest.model -T /home/simbachiu/rail-planning/domain1/4-action-costs/global_features_simply.arff -p 113 > /home/simbachiu/rail-planning/domain1/4-action-costs/outputModel
   

Run command: python2.7 /planner/src/models/parseWekaOutputFile.py /home/simbachiu/rail-planning/domain1/4-action-costs/outputModel /home/simbachiu/rail-planning/domain1/4-action-costs/listPlanner
Model 3.0 seconds

Main portfolio runs 5.0 seconds

**** PRINT PLANNERS SELECTED **** 
siw 56
yahsp2-mt 56
bfs-f 56
fdss-2 56
mercury 56
**** END PLANNERS SELECTED **** 
Select the planners 0.000192165374756 seconds

Time took 6.0 seconds


Original_Domain: /home/simbachiu/rail-planning/domain1/4-action-costs/domain1.pddl
Original_Problem: /home/simbachiu/rail-planning/domain1/4-action-costs/problem2.pddl
Modified_Domain: /home/simbachiu/rail-planning/domain1/4-action-costs/domain_ready.txt
Modified_Problem: /home/simbachiu/rail-planning/domain1/4-action-costs/problem_ready.txt
Original_Plan_file: re.out
Plans folder: /home/simbachiu/rail-planning/domain1/4-action-costs



****************************************************
*** Planner_path: /planner/src/siw/plan TimeOut: 56 ***
****************************************************


Name: /home/simbachiu/rail-planning/domain1/4-action-costs/cleaned_result.result
ERROR: Plan /home/simbachiu/rail-planning/domain1/4-action-costs/cleaned_result.result is not valid or the plan cost is equal to -1, therefore we remove it
Planner /planner/src/siw/plan run 20 seconds



****************************************************
*** Planner_path: /planner/src/yahsp2-mt/plan TimeOut: 56 ***
****************************************************


Planner /planner/src/yahsp2-mt/plan run 5 seconds



*********************************

task contains conditional effects. turning off state domination.

 --- OK.
 Match tree built with 220 nodes.

PDDL problem description loaded: 
	Domain: DOMAIN1
	Problem: PROBLEM2
	#Actions: 220
	#Fluents: 128
Landmarks found: 19
Starting search with BFS(novel,land,h_add)...
--[4294967295 / 15251]--
--[38 / 15251]--
--[38 / 9261]--
--[38 / 6835]--
--[38 / 6609]--
--[38 / 6243]--
--[38 / 6051]--
--[38 / 4917]--
--[38 / 4279]--
--[38 / 3759]--
--[38 / 3121]--
--[38 / 3057]--
--[38 / 2891]--
--[38 / 2313]--
--[38 / 2083]--
--[38 / 2001]--
--[38 / 1919]--
--[38 / 1507]--
--[38 / 1425]--
--[38 / 1343]--
--[38 / 1261]--
--[38 / 1217]--
--[38 / 973]--
--[38 / 929]--
--[38 / 909]--
--[38 / 865]--
--[38 / 639]--
--[38 / 617]--
--[38 / 561]--
--[38 / 539]--
--[38 / 529]--
--[38 / 507]--
--[38 / 497]--
--[38 / 475]--
--[38 / 469]--
--[38 / 435]--
--[38 / 387]--
--[38 / 377]--
--[38 / 275]--
--[38 / 265]--
--[38 / 259]--
--[38 / 249]--
--[38 / 243]--
--[38 / 233]--
--[38 / 215]--
--[38 / 185]--
--[38 / 167]--
--[38 / 151]--
--[38 / 123]--
--[38 / 99]--
--[38 / 95]--
--[38 / 93]--
--[38 / 85]--
--[38 / 83]--
--[38 / 81]--
--[38 / 77]--
--[38 / 73]--
--[37 / 73]--
--[37 / 65]--
--[37 / 59]--
--[37 / 57]--
--[37 / 55]--
--[37 / 45]--
--[37 / 39]--
--[37 / 37]--
--[37 / 25]--
--[33 / 25]--
--[32 / 25]--
--[32 / 21]--
--[32 / 13]--
--[32 / 7]--
--[32 / 3]--
--[32 / 1]--
--[32 / 0]--
Total time: 33.006
Nodes generated during search: 711446
Nodes expanded during search: 114102
Plan found with cost: 89
BFS search completed in 33.006 secs
1. Running translator
Second argument is a file name: use two translator arguments.
Parsing...
1. Running translator
Second argument is a file name: use two translator arguments.
Parsing...
1. Running translator
Second argument is a file name: use two translator arguments.
Parsing...
1. Running translator
Second argument is a file name: use two translator arguments.
Parsing...


task contains conditional effects. turning off state domination.

 --- OK.
 Match tree built with 220 nodes.

PDDL problem description loaded: 
	Domain: DOMAIN1
	Problem: PROBLEM2
	#Actions: 220
	#Fluents: 128
Landmarks found: 19
Starting search with BFS(novel,land,h_add)...
--[4294967295 / 15251]--
--[38 / 15251]--
--[38 / 9261]--
--[38 / 6835]--
--[38 / 6609]--
--[38 / 6243]--
--[38 / 6051]--
--[38 / 4917]--
--[38 / 4279]--
--[38 / 3759]--
--[38 / 3121]--
--[38 / 3057]--
--[38 / 2891]--
--[38 / 2313]--
--[38 / 2083]--
--[38 / 2001]--
--[38 / 1919]--
--[38 / 1507]--
--[38 / 1425]--
--[38 / 1343]--
--[38 / 1261]--
--[38 / 1217]--
--[38 / 973]--
--[38 / 929]--
--[38 / 909]--
--[38 / 865]--
--[38 / 639]--
--[38 / 617]--
--[38 / 561]--
--[38 / 539]--
--[38 / 529]--
--[38 / 507]--
--[38 / 497]--
--[38 / 475]--
--[38 / 469]--
--[38 / 435]--
--[38 / 387]--
--[38 / 377]--
--[38 / 275]--
--[38 / 265]--
--[38 / 259]--
--[38 / 249]--
--[38 / 243]--
--[38 / 233]--
--[38 / 215]--
--[38 / 185]--
--[38 / 167]--
--[38 / 151]--
--[38 / 123]--
--[38 / 99]--
--[38 / 95]--
--[38 / 93]--
--[38 / 85]--
--[38 / 83]--
--[38 / 81]--
--[38 / 77]--
--[38 / 73]--
--[37 / 73]--
--[37 / 65]--
--[37 / 59]--
--[37 / 57]--
--[37 / 55]--
--[37 / 45]--
--[37 / 39]--
--[37 / 37]--
--[37 / 25]--
--[33 / 25]--
--[32 / 25]--
--[32 / 21]--
--[32 / 13]--
--[32 / 7]--
--[32 / 3]--
--[32 / 1]--
--[32 / 0]--
Total time: 31.2844
Nodes generated during search: 711446
Nodes expanded during search: 114102
Plan found with cost: 89
BFS search completed in 31.2844 secs


task contains conditional effects. turning off state domination.

 --- OK.
 Match tree built with 220 nodes.

PDDL problem description loaded: 
	Domain: DOMAIN1
	Problem: PROBLEM2
	#Actions: 220
	#Fluents: 128
Landmarks found: 1
Starting search with IW (time budget is 60 secs)...
Try allocate size: 0.001 MB
Try allocate size: 0.001 MB

Caption
{#goals, #UNnachieved,  #Achieved} -> IW(max_w)

{1/1/0}:IW(1) -> [2][3][4][5][6][7]Try allocate size: 0.128 MB

{1/1/0}:IW(2) -> [2][3][4][5][6][7][8][9][10][11][12][13][14][15][16][17][18][19][20][21][22][23][24][25][26][27][28][29][30][31][32][33][34][35][36][37][38][39][40][41][42][43][44][45][46][47][48][49][50][51][52][53][54][55][56][57][58][59][60]Try allocate size: 16.384 MB

{1/1/0}:IW(3) -> [2][3][4][5][6][7][8][9][10][11][12][13][14][15][16][17][18][19][20][21][22][23][24][25][26][27][28][29][30][31][32][33][34][35][36][37][38][39][40][41][42][43][44][45][46][47][48][49][50][51][52][53][54][55][56][57][58][59][60][61][62][63][64][65][66][67][68][69][70][71][72][73][74][75][76][77][78][79][80]Try allocate size: 2097.15 MB
EXCEDED, m_arity downgraded to 1 --> size: 0.001 MB
;; NOT I-REACHABLE ;;
Total time: 17.3575
Nodes generated during search: 55470
Nodes expanded during search: 55469
IW search completed in 17.3575 secs
/home/simbachiu/rail-planning/domain1/4-action-costs/output.sas
1. Running translator
Second argument is a file name: use two translator arguments.
Parsing...
1. Running translator
Parsing...
1. Running translator
Parsing...
*******************
*** Planner_path: /planner/src/bfs-f/plan TimeOut: 56 ***
****************************************************


Name: /home/simbachiu/rail-planning/domain1/4-action-costs/cleaned_result.result
ERROR: Plan /home/simbachiu/rail-planning/domain1/4-action-costs/cleaned_result.result is not valid or the plan cost is equal to -1, therefore we remove it
Planner /planner/src/bfs-f/plan run 35 seconds



****************************************************
*** Planner_path: /planner/src/fdss-2/plan TimeOut: 56 ***
****************************************************


Planner /planner/src/fdss-2/plan run 5 seconds



****************************************************
*** Planner_path: /planner/src/mercury/plan TimeOut: 56 ***
****************************************************


Planner /planner/src/mercury/plan run 5 seconds

Main portfolio runs 76.0 seconds

jasper 204
mercury 204
bfs-f 204
siw 204

Original_Domain: /home/simbachiu/rail-planning/domain1/4-action-costs/domain1.pddl
Original_Problem: /home/simbachiu/rail-planning/domain1/4-action-costs/problem2.pddl
Modified_Domain: /home/simbachiu/rail-planning/domain1/4-action-costs/domain_ready.txt
Modified_Problem: /home/simbachiu/rail-planning/domain1/4-action-costs/problem_ready.txt
Original_Plan_file: re.out
Plans folder: /home/simbachiu/rail-planning/domain1/4-action-costs



****************************************************
*** Planner_path: /planner/src/jasper/plan TimeOut: 204 ***
****************************************************


Planner /planner/src/jasper/plan run 5 seconds



****************************************************
*** Planner_path: /planner/src/mercury/plan TimeOut: 204 ***
****************************************************


Planner /planner/src/mercury/plan run 5 seconds



****************************************************
*** Planner_path: /planner/src/bfs-f/plan TimeOut: 204 ***
****************************************************


Name: /home/simbachiu/rail-planning/domain1/4-action-costs/cleaned_result.result
ERROR: Plan /home/simbachiu/rail-planning/domain1/4-action-costs/cleaned_result.result is not valid or the plan cost is equal to -1, therefore we remove it
Planner /planner/src/bfs-f/plan run 35 seconds



****************************************************
*** Planner_path: /planner/src/siw/plan TimeOut: 204 ***
****************************************************


Name: /home/simbachiu/rail-planning/domain1/4-action-costs/cleaned_result.result
ERROR: Plan /home/simbachiu/rail-planning/domain1/4-action-costs/cleaned_result.result is not valid or the plan cost is equal to -1, therefore we remove it
Planner /planner/src/siw/plan run 20 seconds

Main portfolio plus default planner run 141.0 seconds (in total)

*** Planner List ***

jasper 139
mercury 139
bfs-f 139

Original_Domain: /home/simbachiu/rail-planning/domain1/4-action-costs/domain1.pddl
Original_Problem: /home/simbachiu/rail-planning/domain1/4-action-costs/problem2.pddl
Modified_Domain: /home/simbachiu/rail-planning/domain1/4-action-costs/domain_ready.txt
Modified_Problem: /home/simbachiu/rail-planning/domain1/4-action-costs/problem_ready.txt
Original_Plan_file: re.out
Plans folder: /home/simbachiu/rail-planning/domain1/4-action-costs



****************************************************
*** Planner_path: /planner/src/lama-2011/plan TimeOut: 56 ***
****************************************************


Planner /planner/src/lama-2011/plan run 5 seconds



****************************************************
*** Planner_path: /planner/src/lamar/plan TimeOut: 56 ***
****************************************************


Planner /planner/src/lamar/plan run 5 seconds



****************************************************
*** Planner_path: /planner/src/arvand/plan TimeOut: 56 ***
****************************************************


Planner /planner/src/arvand/plan run 5 seconds

Main portfolio runs 156.0 seconds

-------------------- END --------------------
