INFO     Running translator.
INFO     translator input: ['../../domain1.pddl', '../../problem2.pddl']
INFO     translator arguments: []
INFO     translator time limit: None
INFO     translator memory limit: None
INFO     callstring: /usr/bin/python /planner/builds/release64/bin/translate/translate.py ../../domain1.pddl ../../problem2.pddl
Parsing...
Parsing: [0.000s CPU, 0.012s wall-clock]
Normalizing task... [0.000s CPU, 0.001s wall-clock]
Instantiating...
Generating Datalog program... [0.000s CPU, 0.001s wall-clock]
Normalizing Datalog program...
Trivial rules: Converted to facts.
Normalizing Datalog program: [0.010s CPU, 0.008s wall-clock]
Preparing model... [0.000s CPU, 0.003s wall-clock]
Generated 89 rules.
Computing model... [0.030s CPU, 0.031s wall-clock]
789 relevant atoms
799 auxiliary atoms
1588 final queue length
3934 total queue pushes
Completing instantiation... [0.080s CPU, 0.074s wall-clock]
Instantiating: [0.120s CPU, 0.117s wall-clock]
Computing fact groups...
Finding invariants...
17 initial candidates
Finding invariants: [0.020s CPU, 0.018s wall-clock]
Checking invariant weight... [0.000s CPU, 0.000s wall-clock]
Instantiating groups... [0.000s CPU, 0.001s wall-clock]
Collecting mutex groups... [0.000s CPU, 0.000s wall-clock]
Choosing groups...
52 uncovered facts
Choosing groups: [0.000s CPU, 0.001s wall-clock]
Building translation key... [0.000s CPU, 0.001s wall-clock]
Computing fact groups: [0.020s CPU, 0.022s wall-clock]
Building STRIPS to SAS dictionary... [0.000s CPU, 0.000s wall-clock]
Building dictionary for full mutex groups... [0.000s CPU, 0.000s wall-clock]
Building mutex information...
Building mutex information: [0.000s CPU, 0.000s wall-clock]
Translating task...
Processing axioms...
Simplifying axioms... [0.000s CPU, 0.000s wall-clock]
Processing axioms: [0.010s CPU, 0.005s wall-clock]
Translating task: [0.100s CPU, 0.098s wall-clock]
1692 effect conditions simplified
0 implied preconditions added
Detecting unreachable propositions...
0 operators removed
0 axioms removed
13 propositions removed
Detecting unreachable propositions: [0.040s CPU, 0.038s wall-clock]
Reordering and filtering variables...
56 of 56 variables necessary.
13 of 20 mutex groups necessary.
534 of 534 operators necessary.
8 of 8 axiom rules necessary.
Reordering and filtering variables: [0.020s CPU, 0.027s wall-clock]
Translator variables: 56
Translator derived variables: 6
Translator facts: 182
Translator goal facts: 5
Translator mutex groups: 13
Translator total mutex groups size: 91
Translator operators: 534
Translator axioms: 8
Translator task size: 8590
Translator peak memory: 30476 KB
Writing output... [0.020s CPU, 0.016s wall-clock]
Done! [0.320s CPU, 0.335s wall-clock]
INFO     Running search (release64).
INFO     search input: output.sas
INFO     search arguments: ['--if-unit-cost', '--heuristic', 'hlm=lama_synergy(lm_rhw(reasonable_orders=true))', '--heuristic', 'hff=ff_synergy(hlm)', '--search', 'iterated([lazy_greedy([hff,hlm],preferred=[hff,hlm]),lazy_wastar([hff,hlm],preferred=[hff,hlm],w=5),lazy_wastar([hff,hlm],preferred=[hff,hlm],w=3),lazy_wastar([hff,hlm],preferred=[hff,hlm],w=2),lazy_wastar([hff,hlm],preferred=[hff,hlm],w=1)],repeat_last=true,continue_on_fail=true)', '--if-non-unit-cost', '--heuristic', 'hlm1=lama_synergy(lm_rhw(reasonable_orders=true,lm_cost_type=one),transform=adapt_costs(one))', '--heuristic', 'hff1=ff_synergy(hlm1)', '--heuristic', 'hlm2=lama_synergy(lm_rhw(reasonable_orders=true,lm_cost_type=plusone),transform=adapt_costs(plusone))', '--heuristic', 'hff2=ff_synergy(hlm2)', '--search', 'iterated([lazy_greedy([hff1,hlm1],preferred=[hff1,hlm1],cost_type=one,reopen_closed=false),lazy_greedy([hff2,hlm2],preferred=[hff2,hlm2],reopen_closed=false),lazy_wastar([hff2,hlm2],preferred=[hff2,hlm2],w=5),lazy_wastar([hff2,hlm2],preferred=[hff2,hlm2],w=3),lazy_wastar([hff2,hlm2],preferred=[hff2,hlm2],w=2),lazy_wastar([hff2,hlm2],preferred=[hff2,hlm2],w=1)],repeat_last=true,continue_on_fail=true)', '--always']
INFO     search time limit: None
INFO     search memory limit: None
INFO     search executable: /planner/builds/release64/bin/downward
INFO     callstring: /planner/builds/release64/bin/downward --if-unit-cost --heuristic 'hlm=lama_synergy(lm_rhw(reasonable_orders=true))' --heuristic 'hff=ff_synergy(hlm)' --search 'iterated([lazy_greedy([hff,hlm],preferred=[hff,hlm]),lazy_wastar([hff,hlm],preferred=[hff,hlm],w=5),lazy_wastar([hff,hlm],preferred=[hff,hlm],w=3),lazy_wastar([hff,hlm],preferred=[hff,hlm],w=2),lazy_wastar([hff,hlm],preferred=[hff,hlm],w=1)],repeat_last=true,continue_on_fail=true)' --if-non-unit-cost --heuristic 'hlm1=lama_synergy(lm_rhw(reasonable_orders=true,lm_cost_type=one),transform=adapt_costs(one))' --heuristic 'hff1=ff_synergy(hlm1)' --heuristic 'hlm2=lama_synergy(lm_rhw(reasonable_orders=true,lm_cost_type=plusone),transform=adapt_costs(plusone))' --heuristic 'hff2=ff_synergy(hlm2)' --search 'iterated([lazy_greedy([hff1,hlm1],preferred=[hff1,hlm1],cost_type=one,reopen_closed=false),lazy_greedy([hff2,hlm2],preferred=[hff2,hlm2],reopen_closed=false),lazy_wastar([hff2,hlm2],preferred=[hff2,hlm2],w=5),lazy_wastar([hff2,hlm2],preferred=[hff2,hlm2],w=3),lazy_wastar([hff2,hlm2],preferred=[hff2,hlm2],w=2),lazy_wastar([hff2,hlm2],preferred=[hff2,hlm2],w=1)],repeat_last=true,continue_on_fail=true)' --always --internal-plan-file re.out < output.sas
reading input... [t=3.6729e-05s]
done reading input! [t=0.00812226s]
packing state variables...done! [t=0.00816096s]
Variables: 56
FactPairs: 182
Bytes per state: 12
Building successor generator...done! [t=0.0089482s]
peak memory difference for root successor generator creation: 136 KB
time for root successor generation creation: 0.000710042s
done initializing global data [t=0.00900485s]
Initializing Exploration...
Initializing landmarks count heuristic...
Generating landmarks using the RPG/SAS+ approach
approx. reasonable orders
approx. obedient reasonable orders
Removed 0 reasonable or obedient reasonable orders
Landmarks generation time: 0.0319846s
Discovered 61 landmarks, of which 5 are disjunctive and 0 are conjunctive 
374 edges
Initializing LAMA-FF synergy master
Initializing LAMA-FF synergy slave
Starting search: lazy_greedy(list(hff, hlm), preferred = list(hff, hlm))
Conducting lazy best first search, (real) bound = 2147483647
29 initial landmarks, 5 goal landmarks
New best heuristic value for lama_synergy(lm_rhw(reasonable_orders = true)): 26
New best heuristic value for ff_synergy(hlm): 16
[g=0, 1 evaluated, 0 expanded, t=0.0445796s, 6196 KB]
Initial heuristic value for lama_synergy(lm_rhw(reasonable_orders = true)): 26
Initial heuristic value for ff_synergy(hlm): 16
New best heuristic value for lama_synergy(lm_rhw(reasonable_orders = true)): 23
[g=1, 7 evaluated, 6 expanded, t=0.04632s, 6196 KB]
New best heuristic value for lama_synergy(lm_rhw(reasonable_orders = true)): 22
[g=2, 8 evaluated, 7 expanded, t=0.0466195s, 6196 KB]
New best heuristic value for ff_synergy(hlm): 15
[g=1, 9 evaluated, 8 expanded, t=0.0468952s, 6196 KB]
New best heuristic value for lama_synergy(lm_rhw(reasonable_orders = true)): 21
[g=3, 19 evaluated, 18 expanded, t=0.0492842s, 6196 KB]
New best heuristic value for lama_synergy(lm_rhw(reasonable_orders = true)): 20
[g=4, 21 evaluated, 20 expanded, t=0.049798s, 6196 KB]
New best heuristic value for lama_synergy(lm_rhw(reasonable_orders = true)): 16
[g=5, 27 evaluated, 26 expanded, t=0.0512284s, 6196 KB]
New best heuristic value for lama_synergy(lm_rhw(reasonable_orders = true)): 13
[g=7, 33 evaluated, 32 expanded, t=0.0526295s, 6196 KB]
New best heuristic value for lama_synergy(lm_rhw(reasonable_orders = true)): 11
[g=9, 39 evaluated, 38 expanded, t=0.0540158s, 6196 KB]
New best heuristic value for lama_synergy(lm_rhw(reasonable_orders = true)): 10
[g=10, 42 evaluated, 41 expanded, t=0.0547032s, 6196 KB]
New best heuristic value for lama_synergy(lm_rhw(reasonable_orders = true)): 9
[g=12, 45 evaluated, 44 expanded, t=0.0554239s, 6196 KB]
New best heuristic value for lama_synergy(lm_rhw(reasonable_orders = true)): 7
[g=13, 46 evaluated, 45 expanded, t=0.0557279s, 6328 KB]
New best heuristic value for lama_synergy(lm_rhw(reasonable_orders = true)): 6
[g=14, 48 evaluated, 47 expanded, t=0.0562634s, 6328 KB]
New best heuristic value for lama_synergy(lm_rhw(reasonable_orders = true)): 5
[g=16, 294 evaluated, 279 expanded, t=0.114006s, 6328 KB]
New best heuristic value for lama_synergy(lm_rhw(reasonable_orders = true)): 4
[g=17, 296 evaluated, 281 expanded, t=0.114525s, 6328 KB]
New best heuristic value for ff_synergy(hlm): 14
[g=18, 299 evaluated, 284 expanded, t=0.115196s, 6328 KB]
New best heuristic value for ff_synergy(hlm): 13
[g=19, 300 evaluated, 285 expanded, t=0.115426s, 6328 KB]
New best heuristic value for lama_synergy(lm_rhw(reasonable_orders = true)): 3
[g=20, 301 evaluated, 286 expanded, t=0.115655s, 6328 KB]
New best heuristic value for lama_synergy(lm_rhw(reasonable_orders = true)): 2
New best heuristic value for ff_synergy(hlm): 10
[g=21, 304 evaluated, 289 expanded, t=0.116274s, 6328 KB]
New best heuristic value for ff_synergy(hlm): 9
[g=22, 305 evaluated, 290 expanded, t=0.116492s, 6328 KB]
New best heuristic value for lama_synergy(lm_rhw(reasonable_orders = true)): 1
[g=23, 306 evaluated, 291 expanded, t=0.116723s, 6328 KB]
New best heuristic value for ff_synergy(hlm): 8
[g=24, 309 evaluated, 293 expanded, t=0.117321s, 6328 KB]
New best heuristic value for ff_synergy(hlm): 7
[g=26, 322 evaluated, 306 expanded, t=0.119882s, 6328 KB]
New best heuristic value for ff_synergy(hlm): 5
[g=27, 324 evaluated, 308 expanded, t=0.120284s, 6328 KB]
New best heuristic value for lama_synergy(lm_rhw(reasonable_orders = true)): 0
New best heuristic value for ff_synergy(hlm): 3
[g=28, 325 evaluated, 309 expanded, t=0.120504s, 6328 KB]
New best heuristic value for ff_synergy(hlm): 2
[g=29, 327 evaluated, 311 expanded, t=0.120871s, 6328 KB]
New best heuristic value for ff_synergy(hlm): 1
[g=30, 328 evaluated, 312 expanded, t=0.121059s, 6328 KB]
Solution found!
Actual search time: 0.0768274s [t=0.121125s]
move-from-arrival train1 v1 t0 t3 t4 track1 (1)
switch-to-next-train train1 train2 (1)
move-from-arrival train2 v2 v1 t5 t6 track2 (1)
switch-to-next-train train2 train3 (1)
move-from-arrival train3 v3 v2 t0 t5 track2 (1)
switch-to-next-train train3 train4 (1)
move-from-arrival train4 v4 v3 t2 t3 track1 (1)
switch-to-next-train train4 train5 (1)
move-from-arrival train5 v5 v4 t1 t2 track1 (1)
switch-to-next-train train5 train3 (1)
switch-to-next-train train3 train6 (1)
move-from-arrival train6 v6 v5 t0 t1 track1 (1)
switch-to-next-train train6 train1 (1)
switch-to-next-train train1 train3 (1)
move-to-departure train3 t5 t0 v5 v6 track2 (1)
switch-to-next-train train3 train1 (1)
switch-to-next-train train1 train2 (1)
move-to-departure train2 t6 t5 v4 v5 track2 (1)
switch-to-next-train train2 train1 (1)
switch-to-next-train train1 train6 (1)
move-from-track train6 t1 t0 t0 track1 (1)
move-to-track train6 t0 t5 t6 track2 (1)
switch-to-next-train train6 train5 (1)
move-to-departure train5 t2 t1 v3 v4 track1 (1)
switch-to-next-train train5 train1 (1)
switch-to-next-train train1 train4 (1)
move-to-departure train4 t3 t2 v2 v3 track1 (1)
switch-to-next-train train4 train1 (1)
move-to-departure train1 t4 t3 v1 v2 track1 (1)
switch-to-next-train train1 train6 (1)
move-to-departure train6 t6 t5 t0 v1 track2 (1)
Plan length: 31 step(s).
Plan cost: 31
Expanded 313 state(s).
Reopened 0 state(s).
Evaluated 329 state(s).
Evaluations: 658
Generated 1671 state(s).
Dead ends: 15 state(s).
Number of registered states: 329
Int hash set load factor: 329/512 = 0.642578
Int hash set resizes: 9
Best solution cost so far: 31
Solution found - keep searching
Starting search: lazy_wastar(list(hff, hlm), preferred = list(hff, hlm), w = 5)
Conducting lazy best first search, (real) bound = 31
29 initial landmarks, 5 goal landmarks
New best heuristic value for lama_synergy(lm_rhw(reasonable_orders = true)): 26
New best heuristic value for ff_synergy(hlm): 16
[g=0, 1 evaluated, 0 expanded, t=0.121791s, 6328 KB]
Initial heuristic value for lama_synergy(lm_rhw(reasonable_orders = true)): 26
Initial heuristic value for ff_synergy(hlm): 16
New best heuristic value for lama_synergy(lm_rhw(reasonable_orders = true)): 23
[g=1, 7 evaluated, 6 expanded, t=0.123322s, 6328 KB]
New best heuristic value for lama_synergy(lm_rhw(reasonable_orders = true)): 22
[g=2, 8 evaluated, 7 expanded, t=0.123608s, 6328 KB]
New best heuristic value for ff_synergy(hlm): 15
[g=1, 9 evaluated, 8 expanded, t=0.123885s, 6328 KB]
New best heuristic value for lama_synergy(lm_rhw(reasonable_orders = true)): 21
[g=3, 19 evaluated, 18 expanded, t=0.126285s, 6328 KB]
New best heuristic value for lama_synergy(lm_rhw(reasonable_orders = true)): 20
[g=4, 21 evaluated, 20 expanded, t=0.126812s, 6328 KB]
New best heuristic value for lama_synergy(lm_rhw(reasonable_orders = true)): 16
[g=5, 27 evaluated, 26 expanded, t=0.128241s, 6328 KB]
New best heuristic value for lama_synergy(lm_rhw(reasonable_orders = true)): 13
[g=7, 33 evaluated, 32 expanded, t=0.129677s, 6328 KB]
New best heuristic value for lama_synergy(lm_rhw(reasonable_orders = true)): 11
[g=9, 39 evaluated, 38 expanded, t=0.131058s, 6328 KB]
New best heuristic value for lama_synergy(lm_rhw(reasonable_orders = true)): 10
[g=10, 42 evaluated, 41 expanded, t=0.131747s, 6328 KB]
New best heuristic value for lama_synergy(lm_rhw(reasonable_orders = true)): 9
[g=12, 45 evaluated, 44 expanded, t=0.13249s, 6328 KB]
New best heuristic value for lama_synergy(lm_rhw(reasonable_orders = true)): 7
[g=13, 46 evaluated, 45 expanded, t=0.132786s, 6328 KB]
New best heuristic value for lama_synergy(lm_rhw(reasonable_orders = true)): 6
[g=14, 48 evaluated, 47 expanded, t=0.133289s, 6328 KB]
New best heuristic value for lama_synergy(lm_rhw(reasonable_orders = true)): 5
[g=15, 305 evaluated, 296 expanded, 81 reopened, t=0.185687s, 6328 KB]
New best heuristic value for lama_synergy(lm_rhw(reasonable_orders = true)): 4
[g=16, 307 evaluated, 298 expanded, 81 reopened, t=0.186182s, 6328 KB]
New best heuristic value for ff_synergy(hlm): 14
[g=17, 310 evaluated, 301 expanded, 81 reopened, t=0.186853s, 6328 KB]
New best heuristic value for ff_synergy(hlm): 13
[g=18, 311 evaluated, 302 expanded, 81 reopened, t=0.187086s, 6328 KB]
New best heuristic value for lama_synergy(lm_rhw(reasonable_orders = true)): 3
[g=19, 312 evaluated, 303 expanded, 81 reopened, t=0.187327s, 6328 KB]
New best heuristic value for lama_synergy(lm_rhw(reasonable_orders = true)): 2
New best heuristic value for ff_synergy(hlm): 10
[g=19, 318 evaluated, 309 expanded, 84 reopened, t=0.188335s, 6328 KB]
New best heuristic value for ff_synergy(hlm): 9
[g=20, 319 evaluated, 310 expanded, 84 reopened, t=0.188562s, 6328 KB]
New best heuristic value for lama_synergy(lm_rhw(reasonable_orders = true)): 1
[g=21, 320 evaluated, 311 expanded, 84 reopened, t=0.188815s, 6328 KB]
New best heuristic value for ff_synergy(hlm): 8
[g=21, 325 evaluated, 315 expanded, 86 reopened, t=0.189759s, 6328 KB]
New best heuristic value for ff_synergy(hlm): 7
[g=24, 338 evaluated, 328 expanded, 86 reopened, t=0.192309s, 6328 KB]
New best heuristic value for ff_synergy(hlm): 5
[g=25, 340 evaluated, 330 expanded, 86 reopened, t=0.192732s, 6328 KB]
New best heuristic value for lama_synergy(lm_rhw(reasonable_orders = true)): 0
New best heuristic value for ff_synergy(hlm): 3
[g=26, 341 evaluated, 331 expanded, 86 reopened, t=0.192952s, 6328 KB]
New best heuristic value for ff_synergy(hlm): 2
[g=27, 343 evaluated, 333 expanded, 86 reopened, t=0.193346s, 6328 KB]
New best heuristic value for ff_synergy(hlm): 1
[g=28, 344 evaluated, 334 expanded, 86 reopened, t=0.193534s, 6328 KB]
Solution found!
Actual search time: 0.0720676s [t=0.193603s]
move-from-arrival train1 v1 t0 t3 t4 track1 (1)
switch-to-next-train train1 train2 (1)
move-from-arrival train2 v2 v1 t5 t6 track2 (1)
switch-to-next-train train2 train3 (1)
move-from-arrival train3 v3 v2 t0 t5 track2 (1)
switch-to-next-train train3 train4 (1)
move-from-arrival train4 v4 v3 t2 t3 track1 (1)
switch-to-next-train train4 train5 (1)
move-from-arrival train5 v5 v4 t1 t2 track1 (1)
switch-to-next-train train5 train6 (1)
move-from-arrival train6 v6 v5 t0 t1 track1 (1)
switch-to-next-train train6 train1 (1)
switch-to-next-train train1 train3 (1)
move-to-departure train3 t5 t0 v5 v6 track2 (1)
switch-to-next-train train3 train1 (1)
switch-to-next-train train1 train2 (1)
move-to-departure train2 t6 t5 v4 v5 track2 (1)
switch-to-next-train train2 train6 (1)
move-from-track train6 t1 t0 t0 track1 (1)
move-to-track train6 t0 t5 t6 track2 (1)
switch-to-next-train train6 train5 (1)
move-to-departure train5 t2 t1 v3 v4 track1 (1)
switch-to-next-train train5 train1 (1)
switch-to-next-train train1 train4 (1)
move-to-departure train4 t3 t2 v2 v3 track1 (1)
switch-to-next-train train4 train1 (1)
move-to-departure train1 t4 t3 v1 v2 track1 (1)
switch-to-next-train train1 train6 (1)
move-to-departure train6 t6 t5 t0 v1 track2 (1)
Plan length: 29 step(s).
Plan cost: 29
Expanded 335 state(s).
Reopened 86 state(s).
Evaluated 345 state(s).
Evaluations: 604
Generated 1796 state(s).
Dead ends: 9 state(s).
Number of registered states: 259
Int hash set load factor: 259/512 = 0.505859
Int hash set resizes: 9
Best solution cost so far: 29
Solution found - keep searching
Starting search: lazy_wastar(list(hff, hlm), preferred = list(hff, hlm), w = 3)
Conducting lazy best first search, (real) bound = 29
29 initial landmarks, 5 goal landmarks
New best heuristic value for ff_synergy(hlm): 16
New best heuristic value for lama_synergy(lm_rhw(reasonable_orders = true)): 26
[g=0, 1 evaluated, 0 expanded, t=0.194259s, 6328 KB]
Initial heuristic value for ff_synergy(hlm): 16
Initial heuristic value for lama_synergy(lm_rhw(reasonable_orders = true)): 26
New best heuristic value for lama_synergy(lm_rhw(reasonable_orders = true)): 23
[g=1, 7 evaluated, 6 expanded, t=0.19578s, 6328 KB]
New best heuristic value for lama_synergy(lm_rhw(reasonable_orders = true)): 22
[g=2, 8 evaluated, 7 expanded, t=0.196076s, 6328 KB]
New best heuristic value for ff_synergy(hlm): 15
[g=1, 9 evaluated, 8 expanded, t=0.196354s, 6328 KB]
New best heuristic value for lama_synergy(lm_rhw(reasonable_orders = true)): 21
[g=3, 19 evaluated, 18 expanded, t=0.198749s, 6328 KB]
New best heuristic value for lama_synergy(lm_rhw(reasonable_orders = true)): 20
[g=4, 21 evaluated, 20 expanded, t=0.199265s, 6328 KB]
New best heuristic value for lama_synergy(lm_rhw(reasonable_orders = true)): 16
[g=5, 27 evaluated, 26 expanded, t=0.200723s, 6328 KB]
New best heuristic value for lama_synergy(lm_rhw(reasonable_orders = true)): 13
[g=7, 33 evaluated, 32 expanded, t=0.202137s, 6328 KB]
New best heuristic value for lama_synergy(lm_rhw(reasonable_orders = true)): 11
[g=9, 39 evaluated, 38 expanded, t=0.203523s, 6328 KB]
New best heuristic value for lama_synergy(lm_rhw(reasonable_orders = true)): 10
[g=10, 42 evaluated, 41 expanded, t=0.204213s, 6328 KB]
New best heuristic value for lama_synergy(lm_rhw(reasonable_orders = true)): 9
[g=12, 45 evaluated, 44 expanded, t=0.204958s, 6328 KB]
New best heuristic value for lama_synergy(lm_rhw(reasonable_orders = true)): 7
[g=13, 47 evaluated, 46 expanded, 1 reopened, t=0.205265s, 6328 KB]
New best heuristic value for lama_synergy(lm_rhw(reasonable_orders = true)): 6
[g=14, 51 evaluated, 50 expanded, 3 reopened, t=0.205814s, 6328 KB]
New best heuristic value for lama_synergy(lm_rhw(reasonable_orders = true)): 5
[g=16, 322 evaluated, 313 expanded, 83 reopened, t=0.261968s, 6328 KB]
New best heuristic value for lama_synergy(lm_rhw(reasonable_orders = true)): 4
[g=17, 324 evaluated, 315 expanded, 83 reopened, t=0.262451s, 6328 KB]
New best heuristic value for ff_synergy(hlm): 14
[g=18, 327 evaluated, 318 expanded, 83 reopened, t=0.263118s, 6328 KB]
New best heuristic value for ff_synergy(hlm): 13
[g=19, 328 evaluated, 319 expanded, 83 reopened, t=0.263363s, 6328 KB]
New best heuristic value for lama_synergy(lm_rhw(reasonable_orders = true)): 3
[g=20, 329 evaluated, 320 expanded, 83 reopened, t=0.263595s, 6328 KB]
New best heuristic value for ff_synergy(hlm): 10
New best heuristic value for lama_synergy(lm_rhw(reasonable_orders = true)): 2
[g=20, 335 evaluated, 326 expanded, 86 reopened, t=0.264597s, 6328 KB]
New best heuristic value for ff_synergy(hlm): 9
[g=21, 336 evaluated, 327 expanded, 86 reopened, t=0.26485s, 6328 KB]
New best heuristic value for lama_synergy(lm_rhw(reasonable_orders = true)): 1
[g=22, 337 evaluated, 328 expanded, 86 reopened, t=0.265084s, 6328 KB]
New best heuristic value for ff_synergy(hlm): 8
[g=22, 342 evaluated, 332 expanded, 88 reopened, t=0.266033s, 6328 KB]
New best heuristic value for ff_synergy(hlm): 7
[g=25, 358 evaluated, 347 expanded, 89 reopened, t=0.269269s, 6328 KB]
New best heuristic value for ff_synergy(hlm): 5
[g=26, 360 evaluated, 349 expanded, 89 reopened, t=0.269676s, 6328 KB]
New best heuristic value for ff_synergy(hlm): 3
New best heuristic value for lama_synergy(lm_rhw(reasonable_orders = true)): 0
[g=27, 361 evaluated, 350 expanded, 89 reopened, t=0.269889s, 6328 KB]
New best heuristic value for ff_synergy(hlm): 2
[g=28, 363 evaluated, 352 expanded, 89 reopened, t=0.270233s, 6328 KB]
New best heuristic value for ff_synergy(hlm): 1
[g=28, 372 evaluated, 361 expanded, 96 reopened, t=0.271651s, 6328 KB]
Solution found!
Actual search time: 0.107151s [t=0.301158s]
move-from-arrival train1 v1 t0 t5 t6 track2 (1)
switch-to-next-train train1 train2 (1)
move-from-arrival train2 v2 v1 t3 t4 track1 (1)
switch-to-next-train train2 train3 (1)
move-from-arrival train3 v3 v2 t0 t5 track2 (1)
switch-to-next-train train3 train4 (1)
move-from-arrival train4 v4 v3 t2 t3 track1 (1)
switch-to-next-train train4 train5 (1)
move-from-arrival train5 v5 v4 t1 t2 track1 (1)
switch-to-next-train train5 train3 (1)
switch-to-next-train train3 train6 (1)
move-from-arrival train6 v6 v5 t0 t1 track1 (1)
switch-to-next-train train6 train1 (1)
switch-to-next-train train1 train3 (1)
move-to-departure train3 t5 t0 v5 v6 track2 (1)
switch-to-next-train train3 train1 (1)
move-to-departure train1 t6 t5 v4 v5 track2 (1)
switch-to-next-train train1 train6 (1)
move-from-track train6 t1 t0 t0 track1 (1)
move-to-track train6 t0 t5 t6 track2 (1)
switch-to-next-train train6 train5 (1)
move-to-departure train5 t2 t1 v3 v4 track1 (1)
switch-to-next-train train5 train4 (1)
move-to-departure train4 t3 t2 v2 v3 track1 (1)
switch-to-next-train train4 train2 (1)
move-to-departure train2 t4 t3 v1 v2 track1 (1)
switch-to-next-train train2 train6 (1)
move-to-departure train6 t6 t5 t0 v1 track2 (1)
Plan length: 28 step(s).
Plan cost: 28
Expanded 505 state(s).
Reopened 139 state(s).
Evaluated 522 state(s).
Evaluations: 905
Generated 2750 state(s).
Dead ends: 16 state(s).
Number of registered states: 383
Int hash set load factor: 383/512 = 0.748047
Int hash set resizes: 9
Best solution cost so far: 28
Solution found - keep searching
Starting search: lazy_wastar(list(hff, hlm), preferred = list(hff, hlm), w = 2)
Conducting lazy best first search, (real) bound = 28
29 initial landmarks, 5 goal landmarks
New best heuristic value for lama_synergy(lm_rhw(reasonable_orders = true)): 26
New best heuristic value for ff_synergy(hlm): 16
[g=0, 1 evaluated, 0 expanded, t=0.301833s, 6460 KB]
Initial heuristic value for lama_synergy(lm_rhw(reasonable_orders = true)): 26
Initial heuristic value for ff_synergy(hlm): 16
New best heuristic value for lama_synergy(lm_rhw(reasonable_orders = true)): 23
[g=1, 7 evaluated, 6 expanded, t=0.30335s, 6460 KB]
New best heuristic value for lama_synergy(lm_rhw(reasonable_orders = true)): 22
[g=2, 8 evaluated, 7 expanded, t=0.303636s, 6460 KB]
New best heuristic value for ff_synergy(hlm): 15
[g=1, 9 evaluated, 8 expanded, t=0.303915s, 6460 KB]
New best heuristic value for lama_synergy(lm_rhw(reasonable_orders = true)): 21
[g=3, 19 evaluated, 18 expanded, t=0.306319s, 6460 KB]
New best heuristic value for lama_synergy(lm_rhw(reasonable_orders = true)): 20
[g=4, 21 evaluated, 20 expanded, t=0.306844s, 6460 KB]
New best heuristic value for lama_synergy(lm_rhw(reasonable_orders = true)): 16
[g=5, 27 evaluated, 26 expanded, t=0.30828s, 6460 KB]
New best heuristic value for lama_synergy(lm_rhw(reasonable_orders = true)): 13
[g=7, 33 evaluated, 32 expanded, t=0.309712s, 6460 KB]
New best heuristic value for lama_synergy(lm_rhw(reasonable_orders = true)): 11
[g=9, 39 evaluated, 38 expanded, t=0.311104s, 6460 KB]
New best heuristic value for lama_synergy(lm_rhw(reasonable_orders = true)): 10
[g=10, 42 evaluated, 41 expanded, t=0.311812s, 6460 KB]
New best heuristic value for lama_synergy(lm_rhw(reasonable_orders = true)): 9
[g=11, 47 evaluated, 46 expanded, 2 reopened, t=0.312588s, 6460 KB]
New best heuristic value for lama_synergy(lm_rhw(reasonable_orders = true)): 7
[g=12, 48 evaluated, 47 expanded, 2 reopened, t=0.312896s, 6460 KB]
New best heuristic value for lama_synergy(lm_rhw(reasonable_orders = true)): 6
[g=13, 50 evaluated, 49 expanded, 2 reopened, t=0.313412s, 6460 KB]
New best heuristic value for lama_synergy(lm_rhw(reasonable_orders = true)): 5
[g=15, 336 evaluated, 327 expanded, 78 reopened, t=0.37239s, 6460 KB]
New best heuristic value for lama_synergy(lm_rhw(reasonable_orders = true)): 4
[g=16, 338 evaluated, 329 expanded, 78 reopened, t=0.372901s, 6460 KB]
New best heuristic value for ff_synergy(hlm): 14
[g=16, 344 evaluated, 335 expanded, 81 reopened, t=0.374182s, 6460 KB]
New best heuristic value for ff_synergy(hlm): 13
[g=17, 345 evaluated, 336 expanded, 81 reopened, t=0.374418s, 6460 KB]
New best heuristic value for lama_synergy(lm_rhw(reasonable_orders = true)): 3
[g=18, 346 evaluated, 337 expanded, 81 reopened, t=0.37465s, 6460 KB]
New best heuristic value for lama_synergy(lm_rhw(reasonable_orders = true)): 2
New best heuristic value for ff_synergy(hlm): 10
[g=18, 352 evaluated, 343 expanded, 84 reopened, t=0.375665s, 6460 KB]
New best heuristic value for ff_synergy(hlm): 9
[g=19, 353 evaluated, 344 expanded, 84 reopened, t=0.375892s, 6460 KB]
New best heuristic value for lama_synergy(lm_rhw(reasonable_orders = true)): 1
[g=20, 354 evaluated, 345 expanded, 84 reopened, t=0.376112s, 6460 KB]
New best heuristic value for ff_synergy(hlm): 8
[g=20, 359 evaluated, 349 expanded, 86 reopened, t=0.377086s, 6460 KB]
New best heuristic value for ff_synergy(hlm): 7
[g=23, 408 evaluated, 397 expanded, 96 reopened, t=0.386605s, 6460 KB]
New best heuristic value for ff_synergy(hlm): 5
[g=23, 410 evaluated, 399 expanded, 97 reopened, t=0.386852s, 6460 KB]
New best heuristic value for lama_synergy(lm_rhw(reasonable_orders = true)): 0
New best heuristic value for ff_synergy(hlm): 3
[g=24, 411 evaluated, 400 expanded, 97 reopened, t=0.387066s, 6460 KB]
New best heuristic value for ff_synergy(hlm): 2
[g=25, 413 evaluated, 402 expanded, 97 reopened, t=0.387427s, 6460 KB]
New best heuristic value for ff_synergy(hlm): 1
[g=26, 414 evaluated, 403 expanded, 97 reopened, t=0.387611s, 6460 KB]
Solution found!
Actual search time: 0.0863105s [t=0.387887s]
move-from-arrival train1 v1 t0 t3 t4 track1 (1)
switch-to-next-train train1 train2 (1)
move-from-arrival train2 v2 v1 t5 t6 track2 (1)
switch-to-next-train train2 train3 (1)
move-from-arrival train3 v3 v2 t0 t5 track2 (1)
switch-to-next-train train3 train4 (1)
move-from-arrival train4 v4 v3 t2 t3 track1 (1)
switch-to-next-train train4 train5 (1)
move-from-arrival train5 v5 v4 t1 t2 track1 (1)
switch-to-next-train train5 train6 (1)
move-from-arrival train6 v6 v5 t0 t1 track1 (1)
switch-to-next-train train6 train1 (1)
switch-to-next-train train1 train3 (1)
move-to-departure train3 t5 t0 v5 v6 track2 (1)
switch-to-next-train train3 train2 (1)
move-to-departure train2 t6 t5 v4 v5 track2 (1)
switch-to-next-train train2 train6 (1)
move-from-track train6 t1 t0 t0 track1 (1)
move-to-track train6 t0 t5 t6 track2 (1)
switch-to-next-train train6 train5 (1)
move-to-departure train5 t2 t1 v3 v4 track1 (1)
switch-to-next-train train5 train4 (1)
move-to-departure train4 t3 t2 v2 v3 track1 (1)
switch-to-next-train train4 train1 (1)
move-to-departure train1 t4 t3 v1 v2 track1 (1)
switch-to-next-train train1 train6 (1)
move-to-departure train6 t6 t5 t0 v1 track2 (1)
Plan length: 27 step(s).
Plan cost: 27
Expanded 405 state(s).
Reopened 97 state(s).
Evaluated 416 state(s).
Evaluations: 735
Generated 2167 state(s).
Dead ends: 10 state(s).
Number of registered states: 319
Int hash set load factor: 319/512 = 0.623047
Int hash set resizes: 9
Best solution cost so far: 27
Solution found - keep searching
Starting search: lazy_wastar(list(hff, hlm), preferred = list(hff, hlm), w = 1)
Conducting lazy best first search, (real) bound = 27
29 initial landmarks, 5 goal landmarks
New best heuristic value for lama_synergy(lm_rhw(reasonable_orders = true)): 26
New best heuristic value for ff_synergy(hlm): 16
[g=0, 1 evaluated, 0 expanded, t=0.388536s, 6460 KB]
Initial heuristic value for lama_synergy(lm_rhw(reasonable_orders = true)): 26
Initial heuristic value for ff_synergy(hlm): 16
New best heuristic value for lama_synergy(lm_rhw(reasonable_orders = true)): 23
[g=1, 7 evaluated, 6 expanded, t=0.390056s, 6460 KB]
New best heuristic value for lama_synergy(lm_rhw(reasonable_orders = true)): 22
[g=2, 8 evaluated, 7 expanded, t=0.390356s, 6460 KB]
New best heuristic value for ff_synergy(hlm): 15
[g=1, 9 evaluated, 8 expanded, t=0.390632s, 6460 KB]
New best heuristic value for lama_synergy(lm_rhw(reasonable_orders = true)): 21
[g=3, 19 evaluated, 18 expanded, t=0.39302s, 6460 KB]
New best heuristic value for lama_synergy(lm_rhw(reasonable_orders = true)): 20
[g=4, 24 evaluated, 23 expanded, t=0.39431s, 6460 KB]
New best heuristic value for lama_synergy(lm_rhw(reasonable_orders = true)): 16
[g=5, 43 evaluated, 42 expanded, t=0.398767s, 6460 KB]
New best heuristic value for lama_synergy(lm_rhw(reasonable_orders = true)): 13
[g=7, 49 evaluated, 48 expanded, t=0.400189s, 6460 KB]
New best heuristic value for lama_synergy(lm_rhw(reasonable_orders = true)): 11
[g=9, 55 evaluated, 54 expanded, t=0.401588s, 6460 KB]
New best heuristic value for lama_synergy(lm_rhw(reasonable_orders = true)): 10
[g=10, 58 evaluated, 57 expanded, t=0.402292s, 6460 KB]
New best heuristic value for lama_synergy(lm_rhw(reasonable_orders = true)): 9
[g=11, 62 evaluated, 61 expanded, t=0.403249s, 6460 KB]
New best heuristic value for lama_synergy(lm_rhw(reasonable_orders = true)): 7
[g=12, 64 evaluated, 63 expanded, t=0.403754s, 6460 KB]
New best heuristic value for lama_synergy(lm_rhw(reasonable_orders = true)): 6
[g=13, 66 evaluated, 65 expanded, t=0.404264s, 6460 KB]
New best heuristic value for lama_synergy(lm_rhw(reasonable_orders = true)): 5
[g=14, 144 evaluated, 140 expanded, 9 reopened, t=0.42178s, 6460 KB]
New best heuristic value for lama_synergy(lm_rhw(reasonable_orders = true)): 4
[g=15, 146 evaluated, 142 expanded, 9 reopened, t=0.422257s, 6460 KB]
New best heuristic value for ff_synergy(hlm): 14
[g=15, 149 evaluated, 145 expanded, 9 reopened, t=0.422913s, 6460 KB]
New best heuristic value for ff_synergy(hlm): 13
[g=16, 152 evaluated, 148 expanded, 9 reopened, t=0.423609s, 6460 KB]
New best heuristic value for lama_synergy(lm_rhw(reasonable_orders = true)): 3
[g=16, 153 evaluated, 149 expanded, 9 reopened, t=0.423844s, 6460 KB]
New best heuristic value for lama_synergy(lm_rhw(reasonable_orders = true)): 2
New best heuristic value for ff_synergy(hlm): 10
[g=17, 177 evaluated, 172 expanded, 13 reopened, t=0.429137s, 6460 KB]
New best heuristic value for ff_synergy(hlm): 9
[g=18, 178 evaluated, 173 expanded, 13 reopened, t=0.429371s, 6460 KB]
New best heuristic value for lama_synergy(lm_rhw(reasonable_orders = true)): 1
[g=18, 179 evaluated, 174 expanded, 13 reopened, t=0.429593s, 6460 KB]
New best heuristic value for ff_synergy(hlm): 8
[g=19, 198 evaluated, 192 expanded, 13 reopened, t=0.43374s, 6460 KB]
New best heuristic value for ff_synergy(hlm): 7
[g=21, 610 evaluated, 577 expanded, 72 reopened, t=0.526638s, 6460 KB]
New best heuristic value for ff_synergy(hlm): 5
[g=22, 612 evaluated, 579 expanded, 72 reopened, t=0.527061s, 6460 KB]
New best heuristic value for lama_synergy(lm_rhw(reasonable_orders = true)): 0
New best heuristic value for ff_synergy(hlm): 3
[g=23, 613 evaluated, 580 expanded, 72 reopened, t=0.527275s, 6460 KB]
New best heuristic value for ff_synergy(hlm): 2
[g=24, 615 evaluated, 582 expanded, 72 reopened, t=0.527633s, 6460 KB]
New best heuristic value for ff_synergy(hlm): 1
[g=25, 616 evaluated, 583 expanded, 72 reopened, t=0.527815s, 6460 KB]
Solution found!
Actual search time: 0.139602s [t=0.527882s]
move-from-arrival train1 v1 t0 t5 t6 track2 (1)
switch-to-next-train train1 train2 (1)
move-from-arrival train2 v2 v1 t3 t4 track1 (1)
switch-to-next-train train2 train3 (1)
move-from-arrival train3 v3 v2 t0 t5 track2 (1)
switch-to-next-train train3 train4 (1)
move-from-arrival train4 v4 v3 t2 t3 track1 (1)
switch-to-next-train train4 train5 (1)
move-from-arrival train5 v5 v4 t1 t2 track1 (1)
switch-to-next-train train5 train6 (1)
move-from-arrival train6 v6 v5 t0 t1 track1 (1)
switch-to-next-train train6 train3 (1)
move-to-departure train3 t5 t0 v5 v6 track2 (1)
switch-to-next-train train3 train1 (1)
move-to-departure train1 t6 t5 v4 v5 track2 (1)
switch-to-next-train train1 train6 (1)
move-from-track train6 t1 t0 t0 track1 (1)
move-to-track train6 t0 t5 t6 track2 (1)
switch-to-next-train train6 train5 (1)
move-to-departure train5 t2 t1 v3 v4 track1 (1)
switch-to-next-train train5 train4 (1)
move-to-departure train4 t3 t2 v2 v3 track1 (1)
switch-to-next-train train4 train2 (1)
move-to-departure train2 t4 t3 v1 v2 track1 (1)
switch-to-next-train train2 train6 (1)
move-to-departure train6 t6 t5 t0 v1 track2 (1)
Plan length: 26 step(s).
Plan cost: 26
Expanded 584 state(s).
Reopened 72 state(s).
Evaluated 617 state(s).
Evaluations: 1162
Generated 3148 state(s).
Dead ends: 32 state(s).
Number of registered states: 545
Int hash set load factor: 545/1024 = 0.532227
Int hash set resizes: 10
Best solution cost so far: 26
Solution found - keep searching
Starting search: lazy_wastar(list(hff, hlm), preferred = list(hff, hlm), w = 1)
Conducting lazy best first search, (real) bound = 26
29 initial landmarks, 5 goal landmarks
New best heuristic value for ff_synergy(hlm): 16
New best heuristic value for lama_synergy(lm_rhw(reasonable_orders = true)): 26
[g=0, 1 evaluated, 0 expanded, t=0.528514s, 6460 KB]
Initial heuristic value for ff_synergy(hlm): 16
Initial heuristic value for lama_synergy(lm_rhw(reasonable_orders = true)): 26
New best heuristic value for lama_synergy(lm_rhw(reasonable_orders = true)): 23
[g=1, 7 evaluated, 6 expanded, t=0.530052s, 6460 KB]
New best heuristic value for lama_synergy(lm_rhw(reasonable_orders = true)): 22
[g=2, 8 evaluated, 7 expanded, t=0.530338s, 6460 KB]
New best heuristic value for ff_synergy(hlm): 15
[g=1, 9 evaluated, 8 expanded, t=0.530614s, 6460 KB]
New best heuristic value for lama_synergy(lm_rhw(reasonable_orders = true)): 21
[g=3, 19 evaluated, 18 expanded, t=0.533004s, 6460 KB]
New best heuristic value for lama_synergy(lm_rhw(reasonable_orders = true)): 20
[g=4, 24 evaluated, 23 expanded, t=0.534294s, 6460 KB]
New best heuristic value for lama_synergy(lm_rhw(reasonable_orders = true)): 16
[g=5, 43 evaluated, 42 expanded, t=0.538728s, 6460 KB]
New best heuristic value for lama_synergy(lm_rhw(reasonable_orders = true)): 13
[g=7, 49 evaluated, 48 expanded, t=0.540141s, 6460 KB]
New best heuristic value for lama_synergy(lm_rhw(reasonable_orders = true)): 11
[g=9, 55 evaluated, 54 expanded, t=0.541566s, 6460 KB]
New best heuristic value for lama_synergy(lm_rhw(reasonable_orders = true)): 10
[g=10, 58 evaluated, 57 expanded, t=0.542258s, 6460 KB]
New best heuristic value for lama_synergy(lm_rhw(reasonable_orders = true)): 9
[g=11, 62 evaluated, 61 expanded, t=0.543212s, 6460 KB]
New best heuristic value for lama_synergy(lm_rhw(reasonable_orders = true)): 7
[g=12, 64 evaluated, 63 expanded, t=0.543727s, 6460 KB]
New best heuristic value for lama_synergy(lm_rhw(reasonable_orders = true)): 6
[g=13, 66 evaluated, 65 expanded, t=0.544239s, 6460 KB]
New best heuristic value for lama_synergy(lm_rhw(reasonable_orders = true)): 5
[g=14, 144 evaluated, 140 expanded, 9 reopened, t=0.561785s, 6460 KB]
New best heuristic value for lama_synergy(lm_rhw(reasonable_orders = true)): 4
[g=15, 146 evaluated, 142 expanded, 9 reopened, t=0.562263s, 6460 KB]
New best heuristic value for ff_synergy(hlm): 14
[g=15, 149 evaluated, 145 expanded, 9 reopened, t=0.562917s, 6460 KB]
New best heuristic value for ff_synergy(hlm): 13
[g=16, 152 evaluated, 148 expanded, 9 reopened, t=0.563604s, 6460 KB]
New best heuristic value for lama_synergy(lm_rhw(reasonable_orders = true)): 3
[g=16, 153 evaluated, 149 expanded, 9 reopened, t=0.563848s, 6460 KB]
New best heuristic value for ff_synergy(hlm): 10
New best heuristic value for lama_synergy(lm_rhw(reasonable_orders = true)): 2
[g=17, 177 evaluated, 172 expanded, 13 reopened, t=0.569158s, 6460 KB]
New best heuristic value for ff_synergy(hlm): 9
[g=18, 178 evaluated, 173 expanded, 13 reopened, t=0.569393s, 6460 KB]
New best heuristic value for lama_synergy(lm_rhw(reasonable_orders = true)): 1
[g=18, 179 evaluated, 174 expanded, 13 reopened, t=0.569615s, 6460 KB]
New best heuristic value for ff_synergy(hlm): 8
[g=19, 198 evaluated, 192 expanded, 13 reopened, t=0.573781s, 6460 KB]
New best heuristic value for ff_synergy(hlm): 7
[g=21, 610 evaluated, 577 expanded, 72 reopened, t=0.666913s, 6460 KB]
New best heuristic value for ff_synergy(hlm): 5
[g=22, 612 evaluated, 579 expanded, 72 reopened, t=0.667336s, 6460 KB]
New best heuristic value for ff_synergy(hlm): 3
New best heuristic value for lama_synergy(lm_rhw(reasonable_orders = true)): 0
[g=23, 613 evaluated, 580 expanded, 72 reopened, t=0.667549s, 6460 KB]
New best heuristic value for ff_synergy(hlm): 2
[g=24, 615 evaluated, 582 expanded, 72 reopened, t=0.667904s, 6460 KB]
New best heuristic value for ff_synergy(hlm): 1
[g=25, 616 evaluated, 583 expanded, 72 reopened, t=0.668088s, 6460 KB]
Completely explored state space -- no solution!
Actual search time: 0.226335s [t=0.754596s]
Expanded 968 state(s).
Reopened 98 state(s).
Evaluated 1014 state(s).
Evaluations: 1930
Generated 5208 state(s).
Dead ends: 46 state(s).
Number of registered states: 916
Int hash set load factor: 916/1024 = 0.894531
Int hash set resizes: 10
Best solution cost so far: 26
No solution found - keep searching
Actual search time: 0.710517s [t=0.754688s]
Cumulative statistics:
Expanded 3110 state(s).
Reopened 492 state(s).
Evaluated 3243 state(s).
Evaluations: 5994
Generated 16740 state(s).
Dead ends: 0 state(s).
Search time: 0.710524s
Total time: 0.754693s
Solution found.
Peak memory: 6460 KB
