0 : (move-on-arrival train1 v1 t0)
1 : (switch-to-next-train train1 train2)
2 : (move-on-arrival train2 v2 v1)
3 : (switch-to-next-train train2 train3)
4 : (move-on-arrival train3 v3 v2)
5 : (switch-to-next-train train3 train4)
6 : (move-on-arrival train4 v4 v3)
7 : (switch-to-next-train train4 train1)
8 : (move-to-track train1 t0 t1 track1)
9 : (switch-to-next-train train1 train2)
10 : (move-on-arrival train2 v1 t0)
11 : (move-to-track train2 t0 t5 track2)
12 : (move-along-track train2 t5 t6 track2)
13 : (switch-to-next-train train2 train1)
14 : (move-along-track train1 t1 t2 track1)
15 : (switch-to-next-train train1 train3)
16 : (move-on-arrival train3 v2 v1)
17 : (switch-to-next-train train3 train4)
18 : (move-on-arrival train4 v3 v2)
19 : (switch-to-next-train train4 train3)
20 : (move-on-arrival train3 v1 t0)
21 : (switch-to-next-train train3 train5)
22 : (move-on-arrival train5 v5 v4)
23 : (move-on-arrival train5 v4 v3)
24 : (switch-to-next-train train5 train4)
25 : (move-on-arrival train4 v2 v1)
26 : (switch-to-next-train train4 train3)
27 : (move-to-track train3 t0 t5 track2)
28 : (switch-to-next-train train3 train5)
29 : (move-on-arrival train5 v3 v2)
30 : (switch-to-next-train train5 train6)
31 : (move-on-arrival train6 v6 v5)
32 : (switch-to-next-train train6 train4)
33 : (move-on-arrival train4 v1 t0)
34 : (move-to-track train4 t0 t1 track1)
35 : (switch-to-next-train train4 train5)
36 : (move-on-arrival train5 v2 v1)
37 : (switch-to-next-train train5 train6)
38 : (move-on-arrival train6 v5 v4)
39 : (move-on-arrival train6 v4 v3)
40 : (switch-to-next-train train6 train1)
41 : (move-along-track train1 t2 t3 track1)
42 : (switch-to-next-train train1 train4)
43 : (move-along-track train4 t1 t2 track1)
44 : (switch-to-next-train train4 train1)
45 : (move-along-track train1 t3 t4 track1)
46 : (switch-to-next-train train1 train4)
47 : (move-along-track train4 t2 t3 track1)
48 : (switch-to-next-train train4 train6)
49 : (move-on-arrival train6 v3 v2)
50 : (switch-to-next-train train6 train5)
51 : (move-on-arrival train5 v1 t0)
52 : (move-to-track train5 t0 t1 track1)
53 : (switch-to-next-train train5 train6)
54 : (move-on-arrival train6 v2 v1)
55 : (move-on-arrival train6 v1 t0)
56 : (switch-to-next-train train6 train5)
57 : (move-along-track train5 t1 t2 track1)
58 : (switch-to-next-train train5 train6)
59 : (move-to-track train6 t0 t1 track1)
60 : (switch-to-next-train train6 train3)
61 : (move-from-track train3 t5 t0 track2)
62 : (move-to-departure train3 t0 v1)
63 : (move-to-departure train3 v1 v2)
64 : (switch-to-next-train train3 train2)
65 : (move-along-track train2 t6 t5 track2)
66 : (move-from-track train2 t5 t0 track2)
67 : (move-to-departure train2 t0 v1)
68 : (switch-to-next-train train2 train3)
69 : (move-to-departure train3 v2 v3)
70 : (switch-to-next-train train3 train2)
71 : (move-to-departure train2 v1 v2)
72 : (switch-to-next-train train2 train6)
73 : (move-from-track train6 t1 t0 track1)
74 : (switch-to-next-train train6 train5)
75 : (move-along-track train5 t2 t1 track1)
76 : (switch-to-next-train train5 train4)
77 : (move-along-track train4 t3 t2 track1)
78 : (switch-to-next-train train4 train3)
79 : (move-to-departure train3 v3 v4)
80 : (switch-to-next-train train3 train6)
81 : (reallocate-to-track train6 t0 t5 track2)
82 : (switch-to-next-train train6 train5)
83 : (move-from-track train5 t1 t0 track1)
84 : (switch-to-next-train train5 train4)
85 : (move-along-track train4 t2 t1 track1)
86 : (switch-to-next-train train4 train1)
87 : (move-along-track train1 t4 t3 track1)
88 : (switch-to-next-train train1 train3)
89 : (move-to-departure train3 v4 v5)
90 : (switch-to-next-train train3 train2)
91 : (move-to-departure train2 v2 v3)
92 : (switch-to-next-train train2 train5)
93 : (move-to-departure train5 t0 v1)
94 : (switch-to-next-train train5 train1)
95 : (move-along-track train1 t3 t2 track1)
96 : (switch-to-next-train train1 train3)
97 : (move-to-departure train3 v5 v6)
98 : (switch-to-next-train train3 train2)
99 : (move-to-departure train2 v3 v4)
100 : (move-to-departure train2 v4 v5)
101 : (switch-to-next-train train2 train5)
102 : (move-to-departure train5 v1 v2)
103 : (switch-to-next-train train5 train4)
104 : (move-from-track train4 t1 t0 track1)
105 : (switch-to-next-train train4 train1)
106 : (move-along-track train1 t2 t1 track1)
107 : (switch-to-next-train train1 train4)
108 : (move-to-departure train4 t0 v1)
109 : (switch-to-next-train train4 train1)
110 : (move-from-track train1 t1 t0 track1)
111 : (switch-to-next-train train1 train5)
112 : (move-to-departure train5 v2 v3)
113 : (switch-to-next-train train5 train4)
114 : (move-to-departure train4 v1 v2)
115 : (switch-to-next-train train4 train5)
116 : (move-to-departure train5 v3 v4)
117 : (switch-to-next-train train5 train1)
118 : (move-to-departure train1 t0 v1)
119 : (switch-to-next-train train1 train4)
120 : (move-to-departure train4 v2 v3)
121 : (switch-to-next-train train4 train1)
122 : (move-to-departure train1 v1 v2)
123 : (switch-to-next-train train1 train6)
124 : (move-from-track train6 t5 t0 track2)
125 : (move-to-departure train6 t0 v1)
126 : (switch-to-next-train train6 train5)
