0 : (move-on-arrival train1 v1 t0)
1 : (move-on-arrival train2 v2 v1)
2 : (move-to-track train1 t0 t11 track3)
3 : (move-along-track train1 t11 t12 track3)
4 : (move-on-arrival train2 v1 t0)
5 : (move-on-arrival train3 v3 v2)
6 : (move-along-track train1 t12 t11 track3)
7 : (move-on-arrival train3 v2 v1)
8 : (move-on-arrival train4 v4 v3)
9 : (move-to-track train2 t0 t1 track1)
10 : (move-along-track train2 t1 t2 track1)
11 : (move-on-arrival train3 v1 t0)
12 : (move-on-arrival train4 v3 v2)
13 : (move-on-arrival train5 v5 v4)
14 : (move-on-arrival train4 v2 v1)
15 : (move-on-arrival train5 v4 v3)
16 : (move-on-arrival train6 v6 v5)
17 : (move-to-track train3 t0 t6 track2)
18 : (move-along-track train1 t11 t12 track3)
19 : (move-along-track train2 t2 t3 track1)
20 : (move-on-arrival train4 v1 t0)
21 : (move-on-arrival train5 v3 v2)
22 : (move-on-arrival train6 v5 v4)
23 : (move-on-arrival train7 v7 v6)
24 : (move-along-track train1 t12 t13 track3)
25 : (move-along-track train3 t6 t7 track2)
26 : (move-on-arrival train5 v2 v1)
27 : (move-on-arrival train6 v4 v3)
28 : (move-on-arrival train7 v6 v5)
29 : (move-on-arrival train8 v8 v7)
30 : (move-to-track train4 t0 t1 track1)
31 : (move-along-track train2 t3 t4 track1)
32 : (move-along-track train4 t1 t2 track1)
33 : (move-on-arrival train5 v1 t0)
34 : (move-on-arrival train6 v3 v2)
35 : (move-on-arrival train7 v5 v4)
36 : (move-on-arrival train8 v7 v6)
37 : (move-on-arrival train9 v9 v8)
38 : (move-along-track train1 t13 t14 track3)
39 : (move-along-track train2 t4 t5 track1)
40 : (move-along-track train3 t7 t6 track2)
41 : (move-on-arrival train10 v10 v9)
42 : (move-on-arrival train6 v2 v1)
43 : (move-on-arrival train7 v4 v3)
44 : (move-on-arrival train8 v6 v5)
45 : (move-on-arrival train9 v8 v7)
46 : (move-to-track train5 t0 t11 track3)
47 : (move-along-track train4 t2 t3 track1)
48 : (move-on-arrival train10 v9 v8)
49 : (move-on-arrival train7 v3 v2)
50 : (move-on-arrival train8 v5 v4)
51 : (move-on-arrival train9 v7 v6)
52 : (switch-track train3 t6 t0 t1 track2 track1)
53 : (move-on-arrival train6 v1 t0)
54 : (move-along-track train1 t14 t13 track3)
55 : (move-along-track train3 t1 t2 track1)
56 : (move-along-track train4 t3 t4 track1)
57 : (move-on-arrival train10 v8 v7)
58 : (move-on-arrival train7 v2 v1)
59 : (move-on-arrival train8 v4 v3)
60 : (move-on-arrival train9 v6 v5)
61 : (move-to-track train6 t0 t6 track2)
62 : (move-along-track train1 t13 t14 track3)
63 : (move-along-track train3 t2 t3 track1)
64 : (move-along-track train6 t6 t7 track2)
65 : (move-on-arrival train10 v7 v6)
66 : (move-on-arrival train8 v3 v2)
67 : (move-on-arrival train9 v5 v4)
68 : (switch-track train5 t11 t0 t1 track3 track1)
69 : (move-on-arrival train7 v1 t0)
70 : (move-along-track train1 t14 t13 track3)
71 : (move-along-track train6 t7 t8 track2)
72 : (move-on-arrival train10 v6 v5)
73 : (move-on-arrival train8 v2 v1)
74 : (move-on-arrival train9 v4 v3)
75 : (move-to-track train7 t0 t6 track2)
76 : (move-along-track train1 t13 t12 track3)
77 : (move-along-track train6 t8 t9 track2)
78 : (move-along-track train7 t6 t7 track2)
79 : (move-on-arrival train10 v5 v4)
80 : (move-on-arrival train8 v1 t0)
81 : (move-on-arrival train9 v3 v2)
82 : (move-along-track train1 t12 t11 track3)
83 : (move-along-track train5 t1 t2 track1)
84 : (move-on-arrival train10 v4 v3)
85 : (move-on-arrival train9 v2 v1)
86 : (move-to-track train8 t0 t6 track2)
87 : (move-along-track train7 t7 t8 track2)
88 : (move-on-arrival train10 v3 v2)
89 : (switch-track train1 t11 t0 t1 track3 track1)
90 : (move-on-arrival train9 v1 t0)
91 : (move-on-arrival train10 v2 v1)
92 : (move-to-track train9 t0 t11 track3)
93 : (move-along-track train6 t9 t10 track2)
94 : (move-along-track train9 t11 t12 track3)
95 : (move-along-track train6 t10 t9 track2)
96 : (move-along-track train7 t8 t7 track2)
97 : (move-along-track train9 t12 t13 track3)
98 : (switch-track train8 t6 t0 t11 track2 track3)
99 : (move-on-arrival train10 v1 t0)
100 : (move-along-track train6 t9 t8 track2)
101 : (move-along-track train9 t13 t14 track3)
102 : (move-to-track train10 t0 t6 track2)
103 : (move-along-track train6 t8 t9 track2)
104 : (move-along-track train8 t11 t12 track3)
105 : (move-along-track train9 t14 t13 track3)
106 : (move-from-track-to-departure train1 t1 t0 track1)
107 : (move-along-track train5 t2 t1 track1)
108 : (move-along-track train6 t9 t10 track2)
109 : (move-along-track train7 t7 t8 track2)
110 : (move-along-track train8 t12 t11 track3)
111 : (move-to-departure train1 t0 v1)
112 : (move-along-track train3 t3 t2 track1)
113 : (move-along-track train7 t8 t7 track2)
114 : (move-along-track train8 t11 t12 track3)
115 : (move-along-track train9 t13 t14 track3)
116 : (move-from-track-to-departure train5 t1 t0 track1)
117 : (move-to-departure train1 v1 v2)
118 : (move-along-track train3 t2 t1 track1)
119 : (move-along-track train4 t4 t3 track1)
120 : (move-along-track train7 t7 t8 track2)
121 : (move-along-track train8 t12 t13 track3)
122 : (move-along-track train9 t14 t15 track3)
123 : (move-to-departure train1 v2 v3)
124 : (move-to-departure train5 t0 v1)
125 : (move-along-track train2 t5 t4 track1)
126 : (move-along-track train4 t3 t2 track1)
127 : (move-along-track train7 t8 t7 track2)
128 : (move-along-track train8 t13 t14 track3)
129 : (move-from-track-to-departure train3 t1 t0 track1)
130 : (move-to-departure train1 v3 v4)
131 : (move-to-departure train5 v1 v2)
132 : (move-along-track train2 t4 t3 track1)
133 : (move-along-track train4 t2 t1 track1)
134 : (move-along-track train6 t10 t9 track2)
135 : (move-along-track train7 t7 t8 track2)
136 : (move-to-departure train1 v4 v5)
137 : (move-to-departure train3 t0 v1)
138 : (move-to-departure train5 v2 v3)
139 : (move-along-track train6 t9 t10 track2)
140 : (move-from-track-to-departure train4 t1 t0 track1)
141 : (move-to-departure train1 v5 v6)
142 : (move-to-departure train3 v1 v2)
143 : (move-to-departure train5 v3 v4)
144 : (move-along-track train2 t3 t2 track1)
145 : (move-along-track train8 t14 t13 track3)
146 : (move-to-departure train1 v6 v7)
147 : (move-to-departure train3 v2 v3)
148 : (move-to-departure train4 t0 v1)
149 : (move-to-departure train5 v4 v5)
150 : (move-along-track train2 t2 t1 track1)
151 : (move-along-track train7 t8 t7 track2)
152 : (move-along-track train8 t13 t14 track3)
153 : (move-from-track-to-departure train10 t6 t0 track2)
154 : (move-to-departure train1 v7 v8)
155 : (move-to-departure train3 v3 v4)
156 : (move-to-departure train4 v1 v2)
157 : (move-to-departure train5 v5 v6)
158 : (move-along-track train7 t7 t8 track2)
159 : (move-to-departure train1 v8 v9)
160 : (move-to-departure train10 t0 v1)
161 : (move-to-departure train3 v4 v5)
162 : (move-to-departure train4 v2 v3)
163 : (move-to-departure train5 v6 v7)
164 : (move-along-track train7 t8 t7 track2)
165 : (move-from-track-to-departure train2 t1 t0 track1)
166 : (move-to-departure train1 v9 v10)
167 : (move-to-departure train10 v1 v2)
168 : (move-to-departure train3 v5 v6)
169 : (move-to-departure train4 v3 v4)
170 : (move-to-departure train5 v7 v8)
171 : (move-along-track train6 t10 t9 track2)
172 : (move-along-track train7 t7 t6 track2)
173 : (move-along-track train8 t14 t13 track3)
174 : (move-to-departure train10 v2 v3)
175 : (move-to-departure train2 t0 v1)
176 : (move-to-departure train3 v6 v7)
177 : (move-to-departure train4 v4 v5)
178 : (move-to-departure train5 v8 v9)
179 : (move-along-track train8 t13 t12 track3)
180 : (move-along-track train9 t15 t14 track3)
181 : (move-from-track-to-departure train7 t6 t0 track2)
182 : (move-to-departure train10 v3 v4)
183 : (move-to-departure train2 v1 v2)
184 : (move-to-departure train3 v7 v8)
185 : (move-to-departure train4 v5 v6)
186 : (move-along-track train6 t9 t8 track2)
187 : (move-along-track train8 t12 t11 track3)
188 : (move-along-track train9 t14 t13 track3)
189 : (move-to-departure train10 v4 v5)
190 : (move-to-departure train2 v2 v3)
191 : (move-to-departure train4 v6 v7)
192 : (move-to-departure train7 t0 v1)
193 : (move-along-track train6 t8 t7 track2)
194 : (move-along-track train9 t13 t12 track3)
195 : (move-from-track-to-departure train8 t11 t0 track3)
196 : (move-to-departure train10 v5 v6)
197 : (move-to-departure train2 v3 v4)
198 : (move-to-departure train7 v1 v2)
199 : (move-along-track train6 t7 t6 track2)
200 : (move-along-track train9 t12 t11 track3)
201 : (move-to-departure train2 v4 v5)
202 : (move-to-departure train7 v2 v3)
203 : (move-to-departure train8 t0 v1)
204 : (move-along-track train9 t11 t12 track3)
205 : (move-from-track-to-departure train6 t6 t0 track2)
206 : (move-to-departure train7 v3 v4)
207 : (move-to-departure train8 v1 v2)
208 : (move-along-track train9 t12 t11 track3)
209 : (move-to-departure train6 t0 v1)
210 : (move-to-departure train8 v2 v3)
211 : (move-from-track-to-departure train9 t11 t0 track3)
212 : (move-to-departure train6 v1 v2)
213 : (move-to-departure train9 t0 v1)
