0 : (move-on-arrival train1 v1 t0)
1 : (move-on-arrival train2 v2 v1)
2 : (move-to-lifo-track train1 t0 t11 t15 t14 track3)
3 : (move-on-arrival train2 v1 t0)
4 : (move-on-arrival train3 v3 v2)
5 : (move-on-arrival train3 v2 v1)
6 : (move-on-arrival train4 v4 v3)
7 : (move-to-lifo-track train2 t0 t1 t5 t4 track1)
8 : (move-on-arrival train3 v1 t0)
9 : (move-on-arrival train4 v3 v2)
10 : (move-on-arrival train5 v5 v4)
11 : (move-to-switch-lifo-track train1 t15 t14 t11 t0 track3)
12 : (move-to-switch-lifo-track train2 t5 t4 t1 t0 track1)
13 : (move-on-arrival train4 v2 v1)
14 : (move-on-arrival train5 v4 v3)
15 : (move-on-arrival train6 v6 v5)
16 : (move-to-lifo-track train3 t0 t1 t5 t4 track1)
17 : (move-on-arrival train4 v1 t0)
18 : (move-on-arrival train5 v3 v2)
19 : (move-on-arrival train6 v5 v4)
20 : (move-on-arrival train7 v7 v6)
21 : (move-on-arrival train5 v2 v1)
22 : (move-on-arrival train6 v4 v3)
23 : (move-on-arrival train7 v6 v5)
24 : (move-on-arrival train8 v8 v7)
25 : (move-to-lifo-track train4 t0 t11 t15 t14 track3)
26 : (move-on-arrival train5 v1 t0)
27 : (move-on-arrival train6 v3 v2)
28 : (move-on-arrival train7 v5 v4)
29 : (move-on-arrival train8 v7 v6)
30 : (move-on-arrival train9 v9 v8)
31 : (move-to-switch-lifo-track train3 t5 t4 t1 t0 track1)
32 : (move-to-switch-lifo-track train4 t15 t14 t11 t0 track3)
33 : (move-on-arrival train10 v10 v9)
34 : (move-on-arrival train6 v2 v1)
35 : (move-on-arrival train7 v4 v3)
36 : (move-on-arrival train8 v6 v5)
37 : (move-on-arrival train9 v8 v7)
38 : (move-to-lifo-track train3 t0 t1 t5 t4 track1)
39 : (move-to-lifo-track train5 t0 t11 t15 t14 track3)
40 : (move-on-arrival train10 v9 v8)
41 : (move-on-arrival train6 v1 t0)
42 : (move-on-arrival train7 v3 v2)
43 : (move-on-arrival train8 v5 v4)
44 : (move-on-arrival train9 v7 v6)
45 : (move-on-arrival train10 v8 v7)
46 : (move-on-arrival train7 v2 v1)
47 : (move-on-arrival train8 v4 v3)
48 : (move-on-arrival train9 v6 v5)
49 : (move-to-lifo-track train2 t0 t1 t4 t3 track1)
50 : (move-to-lifo-track train6 t0 t11 t14 t13 track3)
51 : (move-on-arrival train10 v7 v6)
52 : (move-on-arrival train7 v1 t0)
53 : (move-on-arrival train8 v3 v2)
54 : (move-on-arrival train9 v5 v4)
55 : (move-to-switch-lifo-track train6 t14 t13 t11 t0 track3)
56 : (move-on-arrival train10 v6 v5)
57 : (move-on-arrival train8 v2 v1)
58 : (move-on-arrival train9 v4 v3)
59 : (move-to-lifo-track train1 t0 t1 t3 t2 track1)
60 : (move-to-lifo-track train7 t0 t11 t14 t13 track3)
61 : (move-on-arrival train10 v5 v4)
62 : (move-on-arrival train8 v1 t0)
63 : (move-on-arrival train9 v3 v2)
64 : (move-to-switch-lifo-track train1 t3 t2 t1 t0 track1)
65 : (move-to-switch-lifo-track train7 t14 t13 t11 t0 track3)
66 : (move-on-arrival train10 v4 v3)
67 : (move-on-arrival train9 v2 v1)
68 : (move-to-lifo-track train8 t0 t11 t14 t13 track3)
69 : (move-on-arrival train10 v3 v2)
70 : (move-on-arrival train9 v1 t0)
71 : (move-to-switch-lifo-track train2 t4 t3 t1 t0 track1)
72 : (move-to-switch-lifo-track train8 t14 t13 t11 t0 track3)
73 : (move-on-arrival train10 v2 v1)
74 : (move-to-lifo-track train9 t0 t11 t14 t13 track3)
75 : (move-on-arrival train10 v1 t0)
76 : (move-to-switch-lifo-track train3 t5 t4 t1 t0 track1)
77 : (move-to-switch-lifo-track train9 t14 t13 t11 t0 track3)
78 : (move-to-lifo-track train10 t0 t1 t5 t4 track1)
79 : (move-to-departure train1 t0 v1)
80 : (move-to-departure train1 v1 v2)
81 : (move-to-switch-lifo-track train10 t5 t4 t1 t0 track1)
82 : (move-to-switch-lifo-track train5 t15 t14 t11 t0 track3)
83 : (move-to-departure train1 v2 v3)
84 : (move-to-departure train5 t0 v1)
85 : (move-to-lifo-track train3 t0 t1 t5 t4 track1)
86 : (move-to-lifo-track train6 t0 t11 t15 t14 track3)
87 : (move-to-departure train1 v3 v4)
88 : (move-to-departure train5 v1 v2)
89 : (move-to-switch-lifo-track train3 t5 t4 t1 t0 track1)
90 : (move-to-switch-lifo-track train6 t15 t14 t11 t0 track3)
91 : (move-to-departure train1 v4 v5)
92 : (move-to-departure train3 t0 v1)
93 : (move-to-departure train5 v2 v3)
94 : (move-to-lifo-track train7 t0 t11 t15 t14 track3)
95 : (move-to-lifo-track train9 t0 t1 t5 t4 track1)
96 : (move-to-departure train1 v5 v6)
97 : (move-to-departure train3 v1 v2)
98 : (move-to-departure train5 v3 v4)
99 : (move-to-switch-lifo-track train7 t15 t14 t11 t0 track3)
100 : (move-to-departure train1 v6 v7)
101 : (move-to-departure train3 v2 v3)
102 : (move-to-departure train4 t0 v1)
103 : (move-to-departure train5 v4 v5)
104 : (move-to-lifo-track train8 t0 t1 t4 t3 track1)
105 : (move-to-departure train1 v7 v8)
106 : (move-to-departure train3 v3 v4)
107 : (move-to-departure train4 v1 v2)
108 : (move-to-departure train5 v5 v6)
109 : (move-to-switch-lifo-track train8 t4 t3 t1 t0 track1)
110 : (move-to-departure train1 v8 v9)
111 : (move-to-departure train10 t0 v1)
112 : (move-to-departure train3 v4 v5)
113 : (move-to-departure train4 v2 v3)
114 : (move-to-departure train5 v6 v7)
115 : (move-to-lifo-track train8 t0 t1 t4 t3 track1)
116 : (move-to-departure train1 v9 v10)
117 : (move-to-departure train10 v1 v2)
118 : (move-to-departure train3 v5 v6)
119 : (move-to-departure train4 v3 v4)
120 : (move-to-departure train5 v7 v8)
121 : (move-to-switch-lifo-track train8 t4 t3 t1 t0 track1)
122 : (move-to-departure train10 v2 v3)
123 : (move-to-departure train2 t0 v1)
124 : (move-to-departure train3 v6 v7)
125 : (move-to-departure train4 v4 v5)
126 : (move-to-departure train5 v8 v9)
127 : (move-to-lifo-track train8 t0 t1 t4 t3 track1)
128 : (move-to-departure train10 v3 v4)
129 : (move-to-departure train2 v1 v2)
130 : (move-to-departure train3 v7 v8)
131 : (move-to-departure train4 v5 v6)
132 : (move-to-switch-lifo-track train8 t4 t3 t1 t0 track1)
133 : (move-to-departure train10 v4 v5)
134 : (move-to-departure train2 v2 v3)
135 : (move-to-departure train4 v6 v7)
136 : (move-to-departure train7 t0 v1)
137 : (move-to-lifo-track train8 t0 t1 t4 t3 track1)
138 : (move-to-departure train10 v5 v6)
139 : (move-to-departure train2 v3 v4)
140 : (move-to-departure train7 v1 v2)
141 : (move-to-switch-lifo-track train8 t4 t3 t1 t0 track1)
142 : (move-to-departure train2 v4 v5)
143 : (move-to-departure train7 v2 v3)
144 : (move-to-departure train8 t0 v1)
145 : (move-to-lifo-track train6 t0 t1 t4 t3 track1)
146 : (move-to-departure train7 v3 v4)
147 : (move-to-departure train8 v1 v2)
148 : (move-to-switch-lifo-track train6 t4 t3 t1 t0 track1)
149 : (move-to-departure train6 t0 v1)
150 : (move-to-departure train8 v2 v3)
151 : (move-to-departure train6 v1 v2)
152 : (move-to-switch-lifo-track train9 t5 t4 t1 t0 track1)
153 : (move-to-departure train9 t0 v1)
