0 : (move-on-arrival train1 v1 t0)
1 : (move-on-arrival train2 v2 v1)
2 : (move-to-lifo-track train1 t0 t10 t12 t11 track3)
3 : (move-on-arrival train2 v1 t0)
4 : (move-on-arrival train3 v3 v2)
5 : (move-to-switch-lifo-track train1 t12 t11 t10 t0 track3)
6 : (move-on-arrival train3 v2 v1)
7 : (move-on-arrival train4 v4 v3)
8 : (move-to-lifo-track train2 t0 t7 t9 t8 track2)
9 : (move-on-arrival train3 v1 t0)
10 : (move-on-arrival train4 v3 v2)
11 : (move-on-arrival train5 v5 v4)
12 : (move-to-switch-lifo-track train2 t9 t8 t7 t0 track2)
13 : (move-on-arrival train4 v2 v1)
14 : (move-on-arrival train5 v4 v3)
15 : (move-on-arrival train6 v6 v5)
16 : (move-to-lifo-track train3 t0 t7 t9 t8 track2)
17 : (move-on-arrival train4 v1 t0)
18 : (move-on-arrival train5 v3 v2)
19 : (move-on-arrival train6 v5 v4)
20 : (move-on-arrival train7 v7 v6)
21 : (move-on-arrival train5 v2 v1)
22 : (move-on-arrival train6 v4 v3)
23 : (move-on-arrival train7 v6 v5)
24 : (move-on-arrival train8 v8 v7)
25 : (move-to-lifo-track train4 t0 t10 t12 t11 track3)
26 : (move-on-arrival train5 v1 t0)
27 : (move-on-arrival train6 v3 v2)
28 : (move-on-arrival train7 v5 v4)
29 : (move-on-arrival train8 v7 v6)
30 : (move-on-arrival train9 v9 v8)
31 : (move-to-switch-lifo-track train3 t9 t8 t7 t0 track2)
32 : (move-on-arrival train10 v10 v9)
33 : (move-on-arrival train6 v2 v1)
34 : (move-on-arrival train7 v4 v3)
35 : (move-on-arrival train8 v6 v5)
36 : (move-on-arrival train9 v8 v7)
37 : (move-to-lifo-track train5 t0 t10 t11 t10 track3)
38 : (move-on-arrival train10 v9 v8)
39 : (move-on-arrival train6 v1 t0)
40 : (move-on-arrival train7 v3 v2)
41 : (move-on-arrival train8 v5 v4)
42 : (move-on-arrival train9 v7 v6)
43 : (move-to-switch-lifo-track train5 t11 t10 t10 t0 track3)
44 : (move-on-arrival train10 v8 v7)
45 : (move-on-arrival train7 v2 v1)
46 : (move-on-arrival train8 v4 v3)
47 : (move-on-arrival train9 v6 v5)
48 : (move-to-lifo-track train6 t0 t7 t9 t8 track2)
49 : (move-on-arrival train10 v7 v6)
50 : (move-on-arrival train7 v1 t0)
51 : (move-on-arrival train8 v3 v2)
52 : (move-on-arrival train9 v5 v4)
53 : (move-to-switch-lifo-track train4 t12 t11 t10 t0 track3)
54 : (move-to-switch-lifo-track train6 t9 t8 t7 t0 track2)
55 : (move-on-arrival train10 v6 v5)
56 : (move-on-arrival train8 v2 v1)
57 : (move-on-arrival train9 v4 v3)
58 : (move-to-lifo-track train1 t0 t7 t9 t8 track2)
59 : (move-to-lifo-track train7 t0 t10 t12 t11 track3)
60 : (move-on-arrival train10 v5 v4)
61 : (move-on-arrival train8 v1 t0)
62 : (move-on-arrival train9 v3 v2)
63 : (move-to-switch-lifo-track train7 t12 t11 t10 t0 track3)
64 : (move-on-arrival train10 v4 v3)
65 : (move-on-arrival train9 v2 v1)
66 : (move-to-lifo-track train8 t0 t10 t12 t11 track3)
67 : (move-on-arrival train10 v3 v2)
68 : (move-on-arrival train9 v1 t0)
69 : (move-to-switch-lifo-track train1 t9 t8 t7 t0 track2)
70 : (move-to-switch-lifo-track train8 t12 t11 t10 t0 track3)
71 : (move-on-arrival train10 v2 v1)
72 : (move-to-lifo-track train8 t0 t7 t9 t8 track2)
73 : (move-on-arrival train10 v1 t0)
74 : (move-to-switch-lifo-track train8 t9 t8 t7 t0 track2)
75 : (move-to-lifo-track train9 t0 t7 t9 t8 track2)
76 : (move-to-track train10 t0 t1 track1)
77 : (move-to-departure train5 t0 v1)
78 : (move-from-track-to-departure train10 t1 t0 track1)
79 : (move-to-departure train5 v1 v2)
80 : (move-to-departure train4 t0 v1)
81 : (move-to-departure train5 v2 v3)
82 : (move-to-lifo-track train1 t0 t7 t8 t7 track2)
83 : (move-to-track train10 t0 t1 track1)
84 : (move-along-track train10 t1 t2 track1)
85 : (move-to-departure train4 v1 v2)
86 : (move-to-departure train5 v3 v4)
87 : (move-to-track train8 t0 t6 track1)
88 : (move-along-track train10 t2 t3 track1)
89 : (move-along-track train8 t6 t5 track1)
90 : (move-to-departure train3 t0 v1)
91 : (move-to-departure train4 v2 v3)
92 : (move-to-departure train5 v4 v5)
93 : (move-along-track train10 t3 t4 track1)
94 : (move-to-departure train3 v1 v2)
95 : (move-to-departure train4 v3 v4)
96 : (move-to-departure train5 v5 v6)
97 : (move-to-lifo-track train7 t0 t10 t12 t11 track3)
98 : (move-along-track train8 t5 t6 track1)
99 : (move-to-departure train2 t0 v1)
100 : (move-to-departure train3 v2 v3)
101 : (move-to-departure train4 v4 v5)
102 : (move-to-departure train5 v6 v7)
103 : (move-to-lifo-track train6 t0 t10 t11 t10 track3)
104 : (move-along-track train10 t4 t5 track1)
105 : (move-from-track-to-departure train8 t6 t0 track1)
106 : (move-to-departure train2 v1 v2)
107 : (move-to-departure train3 v3 v4)
108 : (move-to-departure train4 v5 v6)
109 : (move-to-departure train5 v7 v8)
110 : (move-to-switch-lifo-track train1 t8 t7 t7 t0 track2)
111 : (move-to-switch-lifo-track train6 t11 t10 t10 t0 track3)
112 : (move-along-track train10 t5 t6 track1)
113 : (move-to-departure train1 t0 v1)
114 : (move-to-departure train2 v2 v3)
115 : (move-to-departure train3 v4 v5)
116 : (move-to-departure train4 v6 v7)
117 : (move-to-departure train5 v8 v9)
118 : (move-from-track-to-departure train10 t6 t0 track1)
119 : (move-to-departure train1 v1 v2)
120 : (move-to-departure train2 v3 v4)
121 : (move-to-departure train3 v5 v6)
122 : (move-to-departure train4 v7 v8)
123 : (move-to-departure train5 v9 v10)
124 : (move-to-switch-lifo-track train7 t12 t11 t10 t0 track3)
125 : (move-to-switch-lifo-track train9 t9 t8 t7 t0 track2)
126 : (move-to-departure train1 v2 v3)
127 : (move-to-departure train10 t0 v1)
128 : (move-to-departure train2 v4 v5)
129 : (move-to-departure train3 v6 v7)
130 : (move-to-departure train4 v8 v9)
131 : (move-to-lifo-track train7 t0 t10 t12 t11 track3)
132 : (move-to-departure train1 v3 v4)
133 : (move-to-departure train10 v1 v2)
134 : (move-to-departure train2 v5 v6)
135 : (move-to-departure train3 v7 v8)
136 : (move-to-lifo-track train6 t0 t10 t11 t10 track3)
137 : (move-to-lifo-track train8 t0 t7 t9 t8 track2)
138 : (move-to-departure train1 v4 v5)
139 : (move-to-departure train10 v2 v3)
140 : (move-to-departure train2 v6 v7)
141 : (move-to-departure train9 t0 v1)
142 : (move-to-departure train1 v5 v6)
143 : (move-to-departure train10 v3 v4)
144 : (move-to-departure train9 v1 v2)
145 : (move-to-switch-lifo-track train6 t11 t10 t10 t0 track3)
146 : (move-to-switch-lifo-track train8 t9 t8 t7 t0 track2)
147 : (move-to-departure train10 v4 v5)
148 : (move-to-departure train8 t0 v1)
149 : (move-to-departure train9 v2 v3)
150 : (move-to-track train6 t0 t1 track1)
151 : (move-along-track train6 t1 t2 track1)
152 : (move-to-departure train8 v1 v2)
153 : (move-to-departure train9 v3 v4)
154 : (move-to-switch-lifo-track train7 t12 t11 t10 t0 track3)
155 : (move-along-track train6 t2 t1 track1)
156 : (move-to-departure train7 t0 v1)
157 : (move-to-departure train8 v2 v3)
158 : (move-from-track-to-departure train6 t1 t0 track1)
159 : (move-to-departure train7 v1 v2)
160 : (move-to-departure train6 t0 v1)
