INFO     Running translator.
INFO     translator inputs: ['../../domain1.pddl', '../../problem2.pddl']
INFO     translator arguments: []
Parsing...
Parsing: [0.020s CPU, 0.007s wall-clock]
Normalizing task... [0.000s CPU, 0.001s wall-clock]
Instantiating...
Generating Datalog program... [0.000s CPU, 0.001s wall-clock]
Normalizing Datalog program...
Trivial rules: Converted to facts.
Normalizing Datalog program: [0.000s CPU, 0.007s wall-clock]
Preparing model... [0.000s CPU, 0.002s wall-clock]
Generated 49 rules.
Computing model... [0.030s CPU, 0.031s wall-clock]
669 relevant atoms
454 auxiliary atoms
1123 final queue length
3192 total queue pushes
Completing instantiation... [0.070s CPU, 0.080s wall-clock]
Instantiating: [0.120s CPU, 0.122s wall-clock]
Computing fact groups...
Finding invariants...
15 initial candidates
Finding invariants: [0.010s CPU, 0.015s wall-clock]
Checking invariant weight... [0.000s CPU, 0.000s wall-clock]
Instantiating groups... [0.000s CPU, 0.001s wall-clock]
Collecting mutex groups... [0.000s CPU, 0.000s wall-clock]
Choosing groups...
52 uncovered facts
Choosing groups: [0.000s CPU, 0.001s wall-clock]
Building translation key... [0.000s CPU, 0.001s wall-clock]
Computing fact groups: [0.020s CPU, 0.021s wall-clock]
Building STRIPS to SAS dictionary... [0.000s CPU, 0.000s wall-clock]
Building dictionary for full mutex groups... [0.000s CPU, 0.000s wall-clock]
Building mutex information...
Building mutex information: [0.000s CPU, 0.001s wall-clock]
Translating task...
Processing axioms...
Simplifying axioms... [0.000s CPU, 0.000s wall-clock]
Processing axioms: [0.000s CPU, 0.006s wall-clock]
Translating task: [0.090s CPU, 0.098s wall-clock]
1512 effect conditions simplified
0 implied preconditions added
Detecting unreachable propositions...
0 operators removed
0 axioms removed
14 propositions removed
Detecting unreachable propositions: [0.050s CPU, 0.041s wall-clock]
Translator variables: 54
Translator derived variables: 6
Translator facts: 168
Translator goal facts: 5
Translator mutex groups: 18
Translator total mutex groups size: 156
Translator operators: 432
Translator axioms: 8
Translator task size: 6569
Translator peak memory: 49388 KB
Writing output... [0.020s CPU, 0.018s wall-clock]
Done! [0.320s CPU, 0.312s wall-clock]
INFO     Running preprocessor.
INFO     preprocessor input: output.sas
INFO     preprocessor arguments: ['--h2_time_limit', '30']
Building causal graph...
The causal graph is not acyclic.
54 variables of 54 necessary
12 of 18 mutex groups necessary.
432 of 432 operators necessary.
8 of 8 axiom rules necessary.
Disabling h2 analysis because it does not currently support axioms
Preprocessor variables: 54
Preprocessor facts: 168
Preprocessor derived variables: 6
Preprocessor operators: 432
Preprocessor mutex groups: 12
Preprocessor task size: 6497
Writing output...
done
INFO     Running search.
INFO     search input: output
INFO     search portfolio: /planner/driver/portfolios/seq_sat_saarplan.py
External time limits: -1, -1
Internal time limit: 1800
External memory limits: -1, -1
Internal memory limit: 8000000000
remaining time at start: 1799.38
remaining time: 1799.38
config 0: relative time 100, remaining 1800
g bound: infinity
next plan number: 1
args: ['/planner/driver/../fast-downward-decoupled/search/downward-release', '--decoupling', 'fork(search_type=sat, pruning=cost_frontier(irrelevance=TRANSITIONS), max_leaf_size=1000000)', '--heuristic', 'hff=ff(cost_type=one)', '--search', 'lazy_greedy(hff, preferred=hff, cost_type=one, bound=infinity)', '--internal-previous-portfolio-plans', '0', '--internal-plan-file', 're.out']
timeout: 99.97 -> (100, 101)
using frontier pruning method
performing irrelevance analysis in leaf factors
performing decoupled satisficing search
maximum leaf factor size 1000000
using fork factoring profile
reading input... [t=0.00369419s]
done reading input! [t=0.00769637s]
Peak memory: 3896 KB
returncode: 3

remaining time: 1799.33
config 1: relative time 600, remaining 1700
g bound: infinity
next plan number: 1
args: ['/planner/driver/../fast-downward-decoupled/search/downward-release', '--decoupling', 'portfolio(fallback_on_abstain=true, overwrite_options=true, choose_max_leaves=true,          factorings=[fork(search_type=sat, max_leaf_size=1000000), ifork(search_type=sat, max_leaf_size=1000000), incarcs(search_type=sat, max_leaf_size=100000)])', '--heuristic', 'hff=ff(cost_type=one)', '--search', 'lazy_greedy(hff, preferred=hff, cost_type=one, bound=infinity, symmetry=symmetry_state_pruning(lex_prices=false, lex_num_states=false, lex_goal_cost=false))', '--internal-previous-portfolio-plans', '0', '--internal-plan-file', 're.out']
timeout: 635.06 -> (636, 637)
performing decoupled satisficing search
maximum leaf factor size 1000000
using default pruning method: BasicPruning
using fork factoring profile
performing decoupled satisficing search
maximum leaf factor size 1000000
using default pruning method: BasicPruning
using inverted-fork factoring profile
performing decoupled satisficing search
maximum leaf factor size 100000
using default pruning method: BasicPruning
using incident-arcs factoring profile
performing Star Decoupled A* search
using default pruning method: BasicPruning
using factoring portfolio
reading input... [t=0s]
done reading input! [t=0.00319191s]
Variables: 54
Bytes per state: 12
Building successor generator...done! [t=0.00716815s]
peak memory difference for root successor generator creation: 132 KB
time for root successor generation creation: 0.00397625s
done! [t=0.00716815s]
done initalizing global data [t=0.00716815s]
Creating symmetry graph stabilizing goal only and using orbit search.
Conducting lazy best first search, (real) bound = 2147483647
Initializing FF heuristic...
Initializing additive heuristic...
Simplifying 3464 unary operators... done! [3464 unary operators]
Best heuristic value: 12 [g=0, 1 evaluated, 0 expanded, t=0.0151669s, 5400 KB]
Best heuristic value: 11 [g=9, 17 evaluated, 16 expanded, t=0.0151669s, 5400 KB]
Best heuristic value: 10 [g=12, 23 evaluated, 22 expanded, t=0.0191676s, 5400 KB]
Best heuristic value: 9 [g=13, 24 evaluated, 23 expanded, t=0.0191676s, 5400 KB]
Best heuristic value: 8 [g=20, 50 evaluated, 49 expanded, t=0.0191676s, 5400 KB]
Best heuristic value: 7 [g=41, 1172 evaluated, 1171 expanded, t=0.139149s, 5400 KB]
Best heuristic value: 5 [g=41, 1178 evaluated, 1177 expanded, t=0.139149s, 5400 KB]
Best heuristic value: 2 [g=42, 1179 evaluated, 1178 expanded, t=0.139149s, 5400 KB]
Best heuristic value: 1 [g=43, 1180 evaluated, 1179 expanded, t=0.139149s, 5400 KB]
Solution found!
Actual search time: 0.131981s [t=0.139149s]
move-from-arrival-to-track train1 v1 t0 t3 t4 track1 (1)
move-from-arrival-to-track train2 v2 v1 t2 t3 track1 (1)
move-from-arrival-to-track train3 v3 v2 t1 t2 track1 (1)
move-from-arrival-to-track train4 v4 v3 t0 t1 track1 (1)
move-from-arrival-to-track train5 v5 v4 t5 t6 track2 (1)
move-from-arrival-to-track train6 v6 v5 t0 t5 track2 (1)
move-from-track-to-departure train4 t1 t0 v5 v6 track1 (1)
move-from-track-to-departure train3 t2 t1 v4 v5 track1 (1)
move-from-track-to-departure train6 t5 t0 v3 v4 track2 (1)
move-from-track-to-departure train2 t3 t2 v2 v3 track1 (1)
move-from-arrival-to-track train2 v3 v2 t0 t5 track2 (1)
move-from-track-to-departure train1 t4 t3 v2 v3 track1 (1)
move-from-track-to-departure train2 t5 t0 v1 v2 track2 (1)
move-from-arrival-to-track train2 v2 v1 t3 t4 track1 (1)
move-from-arrival-to-track train1 v3 v2 t0 t5 track2 (1)
move-from-arrival-to-track train6 v4 v3 t2 t3 track1 (1)
move-from-arrival-to-track train3 v5 v4 t1 t2 track1 (1)
move-from-track-to-departure train1 t5 t0 v4 v5 track2 (1)
move-from-track-to-departure train3 t2 t1 v3 v4 track1 (1)
move-from-track-to-departure train6 t3 t2 v2 v3 track1 (1)
move-from-arrival-to-track train6 v3 v2 t0 t5 track2 (1)
move-from-arrival-to-track train3 v4 v3 t2 t3 track1 (1)
move-from-track-to-departure train6 t5 t0 v3 v4 track2 (1)
move-from-track-to-departure train3 t3 t2 v2 v3 track1 (1)
move-from-track-to-departure train2 t4 t3 v1 v2 track1 (1)
move-from-track-to-departure train5 t6 t5 t0 v1 track2 (1)
move-from-arrival-to-track train5 v1 t0 t3 t4 track1 (1)
move-from-arrival-to-track train2 v2 v1 t2 t3 track1 (1)
move-from-arrival-to-track train3 v3 v2 t5 t6 track2 (1)
move-from-track-to-departure train2 t3 t2 v2 v3 track1 (1)
move-from-arrival-to-track train2 v3 v2 t0 t5 track2 (1)
move-from-arrival-to-track train6 v4 v3 t2 t3 track1 (1)
move-from-arrival-to-track train1 v5 v4 t1 t2 track1 (1)
move-from-track-to-departure train2 t5 t0 v4 v5 track2 (1)
move-from-track-to-departure train3 t6 t5 v3 v4 track2 (1)
move-from-arrival-to-track train3 v4 v3 t0 t1 track1 (1)
move-from-arrival-to-track train2 v5 v4 t5 t6 track2 (1)
move-from-arrival-to-track train4 v6 v5 t0 t5 track2 (1)
move-from-track-to-departure train3 t1 t0 v5 v6 track1 (1)
move-from-track-to-departure train1 t2 t1 v4 v5 track1 (1)
move-from-track-to-departure train6 t3 t2 v3 v4 track1 (1)
move-from-track-to-departure train4 t5 t0 v2 v3 track2 (1)
move-from-track-to-departure train2 t6 t5 v1 v2 track2 (1)
move-from-track-to-departure train5 t4 t3 t0 v1 track1 (1)
Plan length: 44 step(s).
Plan cost: 44
Initial state h value: 12.
Expanded 1180 state(s).
Reopened 0 state(s).
Evaluated 1181 state(s).
Evaluations: 1181
Generated 3608 state(s).
Dead ends: 0 state(s).
Number of registered states: 1181
Search time: 0.131981s
Total time: 0.139149s
Solution found.
Peak memory: 5400 KB
returncode: 0

plan manager: found new plan with cost 44
remaining time: 1799.2
config 2: relative time 1100, remaining 1100
g bound: 43
next plan number: 2
args: ['/planner/driver/../fast-downward-conjunctions/builds/release64clangpgonative/bin/downward', '--if-unit-cost', '--heuristic', 'hcff_normalcost=cff(seed=42, cache_estimates=false, cost_type=PLUSONE)', '--heuristic', 'hn_normalcost=novelty(cache_estimates=false)', '--heuristic', 'tmp_normalcost=novelty_linker(hcff_normalcost, [hn_normalcost])', '--heuristic', 'hlm_normalcost=lmcount(lm_rhw(reasonable_orders=true))', '--search', 'ipc18_iterated([grey_initial_state_search(grey_painting=all_prefer_inv, cost_type=PLUSONE),                            ehc_cn(hcff_normalcost, preferred=hcff_normalcost, novelty=hn_normalcost, seed=42, max_growth=8, max_time=500),                            lazy_iterated_weights_c([hcff_normalcost, hlm_normalcost], preferred=[hcff_normalcost], conjunctions_heuristic=hcff_normalcost,                                                    strategy=maintain_fixed_size_probabilistic(initial_removal_mode=UNTIL_BOUND, base_probability=0.02, target_growth_ratio=1.50))                           ], delete_after_phase_heuristics=[hn_normalcost, tmp_normalcost], delete_after_phase_phases=[1, 1], continue_on_fail=true, bound=43)', '--if-non-unit-cost', '--heuristic', 'hcff=cff(seed=42, cache_estimates=false, cost_type=ONE)', '--heuristic', 'hn=novelty(cache_estimates=false)', '--heuristic', 'tmp=novelty_linker(hcff, [hn])', '--heuristic', 'hcff_normalcost=cff(seed=42, cache_estimates=false, cost_type=PLUSONE)', '--heuristic', 'hn_normalcost=novelty(cache_estimates=false)', '--heuristic', 'tmp_normalcost=novelty_linker(hcff_normalcost, [hn_normalcost])', '--heuristic', 'hlm=lmcount(lm_rhw(reasonable_orders=true, lm_cost_type=ONE), cost_type=ONE)', '--heuristic', 'hlm_normalcost=lmcount(lm_rhw(reasonable_orders=true))', '--search', 'ipc18_iterated([grey_initial_state_search(grey_painting=all_prefer_inv, cost_type=ONE),                            ehc_cn(hcff, preferred=hcff, novelty=hn, seed=42, cost_type=ONE, max_growth=8, max_time=500),                            lazy_greedy_c([hcff, hlm], preferred=[hcff], conjunctions_heuristic=hcff,                                          strategy=maintain_fixed_size_probabilistic(initial_removal_mode=UNTIL_BOUND, base_probability=0.02, target_growth_ratio=1.50), cost_type=ONE),                            ehc_cn(hcff_normalcost, preferred=hcff_normalcost, novelty=hn_normalcost, seed=42, max_growth=8, max_time=100),                            lazy_iterated_weights_c([hcff_normalcost, hlm_normalcost], preferred=[hcff_normalcost], conjunctions_heuristic=hcff_normalcost,                                                    strategy=maintain_fixed_size_probabilistic(generate_initially=true, initial_removal_mode=UNTIL_BOUND, base_probability=0.02, target_growth_ratio=1.50))                           ], decision_point=1, skip_if_solved=[2], skip_if_failed=[3],                           delete_after_phase_heuristics=[hn, tmp, hcff, hlm, hn_normalcost, tmp_normalcost],                           delete_after_phase_phases=[1, 1, 2, 2, 3, 3], continue_on_fail=true, bound=43)', '--always', '--internal-previous-portfolio-plans', '1', '--internal-plan-file', 're.out']
timeout: 1799.20 -> (1800, 1801)
reading input... [t=0.00208932s]
done reading input! [t=0.00998378s]
packing state variables...done! [t=0.00998378s]
Variables: 54
FactPairs: 168
Bytes per state: 12
Building successor generator...done! [t=0.00998378s]
done initalizing global data [t=0.00998378s]
cross context: 1
best supporter function: h^Cadd
no relaxed plan extraction: 0
tie breaking: RANDOM
WARNING: task has axioms that are being ignored by the heuristic!
Initializing CFF heuristic...
The original task would have 3456 counters.
Finished hcff initialization, t = 0.00800098s
Initializing novelty heuristic...
Linking novelty heuristics to the conjunctions heuristic...
Initializing Exploration...
Initializing landmarks count heuristic...
Generating landmarks using the RPG/SAS+ approach
approx. reasonable orders
approx. obedient reasonable orders
Removed 0 reasonable or obedient reasonable orders
Landmarks generation time: 0.0240017s
Discovered 54 landmarks, of which 5 are disjunctive and 0 are conjunctive 
254 edges
Starting search: grey_initial_state_search(grey_painting = all_prefer_inv, cost_type = plusone)
Simplifying 3464 unary operators... done! [3464 unary operators]
Initializing additive heuristic...
Initializing Red-Black Relaxation heuristic...
Peak memory: 8276 KB
returncode: 3

remaining time: 1799.08
config 0: relative time 600, remaining 600
g bound: 44
next plan number: 2
args: ['/planner/driver/../fast-downward-decoupled/search/downward-release', '--decoupling', 'portfolio(fallback_on_abstain=true, overwrite_options=true, choose_max_leaves=true,          factorings=[fork(search_type=sat, max_leaf_size=1000000), ifork(search_type=sat, max_leaf_size=1000000), incarcs(search_type=sat, max_leaf_size=100000)])', '--heuristic', 'hff=ff(cost_type=one)', '--search', 'lazy_greedy(hff, preferred=hff, cost_type=one, bound=44, symmetry=symmetry_state_pruning(lex_prices=false, lex_num_states=false, lex_goal_cost=false))', '--internal-previous-portfolio-plans', '1', '--internal-plan-file', 're.out']
timeout: 1799.08 -> (1800, 1801)
performing decoupled satisficing search
maximum leaf factor size 1000000
using default pruning method: BasicPruning
using fork factoring profile
performing decoupled satisficing search
maximum leaf factor size 1000000
using default pruning method: BasicPruning
using inverted-fork factoring profile
performing decoupled satisficing search
maximum leaf factor size 100000
using default pruning method: BasicPruning
using incident-arcs factoring profile
performing Star Decoupled A* search
using default pruning method: BasicPruning
using factoring portfolio
reading input... [t=0s]
done reading input! [t=0.00545088s]
Variables: 54
Bytes per state: 12
Building successor generator...done! [t=0.00545088s]
peak memory difference for root successor generator creation: 132 KB
time for root successor generation creation: 0s
done! [t=0.00545088s]
done initalizing global data [t=0.00545088s]
Creating symmetry graph stabilizing goal only and using orbit search.
Conducting lazy best first search, (real) bound = 44
Initializing FF heuristic...
Initializing additive heuristic...
Simplifying 3464 unary operators... done! [3464 unary operators]
Best heuristic value: 12 [g=0, 1 evaluated, 0 expanded, t=0.0174525s, 5400 KB]
Best heuristic value: 11 [g=9, 17 evaluated, 16 expanded, t=0.0174525s, 5400 KB]
Best heuristic value: 10 [g=12, 23 evaluated, 22 expanded, t=0.0174525s, 5400 KB]
Best heuristic value: 9 [g=13, 24 evaluated, 23 expanded, t=0.0174525s, 5400 KB]
Best heuristic value: 8 [g=20, 50 evaluated, 49 expanded, t=0.0214534s, 5400 KB]
Best heuristic value: 7 [g=41, 760 evaluated, 759 expanded, t=0.0974522s, 5400 KB]
Best heuristic value: 5 [g=41, 765 evaluated, 764 expanded, t=0.101453s, 5400 KB]
Best heuristic value: 2 [g=42, 766 evaluated, 765 expanded, t=0.101453s, 5400 KB]
Best heuristic value: 1 [g=43, 767 evaluated, 766 expanded, t=0.101453s, 5400 KB]
Solution found!
Actual search time: 0.124002s [t=0.129453s]
move-from-arrival-to-track train1 v1 t0 t3 t4 track1 (1)
move-from-arrival-to-track train2 v2 v1 t2 t3 track1 (1)
move-from-arrival-to-track train3 v3 v2 t1 t2 track1 (1)
move-from-arrival-to-track train4 v4 v3 t0 t1 track1 (1)
move-from-arrival-to-track train5 v5 v4 t5 t6 track2 (1)
move-from-arrival-to-track train6 v6 v5 t0 t5 track2 (1)
move-from-track-to-departure train4 t1 t0 v5 v6 track1 (1)
move-from-track-to-departure train3 t2 t1 v4 v5 track1 (1)
move-from-track-to-departure train6 t5 t0 v3 v4 track2 (1)
move-from-track-to-departure train2 t3 t2 v2 v3 track1 (1)
move-from-track-to-departure train1 t4 t3 v1 v2 track1 (1)
move-from-track-to-departure train5 t6 t5 t0 v1 track2 (1)
move-from-arrival-to-track train5 v1 t0 t3 t4 track1 (1)
move-from-arrival-to-track train1 v2 v1 t2 t3 track1 (1)
move-from-arrival-to-track train2 v3 v2 t5 t6 track2 (1)
move-from-track-to-departure train1 t3 t2 v2 v3 track1 (1)
move-from-arrival-to-track train1 v3 v2 t0 t5 track2 (1)
move-from-arrival-to-track train6 v4 v3 t2 t3 track1 (1)
move-from-arrival-to-track train3 v5 v4 t1 t2 track1 (1)
move-from-track-to-departure train1 t5 t0 v4 v5 track2 (1)
move-from-track-to-departure train3 t2 t1 v3 v4 track1 (1)
move-from-track-to-departure train6 t3 t2 v2 v3 track1 (1)
move-from-track-to-departure train2 t6 t5 v1 v2 track2 (1)
move-from-arrival-to-track train2 v2 v1 t2 t3 track1 (1)
move-from-arrival-to-track train6 v3 v2 t1 t2 track1 (1)
move-from-arrival-to-track train3 v4 v3 t0 t1 track1 (1)
move-from-arrival-to-track train1 v5 v4 t5 t6 track2 (1)
move-from-arrival-to-track train4 v6 v5 t0 t5 track2 (1)
move-from-track-to-departure train3 t1 t0 v5 v6 track1 (1)
move-from-track-to-departure train6 t2 t1 v4 v5 track1 (1)
move-from-track-to-departure train2 t3 t2 v3 v4 track1 (1)
move-from-track-to-departure train4 t5 t0 v2 v3 track2 (1)
move-from-track-to-departure train1 t6 t5 v1 v2 track2 (1)
move-from-arrival-to-track train1 v2 v1 t2 t3 track1 (1)
move-from-arrival-to-track train4 v3 v2 t1 t2 track1 (1)
move-from-arrival-to-track train2 v4 v3 t5 t6 track2 (1)
move-from-arrival-to-track train6 v5 v4 t0 t1 track1 (1)
move-from-track-to-departure train2 t6 t5 v4 v5 track2 (1)
move-from-track-to-departure train6 t1 t0 v3 v4 track1 (1)
move-from-track-to-departure train4 t2 t1 v2 v3 track1 (1)
move-from-track-to-departure train1 t3 t2 v1 v2 track1 (1)
move-from-track-to-departure train5 t4 t3 t0 v1 track1 (1)
Plan length: 42 step(s).
Plan cost: 42
Initial state h value: 12.
Expanded 1031 state(s).
Reopened 0 state(s).
Evaluated 1032 state(s).
Evaluations: 1032
Generated 3172 state(s).
Dead ends: 0 state(s).
Number of registered states: 1032
Search time: 0.124002s
Total time: 0.129453s
Solution found.
Peak memory: 5400 KB
returncode: 0

plan manager: found new plan with cost 42
remaining time: 1798.94
config 0: relative time 600, remaining 600
g bound: 42
next plan number: 3
args: ['/planner/driver/../fast-downward-decoupled/search/downward-release', '--decoupling', 'portfolio(fallback_on_abstain=true, overwrite_options=true, choose_max_leaves=true,          factorings=[fork(search_type=sat, max_leaf_size=1000000), ifork(search_type=sat, max_leaf_size=1000000), incarcs(search_type=sat, max_leaf_size=100000)])', '--heuristic', 'hff=ff(cost_type=one)', '--search', 'lazy_greedy(hff, preferred=hff, cost_type=one, bound=42, symmetry=symmetry_state_pruning(lex_prices=false, lex_num_states=false, lex_goal_cost=false))', '--internal-previous-portfolio-plans', '2', '--internal-plan-file', 're.out']
timeout: 1798.94 -> (1799, 1800)
performing decoupled satisficing search
maximum leaf factor size 1000000
using default pruning method: BasicPruning
using fork factoring profile
performing decoupled satisficing search
maximum leaf factor size 1000000
using default pruning method: BasicPruning
using inverted-fork factoring profile
performing decoupled satisficing search
maximum leaf factor size 100000
using default pruning method: BasicPruning
using incident-arcs factoring profile
performing Star Decoupled A* search
using default pruning method: BasicPruning
using factoring portfolio
reading input... [t=0s]
done reading input! [t=0.00400153s]
Variables: 54
Bytes per state: 12
Building successor generator...done! [t=0.00400153s]
peak memory difference for root successor generator creation: 132 KB
time for root successor generation creation: 0s
done! [t=0.00400153s]
done initalizing global data [t=0.00400153s]
Creating symmetry graph stabilizing goal only and using orbit search.
Conducting lazy best first search, (real) bound = 42
Initializing FF heuristic...
Initializing additive heuristic...
Simplifying 3464 unary operators... done! [3464 unary operators]
Best heuristic value: 12 [g=0, 1 evaluated, 0 expanded, t=0.0159985s, 5400 KB]
Best heuristic value: 11 [g=9, 17 evaluated, 16 expanded, t=0.0200004s, 5400 KB]
Best heuristic value: 10 [g=12, 23 evaluated, 22 expanded, t=0.0200004s, 5400 KB]
Best heuristic value: 9 [g=13, 24 evaluated, 23 expanded, t=0.0200004s, 5400 KB]
Best heuristic value: 8 [g=20, 50 evaluated, 49 expanded, t=0.0239999s, 5400 KB]
Best heuristic value: 7 [g=41, 680 evaluated, 679 expanded, t=0.0958869s, 5400 KB]
Best heuristic value: 5 [g=41, 681 evaluated, 680 expanded, t=0.0958869s, 5400 KB]
Best heuristic value: 2 [g=36, 887 evaluated, 886 expanded, t=0.119887s, 5400 KB]
Best heuristic value: 1 [g=37, 888 evaluated, 887 expanded, t=0.119887s, 5400 KB]
Solution found!
Actual search time: 0.115885s [t=0.119887s]
move-from-arrival-to-track train1 v1 t0 t3 t4 track1 (1)
move-from-arrival-to-track train2 v2 v1 t2 t3 track1 (1)
move-from-arrival-to-track train3 v3 v2 t1 t2 track1 (1)
move-from-arrival-to-track train4 v4 v3 t0 t1 track1 (1)
move-from-arrival-to-track train5 v5 v4 t5 t6 track2 (1)
move-from-arrival-to-track train6 v6 v5 t0 t5 track2 (1)
move-from-track-to-departure train4 t1 t0 v5 v6 track1 (1)
move-from-track-to-departure train3 t2 t1 v4 v5 track1 (1)
move-from-track-to-departure train6 t5 t0 v3 v4 track2 (1)
move-from-track-to-departure train2 t3 t2 v2 v3 track1 (1)
move-from-track-to-departure train1 t4 t3 v1 v2 track1 (1)
move-from-track-to-departure train5 t6 t5 t0 v1 track2 (1)
move-from-arrival-to-track train5 v1 t0 t3 t4 track1 (1)
move-from-arrival-to-track train1 v2 v1 t2 t3 track1 (1)
move-from-arrival-to-track train2 v3 v2 t5 t6 track2 (1)
move-from-track-to-departure train1 t3 t2 v2 v3 track1 (1)
move-from-arrival-to-track train1 v3 v2 t0 t5 track2 (1)
move-from-arrival-to-track train6 v4 v3 t2 t3 track1 (1)
move-from-arrival-to-track train3 v5 v4 t1 t2 track1 (1)
move-from-track-to-departure train1 t5 t0 v4 v5 track2 (1)
move-from-track-to-departure train3 t2 t1 v3 v4 track1 (1)
move-from-track-to-departure train6 t3 t2 v2 v3 track1 (1)
move-from-track-to-departure train2 t6 t5 v1 v2 track2 (1)
move-from-arrival-to-track train2 v2 v1 t2 t3 track1 (1)
move-from-arrival-to-track train6 v3 v2 t1 t2 track1 (1)
move-from-arrival-to-track train3 v4 v3 t0 t1 track1 (1)
move-from-arrival-to-track train1 v5 v4 t5 t6 track2 (1)
move-from-arrival-to-track train4 v6 v5 t0 t5 track2 (1)
move-from-track-to-departure train3 t1 t0 v5 v6 track1 (1)
move-from-track-to-departure train6 t2 t1 v4 v5 track1 (1)
move-from-track-to-departure train4 t5 t0 v3 v4 track2 (1)
move-from-arrival-to-track train4 v4 v3 t1 t2 track1 (1)
move-from-arrival-to-track train6 v5 v4 t0 t1 track1 (1)
move-from-track-to-departure train1 t6 t5 v4 v5 track2 (1)
move-from-track-to-departure train6 t1 t0 v3 v4 track1 (1)
move-from-track-to-departure train4 t2 t1 v2 v3 track1 (1)
move-from-track-to-departure train2 t3 t2 v1 v2 track1 (1)
move-from-track-to-departure train5 t4 t3 t0 v1 track1 (1)
Plan length: 38 step(s).
Plan cost: 38
Initial state h value: 12.
Expanded 888 state(s).
Reopened 0 state(s).
Evaluated 889 state(s).
Evaluations: 889
Generated 2728 state(s).
Dead ends: 0 state(s).
Number of registered states: 889
Search time: 0.115885s
Total time: 0.119887s
Solution found.
Peak memory: 5400 KB
returncode: 0

plan manager: found new plan with cost 38
remaining time: 1798.81
config 0: relative time 600, remaining 600
g bound: 38
next plan number: 4
args: ['/planner/driver/../fast-downward-decoupled/search/downward-release', '--decoupling', 'portfolio(fallback_on_abstain=true, overwrite_options=true, choose_max_leaves=true,          factorings=[fork(search_type=sat, max_leaf_size=1000000), ifork(search_type=sat, max_leaf_size=1000000), incarcs(search_type=sat, max_leaf_size=100000)])', '--heuristic', 'hff=ff(cost_type=one)', '--search', 'lazy_greedy(hff, preferred=hff, cost_type=one, bound=38, symmetry=symmetry_state_pruning(lex_prices=false, lex_num_states=false, lex_goal_cost=false))', '--internal-previous-portfolio-plans', '3', '--internal-plan-file', 're.out']
timeout: 1798.81 -> (1799, 1800)
performing decoupled satisficing search
maximum leaf factor size 1000000
using default pruning method: BasicPruning
using fork factoring profile
performing decoupled satisficing search
maximum leaf factor size 1000000
using default pruning method: BasicPruning
using inverted-fork factoring profile
performing decoupled satisficing search
maximum leaf factor size 100000
using default pruning method: BasicPruning
using incident-arcs factoring profile
performing Star Decoupled A* search
using default pruning method: BasicPruning
using factoring portfolio
reading input... [t=0s]
done reading input! [t=0.00703342s]
Variables: 54
Bytes per state: 12
Building successor generator...done! [t=0.00703342s]
peak memory difference for root successor generator creation: 132 KB
time for root successor generation creation: 0s
done! [t=0.00703342s]
done initalizing global data [t=0.00703342s]
Creating symmetry graph stabilizing goal only and using orbit search.
Conducting lazy best first search, (real) bound = 38
Initializing FF heuristic...
Initializing additive heuristic...
Simplifying 3464 unary operators... done! [3464 unary operators]
Best heuristic value: 12 [g=0, 1 evaluated, 0 expanded, t=0.0150348s, 5400 KB]
Best heuristic value: 11 [g=9, 17 evaluated, 16 expanded, t=0.0190349s, 5400 KB]
Best heuristic value: 10 [g=12, 23 evaluated, 22 expanded, t=0.0190349s, 5400 KB]
Best heuristic value: 9 [g=13, 24 evaluated, 23 expanded, t=0.0190349s, 5400 KB]
Best heuristic value: 8 [g=20, 50 evaluated, 49 expanded, t=0.0230348s, 5400 KB]
Best heuristic value: 7 [g=33, 668 evaluated, 667 expanded, t=0.0949545s, 5400 KB]
Best heuristic value: 5 [g=35, 688 evaluated, 687 expanded, t=0.0989545s, 5400 KB]
Best heuristic value: 2 [g=36, 689 evaluated, 688 expanded, t=0.0989545s, 5400 KB]
Best heuristic value: 1 [g=37, 690 evaluated, 689 expanded, t=0.0989545s, 5400 KB]
Solution found!
Actual search time: 0.195921s [t=0.202955s]
move-from-arrival-to-track train1 v1 t0 t3 t4 track1 (1)
move-from-arrival-to-track train2 v2 v1 t2 t3 track1 (1)
move-from-arrival-to-track train3 v3 v2 t1 t2 track1 (1)
move-from-arrival-to-track train4 v4 v3 t0 t1 track1 (1)
move-from-arrival-to-track train5 v5 v4 t5 t6 track2 (1)
move-from-arrival-to-track train6 v6 v5 t0 t5 track2 (1)
move-from-track-to-departure train4 t1 t0 v5 v6 track1 (1)
move-from-track-to-departure train3 t2 t1 v4 v5 track1 (1)
move-from-track-to-departure train6 t5 t0 v3 v4 track2 (1)
move-from-arrival-to-track train6 v4 v3 t1 t2 track1 (1)
move-from-arrival-to-track train3 v5 v4 t0 t1 track1 (1)
move-from-arrival-to-track train4 v6 v5 t0 t5 track2 (1)
move-from-track-to-departure train3 t1 t0 v5 v6 track1 (1)
move-from-track-to-departure train6 t2 t1 v4 v5 track1 (1)
move-from-track-to-departure train4 t5 t0 v3 v4 track2 (1)
move-from-track-to-departure train2 t3 t2 v2 v3 track1 (1)
move-from-arrival-to-track train2 v3 v2 t0 t5 track2 (1)
move-from-track-to-departure train1 t4 t3 v2 v3 track1 (1)
move-from-track-to-departure train2 t5 t0 v1 v2 track2 (1)
move-from-arrival-to-track train2 v2 v1 t3 t4 track1 (1)
move-from-arrival-to-track train1 v3 v2 t0 t5 track2 (1)
move-from-arrival-to-track train4 v4 v3 t2 t3 track1 (1)
move-from-arrival-to-track train6 v5 v4 t1 t2 track1 (1)
move-from-track-to-departure train1 t5 t0 v4 v5 track2 (1)
move-from-track-to-departure train5 t6 t5 v3 v4 track2 (1)
move-from-track-to-departure train6 t2 t1 v2 v3 track1 (1)
move-from-arrival-to-track train6 v3 v2 t5 t6 track2 (1)
move-from-track-to-departure train4 t3 t2 v2 v3 track1 (1)
move-from-track-to-departure train2 t4 t3 v1 v2 track1 (1)
move-from-track-to-departure train6 t6 t5 t0 v1 track2 (1)
Plan length: 30 step(s).
Plan cost: 30
Initial state h value: 12.
Expanded 1577 state(s).
Reopened 0 state(s).
Evaluated 1578 state(s).
Evaluations: 1578
Generated 4935 state(s).
Dead ends: 0 state(s).
Number of registered states: 1578
Search time: 0.195921s
Total time: 0.202955s
Solution found.
Peak memory: 5400 KB
returncode: 0

plan manager: found new plan with cost 30
remaining time: 1798.61
config 0: relative time 600, remaining 600
g bound: 30
next plan number: 5
args: ['/planner/driver/../fast-downward-decoupled/search/downward-release', '--decoupling', 'portfolio(fallback_on_abstain=true, overwrite_options=true, choose_max_leaves=true,          factorings=[fork(search_type=sat, max_leaf_size=1000000), ifork(search_type=sat, max_leaf_size=1000000), incarcs(search_type=sat, max_leaf_size=100000)])', '--heuristic', 'hff=ff(cost_type=one)', '--search', 'lazy_greedy(hff, preferred=hff, cost_type=one, bound=30, symmetry=symmetry_state_pruning(lex_prices=false, lex_num_states=false, lex_goal_cost=false))', '--internal-previous-portfolio-plans', '4', '--internal-plan-file', 're.out']
timeout: 1798.61 -> (1799, 1800)
performing decoupled satisficing search
maximum leaf factor size 1000000
using default pruning method: BasicPruning
using fork factoring profile
performing decoupled satisficing search
maximum leaf factor size 1000000
using default pruning method: BasicPruning
using inverted-fork factoring profile
performing decoupled satisficing search
maximum leaf factor size 100000
using default pruning method: BasicPruning
using incident-arcs factoring profile
performing Star Decoupled A* search
using default pruning method: BasicPruning
using factoring portfolio
reading input... [t=0s]
done reading input! [t=0.00400204s]
Variables: 54
Bytes per state: 12
Building successor generator...done! [t=0.00400204s]
peak memory difference for root successor generator creation: 132 KB
time for root successor generation creation: 0s
done! [t=0.00400204s]
done initalizing global data [t=0.00400204s]
Creating symmetry graph stabilizing goal only and using orbit search.
Conducting lazy best first search, (real) bound = 30
Initializing FF heuristic...
Initializing additive heuristic...
Simplifying 3464 unary operators... done! [3464 unary operators]
Best heuristic value: 12 [g=0, 1 evaluated, 0 expanded, t=0.0160001s, 5400 KB]
Best heuristic value: 11 [g=9, 17 evaluated, 16 expanded, t=0.0160001s, 5400 KB]
Best heuristic value: 10 [g=12, 23 evaluated, 22 expanded, t=0.0160001s, 5400 KB]
Best heuristic value: 9 [g=13, 24 evaluated, 23 expanded, t=0.0160001s, 5400 KB]
Best heuristic value: 8 [g=20, 50 evaluated, 49 expanded, t=0.0200007s, 5400 KB]
Best heuristic value: 7 [g=23, 759 evaluated, 758 expanded, t=0.0960015s, 5400 KB]
Best heuristic value: 5 [g=25, 802 evaluated, 801 expanded, t=0.104002s, 5400 KB]
Best heuristic value: 2 [g=28, 806 evaluated, 805 expanded, t=0.104002s, 5400 KB]
Best heuristic value: 1 [g=29, 807 evaluated, 806 expanded, t=0.104002s, 5400 KB]
Solution found!
Actual search time: 0.1s [t=0.104002s]
move-from-arrival-to-track train1 v1 t0 t3 t4 track1 (1)
move-from-arrival-to-track train2 v2 v1 t2 t3 track1 (1)
move-from-arrival-to-track train3 v3 v2 t1 t2 track1 (1)
move-from-arrival-to-track train4 v4 v3 t0 t1 track1 (1)
move-from-arrival-to-track train5 v5 v4 t5 t6 track2 (1)
move-from-arrival-to-track train6 v6 v5 t0 t5 track2 (1)
move-from-track-to-departure train4 t1 t0 v5 v6 track1 (1)
move-from-track-to-departure train3 t2 t1 v4 v5 track1 (1)
move-from-track-to-departure train6 t5 t0 v3 v4 track2 (1)
move-from-arrival-to-track train6 v4 v3 t1 t2 track1 (1)
move-from-arrival-to-track train3 v5 v4 t0 t1 track1 (1)
move-from-arrival-to-track train4 v6 v5 t0 t5 track2 (1)
move-from-track-to-departure train3 t1 t0 v5 v6 track1 (1)
move-from-track-to-departure train6 t2 t1 v4 v5 track1 (1)
move-from-track-to-departure train4 t5 t0 v3 v4 track2 (1)
move-from-track-to-departure train2 t3 t2 v2 v3 track1 (1)
move-from-arrival-to-track train2 v3 v2 t0 t5 track2 (1)
move-from-track-to-departure train1 t4 t3 v2 v3 track1 (1)
move-from-track-to-departure train2 t5 t0 v1 v2 track2 (1)
move-from-arrival-to-track train2 v2 v1 t3 t4 track1 (1)
move-from-arrival-to-track train1 v3 v2 t0 t5 track2 (1)
move-from-arrival-to-track train4 v4 v3 t2 t3 track1 (1)
move-from-arrival-to-track train6 v5 v4 t1 t2 track1 (1)
move-from-track-to-departure train1 t5 t0 v4 v5 track2 (1)
move-from-track-to-departure train6 t2 t1 v3 v4 track1 (1)
move-from-track-to-departure train4 t3 t2 v2 v3 track1 (1)
move-from-track-to-departure train2 t4 t3 v1 v2 track1 (1)
move-from-track-to-departure train5 t6 t5 t0 v1 track2 (1)
Plan length: 28 step(s).
Plan cost: 28
Initial state h value: 12.
Expanded 815 state(s).
Reopened 0 state(s).
Evaluated 816 state(s).
Evaluations: 816
Generated 2548 state(s).
Dead ends: 0 state(s).
Number of registered states: 816
Search time: 0.1s
Total time: 0.104002s
Solution found.
Peak memory: 5400 KB
returncode: 0

plan manager: found new plan with cost 28
remaining time: 1798.5
config 0: relative time 600, remaining 600
g bound: 28
next plan number: 6
args: ['/planner/driver/../fast-downward-decoupled/search/downward-release', '--decoupling', 'portfolio(fallback_on_abstain=true, overwrite_options=true, choose_max_leaves=true,          factorings=[fork(search_type=sat, max_leaf_size=1000000), ifork(search_type=sat, max_leaf_size=1000000), incarcs(search_type=sat, max_leaf_size=100000)])', '--heuristic', 'hff=ff(cost_type=one)', '--search', 'lazy_greedy(hff, preferred=hff, cost_type=one, bound=28, symmetry=symmetry_state_pruning(lex_prices=false, lex_num_states=false, lex_goal_cost=false))', '--internal-previous-portfolio-plans', '5', '--internal-plan-file', 're.out']
timeout: 1798.50 -> (1799, 1800)
performing decoupled satisficing search
maximum leaf factor size 1000000
using default pruning method: BasicPruning
using fork factoring profile
performing decoupled satisficing search
maximum leaf factor size 1000000
using default pruning method: BasicPruning
using inverted-fork factoring profile
performing decoupled satisficing search
maximum leaf factor size 100000
using default pruning method: BasicPruning
using incident-arcs factoring profile
performing Star Decoupled A* search
using default pruning method: BasicPruning
using factoring portfolio
reading input... [t=0s]
done reading input! [t=0.00393803s]
Variables: 54
Bytes per state: 12
Building successor generator...done! [t=0.00793608s]
peak memory difference for root successor generator creation: 132 KB
time for root successor generation creation: 0.00399805s
done! [t=0.00793608s]
done initalizing global data [t=0.00793608s]
Creating symmetry graph stabilizing goal only and using orbit search.
Conducting lazy best first search, (real) bound = 28
Initializing FF heuristic...
Initializing additive heuristic...
Simplifying 3464 unary operators... done! [3464 unary operators]
Best heuristic value: 12 [g=0, 1 evaluated, 0 expanded, t=0.0159397s, 5400 KB]
Best heuristic value: 11 [g=9, 17 evaluated, 16 expanded, t=0.0199256s, 5400 KB]
Best heuristic value: 10 [g=12, 23 evaluated, 22 expanded, t=0.0199256s, 5400 KB]
Best heuristic value: 9 [g=13, 24 evaluated, 23 expanded, t=0.0199256s, 5400 KB]
Best heuristic value: 8 [g=20, 50 evaluated, 49 expanded, t=0.0239254s, 5400 KB]
Best heuristic value: 7 [g=23, 627 evaluated, 626 expanded, t=0.0919228s, 5400 KB]
Best heuristic value: 5 [g=25, 665 evaluated, 664 expanded, t=0.0959259s, 5400 KB]
Best heuristic value: 2 [g=26, 671 evaluated, 670 expanded, t=0.0959259s, 5400 KB]
Best heuristic value: 1 [g=27, 672 evaluated, 671 expanded, t=0.0959259s, 5400 KB]
Solution found!
Actual search time: 0.25193s [t=0.259866s]
move-from-arrival-to-track train1 v1 t0 t3 t4 track1 (1)
move-from-arrival-to-track train2 v2 v1 t2 t3 track1 (1)
move-from-arrival-to-track train3 v3 v2 t1 t2 track1 (1)
move-from-arrival-to-track train4 v4 v3 t0 t1 track1 (1)
move-from-arrival-to-track train5 v5 v4 t5 t6 track2 (1)
move-from-arrival-to-track train6 v6 v5 t0 t5 track2 (1)
move-from-track-to-departure train6 t5 t0 v5 v6 track2 (1)
move-from-track-to-departure train5 t6 t5 v4 v5 track2 (1)
move-from-track-to-departure train4 t1 t0 v3 v4 track1 (1)
move-from-arrival-to-track train4 v4 v3 t5 t6 track2 (1)
move-from-arrival-to-track train5 v5 v4 t0 t5 track2 (1)
move-from-track-to-departure train3 t2 t1 v4 v5 track1 (1)
move-from-track-to-departure train2 t3 t2 v3 v4 track1 (1)
move-from-track-to-departure train1 t4 t3 v2 v3 track1 (1)
move-from-track-to-departure train5 t5 t0 v1 v2 track2 (1)
move-from-arrival-to-track train5 v2 v1 t3 t4 track1 (1)
move-from-arrival-to-track train1 v3 v2 t2 t3 track1 (1)
move-from-arrival-to-track train2 v4 v3 t1 t2 track1 (1)
move-from-arrival-to-track train3 v5 v4 t0 t1 track1 (1)
move-from-arrival-to-track train6 v6 v5 t0 t5 track2 (1)
move-from-track-to-departure train3 t1 t0 v5 v6 track1 (1)
move-from-track-to-departure train2 t2 t1 v4 v5 track1 (1)
move-from-track-to-departure train6 t5 t0 v3 v4 track2 (1)
move-from-track-to-departure train4 t6 t5 v2 v3 track2 (1)
move-from-track-to-departure train1 t3 t2 v1 v2 track1 (1)
move-from-track-to-departure train5 t4 t3 t0 v1 track1 (1)
Plan length: 26 step(s).
Plan cost: 26
Initial state h value: 12.
Expanded 2079 state(s).
Reopened 0 state(s).
Evaluated 2080 state(s).
Evaluations: 2080
Generated 6501 state(s).
Dead ends: 0 state(s).
Number of registered states: 2080
Search time: 0.25193s
Total time: 0.259866s
Solution found.
Peak memory: 5400 KB
returncode: 0

plan manager: found new plan with cost 26
remaining time: 1798.24
config 0: relative time 600, remaining 600
g bound: 26
next plan number: 7
args: ['/planner/driver/../fast-downward-decoupled/search/downward-release', '--decoupling', 'portfolio(fallback_on_abstain=true, overwrite_options=true, choose_max_leaves=true,          factorings=[fork(search_type=sat, max_leaf_size=1000000), ifork(search_type=sat, max_leaf_size=1000000), incarcs(search_type=sat, max_leaf_size=100000)])', '--heuristic', 'hff=ff(cost_type=one)', '--search', 'lazy_greedy(hff, preferred=hff, cost_type=one, bound=26, symmetry=symmetry_state_pruning(lex_prices=false, lex_num_states=false, lex_goal_cost=false))', '--internal-previous-portfolio-plans', '6', '--internal-plan-file', 're.out']
timeout: 1798.24 -> (1799, 1800)
performing decoupled satisficing search
maximum leaf factor size 1000000
using default pruning method: BasicPruning
using fork factoring profile
performing decoupled satisficing search
maximum leaf factor size 1000000
using default pruning method: BasicPruning
using inverted-fork factoring profile
performing decoupled satisficing search
maximum leaf factor size 100000
using default pruning method: BasicPruning
using incident-arcs factoring profile
performing Star Decoupled A* search
using default pruning method: BasicPruning
using factoring portfolio
reading input... [t=0s]
done reading input! [t=0.00356457s]
Variables: 54
Bytes per state: 12
Building successor generator...done! [t=0.00756315s]
peak memory difference for root successor generator creation: 132 KB
time for root successor generation creation: 0.00399858s
done! [t=0.00756315s]
done initalizing global data [t=0.00756315s]
Creating symmetry graph stabilizing goal only and using orbit search.
Conducting lazy best first search, (real) bound = 26
Initializing FF heuristic...
Initializing additive heuristic...
Simplifying 3464 unary operators... done! [3464 unary operators]
Best heuristic value: 12 [g=0, 1 evaluated, 0 expanded, t=0.0155642s, 5400 KB]
Best heuristic value: 11 [g=9, 17 evaluated, 16 expanded, t=0.0155642s, 5400 KB]
Best heuristic value: 10 [g=12, 23 evaluated, 22 expanded, t=0.0195648s, 5400 KB]
Best heuristic value: 9 [g=13, 24 evaluated, 23 expanded, t=0.0195648s, 5400 KB]
Best heuristic value: 8 [g=20, 50 evaluated, 49 expanded, t=0.0195648s, 5400 KB]
Best heuristic value: 7 [g=23, 500 evaluated, 499 expanded, t=0.0715641s, 5400 KB]
Best heuristic value: 5 [g=25, 527 evaluated, 526 expanded, t=0.0715641s, 5400 KB]
Best heuristic value: 4 [g=25, 582 evaluated, 581 expanded, t=0.0795647s, 5400 KB]
Best heuristic value: 2 [g=24, 629 evaluated, 628 expanded, t=0.0835647s, 5400 KB]
Best heuristic value: 1 [g=25, 630 evaluated, 629 expanded, t=0.0835647s, 5400 KB]
Solution found!
Actual search time: 0.0760016s [t=0.0835647s]
move-from-arrival-to-track train1 v1 t0 t3 t4 track1 (1)
move-from-arrival-to-track train2 v2 v1 t2 t3 track1 (1)
move-from-arrival-to-track train3 v3 v2 t1 t2 track1 (1)
move-from-arrival-to-track train4 v4 v3 t0 t1 track1 (1)
move-from-arrival-to-track train5 v5 v4 t5 t6 track2 (1)
move-from-arrival-to-track train6 v6 v5 t0 t5 track2 (1)
move-from-track-to-departure train4 t1 t0 v5 v6 track1 (1)
move-from-track-to-departure train3 t2 t1 v4 v5 track1 (1)
move-from-track-to-departure train6 t5 t0 v3 v4 track2 (1)
move-from-arrival-to-track train6 v4 v3 t1 t2 track1 (1)
move-from-arrival-to-track train3 v5 v4 t0 t1 track1 (1)
move-from-arrival-to-track train4 v6 v5 t0 t5 track2 (1)
move-from-track-to-departure train3 t1 t0 v5 v6 track1 (1)
move-from-track-to-departure train6 t2 t1 v4 v5 track1 (1)
move-from-track-to-departure train2 t3 t2 v3 v4 track1 (1)
move-from-track-to-departure train4 t5 t0 v2 v3 track2 (1)
move-from-arrival-to-track train4 v3 v2 t2 t3 track1 (1)
move-from-arrival-to-track train2 v4 v3 t0 t5 track2 (1)
move-from-arrival-to-track train6 v5 v4 t1 t2 track1 (1)
move-from-track-to-departure train2 t5 t0 v4 v5 track2 (1)
move-from-track-to-departure train6 t2 t1 v3 v4 track1 (1)
move-from-track-to-departure train4 t3 t2 v2 v3 track1 (1)
move-from-track-to-departure train1 t4 t3 v1 v2 track1 (1)
move-from-track-to-departure train5 t6 t5 t0 v1 track2 (1)
Plan length: 24 step(s).
Plan cost: 24
Initial state h value: 12.
Expanded 638 state(s).
Reopened 0 state(s).
Evaluated 639 state(s).
Evaluations: 639
Generated 2023 state(s).
Dead ends: 0 state(s).
Number of registered states: 639
Search time: 0.0760016s
Total time: 0.0835647s
Solution found.
Peak memory: 5400 KB
returncode: 0

plan manager: found new plan with cost 24
remaining time: 1798.16
config 0: relative time 600, remaining 600
g bound: 24
next plan number: 8
args: ['/planner/driver/../fast-downward-decoupled/search/downward-release', '--decoupling', 'portfolio(fallback_on_abstain=true, overwrite_options=true, choose_max_leaves=true,          factorings=[fork(search_type=sat, max_leaf_size=1000000), ifork(search_type=sat, max_leaf_size=1000000), incarcs(search_type=sat, max_leaf_size=100000)])', '--heuristic', 'hff=ff(cost_type=one)', '--search', 'lazy_greedy(hff, preferred=hff, cost_type=one, bound=24, symmetry=symmetry_state_pruning(lex_prices=false, lex_num_states=false, lex_goal_cost=false))', '--internal-previous-portfolio-plans', '7', '--internal-plan-file', 're.out']
timeout: 1798.16 -> (1799, 1800)
performing decoupled satisficing search
maximum leaf factor size 1000000
using default pruning method: BasicPruning
using fork factoring profile
performing decoupled satisficing search
maximum leaf factor size 1000000
using default pruning method: BasicPruning
using inverted-fork factoring profile
performing decoupled satisficing search
maximum leaf factor size 100000
using default pruning method: BasicPruning
using incident-arcs factoring profile
performing Star Decoupled A* search
using default pruning method: BasicPruning
using factoring portfolio
reading input... [t=0s]
done reading input! [t=0.00610343s]
Variables: 54
Bytes per state: 12
Building successor generator...done! [t=0.00610343s]
peak memory difference for root successor generator creation: 132 KB
time for root successor generation creation: 0s
done! [t=0.00610343s]
done initalizing global data [t=0.00610343s]
Creating symmetry graph stabilizing goal only and using orbit search.
Conducting lazy best first search, (real) bound = 24
Initializing FF heuristic...
Initializing additive heuristic...
Simplifying 3464 unary operators... done! [3464 unary operators]
Best heuristic value: 12 [g=0, 1 evaluated, 0 expanded, t=0.0181032s, 5400 KB]
Best heuristic value: 11 [g=9, 17 evaluated, 16 expanded, t=0.0181032s, 5400 KB]
Best heuristic value: 10 [g=12, 23 evaluated, 22 expanded, t=0.0181032s, 5400 KB]
Best heuristic value: 9 [g=13, 24 evaluated, 23 expanded, t=0.0181032s, 5400 KB]
Best heuristic value: 8 [g=20, 50 evaluated, 49 expanded, t=0.0221054s, 5400 KB]
Best heuristic value: 7 [g=23, 398 evaluated, 397 expanded, t=0.062103s, 5400 KB]
Best heuristic value: 6 [g=22, 441 evaluated, 440 expanded, t=0.0709512s, 5400 KB]
Best heuristic value: 4 [g=23, 453 evaluated, 452 expanded, t=0.0709512s, 5400 KB]
Best heuristic value: 2 [g=22, 479 evaluated, 478 expanded, t=0.0740359s, 5400 KB]
Best heuristic value: 1 [g=23, 480 evaluated, 479 expanded, t=0.0740359s, 5400 KB]
Completely explored state space -- no solution!
Actual search time: 0.887814s [t=0.893917s]
Initial state h value: 12.
Expanded 7312 state(s).
Reopened 0 state(s).
Evaluated 7312 state(s).
Evaluations: 7312
Generated 21908 state(s).
Dead ends: 0 state(s).
Number of registered states: 7312
Search time: 0.887814s
Total time: 0.893917s
Search stopped without finding a solution.
Peak memory: 5400 KB
returncode: 5

Exit codes: [3, 0, 3, 0, 0, 0, 0, 0, 0, 5]
Error: Unexpected exit codes: [3]
Command '['run-portfolio', '/planner/driver/portfolios/seq_sat_saarplan.py']' returned non-zero exit status 3
