Straring problem9 with setting 5 at 2023-06-21 00:02:09.461

ff: parsing domain file
domain 'TUSD' defined
 ... done.
ff: parsing problem file
problem 'PROBLEM9' defined
 ... done.


warning: numeric precondition. turning cost-minimizing relaxed plans OFF.

ff: search configuration is Enforced Hill-Climbing, then A*epsilon with weight 5.
Metric is ((1.00*[RF9](COST)) - () + 0.00)
COST MINIMIZATION DONE (WITHOUT cost-minimizing relaxed plans).

Cueing down from goal distance:   61 into depth [1]
                                  31            [1]
                                  30            [1]
                                  25            [1][2]
                                  22            [1][2]
                                  21            [1][2]
                                  20            [1] --- pruning stopped --- [1][2][3][4][5][6][7]
                                  17            [1][2]
                                  16            [1]
                                  15            [1][2]
                                  13            [1][2]
                                  11            [1] --- pruning stopped --- [1][2][3][4][5][6]
                                   9            [1] --- pruning stopped --- [1][2][3][4][5][6][7][8][9][10][11][12][13][14][15][16][17][18][19][20][21]

Enforced Hill-climbing not successful.
Switching to A*epsilon now.

Advancing to goal distance:   61
                              31
                              29
                              24
                              23
                              20-e Execution of problem9 with setting 5 stopped at 2023-06-21 00:32:09.483
Total time elapsed = 00:30:00.022000000
