Straring problem9b with setting 5 at 2023-06-21 02:06:23.921

ff: parsing domain file
domain 'TUSD' defined
 ... done.
ff: parsing problem file
problem 'PROBLEM9B' defined
 ... done.


warning: numeric precondition. turning cost-minimizing relaxed plans OFF.

ff: search configuration is Enforced Hill-Climbing, then A*epsilon with weight 5.
Metric is ((1.00*[RF9](COST)) - () + 0.00)
COST MINIMIZATION DONE (WITHOUT cost-minimizing relaxed plans).

Cueing down from goal distance:   61 into depth [1]
                                  31            [1]
                                  30            [1]
                                  26            [1][2]
                                  24            [1][2]
                                  23            [1][2]
                                  22            [1] --- pruning stopped --- [1][2][3][4][5][6]
                                  21            [1][2]
                                  19            [1][2]
                                  15            [1][2]
                                  13            [1][2]
                                  11            [1][2][3]
                                   9            [1][2]
                                   7            [1]
                                   6            [1] --- pruning stopped --- [1][2][3][4][5][6][7][8][9][10][11][12][13]

Enforced Hill-climbing not successful.
Switching to A*epsilon now.

Advancing to goal distance:   61
                              31
                              30
                              26
                              25
                              24
                              22
                              21-e Execution of problem9b with setting 5 stopped at 2023-06-21 02:36:23.946
Total time elapsed = 00:30:00.025000000
