Straring problem9c with setting 5 at 2023-06-21 02:36:23.952

ff: parsing domain file
domain 'TUSD' defined
 ... done.
ff: parsing problem file
problem 'PROBLEM9' defined
 ... done.


warning: numeric precondition. turning cost-minimizing relaxed plans OFF.

ff: search configuration is Enforced Hill-Climbing, then A*epsilon with weight 5.
Metric is ((1.00*[RF9](COST)) - () + 0.00)
COST MINIMIZATION DONE (WITHOUT cost-minimizing relaxed plans).

Cueing down from goal distance:   62 into depth [1][2]
                                  30            [1]
                                  26            [1][2]
                                  23            [1][2]
                                  20            [1][2][3][4][5][6] --- pruning stopped --- [1][2][3][4][5][6][7][8][9][10]
                                  19            [1][2]
                                  15            [1][2]
                                  13            [1][2]
                                  11            [1][2]
                                   6            [1]
                                   5            [1]
                                   4            [1]
                                   3            [1] --- pruning stopped --- [1][2][3][4][5][6][7]

Enforced Hill-climbing not successful.
Switching to A*epsilon now.

Advancing to goal distance:   62
                              30
                              26
                              24
                              22
                              20-e Execution of problem9c with setting 5 stopped at 2023-06-21 03:06:23.977
Total time elapsed = 00:30:00.025000000
