Straring problem9b with setting 4 at 2023-06-21 00:35:48.117

ff: parsing domain file
domain 'TUSD' defined
 ... done.
ff: parsing problem file
problem 'PROBLEM9B' defined
 ... done.


warning: numeric precondition. turning cost-minimizing relaxed plans OFF.

ff: search configuration is A*epsilon with weight 5.
Metric is ((1.00*[RF9](COST)) - () + 0.00)
COST MINIMIZATION DONE (WITHOUT cost-minimizing relaxed plans).

Advancing to goal distance:   61
                              31
                              30
                              26
                              25
                              24
                              22
                              21-e Execution of problem9b with setting 4 stopped at 2023-06-21 01:05:48.142
Total time elapsed = 00:30:00.025000000
