Domain: ../../domain1.pddl Problem: ../../problem2.pddl
Parsing...
Parsing: [0.010s CPU, 0.007s wall-clock]
Generating Datalog program... [0.000s CPU, 0.001s wall-clock]
Normalizing Datalog program...
Trivial rules: Converted to facts.
Normalizing Datalog program: [0.000s CPU, 0.008s wall-clock]
Preparing model... [0.010s CPU, 0.002s wall-clock]
Generated 60 rules.
Computing model... [0.010s CPU, 0.018s wall-clock]
444 relevant atoms
879 auxiliary atoms
1323 final queue length
1671 total queue pushes
Completing instantiation... [0.010s CPU, 0.014s wall-clock]
goal relaxed reachable: True
115 atoms
Computing fact groups...
Finding invariants...
10 initial candidates
Time limit reached, aborting invariant generation
Finding invariants: [0.000s CPU, 0.001s wall-clock]
Checking invariant weight... [0.000s CPU, 0.000s wall-clock]
Instantiating groups... [0.000s CPU, 0.000s wall-clock]
Collecting mutex groups... [0.000s CPU, 0.000s wall-clock]
Choosing groups...
115 uncovered facts
Choosing groups: [0.000s CPU, 0.000s wall-clock]
Building translation key... [0.000s CPU, 0.001s wall-clock]
Computing fact groups: [0.000s CPU, 0.003s wall-clock]
Axioms 18
Deterministic 204 actions
7 negated fluents created
