/home/simbachiu/rail-planning/domain1/4-action-costs

Functions: ( :functions ( total-cost ) )  |

Action cost: move-to-track | ( increase ( total-cost ) 1 ) ( increase ( total-cost ) 1 )  | 200
Action cost: move-from-track | ( increase ( total-cost ) 1 )  | 100
Action cost: move-along-track | ( increase ( total-cost ) 1 )  | 100
Action cost: move-to-departure | ( increase ( total-cost ) 1 )  | 100
Action cost: move-on-arrival | ( increase ( total-cost ) 1 )  | 100

Fluent: ( = ( total-cost ) 0 ) 

Metric: ( :metric minimize ( total-cost ) ) 


ff: parsing domain file/planner/src/parser
/home/simbachiu/rail-planning/domain1/4-action-costs

original_domain: /home/simbachiu/rail-planning/domain1/4-action-costs/domain1.pddl
domain_wac: /home/simbachiu/rail-planning/domain1/4-action-costs/domain_without_action_costs.txt
domain_wce: /home/simbachiu/rail-planning/domain1/4-action-costs/domain_wce.txt
domain_ready: /home/simbachiu/rail-planning/domain1/4-action-costs/domain_ready.txt

original_problem: /home/simbachiu/rail-planning/domain1/4-action-costs/problem2.pddl
problem_wac: /home/simbachiu/rail-planning/domain1/4-action-costs/problem_without_action_costs.txt
problem_wce: /home/simbachiu/rail-planning/domain1/4-action-costs/facts_wce.txt
problem_ready: /home/simbachiu/rail-planning/domain1/4-action-costs/problem_ready.txt

action_costs_domain_file: /home/simbachiu/rail-planning/domain1/4-action-costs/action_costs_from_domain_file.txt
action_costs_problem_file: /home/simbachiu/rail-planning/domain1/4-action-costs/action_costs_from_problem_file.txt



Action costs processed.


highest number of when per action: 200

ERROR al compilar los efectos condicionales de forma polinomica

1. Running translator
Second argument is a file name: use two translator arguments.
Parsing...
1. Running translator
Second argument is a file name: use two translator arguments.
Parsing...


task contains conditional effects. turning off state domination.

 --- OK.
 Match tree built with 220 nodes.

PDDL problem description loaded: 
	Domain: DOMAIN1
	Problem: PROBLEM2
	#Actions: 220
	#Fluents: 128
Landmarks found: 19
Starting search with BFS(novel,land,h_add)...
--[4294967295 / 15251]--
--[38 / 15251]--
--[38 / 9261]--
--[38 / 6835]--
--[38 / 6609]--
--[38 / 6243]--
--[38 / 6051]--
--[38 / 4917]--
--[38 / 4279]--
--[38 / 3759]--
--[38 / 3121]--
--[38 / 3057]--
--[38 / 2891]--
--[38 / 2313]--
--[38 / 2083]--
--[38 / 2001]--
--[38 / 1919]--
--[38 / 1507]--
--[38 / 1425]--
--[38 / 1343]--
--[38 / 1261]--
--[38 / 1217]--
--[38 / 973]--
--[38 / 929]--
--[38 / 909]--
--[38 / 865]--
--[38 / 639]--
--[38 / 617]--
--[38 / 561]--
--[38 / 539]--
--[38 / 529]--
--[38 / 507]--
--[38 / 497]--
--[38 / 475]--
--[38 / 469]--
--[38 / 435]--
--[38 / 387]--
--[38 / 377]--
--[38 / 275]--
--[38 / 265]--
--[38 / 259]--
--[38 / 249]--
--[38 / 243]--
--[38 / 233]--
--[38 / 215]--
--[38 / 185]--
--[38 / 167]--
--[38 / 151]--
--[38 / 123]--
--[38 / 99]--
--[38 / 95]--
--[38 / 93]--
--[38 / 85]--
--[38 / 83]--
--[38 / 81]--
--[38 / 77]--
--[38 / 73]--
--[37 / 73]--
--[37 / 65]--
--[37 / 59]--
--[37 / 57]--
--[37 / 55]--
--[37 / 45]--
--[37 / 39]--
--[37 / 37]--
--[37 / 35]--
--[37 / 25]--
--[33 / 25]--
--[32 / 25]--
--[32 / 21]--
--[32 / 13]--
--[32 / 7]--
--[32 / 3]--
--[32 / 1]--
--[32 / 0]--
Total time: 32.1102
Nodes generated during search: 678465
Nodes expanded during search: 109144
Plan found with cost: 91
BFS search completed in 32.1102 secs


task contains conditional effects. turning off state domination.

 --- OK.
 Match tree built with 220 nodes.

PDDL problem description loaded: 
	Domain: DOMAIN1
	Problem: PROBLEM2
	#Actions: 220
	#Fluents: 128
Landmarks found: 1
Starting search with IW (time budget is 60 secs)...
Try allocate size: 0.001 MB
Try allocate size: 0.001 MB

Caption
{#goals, #UNnachieved,  #Achieved} -> IW(max_w)

{1/1/0}:IW(1) -> [2][3][4][5][6][7]Try allocate size: 0.128 MB

{1/1/0}:IW(2) -> [2][3][4][5][6][7][8][9][10][11][12][13][14][15][16][17][18][19][20][21][22][23][24][25][26][27][28][29][30][31][32][33][34][35][36][37][38][39][40][41][42][43][44][45][46][47][48][49][50][51][52][53][54][55][56][57][58][59][60]Try allocate size: 16.384 MB

{1/1/0}:IW(3) -> [2][3][4][5][6][7][8][9][10][11][12][13][14][15][16][17][18][19][20][21][22][23][24][25][26][27][28][29][30][31][32][33][34][35][36][37][38][39][40][41][42][43][44][45][46][47][48][49][50][51][52][53][54][55][56][57][58][59][60][61][62][63][64][65][66][67][68][69][70][71][72][73][74][75][76][77][78][79][80]Try allocate size: 2097.15 MB
EXCEDED, m_arity downgraded to 1 --> size: 0.001 MB
;; NOT I-REACHABLE ;;
Total time: 20.1708
Nodes generated during search: 55470
Nodes expanded during search: 55469
IW search completed in 20.1708 secs
1. Running translator
Second argument is a file name: use two translator arguments.
Parsing...


task contains conditional effects. turning off state domination.

 --- OK.
Fluents=130
Operators=439

================================================
;; PROBE searching...
================================================
[0] [1] [2] [3] [4] [5] [6] [7] [8] [9] [10] [11] [12] [13] [14] [15] [16] [17] [18] [19] [20] [21] [22] [23] [24] [25] [26] [27] [28] [29] [30] [31] [32] [33] [34] [35] [36] [37] [38] [39] [40] [41] [42] [43] [44] [45] [46] [47] [48] [49] [50] [51] [52] [53] [54] [55] [56] [57] [58] [59] [60] [61] [62] [63] [64] [65] [66] [67] [68] [69] [70] 
 Advancing to distance: 16 gn:0(0/71 nodes expanded so far) open: 71
[0] [1] 
 Advancing to distance: 15 gn:0(4/73 nodes expanded so far) open: 83
[0] [1] [2] [3] 
 Advancing to distance: 14 gn:0(7/77 nodes expanded so far) open: 101
[0] 
 Advancing to distance: 13 gn:0(10/78 nodes expanded so far) open: 109

 Advancing to distance: 12 gn:0(13/78 nodes expanded so far) open: 113
[0] [0] [0] [0] [0] [0] [0] [0] [0] [1] [2] [3] [0] [0] [1] [0] [1] [2] [3] [4] [5] [0] [1] [2] [3] [4] [0] [1] [0] 1000
[0] [1] 
 Advancing to distance: 11 gn:0(1379/109 nodes expanded so far) open: 636
[0] [0] [0] [1] [2] 2000
[0] [0] [1] [2] [3] [4] [5] [0] [1] [2] [0] [1] [2] [3] [4] 3000
[0] [0] 4000
5000
[0] [1] [2] [3] [0] [0] [0] [1] [0] [1] [0] 6000
[0] [0] 7000
[0] [1] [2] [3] [4] [0] 8000
[0] 9000
[0] [1] [0] 10000
11000
[0] 12000
13000
14000
[0] [0] [1] [2] [3] [4] [5] 15000
[0] [0] [1] [2] [3] [0] [1] [2] [3] [4] [5] [6] 16000
[0] [1] [0] [1] [2] [3] 17000
[0] [0] [1] [0] [0] [1] [2] [3] 18000
[0] [1] [2] [3] [4] [5] 19000
[0] [1] [2] [3] [0] [1] [2] [3] [4] [5] [6] [7] 20000
21000
22000
[0] [1] [2] [3] [4] [5] [6] 23000
[0] [1] [0] [1] [2] [3] [4] [5] 24000
[0] [1] [2] [3] [4] 25000
[0] [1] [2] [3] [0] [1] 26000
27000
[0] [1] [2] [3] [4] [5] [0] [0] 28000
29000
30000
[0] [1] 31000
32000
[0] [1] [0] 33000
34000
[0] [1] 35000
[0] [1] [2] [3] [4] 36000
[0] [0] 37000
[0] 38000
[0] 39000
[0] 40000
41000
42000
43000
44000
45000
[0] 46000
[0] 47000
48000
49000
[0] 50000
[0] 51000
52000
53000
[0] [1] 54000
55000
56000
[0] 57000
58000
59000
60000
61000
[0] 62000
63000
64000
65000
66000
[0] [1] [2] 67000
[0] [1] [2] [3] [4] [5] [6] 68000
[0] [1] 69000
70000
71000
[0] [1] [2] [3] [4] 72000

 Advancing to distance: 10 gn:0(72001/282 nodes expanded so far) open: 10795
[0] [0] [1] [2] [3] [4] 73000
[0] 74000
75000
76000
77000
[0] 78000
[0] 79000
80000
81000
[0] 82000
[0] [1] [2] [3] [4] 83000
[0] [1] [2] [3] 84000
85000
86000
87000
[0] [1] [2] [3] [4] 88000
[0] [1] [2] 89000
90000
91000
92000
93000
94000
95000
96000
97000
98000
99000
100000
[0] [1] 101000
[0] 
 Advancing to distance: 9 gn:0(101872/312 nodes expanded so far) open: 11625
102000
[0] [1] [2] [3] [4] [5] [6] [7] [8] 103000
[0] [1] [2] [3] 104000
105000
106000
107000
108000
[0] 109000
[0] [1] 110000
111000
[0] [1] [2] 112000
113000
114000
[0] [0] 115000
[0] [1] 116000
[0] [1] [2] [3] [4] [0] [1] [2] [3] 117000
118000
119000
120000
121000
[0] 122000
123000
124000
125000
[0] 126000
[0] 127000
[0] 128000
129000
[0] [1] [2] [3] [4] [5] [6] 130000
131000
132000
133000
134000
135000
136000
137000
138000
139000
[0] 140000
[0] [1] [2] [3] [4] 141000
[0] 142000
[0] [1] [2] 143000
144000
145000
[0] 146000
147000
148000
149000
150000
151000
152000
153000
[0] [1] [2] [3] [4] 154000
155000
[0] [1] [2] [3] [4] 156000
157000
158000
159000
160000
161000
[0] [1] 162000
[0] [0] 163000
[0] [1] [2] [3] [4] [5] [6] 164000
[0] 165000
[0] 166000
[0] [1] [2] [3] [4] [5] [6] [7] [8] [9] [10] [11] [12] 167000
[0] [1] [2] [0] [1] 168000
169000
170000
171000
172000
173000
174000
175000
176000
[0] [1] [2] [3] [4] [0] [1] [2] 177000
178000
179000
180000
181000
182000
[0] 183000
184000
185000
186000
[0] 187000
188000
189000
190000
191000
192000
193000
[0] [0] 194000
195000
[0] [1] [2] [3] [4] [5] [6] 196000
197000
198000
199000
[0] 200000
[0] [1] [2] [3] 201000
202000
203000
[0] 204000
205000
206000
207000
208000
209000
210000
211000
212000
213000
214000
215000
216000
217000
218000
219000
220000
221000
222000
223000
224000

 Advancing to distance: 8 gn:0(224195/432 nodes expanded so far) open: 10622

 Advancing to distance: 7 gn:0(224214/432 nodes expanded so far) open: 10672
225000
226000
[0] 227000
228000
[0] 229000
230000
[0] [1] 231000
[0] 232000
[0] 233000
234000
235000
236000

 Advancing to distance: 6 gn:0(236427/438 nodes expanded so far) open: 13158
237000
238000
239000
240000
241000
242000
243000
[0] 244000
245000
[0] [1] 246000
247000
248000
249000
[0] [1] 250000
251000
252000
[0] 253000
254000
255000
256000
257000
258000
259000
260000
261000
262000
263000
[0] [1] 264000
[0] 265000
266000
267000
268000
[0] 269000
270000
271000
272000
273000

 Advancing to distance: 5 gn:0(273532/448 nodes expanded so far) open: 14424

 Advancing to distance: 4 gn:0(273539/448 nodes expanded so far) open: 14446

 Advancing to distance: 3 gn:0(273562/448 nodes expanded so far) open: 14467

 Advancing to distance: 2 gn:0(273564/448 nodes expanded so far) open: 14470

================================================
;; SOLUTION 1
;;	 Plan cost: 0.000000, steps: 71
;;	 Time: 30.152
================================================
suboptimal yahsp search, threads : 32, teams : 2, strategy : 2
anytime behavior
domain file : /home/simbachiu/rail-planning/domain1/4-action-costs/domain1.pddl
problem file : /home/simbachiu/rail-planning/domain1/4-action-costs/problem2.pddl
output file : /home/simbachiu/rail-planning/domain1/4-action-costs/cleaned_result.result

Parsing domain....................

Parser error (syntax error) at line 35 : (...

1. Running translator
Second argument is a file name: use two translator arguments.
Parsing...
1. Running translator
Second argument is a file name: use two translator arguments.
Parsing...


task contains conditional effects. turning off state domination.

 --- OK.
 Match tree built with 220 nodes.

PDDL problem description loaded: 
	Domain: DOMAIN1
	Problem: PROBLEM2
	#Actions: 220
	#Fluents: 128
Landmarks found: 19
Starting search with BFS(novel,land,h_add)...
--[4294967295 / 15251]--
--[38 / 15251]--
--[38 / 9261]--
--[38 / 6835]--
--[38 / 6609]--
--[38 / 6243]--
--[38 / 6051]--
--[38 / 4917]--
--[38 / 4279]--
--[38 / 3759]--
--[38 / 3121]--
--[38 / 3057]--
--[38 / 2891]--
--[38 / 2313]--
--[38 / 2083]--
--[38 / 2001]--
--[38 / 1919]--
--[38 / 1507]--
--[38 / 1425]--
--[38 / 1343]--
--[38 / 1261]--
--[38 / 1217]--
--[38 / 973]--
--[38 / 929]--
--[38 / 909]--
--[38 / 865]--
--[38 / 639]--
--[38 / 617]--
--[38 / 561]--
--[38 / 539]--
--[38 / 529]--
--[38 / 507]--
--[38 / 497]--
--[38 / 475]--
--[38 / 469]--
--[38 / 435]--
--[38 / 387]--
--[38 / 377]--
--[38 / 275]--
--[38 / 265]--
--[38 / 259]--
--[38 / 249]--
--[38 / 243]--
--[38 / 233]--
--[38 / 215]--
--[38 / 185]--
--[38 / 167]--
--[38 / 151]--
--[38 / 123]--
--[38 / 99]--
--[38 / 95]--
--[38 / 93]--
--[38 / 85]--
--[38 / 83]--
--[38 / 81]--
--[38 / 77]--
--[38 / 73]--
--[37 / 73]--
--[37 / 65]--
--[37 / 59]--
--[37 / 57]--
--[37 / 55]--
--[37 / 45]--
--[37 / 39]--
--[37 / 37]--
--[37 / 35]--
--[37 / 25]--
--[33 / 25]--
--[32 / 25]--
MEMORY TOTAL:  8287756288
/home/simbachiu/rail-planning/domain1/4-action-costs
/planner/src
Run command: python2.7 /planner/src/parser/parse.py /home/simbachiu/rail-planning/domain1/4-action-costs/domain1.pddl /home/simbachiu/rail-planning/domain1/4-action-costs/problem2.pddl

Portfolio runs original domain/problem

Time took 1.0 seconds


Original_Domain: /home/simbachiu/rail-planning/domain1/4-action-costs/domain1.pddl
Original_Problem: /home/simbachiu/rail-planning/domain1/4-action-costs/problem2.pddl
Modified_Domain: /home/simbachiu/rail-planning/domain1/4-action-costs/domain_ready.txt
Modified_Problem: /home/simbachiu/rail-planning/domain1/4-action-costs/problem_ready.txt
Original_Plan_file: re.out
Plans folder: /home/simbachiu/rail-planning/domain1/4-action-costs



****************************************************
*** Planner_path: /planner/src/jasper/plan TimeOut: 257 ***
****************************************************


Planner /planner/src/jasper/plan run 5 seconds



****************************************************
*** Planner_path: /planner/src/mercury/plan TimeOut: 257 ***
****************************************************


Planner /planner/src/mercury/plan run 5 seconds



****************************************************
*** Planner_path: /planner/src/bfs-f/plan TimeOut: 257 ***
****************************************************


Name: /home/simbachiu/rail-planning/domain1/4-action-costs/cleaned_result.result
ERROR: Plan /home/simbachiu/rail-planning/domain1/4-action-costs/cleaned_result.result is not valid or the plan cost is equal to -1, therefore we remove it
Planner /planner/src/bfs-f/plan run 35 seconds



****************************************************
*** Planner_path: /planner/src/siw/plan TimeOut: 257 ***
****************************************************


Name: /home/simbachiu/rail-planning/domain1/4-action-costs/cleaned_result.result
ERROR: Plan /home/simbachiu/rail-planning/domain1/4-action-costs/cleaned_result.result is not valid or the plan cost is equal to -1, therefore we remove it
Planner /planner/src/siw/plan run 25 seconds



****************************************************
*** Planner_path: /planner/src/fdss-2/plan TimeOut: 257 ***
****************************************************


Planner /planner/src/fdss-2/plan run 5 seconds



****************************************************
*** Planner_path: /planner/src/probe/plan TimeOut: 257 ***
****************************************************


Name: /home/simbachiu/rail-planning/domain1/4-action-costs/cleaned_result.result.1
ERROR: Plan /home/simbachiu/rail-planning/domain1/4-action-costs/cleaned_result.result.1 is not valid or the plan cost is equal to -1, therefore we remove it
Planner /planner/src/probe/plan run 35 seconds



****************************************************
*** Planner_path: /planner/src/yahsp2-mt/plan TimeOut: 257 ***
****************************************************


Planner /planner/src/yahsp2-mt/plan run 5 seconds

First Step -- Main portfolio runs 0.0644444444444 seconds

116.0 1800 True True

Original_Domain: /home/simbachiu/rail-planning/domain1/4-action-costs/domain1.pddl
Original_Problem: /home/simbachiu/rail-planning/domain1/4-action-costs/problem2.pddl
Original_Plan_file: re.out
Plans folder: /home/simbachiu/rail-planning/domain1/4-action-costs



****************************************************
*** Planner_path: /planner/src/jasper/plan TimeOut: 1684 ***
****************************************************


Planner /planner/src/jasper/plan run 5 seconds



****************************************************
*** Planner_path: /planner/src/mercury/plan TimeOut: 1684 ***
****************************************************


Planner /planner/src/mercury/plan run 5 seconds



****************************************************
*** Planner_path: /planner/src/bfs-f/plan TimeOut: 1684 ***
****************************************************


Name: /home/simbachiu/rail-planning/domain1/4-action-costs/cleaned_result.result
ERROR: Plan /home/simbachiu/rail-plann--[32 / 21]--
--[32 / 13]--
--[32 / 7]--
--[32 / 3]--
--[32 / 1]--
--[32 / 0]--
Total time: 34.0606
Nodes generated during search: 678465
Nodes expanded during search: 109144
Plan found with cost: 91
BFS search completed in 34.0606 secs


task contains conditional effects. turning off state domination.

 --- OK.
 Match tree built with 220 nodes.

PDDL problem description loaded: 
	Domain: DOMAIN1
	Problem: PROBLEM2
	#Actions: 220
	#Fluents: 128
Landmarks found: 1
Starting search with IW (time budget is 60 secs)...
Try allocate size: 0.001 MB
Try allocate size: 0.001 MB

Caption
{#goals, #UNnachieved,  #Achieved} -> IW(max_w)

{1/1/0}:IW(1) -> [2][3][4][5][6][7]Try allocate size: 0.128 MB

{1/1/0}:IW(2) -> [2][3][4][5][6][7][8][9][10][11][12][13][14][15][16][17][18][19][20][21][22][23][24][25][26][27][28][29][30][31][32][33][34][35][36][37][38][39][40][41][42][43][44][45][46][47][48][49][50][51][52][53][54][55][56][57][58][59][60]Try allocate size: 16.384 MB

{1/1/0}:IW(3) -> [2][3][4][5][6][7][8][9][10][11][12][13][14][15][16][17][18][19][20][21][22][23][24][25][26][27][28][29][30][31][32][33][34][35][36][37][38][39][40][41][42][43][44][45][46][47][48][49][50][51][52][53][54][55][56][57][58][59][60][61][62][63][64][65][66][67][68][69][70][71][72][73][74][75][76][77][78][79][80]Try allocate size: 2097.15 MB
EXCEDED, m_arity downgraded to 1 --> size: 0.001 MB
;; NOT I-REACHABLE ;;
Total time: 19.5646
Nodes generated during search: 55470
Nodes expanded during search: 55469
IW search completed in 19.5646 secs
1. Running translator
Second argument is a file name: use two translator arguments.
Parsing...
1. Running translator
Parsing...
1. Running translator
Parsing...
ing/domain1/4-action-costs/cleaned_result.result is not valid or the plan cost is equal to -1, therefore we remove it
Planner /planner/src/bfs-f/plan run 35 seconds



****************************************************
*** Planner_path: /planner/src/siw/plan TimeOut: 1684 ***
****************************************************


Name: /home/simbachiu/rail-planning/domain1/4-action-costs/cleaned_result.result
ERROR: Plan /home/simbachiu/rail-planning/domain1/4-action-costs/cleaned_result.result is not valid or the plan cost is equal to -1, therefore we remove it
Planner /planner/src/siw/plan run 20 seconds

Second Step  portfolio plus default planner run 181.0 seconds (in total)

*** Planner List ***

lama-2011 1619
lamar 1619
arvand 1619
*** end planner list ***

Original_Domain: /home/simbachiu/rail-planning/domain1/4-action-costs/domain1.pddl
Original_Problem: /home/simbachiu/rail-planning/domain1/4-action-costs/problem2.pddl
Modified_Domain: /home/simbachiu/rail-planning/domain1/4-action-costs/domain_ready.txt
Modified_Problem: /home/simbachiu/rail-planning/domain1/4-action-costs/problem_ready.txt
Original_Plan_file: re.out
Plans folder: /home/simbachiu/rail-planning/domain1/4-action-costs



****************************************************
*** Planner_path: /planner/src/lama-2011/plan TimeOut: 1619 ***
****************************************************


Planner /planner/src/lama-2011/plan run 5 seconds



****************************************************
*** Planner_path: /planner/src/lamar/plan TimeOut: 1619 ***
****************************************************


Planner /planner/src/lamar/plan run 5 seconds



****************************************************
*** Planner_path: /planner/src/arvand/plan TimeOut: 1619 ***
****************************************************


Planner /planner/src/arvand/plan run 5 seconds

The portfolio runs 196.0 seconds

-------------------- END --------------------


