INFO     Running translator.
INFO     translator inputs: ['../../domain1.pddl', '../../problem2.pddl']
INFO     translator arguments: []
Parsing...
Parsing: [0.000s CPU, 0.004s wall-clock]
Normalizing task... [0.000s CPU, 0.001s wall-clock]
Instantiating...
Generating Datalog program... [0.000s CPU, 0.001s wall-clock]
Normalizing Datalog program...
Trivial rules: Converted to facts.
Normalizing Datalog program: [0.010s CPU, 0.006s wall-clock]
Preparing model... [0.000s CPU, 0.003s wall-clock]
Generated 89 rules.
Computing model... [0.030s CPU, 0.031s wall-clock]
789 relevant atoms
799 auxiliary atoms
1588 final queue length
3934 total queue pushes
Completing instantiation... [0.080s CPU, 0.078s wall-clock]
Instantiating: [0.120s CPU, 0.120s wall-clock]
Computing fact groups...
Finding invariants...
17 initial candidates
Finding invariants: [0.020s CPU, 0.018s wall-clock]
Checking invariant weight... [0.000s CPU, 0.000s wall-clock]
Instantiating groups... [0.000s CPU, 0.001s wall-clock]
Collecting mutex groups... [0.000s CPU, 0.000s wall-clock]
Choosing groups...
52 uncovered facts
Choosing groups: [0.000s CPU, 0.001s wall-clock]
Building translation key... [0.000s CPU, 0.000s wall-clock]
Computing fact groups: [0.020s CPU, 0.022s wall-clock]
Building STRIPS to SAS dictionary... [0.000s CPU, 0.000s wall-clock]
Building dictionary for full mutex groups... [0.000s CPU, 0.000s wall-clock]
Building mutex information...
Building mutex information: [0.000s CPU, 0.000s wall-clock]
Translating task...
Processing axioms...
Simplifying axioms... [0.000s CPU, 0.000s wall-clock]
Processing axioms: [0.010s CPU, 0.005s wall-clock]
Translating task: [0.090s CPU, 0.087s wall-clock]
1692 effect conditions simplified
0 implied preconditions added
Detecting unreachable propositions...
0 operators removed
13 propositions removed
Detecting unreachable propositions: [0.010s CPU, 0.015s wall-clock]
Translator variables: 56
Translator derived variables: 6
Translator facts: 182
Translator goal facts: 5
Translator mutex groups: 20
Translator total mutex groups size: 175
Translator operators: 534
Translator axioms: 8
Translator task size: 8674
Translator peak memory: 31060 KB
Writing output... [0.010s CPU, 0.016s wall-clock]
Done! [0.260s CPU, 0.272s wall-clock]
INFO     Running preprocessor.
INFO     preprocessor input: output.sas
INFO     preprocessor arguments: ['--h2-time-limit', '30']
Building causal graph...
The causal graph is not acyclic.
56 variables of 56 necessary
13 of 20 mutex groups necessary.
534 of 534 operators necessary.
8 of 8 axiom rules necessary.
Disabling h2 analysis because it does not currently support axioms
Building domain transition graphs...
solveable in poly time 0
Building successor generator...
Preprocessor variables: 56
Preprocessor facts: 182
Preprocessor derived variables: 6
Preprocessor operators: 534
Preprocessor mutex groups: 13
Preprocessor task size: 8590
Writing output...
done
INFO     Running search.
INFO     search input: output
INFO     search executable: /planner/src/search/downward-release
INFO     search portfolio: /planner/src/driver/portfolios/seq_sat_ds.py
External time limits: -1, -1
Internal time limit: 1800
External memory limits: -1, -1
Internal memory limit: 8000000000
remaining time at start: 1799.35
remaining time: 1799.35
config 0: relative time 100, remaining 1800
g bound: infinity
next plan number: 1
args: ['/planner/src/search/downward-release', '--decoupling', 'fork(search_type=sat, pruning=cost_frontier(irrelevance=TRANSITIONS), max_leaf_size=1000000)', '--heuristic', 'hff=ff(cost_type=one)', '--search', 'lazy_greedy(hff, preferred=hff, cost_type=one, bound=infinity)', '--internal-previous-portfolio-plans', '0', '--internal-plan-file', 're.out']
timeout: 99.96 -> (100, 101)
using frontier pruning method
performing irrelevance analysis in leaf factors
performing decoupled satisficing search
maximum leaf factor size 1000000
using fork factoring profile
reading input... [t=0.01s]
Simplifying transitions... done!
done reading input! [t=0.06s]
building causal graph...done! [t=0.06s]
Peak memory: 6644 KB
returncode: 3

remaining time: 1799.24
config 1: relative time 1000, remaining 1700
g bound: infinity
next plan number: 1
args: ['/planner/src/search/downward-release', '--decoupling', 'portfolio(fallback_on_abstain=true, overwrite_options=true, choose_max_leaves=true,          factorings=[fork(search_type=sat, max_leaf_size=1000000), ifork(search_type=sat, max_leaf_size=1000000), incarcs(search_type=sat, max_leaf_size=100000)])', '--heuristic', 'hff=ff(cost_type=one)', '--search', 'lazy_greedy(hff, preferred=hff, cost_type=one, bound=infinity, symmetry=symmetry_state_pruning(lex_prices=false, lex_num_states=false, lex_goal_cost=false))', '--internal-previous-portfolio-plans', '0', '--internal-plan-file', 're.out']
timeout: 1058.38 -> (1059, 1060)
performing decoupled satisficing search
maximum leaf factor size 1000000
using default pruning method: BasicPruning
using fork factoring profile
performing decoupled satisficing search
maximum leaf factor size 1000000
using default pruning method: BasicPruning
using inverted-fork factoring profile
performing decoupled satisficing search
maximum leaf factor size 100000
using default pruning method: BasicPruning
using incident-arcs factoring profile
performing Star Decoupled A* search
using default pruning method: BasicPruning
using factoring portfolio
reading input... [t=0s]
Simplifying transitions... done!
done reading input! [t=0.05s]
building causal graph...done! [t=0.05s]
Peak memory: 6644 KB
returncode: 3

remaining time: 1799.18
config 2: relative time 700, remaining 700
g bound: infinity
next plan number: 1
args: ['/planner/src/search/downward-release', '--heuristic', 'hlm1,hff1=lm_ff_syn(lm_rhw(reasonable_orders=true,                           lm_cost_type=one,cost_type=one))', '--search', 'lazy_greedy([hff1,hlm1],preferred=[hff1,hlm1], cost_type=one, reopen_closed=false, bound=infinity)', '--internal-previous-portfolio-plans', '0', '--internal-plan-file', 're.out']
timeout: 1799.18 -> (1800, 1801)
reading input... [t=0s]
Simplifying transitions... done!
done reading input! [t=0.05s]
building causal graph...done! [t=0.05s]
Variables: 56
Bytes per state: 12
done! [t=0.05s]
done initalizing global data [t=0.05s]
Initializing Exploration...
Generating landmarks using the RPG/SAS+ approach
approx. reasonable orders
approx. obedient reasonable orders
Removed 0 reasonable or obedient reasonable orders
Landmarks generation time: 0.0479868s
Discovered 61 landmarks, of which 5 are disjunctive and 0 are conjunctive 
374 edges
Initializing LAMA-FF Synergy Object
Initializing landmarks count heuristic...
29 initial landmarks, 5 goal landmarks
Conducting lazy best first search, (real) bound = 2147483647
Best heuristic value: 26/16 [g=0, 1 evaluated, 0 expanded, t=0.1s, 7700 KB]
Best heuristic value: 23/15 [g=1, 2 evaluated, 1 expanded, t=0.1s, 7700 KB]
Best heuristic value: 22/15 [g=2, 3 evaluated, 2 expanded, t=0.1s, 7700 KB]
Best heuristic value: 21/15 [g=3, 4 evaluated, 3 expanded, t=0.1s, 7700 KB]
Best heuristic value: 20/15 [g=4, 8 evaluated, 7 expanded, t=0.1s, 7700 KB]
Best heuristic value: 16/15 [g=5, 10 evaluated, 9 expanded, t=0.1s, 7700 KB]
Best heuristic value: 13/15 [g=7, 18 evaluated, 17 expanded, t=0.11s, 7700 KB]
Best heuristic value: 11/15 [g=9, 24 evaluated, 23 expanded, t=0.11s, 7828 KB]
Best heuristic value: 10/15 [g=10, 27 evaluated, 26 expanded, t=0.11s, 7828 KB]
Best heuristic value: 9/15 [g=12, 33 evaluated, 32 expanded, t=0.11s, 7828 KB]
Best heuristic value: 8/15 [g=13, 37 evaluated, 35 expanded, t=0.11s, 7828 KB]
Best heuristic value: 7/15 [g=14, 41 evaluated, 39 expanded, t=0.11s, 7828 KB]
Best heuristic value: 6/15 [g=14, 49 evaluated, 47 expanded, t=0.11s, 7828 KB]
Best heuristic value: 5/15 [g=16, 373 evaluated, 353 expanded, t=0.19s, 7828 KB]
Best heuristic value: 4/15 [g=17, 375 evaluated, 355 expanded, t=0.19s, 7952 KB]
Best heuristic value: 4/14 [g=18, 378 evaluated, 358 expanded, t=0.19s, 7952 KB]
Best heuristic value: 4/13 [g=19, 379 evaluated, 359 expanded, t=0.19s, 7952 KB]
Best heuristic value: 3/13 [g=20, 380 evaluated, 360 expanded, t=0.19s, 7952 KB]
Best heuristic value: 2/10 [g=21, 383 evaluated, 363 expanded, t=0.19s, 7952 KB]
Best heuristic value: 2/9 [g=22, 384 evaluated, 364 expanded, t=0.19s, 7952 KB]
Best heuristic value: 1/9 [g=23, 385 evaluated, 365 expanded, t=0.19s, 7952 KB]
Best heuristic value: 1/8 [g=24, 388 evaluated, 367 expanded, t=0.2s, 7952 KB]
Best heuristic value: 1/7 [g=26, 398 evaluated, 377 expanded, t=0.2s, 7952 KB]
Best heuristic value: 1/5 [g=27, 399 evaluated, 378 expanded, t=0.2s, 7952 KB]
Best heuristic value: 0/3 [g=28, 400 evaluated, 379 expanded, t=0.2s, 7952 KB]
Best heuristic value: 0/2 [g=29, 401 evaluated, 380 expanded, t=0.2s, 7952 KB]
Best heuristic value: 0/1 [g=30, 402 evaluated, 381 expanded, t=0.2s, 7952 KB]
Solution found!
Actual search time: 0.1s [t=0.2s]
move-from-arrival train1 v1 t0 t3 t4 track1 (1)
switch-to-next-train train1 train2 (1)
move-from-arrival train2 v2 v1 t5 t6 track2 (1)
switch-to-next-train train2 train3 (1)
move-from-arrival train3 v3 v2 t0 t5 track2 (1)
switch-to-next-train train3 train1 (1)
switch-to-next-train train1 train4 (1)
move-from-arrival train4 v4 v3 t2 t3 track1 (1)
switch-to-next-train train4 train5 (1)
move-from-arrival train5 v5 v4 t1 t2 track1 (1)
switch-to-next-train train5 train6 (1)
move-from-arrival train6 v6 v5 t0 t1 track1 (1)
switch-to-next-train train6 train1 (1)
switch-to-next-train train1 train3 (1)
move-to-departure train3 t5 t0 v5 v6 track2 (1)
switch-to-next-train train3 train1 (1)
switch-to-next-train train1 train2 (1)
move-to-departure train2 t6 t5 v4 v5 track2 (1)
switch-to-next-train train2 train1 (1)
switch-to-next-train train1 train6 (1)
move-from-track train6 t1 t0 t0 track1 (1)
move-to-track train6 t0 t5 t6 track2 (1)
switch-to-next-train train6 train5 (1)
move-to-departure train5 t2 t1 v3 v4 track1 (1)
switch-to-next-train train5 train1 (1)
switch-to-next-train train1 train4 (1)
move-to-departure train4 t3 t2 v2 v3 track1 (1)
switch-to-next-train train4 train1 (1)
move-to-departure train1 t4 t3 v1 v2 track1 (1)
switch-to-next-train train1 train6 (1)
move-to-departure train6 t6 t5 t0 v1 track2 (1)
Plan length: 31 step(s).
Plan cost: 31
Initial state h value: 26/16.
Expanded 383 state(s).
Reopened 0 state(s).
Evaluated 404 state(s).
Evaluations: 808
Generated 2038 state(s).
Dead ends: 20 state(s).
Number of registered states: 404
Search time: 0.1s
Total time: 0.2s
Solution found.
Peak memory: 7952 KB
returncode: 0

plan manager: found new plan with cost 31
Abort portfolio and run final config.
remaining time: 1798.97
config 0: relative time 1, remaining 1
g bound: 31
next plan number: 2
args: ['/planner/src/search/downward-release', '--heuristic', 'hlm,hff=lm_ff_syn(lm_rhw(reasonable_orders=true,                         lm_cost_type=one,cost_type=one))', '--search', 'iterated([\n                     lazy_greedy([hff,hlm],preferred=[hff,hlm],\n                                 cost_type=one,reopen_closed=false),\n                     lazy_greedy([hff,hlm],preferred=[hff,hlm],\n                                 reopen_closed=false),\n                     lazy_wastar([hff,hlm],preferred=[hff,hlm],w=5),\n                     lazy_wastar([hff,hlm],preferred=[hff,hlm],w=3),\n                     lazy_wastar([hff,hlm],preferred=[hff,hlm],w=2),\n                     lazy_wastar([hff,hlm],preferred=[hff,hlm],w=1)\n                     ],repeat_last=true,continue_on_fail=true, bound=31)', '--internal-previous-portfolio-plans', '1', '--internal-plan-file', 're.out']
timeout: 1798.97 -> (1799, 1800)
reading input... [t=0s]
Simplifying transitions... done!
done reading input! [t=0.05s]
building causal graph...done! [t=0.06s]
Variables: 56
Bytes per state: 12
done! [t=0.06s]
done initalizing global data [t=0.06s]
Initializing Exploration...
Generating landmarks using the RPG/SAS+ approach
approx. reasonable orders
approx. obedient reasonable orders
Removed 0 reasonable or obedient reasonable orders
Landmarks generation time: 0.0319993s
Discovered 61 landmarks, of which 5 are disjunctive and 0 are conjunctive 
374 edges
Initializing LAMA-FF Synergy Object
Initializing landmarks count heuristic...
29 initial landmarks, 5 goal landmarks
Starting search: lazy_greedy(list(hff, hlm), preferred = list(hff, hlm), cost_type = one, reopen_closed = false)
Conducting lazy best first search, (real) bound = 31
Best heuristic value: 26/16 [g=0, 1 evaluated, 0 expanded, t=0.09s, 7724 KB]
Best heuristic value: 23/15 [g=1, 2 evaluated, 1 expanded, t=0.09s, 7724 KB]
Best heuristic value: 22/15 [g=2, 3 evaluated, 2 expanded, t=0.09s, 7724 KB]
Best heuristic value: 21/15 [g=3, 4 evaluated, 3 expanded, t=0.1s, 7724 KB]
Best heuristic value: 20/15 [g=4, 8 evaluated, 7 expanded, t=0.1s, 7724 KB]
Best heuristic value: 16/15 [g=5, 10 evaluated, 9 expanded, t=0.1s, 7724 KB]
Best heuristic value: 13/15 [g=7, 18 evaluated, 17 expanded, t=0.1s, 7844 KB]
Best heuristic value: 11/15 [g=9, 24 evaluated, 23 expanded, t=0.1s, 7844 KB]
Best heuristic value: 10/15 [g=10, 27 evaluated, 26 expanded, t=0.1s, 7844 KB]
Best heuristic value: 9/15 [g=12, 33 evaluated, 32 expanded, t=0.1s, 7844 KB]
Best heuristic value: 8/15 [g=13, 37 evaluated, 35 expanded, t=0.1s, 7844 KB]
Best heuristic value: 7/15 [g=14, 41 evaluated, 39 expanded, t=0.1s, 7844 KB]
Best heuristic value: 6/15 [g=14, 49 evaluated, 47 expanded, t=0.11s, 7844 KB]
Best heuristic value: 5/15 [g=16, 373 evaluated, 353 expanded, t=0.19s, 7972 KB]
Best heuristic value: 4/15 [g=17, 375 evaluated, 355 expanded, t=0.19s, 7972 KB]
Best heuristic value: 4/14 [g=18, 378 evaluated, 358 expanded, t=0.19s, 7972 KB]
Best heuristic value: 4/13 [g=19, 379 evaluated, 359 expanded, t=0.19s, 7972 KB]
Best heuristic value: 3/13 [g=20, 380 evaluated, 360 expanded, t=0.19s, 7972 KB]
Best heuristic value: 2/10 [g=21, 383 evaluated, 363 expanded, t=0.19s, 7972 KB]
Best heuristic value: 2/9 [g=22, 384 evaluated, 364 expanded, t=0.19s, 7972 KB]
Best heuristic value: 1/9 [g=23, 385 evaluated, 365 expanded, t=0.19s, 7972 KB]
Best heuristic value: 1/8 [g=24, 388 evaluated, 367 expanded, t=0.19s, 7972 KB]
Best heuristic value: 1/7 [g=26, 398 evaluated, 377 expanded, t=0.19s, 7972 KB]
Best heuristic value: 1/5 [g=27, 399 evaluated, 378 expanded, t=0.19s, 7972 KB]
Best heuristic value: 0/3 [g=28, 400 evaluated, 379 expanded, t=0.19s, 7972 KB]
Best heuristic value: 0/2 [g=29, 401 evaluated, 380 expanded, t=0.19s, 7972 KB]
Best heuristic value: 0/1 [g=30, 402 evaluated, 381 expanded, t=0.19s, 7972 KB]
Solution found!
Actual search time: 0.15s [t=0.24s]
move-from-arrival train1 v1 t0 t5 t6 track2 (1)
switch-to-next-train train1 train2 (1)
move-from-arrival train2 v2 v1 t3 t4 track1 (1)
switch-to-next-train train2 train3 (1)
move-from-arrival train3 v3 v2 t0 t5 track2 (1)
switch-to-next-train train3 train1 (1)
switch-to-next-train train1 train4 (1)
move-from-arrival train4 v4 v3 t2 t3 track1 (1)
switch-to-next-train train4 train5 (1)
move-from-arrival train5 v5 v4 t1 t2 track1 (1)
switch-to-next-train train5 train6 (1)
move-from-arrival train6 v6 v5 t0 t1 track1 (1)
switch-to-next-train train6 train1 (1)
switch-to-next-train train1 train3 (1)
move-to-departure train3 t5 t0 v5 v6 track2 (1)
switch-to-next-train train3 train1 (1)
move-to-departure train1 t6 t5 v4 v5 track2 (1)
switch-to-next-train train1 train2 (1)
switch-to-next-train train2 train6 (1)
move-from-track train6 t1 t0 t0 track1 (1)
move-to-track train6 t0 t5 t6 track2 (1)
switch-to-next-train train6 train5 (1)
move-to-departure train5 t2 t1 v3 v4 track1 (1)
switch-to-next-train train5 train2 (1)
switch-to-next-train train2 train4 (1)
move-to-departure train4 t3 t2 v2 v3 track1 (1)
switch-to-next-train train4 train2 (1)
move-to-departure train2 t4 t3 v1 v2 track1 (1)
switch-to-next-train train2 train6 (1)
move-to-departure train6 t6 t5 t0 v1 track2 (1)
Plan length: 30 step(s).
Plan cost: 30
Initial state h value: 26/16.
Expanded 569 state(s).
Reopened 0 state(s).
Evaluated 603 state(s).
Evaluations: 1206
Generated 3044 state(s).
Dead ends: 33 state(s).
Number of registered states: 603
Best solution cost so far: 30
Solution found - keep searching
Starting search: lazy_greedy(list(hff, hlm), preferred = list(hff, hlm), reopen_closed = false)
Conducting lazy best first search, (real) bound = 30
Best heuristic value: 26/16 [g=0, 1 evaluated, 0 expanded, t=0.24s, 8096 KB]
Best heuristic value: 23/15 [g=1, 2 evaluated, 1 expanded, t=0.24s, 8096 KB]
Best heuristic value: 22/15 [g=2, 3 evaluated, 2 expanded, t=0.24s, 8096 KB]
Best heuristic value: 21/15 [g=3, 4 evaluated, 3 expanded, t=0.24s, 8096 KB]
Best heuristic value: 20/15 [g=4, 8 evaluated, 7 expanded, t=0.24s, 8096 KB]
Best heuristic value: 16/15 [g=5, 10 evaluated, 9 expanded, t=0.24s, 8096 KB]
Best heuristic value: 13/15 [g=7, 18 evaluated, 17 expanded, t=0.24s, 8096 KB]
Best heuristic value: 11/15 [g=9, 24 evaluated, 23 expanded, t=0.24s, 8096 KB]
Best heuristic value: 10/15 [g=10, 27 evaluated, 26 expanded, t=0.24s, 8096 KB]
Best heuristic value: 9/15 [g=12, 33 evaluated, 32 expanded, t=0.24s, 8096 KB]
Best heuristic value: 8/15 [g=13, 37 evaluated, 35 expanded, t=0.25s, 8096 KB]
Best heuristic value: 7/15 [g=14, 41 evaluated, 39 expanded, t=0.25s, 8096 KB]
Best heuristic value: 6/15 [g=14, 49 evaluated, 47 expanded, t=0.25s, 8096 KB]
Best heuristic value: 5/15 [g=16, 373 evaluated, 353 expanded, t=0.33s, 8096 KB]
Best heuristic value: 4/15 [g=17, 375 evaluated, 355 expanded, t=0.33s, 8096 KB]
Best heuristic value: 4/14 [g=18, 378 evaluated, 358 expanded, t=0.33s, 8096 KB]
Best heuristic value: 4/13 [g=19, 379 evaluated, 359 expanded, t=0.33s, 8096 KB]
Best heuristic value: 3/13 [g=20, 380 evaluated, 360 expanded, t=0.33s, 8096 KB]
Best heuristic value: 2/10 [g=21, 383 evaluated, 363 expanded, t=0.33s, 8096 KB]
Best heuristic value: 2/9 [g=22, 384 evaluated, 364 expanded, t=0.33s, 8096 KB]
Best heuristic value: 1/9 [g=23, 385 evaluated, 365 expanded, t=0.33s, 8096 KB]
Best heuristic value: 1/8 [g=24, 388 evaluated, 367 expanded, t=0.33s, 8096 KB]
Best heuristic value: 1/7 [g=26, 398 evaluated, 377 expanded, t=0.33s, 8096 KB]
Best heuristic value: 1/5 [g=27, 399 evaluated, 378 expanded, t=0.33s, 8096 KB]
Best heuristic value: 0/3 [g=28, 400 evaluated, 379 expanded, t=0.33s, 8096 KB]
Best heuristic value: 0/2 [g=29, 401 evaluated, 380 expanded, t=0.33s, 8096 KB]
Best heuristic value: 0/1 [g=29, 598 evaluated, 566 expanded, t=0.38s, 8220 KB]
Completely explored state space -- no solution!
Actual search time: 0.2s [t=0.44s]
Initial state h value: 26/16.
Expanded 815 state(s).
Reopened 0 state(s).
Evaluated 857 state(s).
Evaluations: 1714
Generated 4367 state(s).
Dead ends: 42 state(s).
Number of registered states: 861
Best solution cost so far: 30
No solution found - keep searching
Starting search: lazy_wastar(list(hff, hlm), preferred = list(hff, hlm), w = 5)
Conducting lazy best first search, (real) bound = 30
Best heuristic value: 26/16 [g=0, 1 evaluated, 0 expanded, t=0.44s, 8220 KB]
Best heuristic value: 23/15 [g=1, 2 evaluated, 1 expanded, t=0.44s, 8220 KB]
Best heuristic value: 22/15 [g=2, 3 evaluated, 2 expanded, t=0.44s, 8220 KB]
Best heuristic value: 21/15 [g=3, 4 evaluated, 3 expanded, t=0.44s, 8220 KB]
Best heuristic value: 20/15 [g=4, 8 evaluated, 7 expanded, t=0.44s, 8220 KB]
Best heuristic value: 16/15 [g=5, 10 evaluated, 9 expanded, t=0.44s, 8220 KB]
Best heuristic value: 13/15 [g=7, 18 evaluated, 17 expanded, t=0.45s, 8220 KB]
Best heuristic value: 11/15 [g=9, 24 evaluated, 23 expanded, t=0.45s, 8220 KB]
Best heuristic value: 10/15 [g=10, 27 evaluated, 26 expanded, t=0.45s, 8220 KB]
Best heuristic value: 9/15 [g=12, 33 evaluated, 32 expanded, t=0.45s, 8220 KB]
Best heuristic value: 8/15 [g=13, 37 evaluated, 35 expanded, t=0.45s, 8220 KB]
Best heuristic value: 7/15 [g=14, 41 evaluated, 39 expanded, t=0.45s, 8220 KB]
Best heuristic value: 6/15 [g=14, 52 evaluated, 50 expanded, 2 reopened, t=0.46s, 8220 KB]
Best heuristic value: 5/15 [g=15, 859 evaluated, 833 expanded, 364 reopened, t=0.65s, 8348 KB]
Best heuristic value: 4/15 [g=16, 861 evaluated, 835 expanded, 364 reopened, t=0.65s, 8348 KB]
Best heuristic value: 4/14 [g=17, 864 evaluated, 838 expanded, 364 reopened, t=0.65s, 8348 KB]
Best heuristic value: 4/13 [g=18, 865 evaluated, 839 expanded, 364 reopened, t=0.65s, 8348 KB]
Best heuristic value: 3/13 [g=19, 866 evaluated, 840 expanded, 364 reopened, t=0.65s, 8348 KB]
Best heuristic value: 2/10 [g=19, 872 evaluated, 846 expanded, 367 reopened, t=0.65s, 8348 KB]
Best heuristic value: 2/9 [g=20, 873 evaluated, 847 expanded, 367 reopened, t=0.66s, 8348 KB]
Best heuristic value: 1/9 [g=21, 874 evaluated, 848 expanded, 367 reopened, t=0.66s, 8348 KB]
Best heuristic value: 1/8 [g=21, 879 evaluated, 852 expanded, 369 reopened, t=0.66s, 8476 KB]
Best heuristic value: 1/7 [g=24, 889 evaluated, 862 expanded, 369 reopened, t=0.66s, 8476 KB]
Best heuristic value: 1/5 [g=25, 890 evaluated, 863 expanded, 369 reopened, t=0.66s, 8476 KB]
Best heuristic value: 0/3 [g=26, 891 evaluated, 864 expanded, 369 reopened, t=0.66s, 8476 KB]
Best heuristic value: 0/2 [g=27, 892 evaluated, 865 expanded, 369 reopened, t=0.66s, 8476 KB]
Best heuristic value: 0/1 [g=28, 893 evaluated, 866 expanded, 369 reopened, t=0.66s, 8476 KB]
Solution found!
Actual search time: 0.22s [t=0.66s]
move-from-arrival train1 v1 t0 t3 t4 track1 (1)
switch-to-next-train train1 train2 (1)
move-from-arrival train2 v2 v1 t5 t6 track2 (1)
switch-to-next-train train2 train3 (1)
move-from-arrival train3 v3 v2 t0 t5 track2 (1)
switch-to-next-train train3 train4 (1)
move-from-arrival train4 v4 v3 t2 t3 track1 (1)
switch-to-next-train train4 train5 (1)
move-from-arrival train5 v5 v4 t1 t2 track1 (1)
switch-to-next-train train5 train6 (1)
move-from-arrival train6 v6 v5 t0 t1 track1 (1)
switch-to-next-train train6 train1 (1)
switch-to-next-train train1 train3 (1)
move-to-departure train3 t5 t0 v5 v6 track2 (1)
switch-to-next-train train3 train1 (1)
switch-to-next-train train1 train2 (1)
move-to-departure train2 t6 t5 v4 v5 track2 (1)
switch-to-next-train train2 train6 (1)
move-from-track train6 t1 t0 t0 track1 (1)
move-to-track train6 t0 t5 t6 track2 (1)
switch-to-next-train train6 train5 (1)
move-to-departure train5 t2 t1 v3 v4 track1 (1)
switch-to-next-train train5 train1 (1)
switch-to-next-train train1 train4 (1)
move-to-departure train4 t3 t2 v2 v3 track1 (1)
switch-to-next-train train4 train1 (1)
move-to-departure train1 t4 t3 v1 v2 track1 (1)
switch-to-next-train train1 train6 (1)
move-to-departure train6 t6 t5 t0 v1 track2 (1)
Plan length: 29 step(s).
Plan cost: 29
Initial state h value: 26/16.
Expanded 868 state(s).
Reopened 369 state(s).
Evaluated 895 state(s).
Evaluations: 1790
Generated 4624 state(s).
Dead ends: 26 state(s).
Number of registered states: 862
Best solution cost so far: 29
Solution found - keep searching
Starting search: lazy_wastar(list(hff, hlm), preferred = list(hff, hlm), w = 3)
Conducting lazy best first search, (real) bound = 29
Best heuristic value: 26/16 [g=0, 1 evaluated, 0 expanded, t=0.66s, 8476 KB]
Best heuristic value: 23/15 [g=1, 2 evaluated, 1 expanded, t=0.66s, 8476 KB]
Best heuristic value: 22/15 [g=2, 3 evaluated, 2 expanded, t=0.66s, 8476 KB]
Best heuristic value: 21/15 [g=3, 4 evaluated, 3 expanded, t=0.66s, 8476 KB]
Best heuristic value: 20/15 [g=4, 8 evaluated, 7 expanded, t=0.66s, 8476 KB]
Best heuristic value: 16/15 [g=5, 10 evaluated, 9 expanded, t=0.66s, 8476 KB]
Best heuristic value: 13/15 [g=7, 18 evaluated, 17 expanded, t=0.66s, 8476 KB]
Best heuristic value: 11/15 [g=9, 24 evaluated, 23 expanded, t=0.67s, 8476 KB]
Best heuristic value: 10/15 [g=10, 27 evaluated, 26 expanded, t=0.67s, 8476 KB]
Best heuristic value: 9/15 [g=12, 33 evaluated, 32 expanded, t=0.67s, 8476 KB]
Best heuristic value: 8/15 [g=13, 37 evaluated, 35 expanded, t=0.67s, 8476 KB]
Best heuristic value: 7/15 [g=14, 41 evaluated, 39 expanded, t=0.67s, 8476 KB]
Best heuristic value: 6/15 [g=14, 52 evaluated, 50 expanded, 2 reopened, t=0.67s, 8476 KB]
Best heuristic value: 5/15 [g=16, 487 evaluated, 477 expanded, 201 reopened, t=0.77s, 8600 KB]
Best heuristic value: 4/15 [g=17, 489 evaluated, 479 expanded, 201 reopened, t=0.78s, 8600 KB]
Best heuristic value: 4/14 [g=18, 493 evaluated, 483 expanded, 202 reopened, t=0.78s, 8600 KB]
Best heuristic value: 4/13 [g=19, 494 evaluated, 484 expanded, 202 reopened, t=0.78s, 8600 KB]
Best heuristic value: 3/13 [g=20, 495 evaluated, 485 expanded, 202 reopened, t=0.78s, 8600 KB]
Best heuristic value: 2/10 [g=20, 501 evaluated, 491 expanded, 205 reopened, t=0.78s, 8600 KB]
Best heuristic value: 2/9 [g=21, 502 evaluated, 492 expanded, 205 reopened, t=0.78s, 8600 KB]
Best heuristic value: 1/9 [g=22, 503 evaluated, 493 expanded, 205 reopened, t=0.78s, 8600 KB]
Best heuristic value: 1/8 [g=22, 508 evaluated, 497 expanded, 207 reopened, t=0.78s, 8600 KB]
Best heuristic value: 1/7 [g=24, 535 evaluated, 523 expanded, 222 reopened, t=0.79s, 8600 KB]
Best heuristic value: 1/5 [g=25, 536 evaluated, 524 expanded, 222 reopened, t=0.79s, 8600 KB]
Best heuristic value: 0/3 [g=26, 537 evaluated, 525 expanded, 222 reopened, t=0.79s, 8600 KB]
Best heuristic value: 0/2 [g=27, 538 evaluated, 526 expanded, 222 reopened, t=0.79s, 8600 KB]
Best heuristic value: 0/1 [g=28, 539 evaluated, 527 expanded, 222 reopened, t=0.79s, 8600 KB]
Solution found!
Actual search time: 0.14s [t=0.8s]
move-from-arrival train1 v1 t0 t3 t4 track1 (1)
switch-to-next-train train1 train2 (1)
move-from-arrival train2 v2 v1 t5 t6 track2 (1)
switch-to-next-train train2 train3 (1)
move-from-arrival train3 v3 v2 t0 t5 track2 (1)
switch-to-next-train train3 train4 (1)
move-from-arrival train4 v4 v3 t2 t3 track1 (1)
switch-to-next-train train4 train5 (1)
move-from-arrival train5 v5 v4 t1 t2 track1 (1)
switch-to-next-train train5 train3 (1)
switch-to-next-train train3 train6 (1)
move-from-arrival train6 v6 v5 t0 t1 track1 (1)
switch-to-next-train train6 train1 (1)
switch-to-next-train train1 train3 (1)
move-to-departure train3 t5 t0 v5 v6 track2 (1)
switch-to-next-train train3 train2 (1)
move-to-departure train2 t6 t5 v4 v5 track2 (1)
switch-to-next-train train2 train6 (1)
move-from-track train6 t1 t0 t0 track1 (1)
move-to-track train6 t0 t5 t6 track2 (1)
switch-to-next-train train6 train5 (1)
move-to-departure train5 t2 t1 v3 v4 track1 (1)
switch-to-next-train train5 train4 (1)
move-to-departure train4 t3 t2 v2 v3 track1 (1)
switch-to-next-train train4 train1 (1)
move-to-departure train1 t4 t3 v1 v2 track1 (1)
switch-to-next-train train1 train6 (1)
move-to-departure train6 t6 t5 t0 v1 track2 (1)
Plan length: 28 step(s).
Plan cost: 28
Initial state h value: 26/16.
Expanded 537 state(s).
Reopened 228 state(s).
Evaluated 550 state(s).
Evaluations: 1100
Generated 2876 state(s).
Dead ends: 12 state(s).
Number of registered states: 862
Best solution cost so far: 28
Solution found - keep searching
Starting search: lazy_wastar(list(hff, hlm), preferred = list(hff, hlm), w = 2)
Conducting lazy best first search, (real) bound = 28
Best heuristic value: 26/16 [g=0, 1 evaluated, 0 expanded, t=0.8s, 8728 KB]
Best heuristic value: 23/15 [g=1, 2 evaluated, 1 expanded, t=0.8s, 8728 KB]
Best heuristic value: 22/15 [g=2, 3 evaluated, 2 expanded, t=0.8s, 8728 KB]
Best heuristic value: 21/15 [g=3, 4 evaluated, 3 expanded, t=0.8s, 8728 KB]
Best heuristic value: 20/15 [g=4, 8 evaluated, 7 expanded, t=0.8s, 8728 KB]
Best heuristic value: 16/15 [g=5, 10 evaluated, 9 expanded, t=0.8s, 8728 KB]
Best heuristic value: 13/15 [g=7, 22 evaluated, 21 expanded, t=0.8s, 8728 KB]
Best heuristic value: 11/15 [g=9, 30 evaluated, 29 expanded, t=0.8s, 8728 KB]
Best heuristic value: 10/15 [g=10, 33 evaluated, 32 expanded, t=0.8s, 8728 KB]
Best heuristic value: 9/15 [g=11, 38 evaluated, 37 expanded, 2 reopened, t=0.8s, 8728 KB]
Best heuristic value: 8/15 [g=12, 40 evaluated, 38 expanded, 2 reopened, t=0.8s, 8728 KB]
Best heuristic value: 7/15 [g=13, 43 evaluated, 41 expanded, 2 reopened, t=0.81s, 8728 KB]
Best heuristic value: 6/15 [g=13, 50 evaluated, 48 expanded, 4 reopened, t=0.81s, 8728 KB]
Best heuristic value: 5/15 [g=15, 372 evaluated, 362 expanded, 86 reopened, t=0.89s, 8852 KB]
Best heuristic value: 4/15 [g=16, 375 evaluated, 365 expanded, 87 reopened, t=0.89s, 8852 KB]
Best heuristic value: 4/14 [g=16, 381 evaluated, 371 expanded, 90 reopened, t=0.89s, 8852 KB]
Best heuristic value: 4/13 [g=17, 382 evaluated, 372 expanded, 90 reopened, t=0.89s, 8852 KB]
Best heuristic value: 3/13 [g=18, 383 evaluated, 373 expanded, 90 reopened, t=0.89s, 8852 KB]
Best heuristic value: 2/10 [g=18, 389 evaluated, 379 expanded, 93 reopened, t=0.89s, 8852 KB]
Best heuristic value: 2/9 [g=19, 390 evaluated, 380 expanded, 93 reopened, t=0.89s, 8852 KB]
Best heuristic value: 1/9 [g=20, 391 evaluated, 381 expanded, 93 reopened, t=0.89s, 8852 KB]
Best heuristic value: 1/8 [g=20, 396 evaluated, 385 expanded, 95 reopened, t=0.89s, 8852 KB]
Best heuristic value: 1/7 [g=23, 413 evaluated, 401 expanded, 98 reopened, t=0.9s, 8852 KB]
Best heuristic value: 1/5 [g=23, 415 evaluated, 403 expanded, 99 reopened, t=0.9s, 8852 KB]
Best heuristic value: 0/3 [g=24, 416 evaluated, 404 expanded, 99 reopened, t=0.9s, 8852 KB]
Best heuristic value: 0/2 [g=25, 418 evaluated, 406 expanded, 99 reopened, t=0.9s, 8852 KB]
Best heuristic value: 0/1 [g=26, 419 evaluated, 407 expanded, 99 reopened, t=0.9s, 8852 KB]
Solution found!
Actual search time: 0.1s [t=0.9s]
move-from-arrival train1 v1 t0 t3 t4 track1 (1)
switch-to-next-train train1 train2 (1)
move-from-arrival train2 v2 v1 t5 t6 track2 (1)
switch-to-next-train train2 train3 (1)
move-from-arrival train3 v3 v2 t0 t5 track2 (1)
switch-to-next-train train3 train4 (1)
move-from-arrival train4 v4 v3 t2 t3 track1 (1)
switch-to-next-train train4 train5 (1)
move-from-arrival train5 v5 v4 t1 t2 track1 (1)
switch-to-next-train train5 train6 (1)
move-from-arrival train6 v6 v5 t0 t1 track1 (1)
switch-to-next-train train6 train1 (1)
switch-to-next-train train1 train3 (1)
move-to-departure train3 t5 t0 v5 v6 track2 (1)
switch-to-next-train train3 train2 (1)
move-to-departure train2 t6 t5 v4 v5 track2 (1)
switch-to-next-train train2 train6 (1)
move-from-track train6 t1 t0 t0 track1 (1)
move-to-track train6 t0 t5 t6 track2 (1)
switch-to-next-train train6 train5 (1)
move-to-departure train5 t2 t1 v3 v4 track1 (1)
switch-to-next-train train5 train4 (1)
move-to-departure train4 t3 t2 v2 v3 track1 (1)
switch-to-next-train train4 train1 (1)
move-to-departure train1 t4 t3 v1 v2 track1 (1)
switch-to-next-train train1 train6 (1)
move-to-departure train6 t6 t5 t0 v1 track2 (1)
Plan length: 27 step(s).
Plan cost: 27
Initial state h value: 26/16.
Expanded 409 state(s).
Reopened 99 state(s).
Evaluated 421 state(s).
Evaluations: 842
Generated 2191 state(s).
Dead ends: 11 state(s).
Number of registered states: 862
Best solution cost so far: 27
Solution found - keep searching
Starting search: lazy_wastar(list(hff, hlm), preferred = list(hff, hlm), w = 1)
Conducting lazy best first search, (real) bound = 27
Best heuristic value: 26/16 [g=0, 1 evaluated, 0 expanded, t=0.9s, 8852 KB]
Best heuristic value: 23/15 [g=1, 2 evaluated, 1 expanded, t=0.9s, 8852 KB]
Best heuristic value: 22/15 [g=2, 3 evaluated, 2 expanded, t=0.9s, 8852 KB]
Best heuristic value: 21/15 [g=3, 13 evaluated, 12 expanded, t=0.9s, 8852 KB]
Best heuristic value: 20/15 [g=4, 22 evaluated, 21 expanded, t=0.9s, 8852 KB]
Best heuristic value: 16/15 [g=5, 34 evaluated, 33 expanded, t=0.91s, 8852 KB]
Best heuristic value: 13/15 [g=7, 44 evaluated, 43 expanded, t=0.91s, 8980 KB]
Best heuristic value: 11/15 [g=9, 50 evaluated, 49 expanded, t=0.91s, 8980 KB]
Best heuristic value: 10/15 [g=10, 53 evaluated, 52 expanded, t=0.91s, 8980 KB]
Best heuristic value: 9/15 [g=11, 56 evaluated, 55 expanded, t=0.91s, 8980 KB]
Best heuristic value: 8/15 [g=12, 59 evaluated, 57 expanded, t=0.91s, 8980 KB]
Best heuristic value: 7/15 [g=12, 60 evaluated, 58 expanded, t=0.91s, 8980 KB]
Best heuristic value: 6/15 [g=13, 62 evaluated, 60 expanded, t=0.91s, 8980 KB]
Best heuristic value: 5/15 [g=14, 198 evaluated, 192 expanded, 13 reopened, t=0.95s, 8980 KB]
Best heuristic value: 4/15 [g=14, 200 evaluated, 194 expanded, 13 reopened, t=0.95s, 8980 KB]
Best heuristic value: 4/14 [g=15, 209 evaluated, 203 expanded, 15 reopened, t=0.95s, 8980 KB]
Best heuristic value: 4/13 [g=16, 217 evaluated, 210 expanded, 15 reopened, t=0.95s, 8980 KB]
Best heuristic value: 3/13 [g=16, 219 evaluated, 212 expanded, 15 reopened, t=0.95s, 8980 KB]
Best heuristic value: 2/10 [g=17, 249 evaluated, 242 expanded, 17 reopened, t=0.96s, 8980 KB]
Best heuristic value: 2/9 [g=18, 250 evaluated, 243 expanded, 17 reopened, t=0.96s, 8980 KB]
Best heuristic value: 1/9 [g=18, 251 evaluated, 244 expanded, 17 reopened, t=0.96s, 8980 KB]
Best heuristic value: 1/8 [g=19, 262 evaluated, 254 expanded, 17 reopened, t=0.96s, 8980 KB]
Best heuristic value: 1/7 [g=21, 619 evaluated, 586 expanded, 72 reopened, t=1.05s, 9100 KB]
Best heuristic value: 1/5 [g=22, 620 evaluated, 587 expanded, 72 reopened, t=1.05s, 9100 KB]
Best heuristic value: 0/3 [g=23, 621 evaluated, 588 expanded, 72 reopened, t=1.05s, 9100 KB]
Best heuristic value: 0/2 [g=24, 622 evaluated, 589 expanded, 72 reopened, t=1.05s, 9100 KB]
Best heuristic value: 0/1 [g=25, 624 evaluated, 591 expanded, 72 reopened, t=1.05s, 9100 KB]
Solution found!
Actual search time: 0.15s [t=1.05s]
move-from-arrival train1 v1 t0 t3 t4 track1 (1)
switch-to-next-train train1 train2 (1)
move-from-arrival train2 v2 v1 t5 t6 track2 (1)
switch-to-next-train train2 train3 (1)
move-from-arrival train3 v3 v2 t0 t5 track2 (1)
switch-to-next-train train3 train4 (1)
move-from-arrival train4 v4 v3 t2 t3 track1 (1)
switch-to-next-train train4 train5 (1)
move-from-arrival train5 v5 v4 t1 t2 track1 (1)
switch-to-next-train train5 train6 (1)
move-from-arrival train6 v6 v5 t0 t1 track1 (1)
switch-to-next-train train6 train3 (1)
move-to-departure train3 t5 t0 v5 v6 track2 (1)
switch-to-next-train train3 train2 (1)
move-to-departure train2 t6 t5 v4 v5 track2 (1)
switch-to-next-train train2 train6 (1)
move-from-track train6 t1 t0 t0 track1 (1)
move-to-track train6 t0 t5 t6 track2 (1)
switch-to-next-train train6 train5 (1)
move-to-departure train5 t2 t1 v3 v4 track1 (1)
switch-to-next-train train5 train4 (1)
move-to-departure train4 t3 t2 v2 v3 track1 (1)
switch-to-next-train train4 train1 (1)
move-to-departure train1 t4 t3 v1 v2 track1 (1)
switch-to-next-train train1 train6 (1)
move-to-departure train6 t6 t5 t0 v1 track2 (1)
Plan length: 26 step(s).
Plan cost: 26
Initial state h value: 26/16.
Expanded 592 state(s).
Reopened 72 state(s).
Evaluated 625 state(s).
Evaluations: 1250
Generated 3188 state(s).
Dead ends: 32 state(s).
Number of registered states: 862
Best solution cost so far: 26
Solution found - keep searching
Starting search: lazy_wastar(list(hff, hlm), preferred = list(hff, hlm), w = 1)
Conducting lazy best first search, (real) bound = 26
Best heuristic value: 26/16 [g=0, 1 evaluated, 0 expanded, t=1.05s, 9100 KB]
Best heuristic value: 23/15 [g=1, 2 evaluated, 1 expanded, t=1.05s, 9100 KB]
Best heuristic value: 22/15 [g=2, 3 evaluated, 2 expanded, t=1.05s, 9100 KB]
Best heuristic value: 21/15 [g=3, 13 evaluated, 12 expanded, t=1.05s, 9100 KB]
Best heuristic value: 20/15 [g=4, 22 evaluated, 21 expanded, t=1.05s, 9100 KB]
Best heuristic value: 16/15 [g=5, 34 evaluated, 33 expanded, t=1.06s, 9100 KB]
Best heuristic value: 13/15 [g=7, 44 evaluated, 43 expanded, t=1.06s, 9100 KB]
Best heuristic value: 11/15 [g=9, 50 evaluated, 49 expanded, t=1.06s, 9100 KB]
Best heuristic value: 10/15 [g=10, 53 evaluated, 52 expanded, t=1.06s, 9100 KB]
Best heuristic value: 9/15 [g=11, 56 evaluated, 55 expanded, t=1.06s, 9100 KB]
Best heuristic value: 8/15 [g=12, 59 evaluated, 57 expanded, t=1.06s, 9100 KB]
Best heuristic value: 7/15 [g=12, 60 evaluated, 58 expanded, t=1.06s, 9100 KB]
Best heuristic value: 6/15 [g=13, 62 evaluated, 60 expanded, t=1.06s, 9100 KB]
Best heuristic value: 5/15 [g=14, 198 evaluated, 192 expanded, 13 reopened, t=1.09s, 9228 KB]
Best heuristic value: 4/15 [g=14, 200 evaluated, 194 expanded, 13 reopened, t=1.09s, 9228 KB]
Best heuristic value: 4/14 [g=15, 209 evaluated, 203 expanded, 15 reopened, t=1.1s, 9228 KB]
Best heuristic value: 4/13 [g=16, 217 evaluated, 210 expanded, 15 reopened, t=1.1s, 9228 KB]
Best heuristic value: 3/13 [g=16, 219 evaluated, 212 expanded, 15 reopened, t=1.1s, 9228 KB]
Best heuristic value: 2/10 [g=17, 249 evaluated, 242 expanded, 17 reopened, t=1.11s, 9228 KB]
Best heuristic value: 2/9 [g=18, 250 evaluated, 243 expanded, 17 reopened, t=1.11s, 9228 KB]
Best heuristic value: 1/9 [g=18, 251 evaluated, 244 expanded, 17 reopened, t=1.11s, 9228 KB]
Best heuristic value: 1/8 [g=19, 262 evaluated, 254 expanded, 17 reopened, t=1.11s, 9228 KB]
Best heuristic value: 1/7 [g=21, 619 evaluated, 586 expanded, 72 reopened, t=1.19s, 9228 KB]
Best heuristic value: 1/5 [g=22, 620 evaluated, 587 expanded, 72 reopened, t=1.19s, 9228 KB]
Best heuristic value: 0/3 [g=23, 621 evaluated, 588 expanded, 72 reopened, t=1.19s, 9228 KB]
Best heuristic value: 0/2 [g=24, 622 evaluated, 589 expanded, 72 reopened, t=1.19s, 9228 KB]
Best heuristic value: 0/1 [g=25, 624 evaluated, 591 expanded, 72 reopened, t=1.19s, 9228 KB]
Completely explored state space -- no solution!
Actual search time: 0.22s [t=1.27s]
Initial state h value: 26/16.
Expanded 964 state(s).
Reopened 94 state(s).
Evaluated 1010 state(s).
Evaluations: 2020
Generated 5186 state(s).
Dead ends: 46 state(s).
Number of registered states: 918
Best solution cost so far: 26
No solution found - keep searching
Actual search time: 1.18s [t=1.27s]
Cumulative statistics:
Expanded 4754 state(s).
Reopened 862 state(s).
Evaluated 4961 state(s).
Evaluations: 9922
Generated 25476 state(s).
Dead ends: 0 state(s).
Search time: 1.18s
Total time: 1.27s
Solution found.
Peak memory: 9228 KB
returncode: 0

plan manager: found new plan with cost 30
plan manager: found new plan with cost 29
plan manager: found new plan with cost 28
plan manager: found new plan with cost 27
plan manager: found new plan with cost 26
Exit codes: [3, 3, 0, 0]
Error: Unexpected exit codes: [3]
Command '['run-portfolio', '/planner/src/driver/portfolios/seq_sat_ds.py']' returned non-zero exit status 3
