INFO     Running translator.
INFO     translator inputs: ['../../domain1.pddl', '../../problem2.pddl']
INFO     translator arguments: []
Parsing...
Parsing: [0.020s CPU, 0.011s wall-clock]
Normalizing task... [0.000s CPU, 0.001s wall-clock]
Instantiating...
Generating Datalog program... [0.000s CPU, 0.001s wall-clock]
Normalizing Datalog program...
Trivial rules: Converted to facts.
Normalizing Datalog program: [0.000s CPU, 0.008s wall-clock]
Preparing model... [0.010s CPU, 0.003s wall-clock]
Generated 64 rules.
Computing model... [0.020s CPU, 0.020s wall-clock]
387 relevant atoms
640 auxiliary atoms
1027 final queue length
1399 total queue pushes
Completing instantiation... [0.010s CPU, 0.018s wall-clock]
Instantiating: [0.040s CPU, 0.050s wall-clock]
Computing fact groups...
Finding invariants...
15 initial candidates
Finding invariants: [0.020s CPU, 0.015s wall-clock]
Checking invariant weight... [0.000s CPU, 0.000s wall-clock]
Instantiating groups... [0.000s CPU, 0.001s wall-clock]
Collecting mutex groups... [0.000s CPU, 0.000s wall-clock]
Choosing groups...
45 uncovered facts
Choosing groups: [0.000s CPU, 0.001s wall-clock]
Building translation key... [0.000s CPU, 0.001s wall-clock]
Computing fact groups: [0.020s CPU, 0.020s wall-clock]
Building STRIPS to SAS dictionary... [0.000s CPU, 0.001s wall-clock]
Building dictionary for full mutex groups... [0.000s CPU, 0.000s wall-clock]
Building mutex information...
Building mutex information: [0.000s CPU, 0.001s wall-clock]
Translating task...
Processing axioms...
Simplifying axioms... [0.000s CPU, 0.000s wall-clock]
Processing axioms: [0.010s CPU, 0.002s wall-clock]
Translating task: [0.030s CPU, 0.024s wall-clock]
288 effect conditions simplified
0 implied preconditions added
Detecting unreachable propositions...
0 operators removed
0 axioms removed
11 propositions removed
Detecting unreachable propositions: [0.010s CPU, 0.010s wall-clock]
Translator variables: 50
Translator derived variables: 6
Translator facts: 171
Translator goal facts: 5
Translator mutex groups: 20
Translator total mutex groups size: 176
Translator operators: 144
Translator axioms: 8
Translator task size: 1866
Translator peak memory: 44896 KB
Writing output... [0.000s CPU, 0.005s wall-clock]
Done! [0.120s CPU, 0.123s wall-clock]
INFO     Running preprocessor.
INFO     preprocessor input: output.sas
INFO     preprocessor arguments: ['--h2_time_limit', '30']
Building causal graph...
The causal graph is not acyclic.
50 variables of 50 necessary
13 of 20 mutex groups necessary.
144 of 144 operators necessary.
8 of 8 axiom rules necessary.
Disabling h2 analysis because it does not currently support axioms
Preprocessor variables: 50
Preprocessor facts: 171
Preprocessor derived variables: 6
Preprocessor operators: 144
Preprocessor mutex groups: 13
Preprocessor task size: 1781
Writing output...
done
INFO     Running search.
INFO     search input: output
INFO     search portfolio: /planner/driver/portfolios/seq_sat_saarplan.py
External time limits: -1, -1
Internal time limit: 1800
External memory limits: -1, -1
Internal memory limit: 8000000000
remaining time at start: 1799.60
remaining time: 1799.6
config 0: relative time 100, remaining 1800
g bound: infinity
next plan number: 1
args: ['/planner/driver/../fast-downward-decoupled/search/downward-release', '--decoupling', 'fork(search_type=sat, pruning=cost_frontier(irrelevance=TRANSITIONS), max_leaf_size=1000000)', '--heuristic', 'hff=ff(cost_type=one)', '--search', 'lazy_greedy(hff, preferred=hff, cost_type=one, bound=infinity)', '--internal-previous-portfolio-plans', '0', '--internal-plan-file', 're.out']
timeout: 99.98 -> (100, 101)
using frontier pruning method
performing irrelevance analysis in leaf factors
performing decoupled satisficing search
maximum leaf factor size 1000000
using fork factoring profile
reading input... [t=0.00193998s]
done reading input! [t=0.00387275s]
Peak memory: 3608 KB
returncode: 3

remaining time: 1799.56
config 1: relative time 600, remaining 1700
g bound: infinity
next plan number: 1
args: ['/planner/driver/../fast-downward-decoupled/search/downward-release', '--decoupling', 'portfolio(fallback_on_abstain=true, overwrite_options=true, choose_max_leaves=true,          factorings=[fork(search_type=sat, max_leaf_size=1000000), ifork(search_type=sat, max_leaf_size=1000000), incarcs(search_type=sat, max_leaf_size=100000)])', '--heuristic', 'hff=ff(cost_type=one)', '--search', 'lazy_greedy(hff, preferred=hff, cost_type=one, bound=infinity, symmetry=symmetry_state_pruning(lex_prices=false, lex_num_states=false, lex_goal_cost=false))', '--internal-previous-portfolio-plans', '0', '--internal-plan-file', 're.out']
timeout: 635.14 -> (636, 637)
performing decoupled satisficing search
maximum leaf factor size 1000000
using default pruning method: BasicPruning
using fork factoring profile
performing decoupled satisficing search
maximum leaf factor size 1000000
using default pruning method: BasicPruning
using inverted-fork factoring profile
performing decoupled satisficing search
maximum leaf factor size 100000
using default pruning method: BasicPruning
using incident-arcs factoring profile
performing Star Decoupled A* search
using default pruning method: BasicPruning
using factoring portfolio
reading input... [t=0s]
done reading input! [t=0s]
Variables: 50
Bytes per state: 12
Building successor generator...done! [t=0s]
peak memory difference for root successor generator creation: 132 KB
time for root successor generation creation: 0s
done! [t=0s]
done initalizing global data [t=0s]
Creating symmetry graph stabilizing goal only and using orbit search.
Conducting lazy best first search, (real) bound = 2147483647
Initializing FF heuristic...
Initializing additive heuristic...
Simplifying 704 unary operators... done! [704 unary operators]
Best heuristic value: 21 [g=0, 1 evaluated, 0 expanded, t=0.0040011s, 4080 KB]
Best heuristic value: 20 [g=1, 2 evaluated, 1 expanded, t=0.0040011s, 4080 KB]
Best heuristic value: 19 [g=5, 6 evaluated, 5 expanded, t=0.0040011s, 4080 KB]
Best heuristic value: 18 [g=7, 8 evaluated, 7 expanded, t=0.0040011s, 4080 KB]
Best heuristic value: 17 [g=11, 12 evaluated, 11 expanded, t=0.0040011s, 4080 KB]
Best heuristic value: 16 [g=13, 14 evaluated, 13 expanded, t=0.0040011s, 4080 KB]
Best heuristic value: 15 [g=13, 16 evaluated, 14 expanded, t=0.0040011s, 4080 KB]
Best heuristic value: 14 [g=14, 100 evaluated, 81 expanded, t=0.00799945s, 4080 KB]
Best heuristic value: 12 [g=15, 101 evaluated, 82 expanded, t=0.00799945s, 4080 KB]
Best heuristic value: 11 [g=16, 102 evaluated, 83 expanded, t=0.00799945s, 4080 KB]
Best heuristic value: 10 [g=17, 103 evaluated, 84 expanded, t=0.00799945s, 4080 KB]
Best heuristic value: 8 [g=18, 104 evaluated, 85 expanded, t=0.00799945s, 4080 KB]
Best heuristic value: 7 [g=19, 105 evaluated, 86 expanded, t=0.00799945s, 4080 KB]
Best heuristic value: 6 [g=21, 112 evaluated, 90 expanded, t=0.00799945s, 4080 KB]
Best heuristic value: 4 [g=22, 113 evaluated, 91 expanded, t=0.00799945s, 4080 KB]
Best heuristic value: 2 [g=24, 117 evaluated, 94 expanded, t=0.00799945s, 4080 KB]
Best heuristic value: 1 [g=25, 118 evaluated, 95 expanded, t=0.00799945s, 4080 KB]
Solution found!
Actual search time: 0.00799945s [t=0.00799945s]
move-on-arrival-to-switch train1 v1 t0 t0 (1)
move-from-switch-to-track train1 t0 t5 t6 track2 (1)
move-on-arrival-to-switch train2 v2 v1 t0 (1)
move-from-switch-to-track train2 t0 t3 t4 track1 (1)
move-on-arrival-to-switch train3 v3 v2 t0 (1)
move-from-switch-to-track train3 t0 t0 t5 track2 (1)
move-on-arrival-to-switch train4 v4 v3 t0 (1)
move-from-switch-to-track train4 t0 t2 t3 track1 (1)
move-on-arrival-to-switch train5 v5 v4 t0 (1)
move-from-switch-to-track train5 t0 t1 t2 track1 (1)
move-on-arrival-to-switch train6 v6 v5 t0 (1)
move-from-switch-to-track train6 t0 t0 t1 track1 (1)
move-from-track-to-switch train3 t5 t0 t0 track2 (1)
move-to-departure train3 t0 v5 v6 (1)
move-from-track-to-switch train1 t6 t5 t0 track2 (1)
move-to-departure train1 t0 v4 v5 (1)
move-from-track-to-switch train6 t1 t0 t0 track1 (1)
move-to-departure train6 t0 v3 v4 (1)
move-from-track-to-switch train5 t2 t1 t0 track1 (1)
move-from-switch-to-track train5 t0 t5 t6 track2 (1)
move-from-track-to-switch train4 t3 t2 t0 track1 (1)
move-to-departure train4 t0 v2 v3 (1)
move-from-track-to-switch train2 t4 t3 t0 track1 (1)
move-to-departure train2 t0 v1 v2 (1)
move-from-track-to-switch train5 t6 t5 t0 track2 (1)
move-to-departure train5 t0 t0 v1 (1)
Plan length: 26 step(s).
Plan cost: 26
Initial state h value: 21.
Expanded 96 state(s).
Reopened 0 state(s).
Evaluated 119 state(s).
Evaluations: 119
Generated 155 state(s).
Dead ends: 22 state(s).
Number of registered states: 119
Search time: 0.00799945s
Total time: 0.00799945s
Solution found.
Peak memory: 4080 KB
returncode: 0

plan manager: found new plan with cost 26
remaining time: 1799.55
config 2: relative time 1100, remaining 1100
g bound: 25
next plan number: 2
args: ['/planner/driver/../fast-downward-conjunctions/builds/release64clangpgonative/bin/downward', '--if-unit-cost', '--heuristic', 'hcff_normalcost=cff(seed=42, cache_estimates=false, cost_type=PLUSONE)', '--heuristic', 'hn_normalcost=novelty(cache_estimates=false)', '--heuristic', 'tmp_normalcost=novelty_linker(hcff_normalcost, [hn_normalcost])', '--heuristic', 'hlm_normalcost=lmcount(lm_rhw(reasonable_orders=true))', '--search', 'ipc18_iterated([grey_initial_state_search(grey_painting=all_prefer_inv, cost_type=PLUSONE),                            ehc_cn(hcff_normalcost, preferred=hcff_normalcost, novelty=hn_normalcost, seed=42, max_growth=8, max_time=500),                            lazy_iterated_weights_c([hcff_normalcost, hlm_normalcost], preferred=[hcff_normalcost], conjunctions_heuristic=hcff_normalcost,                                                    strategy=maintain_fixed_size_probabilistic(initial_removal_mode=UNTIL_BOUND, base_probability=0.02, target_growth_ratio=1.50))                           ], delete_after_phase_heuristics=[hn_normalcost, tmp_normalcost], delete_after_phase_phases=[1, 1], continue_on_fail=true, bound=25)', '--if-non-unit-cost', '--heuristic', 'hcff=cff(seed=42, cache_estimates=false, cost_type=ONE)', '--heuristic', 'hn=novelty(cache_estimates=false)', '--heuristic', 'tmp=novelty_linker(hcff, [hn])', '--heuristic', 'hcff_normalcost=cff(seed=42, cache_estimates=false, cost_type=PLUSONE)', '--heuristic', 'hn_normalcost=novelty(cache_estimates=false)', '--heuristic', 'tmp_normalcost=novelty_linker(hcff_normalcost, [hn_normalcost])', '--heuristic', 'hlm=lmcount(lm_rhw(reasonable_orders=true, lm_cost_type=ONE), cost_type=ONE)', '--heuristic', 'hlm_normalcost=lmcount(lm_rhw(reasonable_orders=true))', '--search', 'ipc18_iterated([grey_initial_state_search(grey_painting=all_prefer_inv, cost_type=ONE),                            ehc_cn(hcff, preferred=hcff, novelty=hn, seed=42, cost_type=ONE, max_growth=8, max_time=500),                            lazy_greedy_c([hcff, hlm], preferred=[hcff], conjunctions_heuristic=hcff,                                          strategy=maintain_fixed_size_probabilistic(initial_removal_mode=UNTIL_BOUND, base_probability=0.02, target_growth_ratio=1.50), cost_type=ONE),                            ehc_cn(hcff_normalcost, preferred=hcff_normalcost, novelty=hn_normalcost, seed=42, max_growth=8, max_time=100),                            lazy_iterated_weights_c([hcff_normalcost, hlm_normalcost], preferred=[hcff_normalcost], conjunctions_heuristic=hcff_normalcost,                                                    strategy=maintain_fixed_size_probabilistic(generate_initially=true, initial_removal_mode=UNTIL_BOUND, base_probability=0.02, target_growth_ratio=1.50))                           ], decision_point=1, skip_if_solved=[2], skip_if_failed=[3],                           delete_after_phase_heuristics=[hn, tmp, hcff, hlm, hn_normalcost, tmp_normalcost],                           delete_after_phase_phases=[1, 1, 2, 2, 3, 3], continue_on_fail=true, bound=25)', '--always', '--internal-previous-portfolio-plans', '1', '--internal-plan-file', 're.out']
timeout: 1799.55 -> (1800, 1801)
reading input... [t=0.0015762s]
done reading input! [t=0.00375806s]
packing state variables...done! [t=0.00375806s]
Variables: 50
FactPairs: 171
Bytes per state: 12
Building successor generator...done! [t=0.00375806s]
done initalizing global data [t=0.00375806s]
cross context: 1
best supporter function: h^Cadd
no relaxed plan extraction: 0
tie breaking: RANDOM
WARNING: task has axioms that are being ignored by the heuristic!
Initializing CFF heuristic...
The original task would have 696 counters.
Finished hcff initialization, t = 0s
Initializing novelty heuristic...
Linking novelty heuristics to the conjunctions heuristic...
Initializing Exploration...
Initializing landmarks count heuristic...
Generating landmarks using the RPG/SAS+ approach
approx. reasonable orders
approx. obedient reasonable orders
Removed 0 reasonable or obedient reasonable orders
Landmarks generation time: 0.00399973s
Discovered 56 landmarks, of which 1 are disjunctive and 0 are conjunctive 
360 edges
Starting search: grey_initial_state_search(grey_painting = all_prefer_inv, cost_type = plusone)
Simplifying 704 unary operators... done! [704 unary operators]
Initializing additive heuristic...
Initializing Red-Black Relaxation heuristic...
Peak memory: 6012 KB
returncode: 3

remaining time: 1799.49
config 0: relative time 600, remaining 600
g bound: 26
next plan number: 2
args: ['/planner/driver/../fast-downward-decoupled/search/downward-release', '--decoupling', 'portfolio(fallback_on_abstain=true, overwrite_options=true, choose_max_leaves=true,          factorings=[fork(search_type=sat, max_leaf_size=1000000), ifork(search_type=sat, max_leaf_size=1000000), incarcs(search_type=sat, max_leaf_size=100000)])', '--heuristic', 'hff=ff(cost_type=one)', '--search', 'lazy_greedy(hff, preferred=hff, cost_type=one, bound=26, symmetry=symmetry_state_pruning(lex_prices=false, lex_num_states=false, lex_goal_cost=false))', '--internal-previous-portfolio-plans', '1', '--internal-plan-file', 're.out']
timeout: 1799.49 -> (1800, 1801)
performing decoupled satisficing search
maximum leaf factor size 1000000
using default pruning method: BasicPruning
using fork factoring profile
performing decoupled satisficing search
maximum leaf factor size 1000000
using default pruning method: BasicPruning
using inverted-fork factoring profile
performing decoupled satisficing search
maximum leaf factor size 100000
using default pruning method: BasicPruning
using incident-arcs factoring profile
performing Star Decoupled A* search
using default pruning method: BasicPruning
using factoring portfolio
reading input... [t=0s]
done reading input! [t=0s]
Variables: 50
Bytes per state: 12
Building successor generator...done! [t=0s]
peak memory difference for root successor generator creation: 132 KB
time for root successor generation creation: 0s
done! [t=0s]
done initalizing global data [t=0s]
Creating symmetry graph stabilizing goal only and using orbit search.
Conducting lazy best first search, (real) bound = 26
Initializing FF heuristic...
Initializing additive heuristic...
Simplifying 704 unary operators... done! [704 unary operators]
Best heuristic value: 21 [g=0, 1 evaluated, 0 expanded, t=0.00400241s, 4080 KB]
Best heuristic value: 20 [g=1, 2 evaluated, 1 expanded, t=0.00400241s, 4080 KB]
Best heuristic value: 19 [g=5, 6 evaluated, 5 expanded, t=0.00400241s, 4080 KB]
Best heuristic value: 18 [g=7, 8 evaluated, 7 expanded, t=0.00400241s, 4080 KB]
Best heuristic value: 17 [g=11, 12 evaluated, 11 expanded, t=0.00400241s, 4080 KB]
Best heuristic value: 16 [g=13, 14 evaluated, 13 expanded, t=0.00400241s, 4080 KB]
Best heuristic value: 15 [g=13, 16 evaluated, 14 expanded, t=0.00400241s, 4080 KB]
Best heuristic value: 14 [g=14, 100 evaluated, 81 expanded, t=0.00800085s, 4080 KB]
Best heuristic value: 12 [g=15, 101 evaluated, 82 expanded, t=0.00800085s, 4080 KB]
Best heuristic value: 11 [g=16, 102 evaluated, 83 expanded, t=0.00800085s, 4080 KB]
Best heuristic value: 10 [g=17, 103 evaluated, 84 expanded, t=0.00800085s, 4080 KB]
Best heuristic value: 8 [g=18, 104 evaluated, 85 expanded, t=0.00800085s, 4080 KB]
Best heuristic value: 7 [g=19, 105 evaluated, 86 expanded, t=0.00800085s, 4080 KB]
Best heuristic value: 6 [g=21, 112 evaluated, 90 expanded, t=0.00800085s, 4080 KB]
Best heuristic value: 4 [g=22, 113 evaluated, 91 expanded, t=0.00800085s, 4080 KB]
Best heuristic value: 2 [g=24, 117 evaluated, 94 expanded, t=0.00800085s, 4080 KB]
Best heuristic value: 1 [g=25, 118 evaluated, 95 expanded, t=0.00800085s, 4080 KB]
Completely explored state space -- no solution!
Actual search time: 0.0120012s [t=0.0120012s]
Initial state h value: 21.
Expanded 199 state(s).
Reopened 0 state(s).
Evaluated 245 state(s).
Evaluations: 245
Generated 340 state(s).
Dead ends: 46 state(s).
Number of registered states: 245
Search time: 0.0120012s
Total time: 0.0120012s
Search stopped without finding a solution.
Peak memory: 4080 KB
returncode: 5

Exit codes: [3, 0, 3, 5]
Error: Unexpected exit codes: [3]
Command '['run-portfolio', '/planner/driver/portfolios/seq_sat_saarplan.py']' returned non-zero exit status 3
