INFO     Running translator.
INFO     translator input: ['domain1/0-asymmetric/domain1.pddl', 'domain1/0-asymmetric/problem2.pddl']
INFO     translator arguments: []
INFO     translator time limit: None
INFO     translator memory limit: None
INFO     callstring: /usr/bin/python /planner/builds/release64/bin/translate/translate.py domain1/0-asymmetric/domain1.pddl domain1/0-asymmetric/problem2.pddl
Parsing...
Parsing: [0.020s CPU, 0.005s wall-clock]
Normalizing task... [0.000s CPU, 0.001s wall-clock]
Instantiating...
Generating Datalog program... [0.000s CPU, 0.001s wall-clock]
Normalizing Datalog program...
Trivial rules: Converted to facts.
Normalizing Datalog program: [0.000s CPU, 0.007s wall-clock]
Preparing model... [0.010s CPU, 0.002s wall-clock]
Generated 70 rules.
Computing model... [0.010s CPU, 0.019s wall-clock]
372 relevant atoms
944 auxiliary atoms
1316 final queue length
1544 total queue pushes
Completing instantiation... [0.020s CPU, 0.011s wall-clock]
Instantiating: [0.040s CPU, 0.040s wall-clock]
Computing fact groups...
Finding invariants...
10 initial candidates
Finding invariants: [0.000s CPU, 0.009s wall-clock]
Checking invariant weight... [0.000s CPU, 0.000s wall-clock]
Instantiating groups... [0.010s CPU, 0.001s wall-clock]
Collecting mutex groups... [0.000s CPU, 0.000s wall-clock]
Choosing groups...
37 uncovered facts
Choosing groups: [0.000s CPU, 0.001s wall-clock]
Building translation key... [0.000s CPU, 0.000s wall-clock]
Computing fact groups: [0.010s CPU, 0.013s wall-clock]
Building STRIPS to SAS dictionary... [0.000s CPU, 0.000s wall-clock]
Building dictionary for full mutex groups... [0.000s CPU, 0.000s wall-clock]
Building mutex information...
Building mutex information: [0.000s CPU, 0.000s wall-clock]
Translating task...
Processing axioms...
Simplifying axioms... [0.000s CPU, 0.000s wall-clock]
Processing axioms: [0.000s CPU, 0.001s wall-clock]
Translating task: [0.010s CPU, 0.014s wall-clock]
156 effect conditions simplified
0 implied preconditions added
Detecting unreachable propositions...
0 operators removed
0 axioms removed
6 propositions removed
Detecting unreachable propositions: [0.010s CPU, 0.007s wall-clock]
Reordering and filtering variables...
31 of 43 variables necessary.
13 of 19 mutex groups necessary.
144 of 144 operators necessary.
8 of 8 axiom rules necessary.
Reordering and filtering variables: [0.000s CPU, 0.003s wall-clock]
Translator variables: 31
Translator derived variables: 6
Translator facts: 128
Translator goal facts: 5
Translator mutex groups: 13
Translator total mutex groups size: 91
Translator operators: 144
Translator axioms: 8
Translator task size: 1233
Translator peak memory: 25704 KB
Writing output... [0.010s CPU, 0.003s wall-clock]
Done! [0.100s CPU, 0.087s wall-clock]
INFO     Running search (release64).
INFO     search input: output.sas
INFO     search arguments: ['--if-unit-cost', '--heuristic', 'hlm=lama_synergy(lm_rhw(reasonable_orders=true))', '--heuristic', 'hff=ff_synergy(hlm)', '--search', 'iterated([lazy_greedy([hff,hlm],preferred=[hff,hlm]),lazy_wastar([hff,hlm],preferred=[hff,hlm],w=5),lazy_wastar([hff,hlm],preferred=[hff,hlm],w=3),lazy_wastar([hff,hlm],preferred=[hff,hlm],w=2),lazy_wastar([hff,hlm],preferred=[hff,hlm],w=1)],repeat_last=true,continue_on_fail=true)', '--if-non-unit-cost', '--heuristic', 'hlm1=lama_synergy(lm_rhw(reasonable_orders=true,lm_cost_type=one),transform=adapt_costs(one))', '--heuristic', 'hff1=ff_synergy(hlm1)', '--heuristic', 'hlm2=lama_synergy(lm_rhw(reasonable_orders=true,lm_cost_type=plusone),transform=adapt_costs(plusone))', '--heuristic', 'hff2=ff_synergy(hlm2)', '--search', 'iterated([lazy_greedy([hff1,hlm1],preferred=[hff1,hlm1],cost_type=one,reopen_closed=false),lazy_greedy([hff2,hlm2],preferred=[hff2,hlm2],reopen_closed=false),lazy_wastar([hff2,hlm2],preferred=[hff2,hlm2],w=5),lazy_wastar([hff2,hlm2],preferred=[hff2,hlm2],w=3),lazy_wastar([hff2,hlm2],preferred=[hff2,hlm2],w=2),lazy_wastar([hff2,hlm2],preferred=[hff2,hlm2],w=1)],repeat_last=true,continue_on_fail=true)', '--always']
INFO     search time limit: None
INFO     search memory limit: None
INFO     search executable: /planner/builds/release64/bin/downward
INFO     callstring: /planner/builds/release64/bin/downward --if-unit-cost --heuristic 'hlm=lama_synergy(lm_rhw(reasonable_orders=true))' --heuristic 'hff=ff_synergy(hlm)' --search 'iterated([lazy_greedy([hff,hlm],preferred=[hff,hlm]),lazy_wastar([hff,hlm],preferred=[hff,hlm],w=5),lazy_wastar([hff,hlm],preferred=[hff,hlm],w=3),lazy_wastar([hff,hlm],preferred=[hff,hlm],w=2),lazy_wastar([hff,hlm],preferred=[hff,hlm],w=1)],repeat_last=true,continue_on_fail=true)' --if-non-unit-cost --heuristic 'hlm1=lama_synergy(lm_rhw(reasonable_orders=true,lm_cost_type=one),transform=adapt_costs(one))' --heuristic 'hff1=ff_synergy(hlm1)' --heuristic 'hlm2=lama_synergy(lm_rhw(reasonable_orders=true,lm_cost_type=plusone),transform=adapt_costs(plusone))' --heuristic 'hff2=ff_synergy(hlm2)' --search 'iterated([lazy_greedy([hff1,hlm1],preferred=[hff1,hlm1],cost_type=one,reopen_closed=false),lazy_greedy([hff2,hlm2],preferred=[hff2,hlm2],reopen_closed=false),lazy_wastar([hff2,hlm2],preferred=[hff2,hlm2],w=5),lazy_wastar([hff2,hlm2],preferred=[hff2,hlm2],w=3),lazy_wastar([hff2,hlm2],preferred=[hff2,hlm2],w=2),lazy_wastar([hff2,hlm2],preferred=[hff2,hlm2],w=1)],repeat_last=true,continue_on_fail=true)' --always --internal-plan-file re.out < output.sas
reading input... [t=3.6909e-05s]
done reading input! [t=0.00162772s]
packing state variables...done! [t=0.00166166s]
Variables: 31
FactPairs: 128
Bytes per state: 8
Building successor generator...done! [t=0.0018634s]
peak memory difference for root successor generator creation: 0 KB
time for root successor generation creation: 0.000127489s
done initializing global data [t=0.00190473s]
Initializing Exploration...
Initializing landmarks count heuristic...
Generating landmarks using the RPG/SAS+ approach
approx. reasonable orders
approx. obedient reasonable orders
Removed 0 reasonable or obedient reasonable orders
Landmarks generation time: 0.00464508s
Discovered 67 landmarks, of which 0 are disjunctive and 0 are conjunctive 
590 edges
Initializing LAMA-FF synergy master
Initializing LAMA-FF synergy slave
Starting search: lazy_greedy(list(hff, hlm), preferred = list(hff, hlm))
Conducting lazy best first search, (real) bound = 2147483647
25 initial landmarks, 5 goal landmarks
New best heuristic value for lama_synergy(lm_rhw(reasonable_orders = true)): 36
New best heuristic value for ff_synergy(hlm): 34
[g=0, 1 evaluated, 0 expanded, t=0.00788185s, 5004 KB]
Initial heuristic value for lama_synergy(lm_rhw(reasonable_orders = true)): 36
Initial heuristic value for ff_synergy(hlm): 34
New best heuristic value for lama_synergy(lm_rhw(reasonable_orders = true)): 35
[g=1, 2 evaluated, 1 expanded, t=0.0080136s, 5004 KB]
New best heuristic value for lama_synergy(lm_rhw(reasonable_orders = true)): 34
[g=2, 3 evaluated, 2 expanded, t=0.00811535s, 5004 KB]
New best heuristic value for lama_synergy(lm_rhw(reasonable_orders = true)): 33
[g=2, 5 evaluated, 4 expanded, t=0.00825573s, 5004 KB]
New best heuristic value for lama_synergy(lm_rhw(reasonable_orders = true)): 32
[g=3, 6 evaluated, 5 expanded, t=0.00833988s, 5004 KB]
New best heuristic value for lama_synergy(lm_rhw(reasonable_orders = true)): 31
[g=4, 8 evaluated, 7 expanded, t=0.00849192s, 5004 KB]
New best heuristic value for lama_synergy(lm_rhw(reasonable_orders = true)): 29
[g=5, 10 evaluated, 9 expanded, t=0.0086345s, 5004 KB]
New best heuristic value for ff_synergy(hlm): 33
[g=4, 13 evaluated, 12 expanded, t=0.00882213s, 5004 KB]
New best heuristic value for ff_synergy(hlm): 32
[g=5, 15 evaluated, 14 expanded, t=0.00895766s, 5004 KB]
New best heuristic value for ff_synergy(hlm): 31
[g=6, 17 evaluated, 16 expanded, t=0.00909567s, 5004 KB]
New best heuristic value for lama_synergy(lm_rhw(reasonable_orders = true)): 28
[g=7, 20 evaluated, 19 expanded, t=0.00927187s, 5004 KB]
New best heuristic value for lama_synergy(lm_rhw(reasonable_orders = true)): 27
[g=8, 22 evaluated, 21 expanded, t=0.00940987s, 5004 KB]
New best heuristic value for lama_synergy(lm_rhw(reasonable_orders = true)): 26
[g=10, 28 evaluated, 27 expanded, t=0.00977349s, 5004 KB]
New best heuristic value for lama_synergy(lm_rhw(reasonable_orders = true)): 25
[g=11, 29 evaluated, 28 expanded, t=0.00986734s, 5004 KB]
New best heuristic value for lama_synergy(lm_rhw(reasonable_orders = true)): 24
[g=13, 34 evaluated, 33 expanded, t=0.0101648s, 5004 KB]
New best heuristic value for lama_synergy(lm_rhw(reasonable_orders = true)): 23
[g=14, 36 evaluated, 35 expanded, t=0.010313s, 5004 KB]
New best heuristic value for lama_synergy(lm_rhw(reasonable_orders = true)): 22
[g=15, 38 evaluated, 37 expanded, t=0.0104489s, 5004 KB]
New best heuristic value for lama_synergy(lm_rhw(reasonable_orders = true)): 21
New best heuristic value for ff_synergy(hlm): 30
[g=16, 40 evaluated, 39 expanded, t=0.0105843s, 5004 KB]
New best heuristic value for lama_synergy(lm_rhw(reasonable_orders = true)): 19
New best heuristic value for ff_synergy(hlm): 29
[g=17, 41 evaluated, 40 expanded, t=0.0107086s, 5004 KB]
New best heuristic value for lama_synergy(lm_rhw(reasonable_orders = true)): 17
[g=19, 43 evaluated, 42 expanded, t=0.0108572s, 5004 KB]
New best heuristic value for lama_synergy(lm_rhw(reasonable_orders = true)): 16
[g=20, 44 evaluated, 43 expanded, t=0.0109481s, 5004 KB]
New best heuristic value for lama_synergy(lm_rhw(reasonable_orders = true)): 14
[g=21, 45 evaluated, 44 expanded, t=0.0110354s, 5004 KB]
New best heuristic value for lama_synergy(lm_rhw(reasonable_orders = true)): 13
[g=22, 47 evaluated, 46 expanded, t=0.0112246s, 5004 KB]
New best heuristic value for lama_synergy(lm_rhw(reasonable_orders = true)): 11
[g=24, 53 evaluated, 52 expanded, t=0.0116682s, 5004 KB]
New best heuristic value for lama_synergy(lm_rhw(reasonable_orders = true)): 10
[g=25, 54 evaluated, 53 expanded, t=0.0117623s, 5004 KB]
New best heuristic value for lama_synergy(lm_rhw(reasonable_orders = true)): 9
[g=26, 55 evaluated, 54 expanded, t=0.0118765s, 5004 KB]
New best heuristic value for lama_synergy(lm_rhw(reasonable_orders = true)): 7
[g=29, 62 evaluated, 61 expanded, t=0.0123962s, 5004 KB]
New best heuristic value for lama_synergy(lm_rhw(reasonable_orders = true)): 6
[g=30, 63 evaluated, 62 expanded, t=0.0125328s, 5004 KB]
New best heuristic value for lama_synergy(lm_rhw(reasonable_orders = true)): 5
[g=35, 73 evaluated, 72 expanded, t=0.0132504s, 5004 KB]
New best heuristic value for lama_synergy(lm_rhw(reasonable_orders = true)): 4
[g=38, 83 evaluated, 82 expanded, t=0.013976s, 5004 KB]
New best heuristic value for ff_synergy(hlm): 28
[g=41, 100 evaluated, 95 expanded, t=0.015069s, 5004 KB]
New best heuristic value for ff_synergy(hlm): 27
[g=42, 104 evaluated, 97 expanded, t=0.0153847s, 5004 KB]
New best heuristic value for ff_synergy(hlm): 26
[g=43, 109 evaluated, 100 expanded, t=0.0157298s, 5004 KB]
New best heuristic value for ff_synergy(hlm): 24
[g=45, 119 evaluated, 107 expanded, t=0.0164003s, 5004 KB]
New best heuristic value for ff_synergy(hlm): 23
[g=47, 126 evaluated, 111 expanded, t=0.0168859s, 5004 KB]
New best heuristic value for ff_synergy(hlm): 21
[g=49, 139 evaluated, 120 expanded, t=0.0177477s, 5004 KB]
New best heuristic value for ff_synergy(hlm): 20
[g=50, 183 evaluated, 143 expanded, t=0.0203339s, 5004 KB]
New best heuristic value for ff_synergy(hlm): 19
[g=50, 1356 evaluated, 869 expanded, t=0.0959567s, 5264 KB]
New best heuristic value for ff_synergy(hlm): 18
[g=53, 1363 evaluated, 875 expanded, t=0.0966282s, 5264 KB]
New best heuristic value for ff_synergy(hlm): 17
[g=54, 1365 evaluated, 876 expanded, t=0.0968085s, 5264 KB]
New best heuristic value for ff_synergy(hlm): 16
[g=56, 1370 evaluated, 879 expanded, t=0.0971668s, 5264 KB]
New best heuristic value for ff_synergy(hlm): 15
[g=57, 1389 evaluated, 893 expanded, t=0.0985027s, 5264 KB]
New best heuristic value for ff_synergy(hlm): 14
[g=59, 2337 evaluated, 1481 expanded, t=0.159698s, 5392 KB]
New best heuristic value for lama_synergy(lm_rhw(reasonable_orders = true)): 3
[g=39, 3483 evaluated, 2110 expanded, t=0.232535s, 5524 KB]
New best heuristic value for lama_synergy(lm_rhw(reasonable_orders = true)): 2
[g=40, 3484 evaluated, 2111 expanded, t=0.232666s, 5524 KB]
New best heuristic value for lama_synergy(lm_rhw(reasonable_orders = true)): 1
[g=42, 3486 evaluated, 2113 expanded, t=0.232843s, 5524 KB]
New best heuristic value for ff_synergy(hlm): 13
[g=56, 3511 evaluated, 2138 expanded, t=0.234269s, 5524 KB]
New best heuristic value for ff_synergy(hlm): 12
[g=57, 3513 evaluated, 2140 expanded, t=0.234442s, 5524 KB]
New best heuristic value for ff_synergy(hlm): 11
[g=58, 3516 evaluated, 2142 expanded, t=0.234645s, 5524 KB]
New best heuristic value for ff_synergy(hlm): 9
[g=60, 3521 evaluated, 2145 expanded, t=0.234938s, 5524 KB]
New best heuristic value for ff_synergy(hlm): 8
[g=62, 3527 evaluated, 2149 expanded, t=0.235291s, 5524 KB]
New best heuristic value for ff_synergy(hlm): 7
[g=63, 3561 evaluated, 2177 expanded, t=0.237127s, 5524 KB]
New best heuristic value for lama_synergy(lm_rhw(reasonable_orders = true)): 0
New best heuristic value for ff_synergy(hlm): 6
[g=64, 3563 evaluated, 2179 expanded, t=0.237303s, 5524 KB]
New best heuristic value for ff_synergy(hlm): 5
[g=65, 3564 evaluated, 2180 expanded, t=0.237397s, 5652 KB]
New best heuristic value for ff_synergy(hlm): 3
[g=67, 3568 evaluated, 2184 expanded, t=0.237655s, 5652 KB]
New best heuristic value for ff_synergy(hlm): 2
[g=68, 3569 evaluated, 2185 expanded, t=0.237792s, 5652 KB]
New best heuristic value for ff_synergy(hlm): 1
[g=69, 3570 evaluated, 2186 expanded, t=0.237898s, 5652 KB]
Solution found!
Actual search time: 0.230155s [t=0.23795s]
move-on-arrival train1 v1 t0 (1)
move-from-switch-to-track train1 t0 t5 track2 (1)
move-on-arrival train2 v2 v1 (1)
move-on-arrival train2 v1 t0 (1)
move-from-switch-to-track train2 t0 t1 track1 (1)
move-on-arrival train3 v3 v2 (1)
move-on-arrival train3 v2 v1 (1)
move-on-arrival train3 v1 t0 (1)
move-on-arrival train4 v4 v3 (1)
move-on-arrival train4 v3 v2 (1)
move-on-arrival train4 v2 v1 (1)
move-on-arrival train5 v5 v4 (1)
move-on-arrival train5 v4 v3 (1)
move-on-arrival train5 v3 v2 (1)
move-on-arrival train6 v6 v5 (1)
move-on-arrival train6 v5 v4 (1)
move-along-track-forwards train1 t5 t6 track2 (1)
move-from-switch-to-track train3 t0 t5 track2 (1)
move-on-arrival train4 v1 t0 (1)
move-on-arrival train5 v2 v1 (1)
move-on-arrival train6 v4 v3 (1)
move-on-arrival train6 v3 v2 (1)
move-along-track-forwards train2 t1 t2 track1 (1)
move-from-switch-to-track train4 t0 t1 track1 (1)
move-on-arrival train5 v1 t0 (1)
move-on-arrival train6 v2 v1 (1)
move-along-track-forwards train2 t2 t3 track1 (1)
move-along-track-forwards train4 t1 t2 track1 (1)
move-from-switch-to-track train5 t0 t1 track1 (1)
move-on-arrival train6 v1 t0 (1)
move-along-track-forwards train2 t3 t4 track1 (1)
move-along-track-forwards train4 t2 t3 track1 (1)
move-along-track-forwards train5 t1 t2 track1 (1)
move-from-switch-to-track train6 t0 t1 track1 (1)
move-from-track-to-switch train3 t5 t0 track2 (1)
move-to-departure train3 t0 v1 (1)
move-to-departure train3 v1 v2 (1)
move-to-departure train3 v2 v3 (1)
move-to-departure train3 v3 v4 (1)
move-to-departure train3 v4 v5 (1)
move-to-departure train3 v5 v6 (1)
move-along-track-backwards train1 t6 t5 track2 (1)
move-from-track-to-switch train1 t5 t0 track2 (1)
move-to-departure train1 t0 v1 (1)
move-to-departure train1 v1 v2 (1)
move-to-departure train1 v2 v3 (1)
move-to-departure train1 v3 v4 (1)
move-to-departure train1 v4 v5 (1)
move-from-track-to-switch train6 t1 t0 track1 (1)
move-to-departure train6 t0 v1 (1)
move-to-departure train6 v1 v2 (1)
move-to-departure train6 v2 v3 (1)
move-to-departure train6 v3 v4 (1)
move-along-track-backwards train5 t2 t1 track1 (1)
move-along-track-backwards train4 t3 t2 track1 (1)
move-from-track-to-switch train5 t1 t0 track1 (1)
move-along-track-backwards train2 t4 t3 track1 (1)
move-along-track-backwards train4 t2 t1 track1 (1)
move-along-track-backwards train2 t3 t2 track1 (1)
move-from-switch-to-track train5 t0 t5 track2 (1)
move-from-track-to-switch train4 t1 t0 track1 (1)
move-to-departure train4 t0 v1 (1)
move-to-departure train4 v1 v2 (1)
move-to-departure train4 v2 v3 (1)
move-along-track-backwards train2 t2 t1 track1 (1)
move-from-track-to-switch train2 t1 t0 track1 (1)
move-to-departure train2 t0 v1 (1)
move-to-departure train2 v1 v2 (1)
move-from-track-to-switch train5 t5 t0 track2 (1)
move-to-departure train5 t0 v1 (1)
Plan length: 70 step(s).
Plan cost: 70
Expanded 2187 state(s).
Reopened 0 state(s).
Evaluated 3571 state(s).
Evaluations: 7142
Generated 10322 state(s).
Dead ends: 1383 state(s).
Number of registered states: 3571
Int hash set load factor: 3571/4096 = 0.871826
Int hash set resizes: 12
Best solution cost so far: 70
Solution found - keep searching
Starting search: lazy_wastar(list(hff, hlm), preferred = list(hff, hlm), w = 5)
Conducting lazy best first search, (real) bound = 70
25 initial landmarks, 5 goal landmarks
New best heuristic value for lama_synergy(lm_rhw(reasonable_orders = true)): 36
New best heuristic value for ff_synergy(hlm): 34
[g=0, 1 evaluated, 0 expanded, t=0.238879s, 5652 KB]
Initial heuristic value for lama_synergy(lm_rhw(reasonable_orders = true)): 36
Initial heuristic value for ff_synergy(hlm): 34
New best heuristic value for lama_synergy(lm_rhw(reasonable_orders = true)): 35
[g=1, 2 evaluated, 1 expanded, t=0.238993s, 5652 KB]
New best heuristic value for lama_synergy(lm_rhw(reasonable_orders = true)): 34
[g=2, 3 evaluated, 2 expanded, t=0.239088s, 5652 KB]
New best heuristic value for lama_synergy(lm_rhw(reasonable_orders = true)): 33
[g=2, 5 evaluated, 4 expanded, t=0.23923s, 5652 KB]
New best heuristic value for lama_synergy(lm_rhw(reasonable_orders = true)): 32
[g=3, 6 evaluated, 5 expanded, t=0.239316s, 5652 KB]
New best heuristic value for lama_synergy(lm_rhw(reasonable_orders = true)): 31
[g=4, 8 evaluated, 7 expanded, t=0.23945s, 5652 KB]
New best heuristic value for lama_synergy(lm_rhw(reasonable_orders = true)): 29
[g=5, 10 evaluated, 9 expanded, t=0.239592s, 5652 KB]
New best heuristic value for lama_synergy(lm_rhw(reasonable_orders = true)): 28
[g=7, 17 evaluated, 16 expanded, t=0.239975s, 5652 KB]
New best heuristic value for ff_synergy(hlm): 33
[g=4, 18 evaluated, 17 expanded, t=0.240069s, 5652 KB]
New best heuristic value for lama_synergy(lm_rhw(reasonable_orders = true)): 27
[g=8, 19 evaluated, 18 expanded, t=0.240155s, 5652 KB]
New best heuristic value for ff_synergy(hlm): 32
[g=5, 20 evaluated, 19 expanded, t=0.240242s, 5652 KB]
New best heuristic value for ff_synergy(hlm): 31
[g=6, 22 evaluated, 21 expanded, t=0.240383s, 5652 KB]
New best heuristic value for lama_synergy(lm_rhw(reasonable_orders = true)): 26
[g=10, 25 evaluated, 24 expanded, t=0.240593s, 5652 KB]
New best heuristic value for lama_synergy(lm_rhw(reasonable_orders = true)): 25
[g=11, 27 evaluated, 26 expanded, t=0.240733s, 5652 KB]
New best heuristic value for lama_synergy(lm_rhw(reasonable_orders = true)): 24
[g=13, 33 evaluated, 32 expanded, t=0.241103s, 5652 KB]
New best heuristic value for lama_synergy(lm_rhw(reasonable_orders = true)): 23
[g=14, 34 evaluated, 33 expanded, t=0.241196s, 5652 KB]
New best heuristic value for lama_synergy(lm_rhw(reasonable_orders = true)): 22
[g=15, 36 evaluated, 35 expanded, t=0.241359s, 5652 KB]
New best heuristic value for lama_synergy(lm_rhw(reasonable_orders = true)): 21
New best heuristic value for ff_synergy(hlm): 30
[g=16, 38 evaluated, 37 expanded, t=0.241504s, 5652 KB]
New best heuristic value for lama_synergy(lm_rhw(reasonable_orders = true)): 19
New best heuristic value for ff_synergy(hlm): 29
[g=17, 39 evaluated, 38 expanded, t=0.241624s, 5652 KB]
New best heuristic value for lama_synergy(lm_rhw(reasonable_orders = true)): 17
[g=19, 43 evaluated, 42 expanded, t=0.241873s, 5652 KB]
New best heuristic value for lama_synergy(lm_rhw(reasonable_orders = true)): 16
[g=20, 44 evaluated, 43 expanded, t=0.241968s, 5652 KB]
New best heuristic value for lama_synergy(lm_rhw(reasonable_orders = true)): 14
[g=21, 45 evaluated, 44 expanded, t=0.242057s, 5652 KB]
New best heuristic value for lama_synergy(lm_rhw(reasonable_orders = true)): 13
[g=22, 47 evaluated, 46 expanded, t=0.242229s, 5652 KB]
New best heuristic value for lama_synergy(lm_rhw(reasonable_orders = true)): 11
[g=24, 55 evaluated, 54 expanded, t=0.242803s, 5652 KB]
New best heuristic value for lama_synergy(lm_rhw(reasonable_orders = true)): 10
[g=25, 57 evaluated, 56 expanded, t=0.242985s, 5652 KB]
New best heuristic value for lama_synergy(lm_rhw(reasonable_orders = true)): 9
[g=26, 59 evaluated, 58 expanded, t=0.243163s, 5652 KB]
New best heuristic value for lama_synergy(lm_rhw(reasonable_orders = true)): 7
[g=29, 67 evaluated, 66 expanded, t=0.243685s, 5652 KB]
New best heuristic value for lama_synergy(lm_rhw(reasonable_orders = true)): 6
[g=30, 69 evaluated, 68 expanded, t=0.243863s, 5652 KB]
New best heuristic value for lama_synergy(lm_rhw(reasonable_orders = true)): 5
[g=35, 84 evaluated, 83 expanded, t=0.244989s, 5652 KB]
New best heuristic value for lama_synergy(lm_rhw(reasonable_orders = true)): 4
[g=38, 97 evaluated, 96 expanded, t=0.245904s, 5652 KB]
New best heuristic value for ff_synergy(hlm): 28
[g=41, 114 evaluated, 110 expanded, t=0.247149s, 5652 KB]
New best heuristic value for ff_synergy(hlm): 27
[g=42, 137 evaluated, 128 expanded, t=0.248733s, 5652 KB]
New best heuristic value for ff_synergy(hlm): 26
[g=43, 194 evaluated, 175 expanded, t=0.25261s, 5652 KB]
New best heuristic value for ff_synergy(hlm): 25
[g=44, 258 evaluated, 229 expanded, t=0.256807s, 5652 KB]
New best heuristic value for ff_synergy(hlm): 24
[g=45, 385 evaluated, 339 expanded, t=0.265239s, 5652 KB]
New best heuristic value for ff_synergy(hlm): 23
[g=47, 393 evaluated, 345 expanded, t=0.265865s, 5652 KB]
New best heuristic value for ff_synergy(hlm): 22
[g=48, 395 evaluated, 346 expanded, t=0.266035s, 5652 KB]
New best heuristic value for ff_synergy(hlm): 20
[g=50, 401 evaluated, 350 expanded, t=0.266499s, 5652 KB]
New best heuristic value for ff_synergy(hlm): 19
[g=50, 1464 evaluated, 1066 expanded, 10 reopened, t=0.338935s, 5652 KB]
New best heuristic value for ff_synergy(hlm): 18
[g=53, 1475 evaluated, 1076 expanded, 10 reopened, t=0.339814s, 5652 KB]
New best heuristic value for ff_synergy(hlm): 17
[g=54, 1478 evaluated, 1078 expanded, 10 reopened, t=0.340071s, 5652 KB]
New best heuristic value for ff_synergy(hlm): 16
[g=56, 1483 evaluated, 1081 expanded, 10 reopened, t=0.340475s, 5652 KB]
New best heuristic value for ff_synergy(hlm): 15
[g=57, 1503 evaluated, 1095 expanded, 10 reopened, t=0.34193s, 5652 KB]
New best heuristic value for lama_synergy(lm_rhw(reasonable_orders = true)): 3
[g=38, 1943 evaluated, 1388 expanded, 19 reopened, t=0.372681s, 5652 KB]
New best heuristic value for lama_synergy(lm_rhw(reasonable_orders = true)): 2
[g=39, 1944 evaluated, 1389 expanded, 19 reopened, t=0.372794s, 5652 KB]
New best heuristic value for lama_synergy(lm_rhw(reasonable_orders = true)): 1
[g=40, 1946 evaluated, 1390 expanded, 19 reopened, t=0.372949s, 5652 KB]
New best heuristic value for lama_synergy(lm_rhw(reasonable_orders = true)): 0
[g=42, 1952 evaluated, 1395 expanded, 19 reopened, t=0.373385s, 5652 KB]
New best heuristic value for ff_synergy(hlm): 14
[g=54, 2090 evaluated, 1505 expanded, 24 reopened, t=0.38269s, 5652 KB]
New best heuristic value for ff_synergy(hlm): 13
[g=56, 2095 evaluated, 1510 expanded, 24 reopened, t=0.383101s, 5652 KB]
New best heuristic value for ff_synergy(hlm): 12
[g=57, 2096 evaluated, 1511 expanded, 24 reopened, t=0.383218s, 5652 KB]
New best heuristic value for ff_synergy(hlm): 11
[g=58, 2099 evaluated, 1513 expanded, 24 reopened, t=0.383424s, 5652 KB]
New best heuristic value for ff_synergy(hlm): 9
[g=60, 2104 evaluated, 1516 expanded, 24 reopened, t=0.383731s, 5652 KB]
New best heuristic value for ff_synergy(hlm): 8
[g=62, 2108 evaluated, 1518 expanded, 24 reopened, t=0.383973s, 5652 KB]
New best heuristic value for ff_synergy(hlm): 7
[g=63, 2139 evaluated, 1542 expanded, 24 reopened, t=0.385917s, 5652 KB]
New best heuristic value for ff_synergy(hlm): 6
[g=64, 2141 evaluated, 1544 expanded, 24 reopened, t=0.386099s, 5652 KB]
New best heuristic value for ff_synergy(hlm): 5
[g=65, 2142 evaluated, 1545 expanded, 24 reopened, t=0.386192s, 5652 KB]
New best heuristic value for ff_synergy(hlm): 3
[g=67, 2146 evaluated, 1549 expanded, 24 reopened, t=0.386453s, 5652 KB]
New best heuristic value for ff_synergy(hlm): 2
[g=68, 2148 evaluated, 1551 expanded, 24 reopened, t=0.386607s, 5652 KB]
New best heuristic value for ff_synergy(hlm): 1
[g=69, 2150 evaluated, 1553 expanded, 24 reopened, t=0.386753s, 5652 KB]
Completely explored state space -- no solution!
Actual search time: 14.3525s [t=14.5913s]
Expanded 313411 state(s).
Reopened 149533 state(s).
Evaluated 381675 state(s).
Evaluations: 613817
Generated 1566575 state(s).
Dead ends: 68264 state(s).
Number of registered states: 232142
Int hash set load factor: 232142/524288 = 0.442776
Int hash set resizes: 19
Best solution cost so far: 70
No solution found - keep searching
Starting search: lazy_wastar(list(hff, hlm), preferred = list(hff, hlm), w = 3)
Conducting lazy best first search, (real) bound = 70
25 initial landmarks, 5 goal landmarks
New best heuristic value for lama_synergy(lm_rhw(reasonable_orders = true)): 36
New best heuristic value for ff_synergy(hlm): 34
[g=0, 1 evaluated, 0 expanded, t=14.6121s, 44032 KB]
Initial heuristic value for lama_synergy(lm_rhw(reasonable_orders = true)): 36
Initial heuristic value for ff_synergy(hlm): 34
New best heuristic value for lama_synergy(lm_rhw(reasonable_orders = true)): 35
[g=1, 2 evaluated, 1 expanded, t=14.6123s, 44032 KB]
New best heuristic value for lama_synergy(lm_rhw(reasonable_orders = true)): 34
[g=2, 3 evaluated, 2 expanded, t=14.6123s, 44032 KB]
New best heuristic value for lama_synergy(lm_rhw(reasonable_orders = true)): 33
[g=2, 5 evaluated, 4 expanded, t=14.6124s, 44032 KB]
New best heuristic value for lama_synergy(lm_rhw(reasonable_orders = true)): 32
[g=3, 6 evaluated, 5 expanded, t=14.6125s, 44032 KB]
New best heuristic value for lama_synergy(lm_rhw(reasonable_orders = true)): 31
[g=4, 8 evaluated, 7 expanded, t=14.6125s, 44032 KB]
New best heuristic value for lama_synergy(lm_rhw(reasonable_orders = true)): 29
[g=5, 10 evaluated, 9 expanded, t=14.6126s, 44032 KB]
New best heuristic value for lama_synergy(lm_rhw(reasonable_orders = true)): 28
[g=7, 17 evaluated, 16 expanded, t=14.6129s, 44032 KB]
New best heuristic value for ff_synergy(hlm): 33
[g=4, 18 evaluated, 17 expanded, t=14.6129s, 44032 KB]
New best heuristic value for lama_synergy(lm_rhw(reasonable_orders = true)): 27
[g=8, 19 evaluated, 18 expanded, t=14.613s, 44032 KB]
New best heuristic value for ff_synergy(hlm): 32
[g=5, 20 evaluated, 19 expanded, t=14.613s, 44032 KB]
New best heuristic value for ff_synergy(hlm): 31
[g=6, 22 evaluated, 21 expanded, t=14.6131s, 44032 KB]
New best heuristic value for lama_synergy(lm_rhw(reasonable_orders = true)): 26
[g=10, 25 evaluated, 24 expanded, t=14.6132s, 44032 KB]
New best heuristic value for lama_synergy(lm_rhw(reasonable_orders = true)): 25
[g=11, 27 evaluated, 26 expanded, t=14.6133s, 44032 KB]
New best heuristic value for lama_synergy(lm_rhw(reasonable_orders = true)): 24
[g=13, 33 evaluated, 32 expanded, t=14.6135s, 44032 KB]
New best heuristic value for lama_synergy(lm_rhw(reasonable_orders = true)): 23
[g=14, 34 evaluated, 33 expanded, t=14.6135s, 44032 KB]
New best heuristic value for lama_synergy(lm_rhw(reasonable_orders = true)): 22
[g=15, 36 evaluated, 35 expanded, t=14.6136s, 44032 KB]
New best heuristic value for lama_synergy(lm_rhw(reasonable_orders = true)): 21
New best heuristic value for ff_synergy(hlm): 30
[g=16, 38 evaluated, 37 expanded, t=14.6137s, 44032 KB]
New best heuristic value for lama_synergy(lm_rhw(reasonable_orders = true)): 19
New best heuristic value for ff_synergy(hlm): 29
[g=17, 40 evaluated, 39 expanded, t=14.6138s, 44032 KB]
New best heuristic value for lama_synergy(lm_rhw(reasonable_orders = true)): 17
[g=19, 44 evaluated, 43 expanded, t=14.6139s, 44032 KB]
New best heuristic value for lama_synergy(lm_rhw(reasonable_orders = true)): 16
[g=20, 46 evaluated, 45 expanded, t=14.614s, 44032 KB]
New best heuristic value for lama_synergy(lm_rhw(reasonable_orders = true)): 14
[g=21, 48 evaluated, 47 expanded, t=14.6141s, 44032 KB]
New best heuristic value for lama_synergy(lm_rhw(reasonable_orders = true)): 13
[g=22, 49 evaluated, 48 expanded, t=14.6142s, 44032 KB]
New best heuristic value for lama_synergy(lm_rhw(reasonable_orders = true)): 11
[g=24, 56 evaluated, 55 expanded, t=14.6144s, 44032 KB]
New best heuristic value for lama_synergy(lm_rhw(reasonable_orders = true)): 10
[g=25, 58 evaluated, 57 expanded, t=14.6145s, 44032 KB]
New best heuristic value for lama_synergy(lm_rhw(reasonable_orders = true)): 9
[g=26, 60 evaluated, 59 expanded, t=14.6146s, 44032 KB]
New best heuristic value for lama_synergy(lm_rhw(reasonable_orders = true)): 7
[g=29, 69 evaluated, 68 expanded, t=14.6149s, 44032 KB]
New best heuristic value for lama_synergy(lm_rhw(reasonable_orders = true)): 6
[g=30, 70 evaluated, 69 expanded, t=14.615s, 44032 KB]
New best heuristic value for lama_synergy(lm_rhw(reasonable_orders = true)): 5
[g=35, 99 evaluated, 98 expanded, t=14.616s, 44032 KB]
New best heuristic value for lama_synergy(lm_rhw(reasonable_orders = true)): 4
[g=38, 122 evaluated, 121 expanded, t=14.6168s, 44032 KB]
New best heuristic value for ff_synergy(hlm): 28
[g=41, 166 evaluated, 162 expanded, t=14.6184s, 44032 KB]
New best heuristic value for ff_synergy(hlm): 27
[g=42, 233 evaluated, 224 expanded, t=14.6207s, 44032 KB]
New best heuristic value for ff_synergy(hlm): 26
[g=43, 355 evaluated, 336 expanded, t=14.6249s, 44032 KB]
New best heuristic value for ff_synergy(hlm): 25
[g=44, 488 evaluated, 459 expanded, t=14.6293s, 44032 KB]
New best heuristic value for ff_synergy(hlm): 24
[g=45, 675 evaluated, 628 expanded, 2 reopened, t=14.6358s, 44032 KB]
New best heuristic value for lama_synergy(lm_rhw(reasonable_orders = true)): 3
[g=38, 861 evaluated, 791 expanded, 2 reopened, t=14.6423s, 44032 KB]
New best heuristic value for lama_synergy(lm_rhw(reasonable_orders = true)): 2
[g=39, 862 evaluated, 792 expanded, 2 reopened, t=14.6423s, 44032 KB]
New best heuristic value for lama_synergy(lm_rhw(reasonable_orders = true)): 1
[g=40, 864 evaluated, 794 expanded, 2 reopened, t=14.6424s, 44032 KB]
New best heuristic value for lama_synergy(lm_rhw(reasonable_orders = true)): 0
[g=42, 870 evaluated, 800 expanded, 2 reopened, t=14.6426s, 44032 KB]
New best heuristic value for ff_synergy(hlm): 23
[g=45, 899 evaluated, 829 expanded, 3 reopened, t=14.6436s, 44032 KB]
New best heuristic value for ff_synergy(hlm): 22
[g=46, 933 evaluated, 863 expanded, 3 reopened, t=14.6448s, 44032 KB]
New best heuristic value for ff_synergy(hlm): 21
[g=47, 1003 evaluated, 933 expanded, 3 reopened, t=14.6469s, 44032 KB]
New best heuristic value for ff_synergy(hlm): 20
[g=48, 1132 evaluated, 1061 expanded, 3 reopened, t=14.651s, 44032 KB]
New best heuristic value for ff_synergy(hlm): 18
[g=50, 1135 evaluated, 1064 expanded, 3 reopened, t=14.6511s, 44032 KB]
New best heuristic value for ff_synergy(hlm): 17
[g=51, 1136 evaluated, 1065 expanded, 3 reopened, t=14.6512s, 44032 KB]
New best heuristic value for ff_synergy(hlm): 16
[g=52, 1138 evaluated, 1067 expanded, 3 reopened, t=14.6512s, 44032 KB]
New best heuristic value for ff_synergy(hlm): 15
[g=53, 1139 evaluated, 1068 expanded, 3 reopened, t=14.6513s, 44032 KB]
New best heuristic value for ff_synergy(hlm): 14
[g=54, 1140 evaluated, 1069 expanded, 3 reopened, t=14.6513s, 44032 KB]
New best heuristic value for ff_synergy(hlm): 13
[g=56, 1145 evaluated, 1074 expanded, 3 reopened, t=14.6515s, 44032 KB]
New best heuristic value for ff_synergy(hlm): 12
[g=57, 1146 evaluated, 1075 expanded, 3 reopened, t=14.6516s, 44032 KB]
New best heuristic value for ff_synergy(hlm): 11
[g=58, 1149 evaluated, 1077 expanded, 3 reopened, t=14.6517s, 44032 KB]
New best heuristic value for ff_synergy(hlm): 9
[g=60, 1154 evaluated, 1080 expanded, 3 reopened, t=14.6519s, 44032 KB]
New best heuristic value for ff_synergy(hlm): 8
[g=62, 1159 evaluated, 1083 expanded, 3 reopened, t=14.652s, 44032 KB]
New best heuristic value for ff_synergy(hlm): 7
[g=63, 1191 evaluated, 1108 expanded, 3 reopened, t=14.6531s, 44032 KB]
New best heuristic value for ff_synergy(hlm): 6
[g=64, 1193 evaluated, 1110 expanded, 3 reopened, t=14.6532s, 44032 KB]
New best heuristic value for ff_synergy(hlm): 5
[g=65, 1195 evaluated, 1112 expanded, 3 reopened, t=14.6533s, 44032 KB]
New best heuristic value for ff_synergy(hlm): 3
[g=67, 1199 evaluated, 1116 expanded, 3 reopened, t=14.6534s, 44032 KB]
New best heuristic value for ff_synergy(hlm): 2
[g=68, 1201 evaluated, 1118 expanded, 3 reopened, t=14.6535s, 44032 KB]
New best heuristic value for ff_synergy(hlm): 1
[g=69, 1202 evaluated, 1119 expanded, 3 reopened, t=14.6536s, 44032 KB]
Completely explored state space -- no solution!
Actual search time: 11.4876s [t=26.0997s]
Expanded 235146 state(s).
Reopened 71268 state(s).
Evaluated 303410 state(s).
Evaluations: 535552
Generated 1169290 state(s).
Dead ends: 68264 state(s).
Number of registered states: 232142
Int hash set load factor: 232142/524288 = 0.442776
Int hash set resizes: 19
Best solution cost so far: 70
No solution found - keep searching
Starting search: lazy_wastar(list(hff, hlm), preferred = list(hff, hlm), w = 2)
Conducting lazy best first search, (real) bound = 70
25 initial landmarks, 5 goal landmarks
New best heuristic value for lama_synergy(lm_rhw(reasonable_orders = true)): 36
New best heuristic value for ff_synergy(hlm): 34
[g=0, 1 evaluated, 0 expanded, t=26.1208s, 46440 KB]
Initial heuristic value for lama_synergy(lm_rhw(reasonable_orders = true)): 36
Initial heuristic value for ff_synergy(hlm): 34
New best heuristic value for lama_synergy(lm_rhw(reasonable_orders = true)): 35
[g=1, 2 evaluated, 1 expanded, t=26.121s, 46440 KB]
New best heuristic value for lama_synergy(lm_rhw(reasonable_orders = true)): 34
[g=2, 3 evaluated, 2 expanded, t=26.121s, 46440 KB]
New best heuristic value for lama_synergy(lm_rhw(reasonable_orders = true)): 33
[g=2, 5 evaluated, 4 expanded, t=26.1211s, 46440 KB]
New best heuristic value for lama_synergy(lm_rhw(reasonable_orders = true)): 32
[g=3, 6 evaluated, 5 expanded, t=26.1211s, 46440 KB]
New best heuristic value for lama_synergy(lm_rhw(reasonable_orders = true)): 31
[g=4, 8 evaluated, 7 expanded, t=26.1212s, 46440 KB]
New best heuristic value for lama_synergy(lm_rhw(reasonable_orders = true)): 29
[g=5, 10 evaluated, 9 expanded, t=26.1213s, 46440 KB]
New best heuristic value for lama_synergy(lm_rhw(reasonable_orders = true)): 28
[g=7, 17 evaluated, 16 expanded, t=26.1215s, 46440 KB]
New best heuristic value for ff_synergy(hlm): 33
[g=4, 18 evaluated, 17 expanded, t=26.1216s, 46440 KB]
New best heuristic value for lama_synergy(lm_rhw(reasonable_orders = true)): 27
[g=8, 19 evaluated, 18 expanded, t=26.1216s, 46440 KB]
New best heuristic value for ff_synergy(hlm): 32
[g=5, 20 evaluated, 19 expanded, t=26.1217s, 46440 KB]
New best heuristic value for ff_synergy(hlm): 31
[g=6, 22 evaluated, 21 expanded, t=26.1217s, 46440 KB]
New best heuristic value for lama_synergy(lm_rhw(reasonable_orders = true)): 26
[g=10, 33 evaluated, 32 expanded, t=26.1221s, 46440 KB]
New best heuristic value for lama_synergy(lm_rhw(reasonable_orders = true)): 25
[g=11, 35 evaluated, 34 expanded, t=26.1222s, 46440 KB]
New best heuristic value for lama_synergy(lm_rhw(reasonable_orders = true)): 24
[g=13, 44 evaluated, 43 expanded, t=26.1224s, 46440 KB]
New best heuristic value for lama_synergy(lm_rhw(reasonable_orders = true)): 23
[g=14, 45 evaluated, 44 expanded, t=26.1225s, 46440 KB]
New best heuristic value for lama_synergy(lm_rhw(reasonable_orders = true)): 22
[g=15, 47 evaluated, 46 expanded, t=26.1225s, 46440 KB]
New best heuristic value for lama_synergy(lm_rhw(reasonable_orders = true)): 21
New best heuristic value for ff_synergy(hlm): 30
[g=16, 49 evaluated, 48 expanded, t=26.1226s, 46440 KB]
New best heuristic value for lama_synergy(lm_rhw(reasonable_orders = true)): 19
New best heuristic value for ff_synergy(hlm): 29
[g=17, 50 evaluated, 49 expanded, t=26.1227s, 46440 KB]
New best heuristic value for lama_synergy(lm_rhw(reasonable_orders = true)): 17
[g=19, 54 evaluated, 53 expanded, t=26.1229s, 46440 KB]
New best heuristic value for lama_synergy(lm_rhw(reasonable_orders = true)): 16
[g=20, 55 evaluated, 54 expanded, t=26.1229s, 46440 KB]
New best heuristic value for lama_synergy(lm_rhw(reasonable_orders = true)): 14
[g=21, 57 evaluated, 56 expanded, t=26.123s, 46440 KB]
New best heuristic value for lama_synergy(lm_rhw(reasonable_orders = true)): 13
[g=22, 59 evaluated, 58 expanded, t=26.1231s, 46440 KB]
New best heuristic value for lama_synergy(lm_rhw(reasonable_orders = true)): 11
[g=24, 69 evaluated, 68 expanded, t=26.1234s, 46440 KB]
New best heuristic value for lama_synergy(lm_rhw(reasonable_orders = true)): 10
[g=25, 70 evaluated, 69 expanded, t=26.1235s, 46440 KB]
New best heuristic value for lama_synergy(lm_rhw(reasonable_orders = true)): 9
[g=26, 71 evaluated, 70 expanded, t=26.1236s, 46440 KB]
New best heuristic value for lama_synergy(lm_rhw(reasonable_orders = true)): 7
[g=29, 83 evaluated, 82 expanded, t=26.124s, 46440 KB]
New best heuristic value for lama_synergy(lm_rhw(reasonable_orders = true)): 6
[g=30, 84 evaluated, 83 expanded, t=26.124s, 46440 KB]
New best heuristic value for lama_synergy(lm_rhw(reasonable_orders = true)): 5
[g=35, 111 evaluated, 110 expanded, t=26.1249s, 46440 KB]
New best heuristic value for lama_synergy(lm_rhw(reasonable_orders = true)): 4
[g=38, 165 evaluated, 164 expanded, t=26.1266s, 46440 KB]
New best heuristic value for ff_synergy(hlm): 28
[g=41, 277 evaluated, 273 expanded, t=26.1304s, 46440 KB]
New best heuristic value for ff_synergy(hlm): 27
[g=42, 389 evaluated, 380 expanded, t=26.1342s, 46440 KB]
New best heuristic value for ff_synergy(hlm): 26
[g=43, 944 evaluated, 925 expanded, 4 reopened, t=26.1531s, 46440 KB]
New best heuristic value for lama_synergy(lm_rhw(reasonable_orders = true)): 3
[g=38, 1389 evaluated, 1358 expanded, 5 reopened, t=26.1685s, 46440 KB]
New best heuristic value for lama_synergy(lm_rhw(reasonable_orders = true)): 2
[g=39, 1390 evaluated, 1359 expanded, 5 reopened, t=26.1685s, 46440 KB]
New best heuristic value for lama_synergy(lm_rhw(reasonable_orders = true)): 1
[g=40, 1391 evaluated, 1360 expanded, 5 reopened, t=26.1686s, 46440 KB]
New best heuristic value for lama_synergy(lm_rhw(reasonable_orders = true)): 0
[g=42, 1398 evaluated, 1367 expanded, 5 reopened, t=26.1688s, 46440 KB]
New best heuristic value for ff_synergy(hlm): 25
[g=43, 1404 evaluated, 1373 expanded, 5 reopened, t=26.169s, 46440 KB]
New best heuristic value for ff_synergy(hlm): 24
[g=44, 1417 evaluated, 1386 expanded, 5 reopened, t=26.1695s, 46440 KB]
New best heuristic value for ff_synergy(hlm): 23
[g=45, 1454 evaluated, 1423 expanded, 5 reopened, t=26.1706s, 46440 KB]
New best heuristic value for ff_synergy(hlm): 22
[g=46, 1547 evaluated, 1516 expanded, 5 reopened, t=26.1735s, 46440 KB]
New best heuristic value for ff_synergy(hlm): 21
[g=47, 1730 evaluated, 1699 expanded, 5 reopened, t=26.1792s, 46440 KB]
New best heuristic value for ff_synergy(hlm): 20
[g=48, 2067 evaluated, 2035 expanded, 5 reopened, t=26.1904s, 46440 KB]
New best heuristic value for ff_synergy(hlm): 19
[g=49, 3208 evaluated, 3169 expanded, 43 reopened, t=26.2284s, 46440 KB]
New best heuristic value for ff_synergy(hlm): 18
[g=50, 5315 evaluated, 5250 expanded, 82 reopened, t=26.3s, 46440 KB]
New best heuristic value for ff_synergy(hlm): 17
[g=51, 5316 evaluated, 5251 expanded, 82 reopened, t=26.3001s, 46440 KB]
New best heuristic value for ff_synergy(hlm): 16
[g=52, 5317 evaluated, 5252 expanded, 82 reopened, t=26.3001s, 46440 KB]
New best heuristic value for ff_synergy(hlm): 15
[g=53, 5318 evaluated, 5253 expanded, 82 reopened, t=26.3002s, 46440 KB]
New best heuristic value for ff_synergy(hlm): 14
[g=54, 5320 evaluated, 5255 expanded, 82 reopened, t=26.3002s, 46440 KB]
New best heuristic value for ff_synergy(hlm): 13
[g=56, 5325 evaluated, 5260 expanded, 82 reopened, t=26.3004s, 46440 KB]
New best heuristic value for ff_synergy(hlm): 12
[g=57, 5326 evaluated, 5261 expanded, 82 reopened, t=26.3005s, 46440 KB]
New best heuristic value for ff_synergy(hlm): 11
[g=58, 5330 evaluated, 5264 expanded, 82 reopened, t=26.3006s, 46440 KB]
New best heuristic value for ff_synergy(hlm): 9
[g=60, 5338 evaluated, 5270 expanded, 82 reopened, t=26.3009s, 46440 KB]
New best heuristic value for ff_synergy(hlm): 8
[g=62, 5343 evaluated, 5273 expanded, 82 reopened, t=26.301s, 46440 KB]
New best heuristic value for ff_synergy(hlm): 7
[g=63, 5374 evaluated, 5298 expanded, 82 reopened, t=26.302s, 46440 KB]
New best heuristic value for ff_synergy(hlm): 6
[g=64, 5375 evaluated, 5299 expanded, 82 reopened, t=26.302s, 46440 KB]
New best heuristic value for ff_synergy(hlm): 5
[g=65, 5377 evaluated, 5301 expanded, 82 reopened, t=26.3021s, 46440 KB]
New best heuristic value for ff_synergy(hlm): 3
[g=67, 5383 evaluated, 5307 expanded, 82 reopened, t=26.3023s, 46440 KB]
New best heuristic value for ff_synergy(hlm): 2
[g=68, 5384 evaluated, 5308 expanded, 82 reopened, t=26.3024s, 46440 KB]
New best heuristic value for ff_synergy(hlm): 1
[g=69, 5385 evaluated, 5309 expanded, 82 reopened, t=26.3024s, 46440 KB]
Completely explored state space -- no solution!
Actual search time: 9.62144s [t=35.7422s]
Expanded 184911 state(s).
Reopened 21033 state(s).
Evaluated 253175 state(s).
Evaluations: 485317
Generated 910417 state(s).
Dead ends: 68264 state(s).
Number of registered states: 232142
Int hash set load factor: 232142/524288 = 0.442776
Int hash set resizes: 19
Best solution cost so far: 70
No solution found - keep searching
Starting search: lazy_wastar(list(hff, hlm), preferred = list(hff, hlm), w = 1)
Conducting lazy best first search, (real) bound = 70
25 initial landmarks, 5 goal landmarks
New best heuristic value for lama_synergy(lm_rhw(reasonable_orders = true)): 36
New best heuristic value for ff_synergy(hlm): 34
[g=0, 1 evaluated, 0 expanded, t=35.7617s, 46440 KB]
Initial heuristic value for lama_synergy(lm_rhw(reasonable_orders = true)): 36
Initial heuristic value for ff_synergy(hlm): 34
New best heuristic value for lama_synergy(lm_rhw(reasonable_orders = true)): 35
[g=1, 2 evaluated, 1 expanded, t=35.7618s, 46440 KB]
New best heuristic value for lama_synergy(lm_rhw(reasonable_orders = true)): 34
[g=2, 3 evaluated, 2 expanded, t=35.7619s, 46440 KB]
New best heuristic value for lama_synergy(lm_rhw(reasonable_orders = true)): 33
[g=2, 4 evaluated, 3 expanded, t=35.762s, 46440 KB]
New best heuristic value for lama_synergy(lm_rhw(reasonable_orders = true)): 32
[g=3, 5 evaluated, 4 expanded, t=35.762s, 46440 KB]
New best heuristic value for lama_synergy(lm_rhw(reasonable_orders = true)): 31
[g=4, 9 evaluated, 8 expanded, t=35.7622s, 46440 KB]
New best heuristic value for lama_synergy(lm_rhw(reasonable_orders = true)): 29
[g=5, 14 evaluated, 13 expanded, t=35.7623s, 46440 KB]
New best heuristic value for ff_synergy(hlm): 33
[g=4, 20 evaluated, 19 expanded, t=35.7625s, 46440 KB]
New best heuristic value for lama_synergy(lm_rhw(reasonable_orders = true)): 28
[g=7, 22 evaluated, 21 expanded, t=35.7626s, 46440 KB]
New best heuristic value for ff_synergy(hlm): 32
[g=5, 26 evaluated, 25 expanded, t=35.7627s, 46440 KB]
New best heuristic value for ff_synergy(hlm): 31
[g=6, 31 evaluated, 30 expanded, t=35.7629s, 46440 KB]
New best heuristic value for lama_synergy(lm_rhw(reasonable_orders = true)): 27
[g=8, 42 evaluated, 41 expanded, t=35.7632s, 46440 KB]
New best heuristic value for lama_synergy(lm_rhw(reasonable_orders = true)): 26
[g=10, 104 evaluated, 103 expanded, t=35.7648s, 46440 KB]
New best heuristic value for lama_synergy(lm_rhw(reasonable_orders = true)): 25
[g=10, 110 evaluated, 109 expanded, t=35.765s, 46440 KB]
New best heuristic value for ff_synergy(hlm): 30
[g=11, 151 evaluated, 150 expanded, t=35.7662s, 46440 KB]
New best heuristic value for ff_synergy(hlm): 29
[g=12, 173 evaluated, 172 expanded, t=35.7668s, 46440 KB]
New best heuristic value for lama_synergy(lm_rhw(reasonable_orders = true)): 24
[g=12, 174 evaluated, 173 expanded, t=35.7668s, 46440 KB]
New best heuristic value for lama_synergy(lm_rhw(reasonable_orders = true)): 23
[g=13, 180 evaluated, 179 expanded, t=35.767s, 46440 KB]
New best heuristic value for lama_synergy(lm_rhw(reasonable_orders = true)): 22
[g=14, 236 evaluated, 235 expanded, t=35.7685s, 46440 KB]
New best heuristic value for lama_synergy(lm_rhw(reasonable_orders = true)): 21
[g=15, 282 evaluated, 281 expanded, t=35.7715s, 46440 KB]
New best heuristic value for lama_synergy(lm_rhw(reasonable_orders = true)): 20
[g=16, 316 evaluated, 315 expanded, t=35.7725s, 46440 KB]
New best heuristic value for lama_synergy(lm_rhw(reasonable_orders = true)): 18
[g=17, 346 evaluated, 345 expanded, t=35.7734s, 46440 KB]
New best heuristic value for lama_synergy(lm_rhw(reasonable_orders = true)): 16
[g=19, 372 evaluated, 371 expanded, t=35.7742s, 46440 KB]
New best heuristic value for lama_synergy(lm_rhw(reasonable_orders = true)): 15
[g=20, 373 evaluated, 372 expanded, t=35.7742s, 46440 KB]
New best heuristic value for lama_synergy(lm_rhw(reasonable_orders = true)): 13
[g=21, 376 evaluated, 375 expanded, t=35.7744s, 46440 KB]
New best heuristic value for lama_synergy(lm_rhw(reasonable_orders = true)): 12
[g=22, 377 evaluated, 376 expanded, t=35.7744s, 46440 KB]
New best heuristic value for lama_synergy(lm_rhw(reasonable_orders = true)): 11
[g=23, 385 evaluated, 384 expanded, t=35.7747s, 46440 KB]
New best heuristic value for lama_synergy(lm_rhw(reasonable_orders = true)): 10
[g=24, 386 evaluated, 385 expanded, t=35.7748s, 46440 KB]
New best heuristic value for lama_synergy(lm_rhw(reasonable_orders = true)): 9
[g=25, 390 evaluated, 389 expanded, t=35.7749s, 46440 KB]
New best heuristic value for lama_synergy(lm_rhw(reasonable_orders = true)): 8
[g=26, 394 evaluated, 393 expanded, t=35.7751s, 46440 KB]
New best heuristic value for lama_synergy(lm_rhw(reasonable_orders = true)): 7
[g=28, 501 evaluated, 500 expanded, t=35.7785s, 46440 KB]
New best heuristic value for lama_synergy(lm_rhw(reasonable_orders = true)): 6
[g=29, 505 evaluated, 504 expanded, t=35.7786s, 46440 KB]
New best heuristic value for lama_synergy(lm_rhw(reasonable_orders = true)): 5
[g=30, 510 evaluated, 509 expanded, t=35.7788s, 46440 KB]
New best heuristic value for lama_synergy(lm_rhw(reasonable_orders = true)): 4
[g=35, 4227 evaluated, 4226 expanded, t=35.8939s, 46440 KB]
New best heuristic value for lama_synergy(lm_rhw(reasonable_orders = true)): 3
[g=38, 8943 evaluated, 8942 expanded, t=36.0433s, 46440 KB]
New best heuristic value for lama_synergy(lm_rhw(reasonable_orders = true)): 2
[g=39, 9750 evaluated, 9749 expanded, t=36.0692s, 46440 KB]
New best heuristic value for lama_synergy(lm_rhw(reasonable_orders = true)): 1
New best heuristic value for ff_synergy(hlm): 28
[g=40, 9943 evaluated, 9942 expanded, t=36.0758s, 46440 KB]
New best heuristic value for ff_synergy(hlm): 27
[g=41, 9997 evaluated, 9996 expanded, t=36.0775s, 46440 KB]
New best heuristic value for lama_synergy(lm_rhw(reasonable_orders = true)): 0
New best heuristic value for ff_synergy(hlm): 26
[g=42, 11167 evaluated, 11164 expanded, t=36.1188s, 46440 KB]
New best heuristic value for ff_synergy(hlm): 25
[g=43, 11330 evaluated, 11327 expanded, t=36.1242s, 46440 KB]
New best heuristic value for ff_synergy(hlm): 24
[g=44, 12753 evaluated, 12746 expanded, t=36.1751s, 46440 KB]
New best heuristic value for ff_synergy(hlm): 23
[g=45, 28400 evaluated, 28358 expanded, 4229 reopened, t=36.6461s, 46440 KB]
New best heuristic value for ff_synergy(hlm): 22
[g=46, 31514 evaluated, 31380 expanded, 4695 reopened, t=36.7553s, 46440 KB]
New best heuristic value for ff_synergy(hlm): 21
[g=47, 32455 evaluated, 32316 expanded, 4698 reopened, t=36.7896s, 46440 KB]
New best heuristic value for ff_synergy(hlm): 20
[g=48, 32835 evaluated, 32696 expanded, 4699 reopened, t=36.8039s, 46440 KB]
New best heuristic value for ff_synergy(hlm): 19
[g=49, 33055 evaluated, 32915 expanded, 4699 reopened, t=36.8122s, 46440 KB]
New best heuristic value for ff_synergy(hlm): 18
[g=50, 34332 evaluated, 34117 expanded, 4778 reopened, t=36.8632s, 46440 KB]
New best heuristic value for ff_synergy(hlm): 17
[g=51, 34344 evaluated, 34129 expanded, 4778 reopened, t=36.8635s, 46440 KB]
New best heuristic value for ff_synergy(hlm): 16
[g=52, 34355 evaluated, 34140 expanded, 4778 reopened, t=36.8639s, 46440 KB]
New best heuristic value for ff_synergy(hlm): 15
[g=53, 34364 evaluated, 34149 expanded, 4778 reopened, t=36.8642s, 46440 KB]
New best heuristic value for ff_synergy(hlm): 14
[g=54, 34370 evaluated, 34155 expanded, 4778 reopened, t=36.8644s, 46440 KB]
New best heuristic value for ff_synergy(hlm): 13
[g=56, 36525 evaluated, 35979 expanded, 4796 reopened, t=36.9403s, 46440 KB]
New best heuristic value for ff_synergy(hlm): 12
[g=57, 38273 evaluated, 37588 expanded, 4796 reopened, t=37.0064s, 46440 KB]
New best heuristic value for ff_synergy(hlm): 11
[g=58, 39371 evaluated, 38594 expanded, 4796 reopened, t=37.0474s, 46440 KB]
New best heuristic value for ff_synergy(hlm): 10
[g=59, 46606 evaluated, 44356 expanded, 5191 reopened, t=37.3135s, 46440 KB]
New best heuristic value for ff_synergy(hlm): 9
[g=60, 46613 evaluated, 44361 expanded, 5191 reopened, t=37.3137s, 46440 KB]
New best heuristic value for ff_synergy(hlm): 8
[g=62, 49203 evaluated, 46168 expanded, 5211 reopened, t=37.406s, 46440 KB]
New best heuristic value for ff_synergy(hlm): 7
[g=63, 61417 evaluated, 55778 expanded, 5640 reopened, t=37.8568s, 46440 KB]
New best heuristic value for ff_synergy(hlm): 6
[g=64, 61423 evaluated, 55784 expanded, 5640 reopened, t=37.857s, 46440 KB]
New best heuristic value for ff_synergy(hlm): 5
[g=65, 61428 evaluated, 55789 expanded, 5640 reopened, t=37.8572s, 46440 KB]
New best heuristic value for ff_synergy(hlm): 4
[g=66, 68207 evaluated, 61133 expanded, 5964 reopened, t=38.1012s, 46440 KB]
New best heuristic value for ff_synergy(hlm): 3
[g=67, 68210 evaluated, 61136 expanded, 5964 reopened, t=38.1014s, 46440 KB]
New best heuristic value for ff_synergy(hlm): 2
[g=68, 68212 evaluated, 61138 expanded, 5964 reopened, t=38.1015s, 46440 KB]
New best heuristic value for ff_synergy(hlm): 1
[g=69, 68215 evaluated, 61141 expanded, 5964 reopened, t=38.1016s, 46440 KB]
Completely explored state space -- no solution!
Actual search time: 8.79023s [t=44.5519s]
Expanded 174587 state(s).
Reopened 10709 state(s).
Evaluated 242851 state(s).
Evaluations: 474993
Generated 861685 state(s).
Dead ends: 68264 state(s).
Number of registered states: 232142
Int hash set load factor: 232142/524288 = 0.442776
Int hash set resizes: 19
Best solution cost so far: 70
No solution found - keep searching
Actual search time: 44.5627s [t=44.5703s]
Cumulative statistics:
Expanded 910242 state(s).
Reopened 252543 state(s).
Evaluated 1184682 state(s).
Evaluations: 2116821
Generated 4518289 state(s).
Dead ends: 0 state(s).
Search time: 44.5627s
Total time: 44.5704s
Solution found.
Peak memory: 46440 KB
