Parsing...
Parsing: [0.020s CPU, 0.007s wall-clock]
Normalizing task... [0.000s CPU, 0.001s wall-clock]
Instantiating...
Generating Datalog program... [0.000s CPU, 0.001s wall-clock]
Normalizing Datalog program...
Trivial rules: Converted to facts.
Normalizing Datalog program: [0.000s CPU, 0.008s wall-clock]
Preparing model... [0.010s CPU, 0.003s wall-clock]
Generated 82 rules.
Computing model... [0.020s CPU, 0.020s wall-clock]
498 relevant atoms
895 auxiliary atoms
1393 final queue length
1808 total queue pushes
Completing instantiation... [0.010s CPU, 0.018s wall-clock]
Instantiating: [0.040s CPU, 0.051s wall-clock]
Computing fact groups...
Finding invariants...
12 initial candidates
Finding invariants: [0.010s CPU, 0.009s wall-clock]
Checking invariant weight... [0.000s CPU, 0.000s wall-clock]
Instantiating groups... [0.010s CPU, 0.001s wall-clock]
Collecting mutex groups... [0.000s CPU, 0.000s wall-clock]
Choosing groups...
37 uncovered facts
Choosing groups: [0.000s CPU, 0.001s wall-clock]
Building translation key... [0.000s CPU, 0.000s wall-clock]
Computing fact groups: [0.020s CPU, 0.014s wall-clock]
Building STRIPS to SAS dictionary... [0.000s CPU, 0.000s wall-clock]
Building dictionary for full mutex groups... [0.000s CPU, 0.000s wall-clock]
Building mutex information...
Building mutex information: [0.000s CPU, 0.001s wall-clock]
Translating task...
Processing axioms...
Simplifying axioms... [0.000s CPU, 0.000s wall-clock]
Processing axioms: [0.000s CPU, 0.002s wall-clock]
Translating task: [0.020s CPU, 0.024s wall-clock]
228 effect conditions simplified
0 implied preconditions added
Detecting unreachable propositions...
0 operators removed
0 axioms removed
7 propositions removed
Detecting unreachable propositions: [0.010s CPU, 0.010s wall-clock]
Reordering and filtering variables...
32 of 44 variables necessary.
13 of 20 mutex groups necessary.
246 of 246 operators necessary.
8 of 8 axiom rules necessary.
Reordering and filtering variables: [0.010s CPU, 0.005s wall-clock]
Translator variables: 32
Translator derived variables: 6
Translator facts: 134
Translator goal facts: 5
Translator mutex groups: 13
Translator total mutex groups size: 91
Translator operators: 246
Translator axioms: 8
Translator task size: 2062
Translator peak memory: 26352 KB
Writing output... [0.000s CPU, 0.004s wall-clock]
Done! [0.120s CPU, 0.119s wall-clock]
