0 : (move-on-arrival train1 v1 t0)
1 : (move-on-arrival train2 v2 v1)
2 : (move-to-track train1 t0 t4 track2)
3 : (move-on-arrival train2 v1 t0)
4 : (move-on-arrival train3 v3 v2)
5 : (move-on-arrival train3 v2 v1)
6 : (move-on-arrival train4 v4 v3)
7 : (move-to-track train2 t0 t8 track2)
8 : (move-along-track train2 t8 t7 track2)
9 : (move-on-arrival train3 v1 t0)
10 : (move-on-arrival train4 v3 v2)
11 : (move-on-arrival train5 v5 v4)
12 : (move-along-track train2 t7 t6 track2)
13 : (move-on-arrival train4 v2 v1)
14 : (move-on-arrival train5 v4 v3)
15 : (move-on-arrival train6 v6 v5)
16 : (move-to-track train3 t0 t1 track1)
17 : (move-along-track train3 t1 t2 track1)
18 : (move-on-arrival train4 v1 t0)
19 : (move-on-arrival train5 v3 v2)
20 : (move-on-arrival train6 v5 v4)
21 : (move-along-track train1 t4 t5 track2)
22 : (move-along-track train3 t2 t3 track1)
23 : (move-on-arrival train5 v2 v1)
24 : (move-on-arrival train6 v4 v3)
25 : (move-to-track train4 t0 t1 track1)
26 : (move-on-arrival train5 v1 t0)
27 : (move-on-arrival train6 v3 v2)
28 : (move-along-track train1 t5 t4 track2)
29 : (move-on-arrival train6 v2 v1)
30 : (move-to-track train5 t0 t8 track2)
31 : (move-along-track train4 t1 t2 track1)
32 : (move-along-track train5 t8 t7 track2)
33 : (move-on-arrival train6 v1 t0)
34 : (move-along-track train4 t2 t1 track1)
35 : (move-to-track train6 t0 t8 track2)
36 : (move-along-track train2 t6 t5 track2)
37 : (move-along-track train3 t3 t2 track1)
38 : (move-from-track-to-departure train4 t1 t0 track1)
39 : (move-along-track train3 t2 t1 track1)
40 : (move-along-track train5 t7 t6 track2)
41 : (move-to-departure train4 t0 v1)
42 : (move-along-track train3 t1 t2 track1)
43 : (move-from-track-to-departure train1 t4 t0 track2)
44 : (move-to-departure train4 v1 v2)
45 : (move-along-track train2 t5 t4 track2)
46 : (move-along-track train3 t2 t1 track1)
47 : (move-along-track train6 t8 t7 track2)
48 : (move-to-departure train1 t0 v1)
49 : (move-to-departure train4 v2 v3)
50 : (move-along-track train3 t1 t2 track1)
51 : (move-along-track train5 t6 t5 track2)
52 : (move-from-track-to-departure train2 t4 t0 track2)
53 : (move-to-departure train1 v1 v2)
54 : (move-to-departure train4 v3 v4)
55 : (move-along-track train5 t5 t6 track2)
56 : (move-along-track train6 t7 t8 track2)
57 : (move-to-departure train1 v2 v3)
58 : (move-to-departure train2 t0 v1)
59 : (move-to-departure train4 v4 v5)
60 : (move-along-track train3 t2 t3 track1)
61 : (move-along-track train5 t6 t7 track2)
62 : (move-from-track-to-departure train6 t8 t0 track2)
63 : (move-to-departure train1 v3 v4)
64 : (move-to-departure train2 v1 v2)
65 : (move-to-departure train4 v5 v6)
66 : (move-along-track train5 t7 t8 track2)
67 : (move-to-departure train1 v4 v5)
68 : (move-to-departure train2 v2 v3)
69 : (move-to-departure train6 t0 v1)
70 : (move-along-track train3 t3 t2 track1)
71 : (move-from-track-to-departure train5 t8 t0 track2)
72 : (move-to-departure train2 v3 v4)
73 : (move-to-departure train6 v1 v2)
74 : (move-along-track train3 t2 t1 track1)
75 : (move-to-departure train5 t0 v1)
76 : (move-to-departure train6 v2 v3)
77 : (move-from-track-to-departure train3 t1 t0 track1)
78 : (move-to-departure train5 v1 v2)
79 : (move-to-departure train3 t0 v1)
