0 : (move-on-arrival train1 v1 t0)
1 : (move-on-arrival train2 v2 v1)
2 : (move-to-track train1 t0 t10 track3)
3 : (move-along-track train1 t10 t11 track3)
4 : (move-on-arrival train2 v1 t0)
5 : (move-on-arrival train3 v3 v2)
6 : (move-along-track train1 t11 t12 track3)
7 : (move-on-arrival train3 v2 v1)
8 : (move-on-arrival train4 v4 v3)
9 : (move-to-track train2 t0 t7 track2)
10 : (move-on-arrival train4 v3 v2)
11 : (move-on-arrival train5 v5 v4)
12 : (switch-track train2 t7 t0 t10 track2 track3)
13 : (move-on-arrival train3 v1 t0)
14 : (move-on-arrival train4 v2 v1)
15 : (move-on-arrival train5 v4 v3)
16 : (move-on-arrival train6 v6 v5)
17 : (move-to-track train3 t0 t7 track2)
18 : (move-along-track train3 t7 t8 track2)
19 : (move-on-arrival train5 v3 v2)
20 : (move-on-arrival train6 v5 v4)
21 : (move-on-arrival train7 v7 v6)
22 : (switch-track train2 t10 t0 t1 track3 track1)
23 : (move-on-arrival train4 v1 t0)
24 : (move-along-track train2 t1 t2 track1)
25 : (move-along-track train3 t8 t9 track2)
26 : (move-on-arrival train5 v2 v1)
27 : (move-on-arrival train6 v4 v3)
28 : (move-on-arrival train7 v6 v5)
29 : (move-on-arrival train8 v8 v7)
30 : (move-to-track train4 t0 t7 track2)
31 : (move-along-track train1 t12 t11 track3)
32 : (move-along-track train2 t2 t3 track1)
33 : (move-along-track train4 t7 t8 track2)
34 : (move-on-arrival train5 v1 t0)
35 : (move-on-arrival train6 v3 v2)
36 : (move-on-arrival train7 v5 v4)
37 : (move-on-arrival train8 v7 v6)
38 : (move-on-arrival train9 v9 v8)
39 : (move-along-track train1 t11 t10 track3)
40 : (move-along-track train2 t3 t4 track1)
41 : (move-on-arrival train10 v10 v9)
42 : (move-on-arrival train6 v2 v1)
43 : (move-on-arrival train7 v4 v3)
44 : (move-on-arrival train8 v6 v5)
45 : (move-on-arrival train9 v8 v7)
46 : (move-to-track train5 t0 t1 track1)
47 : (move-along-track train2 t4 t5 track1)
48 : (move-on-arrival train10 v9 v8)
49 : (move-on-arrival train7 v3 v2)
50 : (move-on-arrival train8 v5 v4)
51 : (move-on-arrival train9 v7 v6)
52 : (switch-track train5 t1 t0 t6 track1 track1)
53 : (move-on-arrival train6 v1 t0)
54 : (move-along-track train2 t5 t4 track1)
55 : (move-on-arrival train10 v8 v7)
56 : (move-on-arrival train7 v2 v1)
57 : (move-on-arrival train8 v4 v3)
58 : (move-on-arrival train9 v6 v5)
59 : (move-to-track train6 t0 t1 track1)
60 : (move-along-track train6 t1 t2 track1)
61 : (move-on-arrival train10 v7 v6)
62 : (move-on-arrival train7 v1 t0)
63 : (move-on-arrival train8 v3 v2)
64 : (move-on-arrival train9 v5 v4)
65 : (move-along-track train5 t6 t5 track1)
66 : (move-on-arrival train10 v6 v5)
67 : (move-on-arrival train8 v2 v1)
68 : (move-on-arrival train9 v4 v3)
69 : (move-to-track train7 t0 t7 track2)
70 : (move-along-track train6 t2 t3 track1)
71 : (move-on-arrival train10 v5 v4)
72 : (move-on-arrival train9 v3 v2)
73 : (switch-track train7 t7 t0 t1 track2 track1)
74 : (move-on-arrival train8 v1 t0)
75 : (move-along-track train5 t5 t6 track1)
76 : (move-along-track train7 t1 t2 track1)
77 : (move-on-arrival train10 v4 v3)
78 : (move-on-arrival train9 v2 v1)
79 : (move-to-track train8 t0 t7 track2)
80 : (move-along-track train2 t4 t5 track1)
81 : (move-on-arrival train10 v3 v2)
82 : (switch-track train8 t7 t0 t1 track2 track1)
83 : (move-on-arrival train9 v1 t0)
84 : (move-on-arrival train10 v2 v1)
85 : (move-to-track train9 t0 t7 track2)
86 : (move-along-track train1 t10 t11 track3)
87 : (move-along-track train6 t3 t4 track1)
88 : (move-on-arrival train10 v1 t0)
89 : (move-along-track train1 t11 t12 track3)
90 : (move-along-track train6 t4 t3 track1)
91 : (move-to-track train10 t0 t10 track3)
