0 : (move-on-arrival train1 v1 t0)
1 : (move-on-arrival train2 v2 v1)
2 : (move-to-track train1 t0 t1 track1)
3 : (move-along-lifo-track train1 t1 t7 t6 track1)
4 : (move-on-arrival train2 v1 t0)
5 : (move-on-arrival train3 v3 v2)
6 : (move-along-lifo-track train1 t7 t9 t8 track1)
7 : (move-on-arrival train3 v2 v1)
8 : (move-on-arrival train4 v4 v3)
9 : (move-to-lifo-track train2 t0 t10 t6 t5 track1)
10 : (move-along-lifo-track train1 t9 t2 t1 track1)
11 : (move-on-arrival train3 v1 t0)
12 : (move-on-arrival train4 v3 v2)
13 : (move-on-arrival train5 v5 v4)
14 : (move-on-arrival train4 v2 v1)
15 : (move-on-arrival train5 v4 v3)
16 : (move-on-arrival train6 v6 v5)
17 : (move-to-lifo-track train3 t0 t1 t8 t7 track1)
18 : (move-on-arrival train4 v1 t0)
19 : (move-on-arrival train5 v3 v2)
20 : (move-on-arrival train6 v5 v4)
21 : (move-on-arrival train7 v7 v6)
22 : (move-along-lifo-track train3 t8 t3 t2 track1)
23 : (move-on-arrival train5 v2 v1)
24 : (move-on-arrival train6 v4 v3)
25 : (move-on-arrival train7 v6 v5)
26 : (move-on-arrival train8 v8 v7)
27 : (move-to-lifo-track train4 t0 t1 t1 t0 track1)
28 : (move-along-lifo-track train3 t3 t10 t0 track1)
29 : (move-along-lifo-track train4 t1 t4 t3 track1)
30 : (move-on-arrival train5 v1 t0)
31 : (move-on-arrival train6 v3 v2)
32 : (move-on-arrival train7 v5 v4)
33 : (move-on-arrival train8 v7 v6)
34 : (move-on-arrival train9 v9 v8)
35 : (move-along-track train4 t4 t3 track1)
36 : (move-on-arrival train10 v10 v9)
37 : (move-on-arrival train6 v2 v1)
38 : (move-on-arrival train7 v4 v3)
39 : (move-on-arrival train8 v6 v5)
40 : (move-on-arrival train9 v8 v7)
41 : (move-to-track train5 t0 t1 track1)
42 : (move-along-lifo-track train2 t6 t1 t0 track1)
43 : (move-along-lifo-track train2 t1 t6 t5 track1)
44 : (move-along-track train3 t10 t9 track1)
45 : (move-on-arrival train10 v9 v8)
46 : (move-on-arrival train6 v1 t0)
47 : (move-on-arrival train7 v3 v2)
48 : (move-on-arrival train8 v5 v4)
49 : (move-on-arrival train9 v7 v6)
50 : (move-along-lifo-track train5 t1 t9 t8 track1)
51 : (move-along-lifo-track train2 t6 t5 t4 track1)
52 : (move-on-arrival train10 v8 v7)
53 : (move-on-arrival train7 v2 v1)
54 : (move-on-arrival train8 v4 v3)
55 : (move-on-arrival train9 v6 v5)
56 : (move-to-track train6 t0 t1 track1)
57 : (move-along-lifo-track train2 t5 t9 t8 track1)
58 : (move-along-lifo-track train6 t1 t6 t5 track1)
59 : (move-on-arrival train10 v7 v6)
60 : (move-on-arrival train7 v1 t0)
61 : (move-on-arrival train8 v3 v2)
62 : (move-on-arrival train9 v5 v4)
63 : (move-along-track train3 t9 t8 track1)
64 : (move-on-arrival train10 v6 v5)
65 : (move-on-arrival train8 v2 v1)
66 : (move-on-arrival train9 v4 v3)
67 : (move-to-lifo-track train7 t0 t10 t8 t7 track1)
68 : (move-along-lifo-track train4 t3 t8 t7 track1)
69 : (move-along-lifo-track train2 t9 t9 t8 track1)
70 : (move-along-track train5 t9 t10 track1)
71 : (move-along-track train7 t8 t7 track1)
72 : (move-on-arrival train10 v5 v4)
73 : (move-on-arrival train8 v1 t0)
74 : (move-on-arrival train9 v3 v2)
75 : (move-along-lifo-track train6 t6 t10 t0 track1)
76 : (move-along-lifo-track train5 t10 t10 t9 track1)
77 : (move-along-track train7 t7 t6 track1)
78 : (move-on-arrival train10 v4 v3)
79 : (move-on-arrival train9 v2 v1)
80 : (move-to-lifo-track train8 t0 t1 t4 t3 track1)
81 : (move-along-track train8 t4 t5 track1)
82 : (move-on-arrival train10 v3 v2)
83 : (move-on-arrival train9 v1 t0)
84 : (move-along-lifo-track train8 t5 t10 t9 track1)
85 : (move-on-arrival train10 v2 v1)
86 : (move-to-track train9 t0 t1 track1)
87 : (move-along-track train8 t10 t9 track1)
88 : (move-on-arrival train10 v1 t0)
89 : (move-along-lifo-track train1 t2 t4 t3 track1)
90 : (move-along-lifo-track train9 t1 t1 t0 track1)
91 : (move-to-lifo-track train10 t0 t10 t7 t6 track1)
92 : (move-along-lifo-track train8 t9 t7 t6 track1)
93 : (move-along-lifo-track train1 t4 t7 t6 track1)
94 : (move-along-lifo-track train6 t10 t7 t6 track1)
95 : (move-along-lifo-track train7 t6 t3 t2 track1)
96 : (move-along-lifo-track train9 t1 t7 t6 track1)
97 : (move-from-track-to-departure train5 t10 t0 track1)
98 : (move-along-lifo-track train2 t9 t6 t5 track1)
99 : (move-along-lifo-track train3 t8 t10 t0 track1)
100 : (move-along-lifo-track train4 t8 t10 t0 track1)
101 : (move-along-lifo-track train6 t7 t10 t9 track1)
102 : (move-along-lifo-track train7 t3 t2 t1 track1)
103 : (move-to-departure2 train5 t0 v1)
104 : (move-along-lifo-track train3 t10 t1 t0 track1)
105 : (move-from-track-to-departure train4 t10 t0 track1)
106 : (move-to-departure2 train5 v1 v2)
107 : (move-along-lifo-track train8 t7 t2 t1 track1)
108 : (move-to-departure2 train4 t0 v1)
109 : (move-to-departure2 train5 v2 v3)
110 : (move-along-lifo-track train6 t10 t4 t3 track1)
111 : (move-along-lifo-track train7 t2 t6 t5 track1)
112 : (move-along-lifo-track train8 t2 t9 t8 track1)
113 : (move-along-lifo-track train9 t7 t4 t3 track1)
114 : (move-from-track-to-departure train3 t1 t0 track1)
115 : (move-to-departure2 train4 v1 v2)
116 : (move-to-departure2 train5 v3 v4)
117 : (move-along-lifo-track train2 t6 t10 t0 track1)
118 : (move-along-lifo-track train7 t6 t7 t6 track1)
119 : (move-along-lifo-track train9 t4 t2 t1 track1)
120 : (move-along-track train8 t9 t8 track1)
121 : (move-to-departure2 train3 t0 v1)
122 : (move-to-departure2 train4 v2 v3)
123 : (move-to-departure2 train5 v4 v5)
124 : (move-along-lifo-track train6 t4 t1 t0 track1)
125 : (move-along-lifo-track train9 t2 t8 t7 track1)
126 : (move-along-track train1 t7 t6 track1)
127 : (move-from-track-to-departure train2 t10 t0 track1)
128 : (move-to-departure2 train3 v1 v2)
129 : (move-to-departure2 train4 v3 v4)
130 : (move-to-departure2 train5 v5 v6)
131 : (move-along-lifo-track train1 t6 t10 t9 track1)
132 : (move-along-lifo-track train10 t7 t2 t1 track1)
133 : (move-along-lifo-track train7 t7 t4 t3 track1)
134 : (move-to-departure2 train2 t0 v1)
135 : (move-to-departure2 train3 v2 v3)
136 : (move-to-departure2 train4 v4 v5)
137 : (move-to-departure2 train5 v6 v7)
138 : (move-along-lifo-track train9 t8 t5 t4 track1)
139 : (move-along-track train7 t4 t3 track1)
140 : (move-from-track-to-departure train1 t10 t0 track1)
141 : (move-to-departure2 train2 v1 v2)
142 : (move-to-departure2 train3 v3 v4)
143 : (move-to-departure2 train4 v5 v6)
144 : (move-to-departure2 train5 v7 v8)
145 : (move-along-lifo-track train6 t1 t3 t2 track1)
146 : (move-along-lifo-track train7 t3 t9 t8 track1)
147 : (move-along-track train10 t2 t1 track1)
148 : (move-along-track train9 t5 t6 track1)
149 : (move-to-departure2 train1 t0 v1)
150 : (move-to-departure2 train2 v2 v3)
151 : (move-to-departure2 train3 v4 v5)
152 : (move-to-departure2 train4 v6 v7)
153 : (move-to-departure2 train5 v8 v9)
154 : (move-along-lifo-track train6 t3 t1 t0 track1)
155 : (move-along-lifo-track train8 t8 t1 t0 track1)
156 : (move-along-lifo-track train8 t1 t8 t7 track1)
157 : (move-along-track train6 t1 t2 track1)
158 : (move-along-track train7 t9 t10 track1)
159 : (move-from-track-to-departure train10 t1 t0 track1)
160 : (move-to-departure2 train1 v1 v2)
161 : (move-to-departure2 train2 v3 v4)
162 : (move-to-departure2 train3 v5 v6)
163 : (move-to-departure2 train4 v7 v8)
164 : (move-to-departure2 train5 v9 v10)
165 : (move-along-lifo-track train7 t10 t5 t4 track1)
166 : (move-along-lifo-track train8 t8 t5 t4 track1)
167 : (move-along-lifo-track train9 t6 t1 t0 track1)
168 : (move-to-departure2 train1 v2 v3)
169 : (move-to-departure2 train10 t0 v1)
170 : (move-to-departure2 train2 v4 v5)
171 : (move-to-departure2 train3 v6 v7)
172 : (move-to-departure2 train4 v8 v9)
173 : (move-along-lifo-track train6 t2 t10 t9 track1)
174 : (move-along-lifo-track train8 t5 t3 t2 track1)
175 : (move-along-track train7 t5 t4 track1)
176 : (move-from-track-to-departure train9 t1 t0 track1)
177 : (move-to-departure2 train1 v3 v4)
178 : (move-to-departure2 train10 v1 v2)
179 : (move-to-departure2 train2 v5 v6)
180 : (move-to-departure2 train3 v7 v8)
181 : (move-along-lifo-track train6 t10 t8 t7 track1)
182 : (move-along-lifo-track train8 t3 t1 t0 track1)
183 : (move-to-departure2 train1 v4 v5)
184 : (move-to-departure2 train10 v2 v3)
185 : (move-to-departure2 train2 v6 v7)
186 : (move-to-departure2 train9 t0 v1)
187 : (move-along-lifo-track train7 t4 t7 t6 track1)
188 : (move-along-track train6 t8 t9 track1)
189 : (move-from-track-to-departure train8 t1 t0 track1)
190 : (move-to-departure2 train1 v5 v6)
191 : (move-to-departure2 train10 v3 v4)
192 : (move-to-departure2 train9 v1 v2)
193 : (move-along-lifo-track train7 t7 t1 t0 track1)
194 : (move-to-departure2 train10 v4 v5)
195 : (move-to-departure2 train8 t0 v1)
196 : (move-to-departure2 train9 v2 v3)
197 : (move-along-lifo-track train6 t9 t2 t1 track1)
198 : (move-from-track-to-departure train7 t1 t0 track1)
199 : (move-to-departure2 train8 v1 v2)
200 : (move-to-departure2 train9 v3 v4)
201 : (move-along-track train6 t2 t1 track1)
202 : (move-to-departure2 train7 t0 v1)
203 : (move-to-departure2 train8 v2 v3)
204 : (move-from-track-to-departure train6 t1 t0 track1)
205 : (move-to-departure2 train7 v1 v2)
206 : (move-to-departure2 train6 t0 v1)
