0 : (move-on-arrival train1 v1 t0)
1 : (move-on-arrival train2 v2 v1)
2 : (move-to-lifo-track train1 t0 t11 t15 t14 track3)
3 : (move-along-lifo-track train1 t15 t14 t13 track3)
4 : (move-on-arrival train2 v1 t0)
5 : (move-on-arrival train3 v3 v2)
6 : (move-on-arrival train3 v2 v1)
7 : (move-on-arrival train4 v4 v3)
8 : (move-to-lifo-track train2 t0 t11 t13 t12 track3)
9 : (move-along-lifo-track train1 t14 t11 t0 track3)
10 : (move-along-lifo-track train1 t11 t12 t11 track3)
11 : (move-on-arrival train3 v1 t0)
12 : (move-on-arrival train4 v3 v2)
13 : (move-on-arrival train5 v5 v4)
14 : (move-on-arrival train4 v2 v1)
15 : (move-on-arrival train5 v4 v3)
16 : (move-on-arrival train6 v6 v5)
17 : (move-to-lifo-track train3 t0 t11 t11 t0 track3)
18 : (move-along-lifo-track train1 t12 t11 t0 track3)
19 : (move-along-lifo-track train2 t13 t11 t0 track3)
20 : (move-along-lifo-track train2 t11 t14 t13 track3)
21 : (move-on-arrival train5 v3 v2)
22 : (move-on-arrival train6 v5 v4)
23 : (move-on-arrival train7 v7 v6)
24 : (switch-track train3 t11 t0 t6 track3 track2)
25 : (move-on-arrival train4 v1 t0)
26 : (move-along-lifo-track train2 t14 t15 t14 track3)
27 : (move-on-arrival train5 v2 v1)
28 : (move-on-arrival train6 v4 v3)
29 : (move-on-arrival train7 v6 v5)
30 : (move-on-arrival train8 v8 v7)
31 : (move-to-lifo-track train4 t0 t11 t13 t12 track3)
32 : (move-along-lifo-track train1 t11 t12 t11 track3)
33 : (move-on-arrival train6 v3 v2)
34 : (move-on-arrival train7 v5 v4)
35 : (move-on-arrival train8 v7 v6)
36 : (move-on-arrival train9 v9 v8)
37 : (switch-track train3 t6 t0 t1 track2 track1)
38 : (move-on-arrival train5 v1 t0)
39 : (move-along-lifo-track train3 t1 t2 t1 track1)
40 : (move-on-arrival train10 v10 v9)
41 : (move-on-arrival train6 v2 v1)
42 : (move-on-arrival train7 v4 v3)
43 : (move-on-arrival train8 v6 v5)
44 : (move-on-arrival train9 v8 v7)
45 : (move-to-lifo-track train5 t0 t11 t11 t0 track3)
46 : (move-along-lifo-track train1 t12 t11 t0 track3)
47 : (move-along-lifo-track train2 t15 t11 t0 track3)
48 : (move-along-lifo-track train2 t11 t12 t11 track3)
49 : (move-along-lifo-track train3 t2 t4 t3 track1)
50 : (move-along-lifo-track train4 t13 t12 t11 track3)
51 : (move-along-lifo-track train5 t11 t15 t14 track3)
52 : (move-on-arrival train10 v9 v8)
53 : (move-on-arrival train7 v3 v2)
54 : (move-on-arrival train8 v5 v4)
55 : (move-on-arrival train9 v7 v6)
56 : (switch-track train1 t11 t0 t6 track3 track2)
57 : (move-on-arrival train6 v1 t0)
58 : (move-along-lifo-track train1 t6 t8 t7 track2)
59 : (move-along-lifo-track train3 t4 t2 t1 track1)
60 : (move-on-arrival train10 v8 v7)
61 : (move-on-arrival train7 v2 v1)
62 : (move-on-arrival train8 v4 v3)
63 : (move-on-arrival train9 v6 v5)
64 : (move-to-lifo-track train6 t0 t11 t14 t13 track3)
65 : (move-along-lifo-track train5 t15 t11 t0 track3)
66 : (move-along-lifo-track train3 t2 t1 t0 track1)
67 : (move-along-lifo-track train6 t14 t15 t14 track3)
68 : (move-on-arrival train10 v7 v6)
69 : (move-on-arrival train8 v3 v2)
70 : (move-on-arrival train9 v5 v4)
71 : (switch-track train5 t11 t0 t6 track3 track2)
72 : (move-on-arrival train7 v1 t0)
73 : (move-along-lifo-track train1 t8 t6 t0 track2)
74 : (move-on-arrival train10 v6 v5)
75 : (move-on-arrival train8 v2 v1)
76 : (move-on-arrival train9 v4 v3)
77 : (move-to-lifo-track train7 t0 t11 t14 t13 track3)
78 : (move-along-lifo-track train2 t12 t13 t12 track3)
79 : (move-along-lifo-track train5 t6 t10 t9 track2)
80 : (move-on-arrival train10 v5 v4)
81 : (move-on-arrival train9 v3 v2)
82 : (switch-track train1 t6 t0 t11 track2 track3)
83 : (move-along-lifo-track train6 t15 t11 t0 track3)
84 : (move-along-lifo-track train7 t14 t11 t0 track3)
85 : (move-on-arrival train8 v1 t0)
86 : (move-along-lifo-track train1 t11 t13 t12 track3)
87 : (move-on-arrival train10 v4 v3)
88 : (move-on-arrival train9 v2 v1)
89 : (move-to-lifo-track train8 t0 t6 t7 t6 track2)
90 : (move-along-lifo-track train5 t10 t7 t6 track2)
91 : (move-along-lifo-track train1 t13 t14 t13 track3)
92 : (move-along-lifo-track train2 t13 t14 t13 track3)
93 : (move-along-lifo-track train5 t7 t9 t8 track2)
94 : (move-along-lifo-track train6 t11 t12 t11 track3)
95 : (move-on-arrival train10 v3 v2)
96 : (switch-track train7 t11 t0 t6 track3 track2)
97 : (move-along-lifo-track train8 t7 t6 t0 track2)
98 : (move-on-arrival train9 v1 t0)
99 : (move-along-lifo-track train2 t14 t13 t12 track3)
100 : (move-along-lifo-track train3 t1 t5 t4 track1)
101 : (move-along-lifo-track train6 t12 t15 t14 track3)
102 : (move-along-lifo-track train7 t6 t8 t7 track2)
103 : (move-on-arrival train10 v2 v1)
104 : (move-to-lifo-track train9 t0 t11 t11 t0 track3)
105 : (move-along-lifo-track train4 t12 t11 t0 track3)
106 : (move-along-lifo-track train2 t13 t14 t13 track3)
107 : (move-along-lifo-track train5 t9 t9 t8 track2)
108 : (switch-track train4 t11 t0 t6 track3 track2)
109 : (switch-track train9 t11 t0 t1 track3 track1)
110 : (move-on-arrival train10 v1 t0)
111 : (move-along-lifo-track train3 t5 t5 t4 track1)
112 : (move-along-lifo-track train8 t6 t8 t7 track2)
113 : (move-to-lifo-track train10 t0 t11 t13 t12 track3)
114 : (move-along-lifo-track train1 t14 t11 t0 track3)
115 : (move-along-lifo-track train2 t14 t11 t0 track3)
116 : (move-along-lifo-track train6 t15 t11 t0 track3)
117 : (move-along-lifo-track train2 t11 t15 t14 track3)
118 : (move-along-lifo-track train5 t9 t6 t0 track2)
119 : (move-along-lifo-track train6 t11 t13 t12 track3)
120 : (move-along-lifo-track train8 t8 t10 t9 track2)
121 : (move-from-track-to-departure train1 t11 t0 track3)
122 : (move-along-lifo-track train10 t13 t12 t11 track3)
123 : (move-along-lifo-track train3 t5 t4 t3 track1)
124 : (move-along-lifo-track train6 t13 t12 t11 track3)
125 : (move-along-lifo-track train7 t8 t7 t6 track2)
126 : (move-along-lifo-track train8 t10 t10 t9 track2)
127 : (move-to-departure train1 t0 v1)
128 : (move-along-lifo-track train10 t12 t14 t13 track3)
129 : (move-along-lifo-track train3 t4 t2 t1 track1)
130 : (move-along-lifo-track train4 t6 t9 t8 track2)
131 : (move-from-track-to-departure train5 t6 t0 track2)
132 : (move-to-departure train1 v1 v2)
133 : (move-along-lifo-track train10 t14 t11 t0 track3)
134 : (move-along-lifo-track train3 t2 t1 t0 track1)
135 : (move-along-lifo-track train4 t9 t8 t7 track2)
136 : (move-along-lifo-track train6 t12 t15 t14 track3)
137 : (move-to-departure train1 v2 v3)
138 : (move-to-departure train5 t0 v1)
139 : (move-along-lifo-track train10 t11 t14 t13 track3)
140 : (move-along-lifo-track train9 t1 t2 t1 track1)
141 : (move-from-track-to-departure train3 t1 t0 track1)
142 : (move-to-departure train1 v3 v4)
143 : (move-to-departure train5 v1 v2)
144 : (move-along-lifo-track train4 t8 t6 t0 track2)
145 : (move-along-lifo-track train9 t2 t3 t2 track1)
146 : (move-to-departure train1 v4 v5)
147 : (move-to-departure train3 t0 v1)
148 : (move-to-departure train5 v2 v3)
149 : (move-along-lifo-track train9 t3 t1 t0 track1)
150 : (move-from-track-to-departure train4 t6 t0 track2)
151 : (move-to-departure train1 v5 v6)
152 : (move-to-departure train3 v1 v2)
153 : (move-to-departure train5 v3 v4)
154 : (move-along-lifo-track train10 t14 t11 t0 track3)
155 : (move-to-departure train1 v6 v7)
156 : (move-to-departure train3 v2 v3)
157 : (move-to-departure train4 t0 v1)
158 : (move-to-departure train5 v4 v5)
159 : (move-along-lifo-track train7 t7 t6 t0 track2)
160 : (move-along-lifo-track train8 t10 t8 t7 track2)
161 : (move-from-track-to-departure train10 t11 t0 track3)
162 : (move-to-departure train1 v7 v8)
163 : (move-to-departure train3 v3 v4)
164 : (move-to-departure train4 v1 v2)
165 : (move-to-departure train5 v5 v6)
166 : (move-along-lifo-track train2 t15 t11 t0 track3)
167 : (move-to-departure train1 v8 v9)
168 : (move-to-departure train10 t0 v1)
169 : (move-to-departure train3 v4 v5)
170 : (move-to-departure train4 v2 v3)
171 : (move-to-departure train5 v6 v7)
172 : (move-along-lifo-track train8 t8 t6 t0 track2)
173 : (move-from-track-to-departure train2 t11 t0 track3)
174 : (move-to-departure train1 v9 v10)
175 : (move-to-departure train10 v1 v2)
176 : (move-to-departure train3 v5 v6)
177 : (move-to-departure train4 v3 v4)
178 : (move-to-departure train5 v7 v8)
179 : (move-along-lifo-track train8 t6 t7 t6 track2)
180 : (move-to-departure train10 v2 v3)
181 : (move-to-departure train2 t0 v1)
182 : (move-to-departure train3 v6 v7)
183 : (move-to-departure train4 v4 v5)
184 : (move-to-departure train5 v8 v9)
185 : (move-along-lifo-track train8 t7 t10 t9 track2)
186 : (move-from-track-to-departure train7 t6 t0 track2)
187 : (move-to-departure train10 v3 v4)
188 : (move-to-departure train2 v1 v2)
189 : (move-to-departure train3 v7 v8)
190 : (move-to-departure train4 v5 v6)
191 : (move-along-lifo-track train8 t10 t6 t0 track2)
192 : (move-to-departure train10 v4 v5)
193 : (move-to-departure train2 v2 v3)
194 : (move-to-departure train4 v6 v7)
195 : (move-to-departure train7 t0 v1)
196 : (move-along-lifo-track train6 t15 t11 t0 track3)
197 : (move-from-track-to-departure train8 t6 t0 track2)
198 : (move-to-departure train10 v5 v6)
199 : (move-to-departure train2 v3 v4)
200 : (move-to-departure train7 v1 v2)
201 : (move-to-departure train2 v4 v5)
202 : (move-to-departure train7 v2 v3)
203 : (move-to-departure train8 t0 v1)
204 : (move-along-lifo-track train9 t1 t3 t2 track1)
205 : (move-from-track-to-departure train6 t11 t0 track3)
206 : (move-to-departure train7 v3 v4)
207 : (move-to-departure train8 v1 v2)
208 : (move-along-lifo-track train9 t3 t1 t0 track1)
209 : (move-to-departure train6 t0 v1)
210 : (move-to-departure train8 v2 v3)
211 : (move-from-track-to-departure train9 t1 t0 track1)
212 : (move-to-departure train6 v1 v2)
213 : (move-to-departure train9 t0 v1)
