0 : (move-on-arrival train1 v1 t0)
1 : (move-on-arrival train2 v2 v1)
2 : (move-to-track train1 t0 t10 track3)
3 : (move-along-lifo-track train1 t10 t12 t11 track3)
4 : (move-on-arrival train2 v1 t0)
5 : (move-on-arrival train3 v3 v2)
6 : (move-along-lifo-track train1 t12 t11 t10 track3)
7 : (move-on-arrival train3 v2 v1)
8 : (move-on-arrival train4 v4 v3)
9 : (move-to-track train2 t0 t10 track3)
10 : (move-along-lifo-track train1 t11 t12 t11 track3)
11 : (move-on-arrival train4 v3 v2)
12 : (move-on-arrival train5 v5 v4)
13 : (switch-track train2 t10 t0 t1 track3 track1)
14 : (move-on-arrival train3 v1 t0)
15 : (move-along-lifo-track train2 t1 t4 t3 track1)
16 : (move-on-arrival train4 v2 v1)
17 : (move-on-arrival train5 v4 v3)
18 : (move-on-arrival train6 v6 v5)
19 : (move-to-lifo-track train3 t0 t10 t10 t0 track3)
20 : (move-along-lifo-track train1 t12 t10 t0 track3)
21 : (move-along-track train2 t4 t5 track1)
22 : (move-on-arrival train4 v1 t0)
23 : (move-on-arrival train5 v3 v2)
24 : (move-on-arrival train6 v5 v4)
25 : (move-on-arrival train7 v7 v6)
26 : (move-along-lifo-track train1 t10 t11 t10 track3)
27 : (move-along-lifo-track train2 t5 t5 t4 track1)
28 : (move-on-arrival train5 v2 v1)
29 : (move-on-arrival train6 v4 v3)
30 : (move-on-arrival train7 v6 v5)
31 : (move-on-arrival train8 v8 v7)
32 : (move-to-lifo-track train4 t0 t1 t3 t2 track1)
33 : (move-along-lifo-track train3 t10 t11 t10 track3)
34 : (move-along-lifo-track train4 t3 t3 t2 track1)
35 : (move-along-track train2 t5 t4 track1)
36 : (move-on-arrival train5 v1 t0)
37 : (move-on-arrival train6 v3 v2)
38 : (move-on-arrival train7 v5 v4)
39 : (move-on-arrival train8 v7 v6)
40 : (move-on-arrival train9 v9 v8)
41 : (move-along-lifo-track train2 t4 t1 t0 track1)
42 : (move-along-track train1 t11 t12 track3)
43 : (move-along-track train3 t11 t10 track3)
44 : (move-on-arrival train10 v10 v9)
45 : (move-on-arrival train6 v2 v1)
46 : (move-on-arrival train7 v4 v3)
47 : (move-on-arrival train8 v6 v5)
48 : (move-on-arrival train9 v8 v7)
49 : (move-to-lifo-track train5 t0 t7 t9 t8 track2)
50 : (move-along-lifo-track train1 t12 t12 t11 track3)
51 : (move-along-lifo-track train2 t1 t1 t0 track1)
52 : (move-on-arrival train10 v9 v8)
53 : (move-on-arrival train7 v3 v2)
54 : (move-on-arrival train8 v5 v4)
55 : (move-on-arrival train9 v7 v6)
56 : (switch-track train3 t10 t0 t7 track3 track2)
57 : (move-on-arrival train6 v1 t0)
58 : (move-along-lifo-track train2 t1 t3 t2 track1)
59 : (move-along-lifo-track train5 t9 t7 t0 track2)
60 : (move-on-arrival train10 v8 v7)
61 : (move-on-arrival train7 v2 v1)
62 : (move-on-arrival train8 v4 v3)
63 : (move-on-arrival train9 v6 v5)
64 : (move-to-lifo-track train6 t0 t10 t11 t10 track3)
65 : (move-along-lifo-track train2 t3 t4 t3 track1)
66 : (move-along-lifo-track train4 t3 t1 t0 track1)
67 : (move-along-track train5 t7 t8 track2)
68 : (move-on-arrival train10 v7 v6)
69 : (move-on-arrival train8 v3 v2)
70 : (move-on-arrival train9 v5 v4)
71 : (switch-track train3 t7 t0 t10 track2 track3)
72 : (move-on-arrival train7 v1 t0)
73 : (move-along-track train5 t8 t7 track2)
74 : (move-along-track train6 t11 t12 track3)
75 : (move-on-arrival train10 v6 v5)
76 : (move-on-arrival train8 v2 v1)
77 : (move-on-arrival train9 v4 v3)
78 : (move-to-track train7 t0 t6 track1)
79 : (move-along-lifo-track train2 t4 t6 t0 track1)
80 : (move-along-lifo-track train3 t10 t12 t11 track3)
81 : (move-along-lifo-track train5 t7 t7 t0 track2)
82 : (move-along-lifo-track train7 t6 t4 t3 track1)
83 : (move-along-track train1 t12 t11 track3)
84 : (move-on-arrival train10 v5 v4)
85 : (move-on-arrival train9 v3 v2)
86 : (switch-track train2 t6 t0 t10 track1 track3)
87 : (move-along-lifo-track train3 t12 t10 t0 track3)
88 : (move-on-arrival train8 v1 t0)
89 : (move-along-lifo-track train3 t10 t10 t0 track3)
90 : (move-on-arrival train10 v4 v3)
91 : (move-on-arrival train9 v2 v1)
92 : (move-to-lifo-track train8 t0 t6 t3 t2 track1)
93 : (move-along-lifo-track train4 t1 t3 t2 track1)
94 : (move-along-lifo-track train1 t11 t11 t10 track3)
95 : (move-along-lifo-track train7 t4 t6 t5 track1)
96 : (move-along-lifo-track train8 t3 t2 t1 track1)
97 : (move-on-arrival train10 v3 v2)
98 : (move-on-arrival train9 v1 t0)
99 : (move-along-lifo-track train4 t3 t3 t2 track1)
100 : (move-along-lifo-track train5 t7 t9 t8 track2)
101 : (move-along-lifo-track train6 t12 t12 t11 track3)
102 : (move-along-lifo-track train8 t2 t6 t5 track1)
103 : (move-on-arrival train10 v2 v1)
104 : (move-to-lifo-track train9 t0 t10 t10 t0 track3)
105 : (move-along-lifo-track train1 t11 t11 t10 track3)
106 : (move-along-lifo-track train4 t3 t4 t3 track1)
107 : (move-along-lifo-track train5 t9 t9 t8 track2)
108 : (move-along-track train8 t6 t5 track1)
109 : (switch-track train3 t10 t0 t1 track3 track1)
110 : (move-on-arrival train10 v1 t0)
111 : (move-along-lifo-track train3 t1 t6 t0 track1)
112 : (move-along-lifo-track train4 t4 t6 t0 track1)
113 : (move-along-lifo-track train5 t9 t7 t0 track2)
114 : (move-along-lifo-track train8 t5 t5 t4 track1)
115 : (move-along-track train1 t11 t12 track3)
116 : (move-to-lifo-track train10 t0 t10 t10 t0 track3)
117 : (move-along-lifo-track train2 t10 t12 t11 track3)
118 : (move-from-track-to-departure train5 t7 t0 track2)
119 : (move-to-departure2 train5 t0 v1)
120 : (move-along-lifo-track train9 t10 t12 t11 track3)
121 : (move-from-track-to-departure train4 t6 t0 track1)
122 : (move-to-departure2 train5 v1 v2)
123 : (move-along-lifo-track train10 t10 t11 t10 track3)
124 : (move-along-lifo-track train6 t12 t11 t10 track3)
125 : (move-along-track train7 t6 t5 track1)
126 : (move-to-departure2 train4 t0 v1)
127 : (move-to-departure2 train5 v2 v3)
128 : (move-along-lifo-track train10 t11 t10 t0 track3)
129 : (move-along-lifo-track train8 t5 t5 t4 track1)
130 : (move-along-track train6 t11 t12 track3)
131 : (move-from-track-to-departure train3 t6 t0 track1)
132 : (move-to-departure2 train4 v1 v2)
133 : (move-to-departure2 train5 v3 v4)
134 : (move-along-lifo-track train2 t12 t10 t0 track3)
135 : (move-to-departure2 train3 t0 v1)
136 : (move-to-departure2 train4 v2 v3)
137 : (move-to-departure2 train5 v4 v5)
138 : (move-along-lifo-track train7 t5 t3 t2 track1)
139 : (move-along-track train10 t10 t11 track3)
140 : (move-from-track-to-departure train2 t10 t0 track3)
141 : (move-to-departure2 train3 v1 v2)
142 : (move-to-departure2 train4 v3 v4)
143 : (move-to-departure2 train5 v5 v6)
144 : (move-along-lifo-track train1 t12 t10 t0 track3)
145 : (move-along-track train7 t3 t4 track1)
146 : (move-to-departure2 train2 t0 v1)
147 : (move-to-departure2 train3 v2 v3)
148 : (move-to-departure2 train4 v4 v5)
149 : (move-to-departure2 train5 v6 v7)
150 : (move-along-lifo-track train8 t5 t3 t2 track1)
151 : (move-along-track train10 t11 t12 track3)
152 : (move-from-track-to-departure train1 t10 t0 track3)
153 : (move-to-departure2 train2 v1 v2)
154 : (move-to-departure2 train3 v3 v4)
155 : (move-to-departure2 train4 v5 v6)
156 : (move-to-departure2 train5 v7 v8)
157 : (move-along-lifo-track train10 t12 t10 t0 track3)
158 : (move-along-lifo-track train8 t3 t6 t0 track1)
159 : (move-along-track train6 t12 t11 track3)
160 : (move-to-departure2 train1 t0 v1)
161 : (move-to-departure2 train2 v2 v3)
162 : (move-to-departure2 train3 v4 v5)
163 : (move-to-departure2 train4 v6 v7)
164 : (move-to-departure2 train5 v8 v9)
165 : (move-along-lifo-track train8 t6 t4 t3 track1)
166 : (move-from-track-to-departure train10 t10 t0 track3)
167 : (move-to-departure2 train1 v1 v2)
168 : (move-to-departure2 train2 v3 v4)
169 : (move-to-departure2 train3 v5 v6)
170 : (move-to-departure2 train4 v7 v8)
171 : (move-to-departure2 train5 v9 v10)
172 : (move-along-lifo-track train8 t4 t4 t3 track1)
173 : (move-along-lifo-track train9 t12 t10 t0 track3)
174 : (move-to-departure2 train1 v2 v3)
175 : (move-to-departure2 train10 t0 v1)
176 : (move-to-departure2 train2 v4 v5)
177 : (move-to-departure2 train3 v6 v7)
178 : (move-to-departure2 train4 v8 v9)
179 : (move-along-track train8 t4 t5 track1)
180 : (move-from-track-to-departure train9 t10 t0 track3)
181 : (move-to-departure2 train1 v3 v4)
182 : (move-to-departure2 train10 v1 v2)
183 : (move-to-departure2 train2 v5 v6)
184 : (move-to-departure2 train3 v7 v8)
185 : (move-along-track train6 t11 t10 track3)
186 : (move-along-track train8 t5 t6 track1)
187 : (move-to-departure2 train1 v4 v5)
188 : (move-to-departure2 train10 v2 v3)
189 : (move-to-departure2 train2 v6 v7)
190 : (move-to-departure2 train9 t0 v1)
191 : (move-along-lifo-track train7 t4 t6 t5 track1)
192 : (move-along-track train6 t10 t11 track3)
193 : (move-from-track-to-departure train8 t6 t0 track1)
194 : (move-to-departure2 train1 v5 v6)
195 : (move-to-departure2 train10 v3 v4)
196 : (move-to-departure2 train9 v1 v2)
197 : (move-to-departure2 train10 v4 v5)
198 : (move-to-departure2 train8 t0 v1)
199 : (move-to-departure2 train9 v2 v3)
200 : (move-from-track-to-departure train7 t6 t0 track1)
201 : (move-to-departure2 train8 v1 v2)
202 : (move-to-departure2 train9 v3 v4)
203 : (move-along-track train6 t11 t10 track3)
204 : (move-to-departure2 train7 t0 v1)
205 : (move-to-departure2 train8 v2 v3)
206 : (move-from-track-to-departure train6 t10 t0 track3)
207 : (move-to-departure2 train7 v1 v2)
208 : (move-to-departure2 train6 t0 v1)
