0 : (move-on-arrival train1 v1 t0)
1 : (move-on-arrival train2 v2 v1)
2 : (move-to-track train1 t0 t5 track1)
3 : (move-on-arrival train2 v1 t0)
4 : (move-on-arrival train3 v3 v2)
5 : (move-on-arrival train3 v2 v1)
6 : (move-on-arrival train4 v4 v3)
7 : (move-to-track train2 t0 t1 track1)
8 : (move-along-track train2 t1 t2 track1)
9 : (move-on-arrival train3 v1 t0)
10 : (move-on-arrival train4 v3 v2)
11 : (move-along-track train2 t2 t3 track1)
12 : (move-on-arrival train4 v2 v1)
13 : (move-to-track train3 t0 t1 track1)
14 : (move-along-track train1 t5 t0 track1)
15 : (move-along-track train3 t1 t2 track1)
16 : (move-along-track train2 t3 t4 track1)
17 : (move-to-track train1 t0 t1 track1)
18 : (move-along-track train3 t2 t3 track1)
19 : (move-on-arrival train4 v1 t0)
20 : (move-to-track train4 t0 t5 track1)
21 : (move-along-track train3 t3 t2 track1)
22 : (move-from-track train1 t1 t0 track1)
23 : (move-along-track train2 t4 t3 track1)
24 : (move-along-track train3 t2 t1 track1)
25 : (move-to-departure train1 t0 v1)
26 : (move-along-track train2 t3 t2 track1)
27 : (move-along-track train3 t1 t0 track1)
28 : (move-to-departure train1 v1 v2)
29 : (move-along-track train2 t2 t1 track1)
30 : (move-along-track train4 t5 t4 track1)
31 : (move-to-departure train1 v2 v3)
32 : (move-to-departure train3 t0 v1)
33 : (move-from-track train2 t1 t0 track1)
34 : (move-to-departure train1 v3 v4)
35 : (move-to-departure train3 v1 v2)
36 : (move-along-track train4 t4 t5 track1)
37 : (move-to-departure train2 t0 v1)
38 : (move-to-departure train3 v2 v3)
39 : (move-along-track train4 t5 t0 track1)
40 : (move-to-departure train2 v1 v2)
41 : (move-to-departure train4 t0 v1)
