0 : (move-on-arrival train1 v1 t0)
1 : (move-on-arrival train2 v2 v1)
2 : (move-to-track train1 t0 t4 track1)
3 : (move-along-track train1 t4 t5 track1)
4 : (move-on-arrival train2 v1 t0)
5 : (move-to-track train2 t0 t1 track1)
6 : (move-along-track train2 t1 t2 track1)
7 : (move-on-arrival train3 v3 t0)
8 : (move-along-track train1 t5 t4 track1)
9 : (move-along-track train2 t2 t3 track1)
10 : (move-to-track train3 t0 t1 track1)
11 : (move-along-track train3 t1 t2 track1)
12 : (move-from-track-to-departure train1 t4 t0 track1)
13 : (move-along-track train3 t2 t1 track1)
14 : (move-to-departure train1 t0 v3)
15 : (move-along-track train2 t3 t4 track1)
16 : (move-from-track-to-departure train3 t1 t0 track1)
17 : (move-to-departure train3 t0 v1)
18 : (move-from-track-to-departure train2 t4 t0 track1)
19 : (move-to-departure train3 v1 v2)
20 : (move-to-departure train2 t0 v1)
