Madagascar 0.99999 06/03/2023 11:56:29 amd64 1-core (no VSIDS)
Options: file:../../domain1.pddl file:../../problem2.pddl -b /tmp/243733.output
Domain: domain1
Problem: problem2
Parser: 144 ground actions and 153 state variables
Invariants: 0 1 2 3 4 5 6  0.01 secs
Goal: disjunctive
Simplified: 114 ground actions and 122 state variables
Actions: general
Disabling graph %: 10 20 30 40 50 60 70 80 90 100 0.00 secs (max SCC size 1)
Plan type: E-step
Separated DIMACS output
Writing /tmp/243733.output.cnf
total time 0.02 preprocess 0.01 
total size 56.000 MB
max. learned clause length 0
Madagascar 0.99999 06/03/2023 11:56:29 amd64 1-core (no VSIDS)
Options: file:../../domain1.pddl file:../../problem2.pddl -s /tmp/243733.solution.txt -T 26 -o re.out
Domain: domain1
Problem: problem2
Parser: 144 ground actions and 153 state variables
Invariants: 0 1 2 3 4 5 6  0.00 secs
Goal: disjunctive
Simplified: 114 ground actions and 122 state variables
Actions: general
Disabling graph %: 10 20 30 40 50 60 70 80 90 100 0.01 secs (max SCC size 1)
Plan type: E-step
26 actions in the plan.
Plan is VALID
total time 0.01 preprocess 0.01 
total size 133.000 MB
max. learned clause length 0
