INFO     Running translator.
INFO     translator inputs: ['rail-planning/domain1/5-mult-switches/domain1-no-realloc.pddl', 'rail-planning/domain1/5-mult-switches/problem2-no-realloc.pddl']
INFO     translator arguments: []
Parsing...
Parsing: [0.000s CPU, 0.012s wall-clock]
Normalizing task... [0.000s CPU, 0.001s wall-clock]
Instantiating...
Generating Datalog program... [0.000s CPU, 0.001s wall-clock]
Normalizing Datalog program...
Trivial rules: Converted to facts.
Normalizing Datalog program: [0.010s CPU, 0.024s wall-clock]
Preparing model... [0.000s CPU, 0.002s wall-clock]
Generated 92 rules.
Computing model... [0.010s CPU, 0.010s wall-clock]
439 relevant atoms
768 auxiliary atoms
1207 final queue length
1642 total queue pushes
Completing instantiation... [0.010s CPU, 0.009s wall-clock]
Instantiating: [0.030s CPU, 0.048s wall-clock]
Computing fact groups...
Finding invariants...
15 initial candidates
Finding invariants: [0.000s CPU, 0.005s wall-clock]
Checking invariant weight... [0.000s CPU, 0.001s wall-clock]
Instantiating groups... [0.000s CPU, 0.001s wall-clock]
Collecting mutex groups... [0.000s CPU, 0.000s wall-clock]
Choosing groups...
67 uncovered facts
Choosing groups: [0.000s CPU, 0.001s wall-clock]
Building translation key... [0.010s CPU, 0.001s wall-clock]
Computing fact groups: [0.010s CPU, 0.011s wall-clock]
Building STRIPS to SAS dictionary... [0.000s CPU, 0.000s wall-clock]
Building dictionary for full mutex groups... [0.000s CPU, 0.000s wall-clock]
Building mutex information...
Building mutex information: [0.000s CPU, 0.000s wall-clock]
Translating task...
Processing axioms...
Simplifying axioms... [0.000s CPU, 0.000s wall-clock]
Processing axioms: [0.000s CPU, 0.002s wall-clock]
Translating task: [0.010s CPU, 0.012s wall-clock]
324 effect conditions simplified
0 implied preconditions added
Detecting unreachable propositions...
6 operators removed
38 propositions removed
Detecting unreachable propositions: [0.000s CPU, 0.002s wall-clock]
Translator variables: 57
Translator derived variables: 8
Translator facts: 180
Translator goal facts: 5
Translator mutex groups: 6
Translator total mutex groups size: 78
Translator operators: 144
Translator axioms: 14
Translator task size: 2004
Translator peak memory: 29316 KB
Writing output... [0.010s CPU, 0.025s wall-clock]
Done! [0.060s CPU, 0.116s wall-clock]
INFO     Running preprocessor.
INFO     preprocessor input: output.sas
INFO     preprocessor arguments: []
Building causal graph...
The causal graph is not acyclic.
57 variables of 57 necessary
0 of 6 mutex groups necessary.
144 of 144 operators necessary.
14 of 14 axiom rules necessary.
Disabling h2 analysis because it does not currently support axioms
Building domain transition graphs...
solveable in poly time 0
Building successor generator...
Preprocessor variables: 57
Preprocessor facts: 180
Preprocessor derived variables: 8
Preprocessor operators: 144
Preprocessor mutex groups: 0
Preprocessor task size: 1926
Writing output...
done
INFO     Running search.
INFO     search input: output
INFO     search executable: /mnt/c/Users/Simba/Desktop/Delft-University-of-Technology/CSE/Y6-2022-2023/Q4-Research-Project/planners/team2/src/search/downward-release
INFO     search portfolio: /mnt/c/Users/Simba/Desktop/Delft-University-of-Technology/CSE/Y6-2022-2023/Q4-Research-Project/planners/team2/src/driver/portfolios/seq_sat_ds.py
External time limits: -1, -1
Internal time limit: 1800
External memory limits: -1, -1
Internal memory limit: 8000000000
remaining time at start: 1799.32
remaining time: 1799.32
config 0: relative time 100, remaining 1800
g bound: infinity
next plan number: 1
args: ['/mnt/c/Users/Simba/Desktop/Delft-University-of-Technology/CSE/Y6-2022-2023/Q4-Research-Project/planners/team2/src/search/downward-release', '--decoupling', 'fork(search_type=sat, pruning=cost_frontier(irrelevance=TRANSITIONS), max_leaf_size=1000000)', '--heuristic', 'hff=ff(cost_type=one)', '--search', 'lazy_greedy(hff, preferred=hff, cost_type=one, bound=infinity)', '--internal-previous-portfolio-plans', '0', '--internal-plan-file', 'sas_plan']
timeout: 99.96 -> (100, 101)
using frontier pruning method
performing irrelevance analysis in leaf factors
performing decoupled satisficing search
maximum leaf factor size 1000000
using fork factoring profile
reading input... [t=0.01s]
Simplifying transitions... done!
done reading input! [t=0.02s]
building causal graph...done! [t=0.02s]
Peak memory: 5224 KB
returncode: 3

remaining time: 1799.27
config 1: relative time 1000, remaining 1700
g bound: infinity
next plan number: 1
args: ['/mnt/c/Users/Simba/Desktop/Delft-University-of-Technology/CSE/Y6-2022-2023/Q4-Research-Project/planners/team2/src/search/downward-release', '--decoupling', 'portfolio(fallback_on_abstain=true, overwrite_options=true, choose_max_leaves=true,          factorings=[fork(search_type=sat, max_leaf_size=1000000), ifork(search_type=sat, max_leaf_size=1000000), incarcs(search_type=sat, max_leaf_size=100000)])', '--heuristic', 'hff=ff(cost_type=one)', '--search', 'lazy_greedy(hff, preferred=hff, cost_type=one, bound=infinity, symmetry=symmetry_state_pruning(lex_prices=false, lex_num_states=false, lex_goal_cost=false))', '--internal-previous-portfolio-plans', '0', '--internal-plan-file', 'sas_plan']
timeout: 1058.39 -> (1059, 1060)
performing decoupled satisficing search
maximum leaf factor size 1000000
using default pruning method: BasicPruning
using fork factoring profile
performing decoupled satisficing search
maximum leaf factor size 1000000
using default pruning method: BasicPruning
using inverted-fork factoring profile
performing decoupled satisficing search
maximum leaf factor size 100000
using default pruning method: BasicPruning
using incident-arcs factoring profile
performing Star Decoupled A* search
using default pruning method: BasicPruning
using factoring portfolio
reading input... [t=0.01s]
Simplifying transitions... done!
done reading input! [t=0.02s]
building causal graph...done! [t=0.02s]
Peak memory: 5228 KB
returncode: 3

remaining time: 1799.22
config 2: relative time 700, remaining 700
g bound: infinity
next plan number: 1
args: ['/mnt/c/Users/Simba/Desktop/Delft-University-of-Technology/CSE/Y6-2022-2023/Q4-Research-Project/planners/team2/src/search/downward-release', '--heuristic', 'hlm1,hff1=lm_ff_syn(lm_rhw(reasonable_orders=true,                           lm_cost_type=one,cost_type=one))', '--search', 'lazy_greedy([hff1,hlm1],preferred=[hff1,hlm1], cost_type=one, reopen_closed=false, bound=infinity)', '--internal-previous-portfolio-plans', '0', '--internal-plan-file', 'sas_plan']
timeout: 1799.22 -> (1800, 1801)
reading input... [t=0.01s]
Simplifying transitions... done!
done reading input! [t=0.02s]
building causal graph...done! [t=0.02s]
Variables: 57
Bytes per state: 12
done! [t=0.02s]
done initalizing global data [t=0.02s]
Initializing Exploration...
Generating landmarks using the RPG/SAS+ approach
approx. reasonable orders
approx. obedient reasonable orders
Removed 0 reasonable or obedient reasonable orders
Landmarks generation time: 0.0020031s
Discovered 57 landmarks, of which 2 are disjunctive and 0 are conjunctive 
340 edges
Initializing LAMA-FF Synergy Object
Initializing landmarks count heuristic...
28 initial landmarks, 5 goal landmarks
Conducting lazy best first search, (real) bound = 2147483647
Best heuristic value: 23/17 [g=0, 1 evaluated, 0 expanded, t=0.03s, 5652 KB]
Best heuristic value: 22/16 [g=1, 2 evaluated, 1 expanded, t=0.03s, 5652 KB]
Best heuristic value: 19/16 [g=2, 3 evaluated, 2 expanded, t=0.03s, 5652 KB]
Best heuristic value: 16/16 [g=4, 6 evaluated, 5 expanded, t=0.03s, 5652 KB]
Best heuristic value: 15/15 [g=6, 8 evaluated, 7 expanded, t=0.03s, 5652 KB]
Best heuristic value: 14/15 [g=7, 9 evaluated, 8 expanded, t=0.03s, 5652 KB]
Best heuristic value: 12/15 [g=8, 10 evaluated, 9 expanded, t=0.03s, 5652 KB]
Best heuristic value: 10/15 [g=10, 15 evaluated, 14 expanded, t=0.03s, 5652 KB]
Best heuristic value: 8/15 [g=11, 17 evaluated, 16 expanded, t=0.03s, 5652 KB]
Best heuristic value: 6/15 [g=13, 19 evaluated, 18 expanded, t=0.03s, 5652 KB]
Best heuristic value: 6/12 [g=14, 153 evaluated, 124 expanded, t=0.04s, 5652 KB]
Best heuristic value: 6/11 [g=16, 157 evaluated, 127 expanded, t=0.04s, 5652 KB]
Best heuristic value: 6/9 [g=17, 158 evaluated, 128 expanded, t=0.04s, 5652 KB]
Best heuristic value: 6/7 [g=18, 159 evaluated, 129 expanded, t=0.04s, 5652 KB]
Best heuristic value: 6/6 [g=19, 161 evaluated, 131 expanded, t=0.04s, 5652 KB]
Best heuristic value: 5/4 [g=20, 162 evaluated, 132 expanded, t=0.04s, 5652 KB]
Best heuristic value: 4/3 [g=21, 163 evaluated, 133 expanded, t=0.04s, 5652 KB]
Best heuristic value: 2/2 [g=22, 164 evaluated, 134 expanded, t=0.04s, 5652 KB]
Best heuristic value: 1/1 [g=23, 165 evaluated, 135 expanded, t=0.04s, 5652 KB]
Solution found!
Actual search time: 0.01s [t=0.04s]
move-on-arrival-to-switch train1 v1 t0 t0 (1)
move-from-switch-to-track train1 t0 t5 t6 track2 (1)
move-on-arrival-to-switch train2 v2 v1 t0 (1)
move-from-switch-to-track train2 t0 t0 t5 track2 (1)
move-on-arrival-to-switch train3 v3 v2 t0 (1)
move-from-switch-to-track train3 t0 t3 t4 track1 (1)
move-on-arrival-to-switch train4 v4 v3 t0 (1)
move-from-switch-to-track train4 t0 t2 t3 track1 (1)
move-on-arrival-to-switch train5 v5 v4 t0 (1)
move-from-switch-to-track train5 t0 t1 t2 track1 (1)
move-on-arrival-to-switch train6 v6 v5 t0 (1)
move-from-switch-to-track train6 t0 t0 t1 track1 (1)
move-from-track-to-switch train2 t5 t0 t0 track2 (1)
move-from-switch-to-departure train2 t0 v5 v6 (1)
move-from-track-to-switch train6 t1 t0 t0 track1 (1)
move-from-switch-to-departure train6 t0 v4 v5 (1)
move-from-track-to-switch train1 t6 t5 t0 track2 (1)
move-from-switch-to-departure train1 t0 v3 v4 (1)
move-from-track-to-switch train5 t2 t1 t0 track1 (1)
move-from-switch-to-departure train5 t0 v2 v3 (1)
move-from-track-to-switch train4 t3 t2 t0 track1 (1)
move-from-switch-to-departure train4 t0 v1 v2 (1)
move-from-track-to-switch train3 t4 t3 t0 track1 (1)
move-from-switch-to-departure train3 t0 t0 v1 (1)
Plan length: 24 step(s).
Plan cost: 24
Initial state h value: 23/17.
Expanded 136 state(s).
Reopened 0 state(s).
Evaluated 166 state(s).
Evaluations: 332
Generated 167 state(s).
Dead ends: 29 state(s).
Number of registered states: 166
Search time: 0.01s
Total time: 0.04s
Solution found.
Peak memory: 5652 KB
returncode: 0

plan manager: found new plan with cost 24
Abort portfolio and run final config.
remaining time: 1799.15
config 0: relative time 1, remaining 1
g bound: 24
next plan number: 2
args: ['/mnt/c/Users/Simba/Desktop/Delft-University-of-Technology/CSE/Y6-2022-2023/Q4-Research-Project/planners/team2/src/search/downward-release', '--heuristic', 'hlm,hff=lm_ff_syn(lm_rhw(reasonable_orders=true,                         lm_cost_type=one,cost_type=one))', '--search', 'iterated([\n                     lazy_greedy([hff,hlm],preferred=[hff,hlm],\n                                 cost_type=one,reopen_closed=false),\n                     lazy_greedy([hff,hlm],preferred=[hff,hlm],\n                                 reopen_closed=false),\n                     lazy_wastar([hff,hlm],preferred=[hff,hlm],w=5),\n                     lazy_wastar([hff,hlm],preferred=[hff,hlm],w=3),\n                     lazy_wastar([hff,hlm],preferred=[hff,hlm],w=2),\n                     lazy_wastar([hff,hlm],preferred=[hff,hlm],w=1)\n                     ],repeat_last=true,continue_on_fail=true, bound=24)', '--internal-previous-portfolio-plans', '1', '--internal-plan-file', 'sas_plan']
timeout: 1799.15 -> (1800, 1801)
reading input... [t=0.01s]
Simplifying transitions... done!
done reading input! [t=0.03s]
building causal graph...done! [t=0.03s]
Variables: 57
Bytes per state: 12
done! [t=0.03s]
done initalizing global data [t=0.03s]
Initializing Exploration...
Generating landmarks using the RPG/SAS+ approach
approx. reasonable orders
approx. obedient reasonable orders
Removed 0 reasonable or obedient reasonable orders
Landmarks generation time: 0.0028616s
Discovered 57 landmarks, of which 2 are disjunctive and 0 are conjunctive 
340 edges
Initializing LAMA-FF Synergy Object
Initializing landmarks count heuristic...
28 initial landmarks, 5 goal landmarks
Starting search: lazy_greedy(list(hff, hlm), preferred = list(hff, hlm), cost_type = one, reopen_closed = false)
Conducting lazy best first search, (real) bound = 24
Best heuristic value: 23/17 [g=0, 1 evaluated, 0 expanded, t=0.03s, 5656 KB]
Best heuristic value: 22/16 [g=1, 2 evaluated, 1 expanded, t=0.03s, 5656 KB]
Best heuristic value: 19/16 [g=2, 3 evaluated, 2 expanded, t=0.03s, 5656 KB]
Best heuristic value: 16/16 [g=4, 6 evaluated, 5 expanded, t=0.03s, 5656 KB]
Best heuristic value: 15/15 [g=6, 8 evaluated, 7 expanded, t=0.03s, 5656 KB]
Best heuristic value: 14/15 [g=7, 9 evaluated, 8 expanded, t=0.03s, 5656 KB]
Best heuristic value: 12/15 [g=8, 10 evaluated, 9 expanded, t=0.03s, 5656 KB]
Best heuristic value: 10/15 [g=10, 15 evaluated, 14 expanded, t=0.03s, 5656 KB]
Best heuristic value: 8/15 [g=11, 17 evaluated, 16 expanded, t=0.03s, 5656 KB]
Best heuristic value: 6/15 [g=13, 19 evaluated, 18 expanded, t=0.03s, 5656 KB]
Best heuristic value: 6/12 [g=14, 153 evaluated, 124 expanded, t=0.04s, 5656 KB]
Best heuristic value: 6/11 [g=16, 157 evaluated, 127 expanded, t=0.04s, 5656 KB]
Best heuristic value: 6/9 [g=17, 158 evaluated, 128 expanded, t=0.04s, 5656 KB]
Best heuristic value: 6/7 [g=18, 159 evaluated, 129 expanded, t=0.04s, 5656 KB]
Best heuristic value: 6/6 [g=19, 161 evaluated, 131 expanded, t=0.04s, 5656 KB]
Best heuristic value: 5/4 [g=20, 162 evaluated, 132 expanded, t=0.04s, 5656 KB]
Best heuristic value: 4/3 [g=21, 163 evaluated, 133 expanded, t=0.04s, 5656 KB]
Best heuristic value: 3/2 [g=22, 164 evaluated, 134 expanded, t=0.04s, 5656 KB]
Best heuristic value: 1/1 [g=23, 165 evaluated, 135 expanded, t=0.04s, 5656 KB]
Completely explored state space -- no solution!
Actual search time: 0.01s [t=0.04s]
Initial state h value: 23/17.
Expanded 137 state(s).
Reopened 0 state(s).
Evaluated 168 state(s).
Evaluations: 336
Generated 168 state(s).
Dead ends: 31 state(s).
Number of registered states: 168
No solution found - keep searching
Starting search: lazy_greedy(list(hff, hlm), preferred = list(hff, hlm), reopen_closed = false)
Conducting lazy best first search, (real) bound = 24
Best heuristic value: 23/17 [g=0, 1 evaluated, 0 expanded, t=0.04s, 5788 KB]
Best heuristic value: 22/16 [g=1, 2 evaluated, 1 expanded, t=0.04s, 5788 KB]
Best heuristic value: 19/16 [g=2, 3 evaluated, 2 expanded, t=0.04s, 5788 KB]
Best heuristic value: 16/16 [g=4, 6 evaluated, 5 expanded, t=0.04s, 5788 KB]
Best heuristic value: 15/15 [g=6, 8 evaluated, 7 expanded, t=0.04s, 5788 KB]
Best heuristic value: 14/15 [g=7, 9 evaluated, 8 expanded, t=0.04s, 5788 KB]
Best heuristic value: 12/15 [g=8, 10 evaluated, 9 expanded, t=0.04s, 5788 KB]
Best heuristic value: 10/15 [g=10, 15 evaluated, 14 expanded, t=0.04s, 5788 KB]
Best heuristic value: 8/15 [g=11, 17 evaluated, 16 expanded, t=0.04s, 5788 KB]
Best heuristic value: 6/15 [g=13, 19 evaluated, 18 expanded, t=0.04s, 5788 KB]
Best heuristic value: 6/12 [g=14, 153 evaluated, 124 expanded, t=0.05s, 5788 KB]
Best heuristic value: 6/11 [g=16, 157 evaluated, 127 expanded, t=0.05s, 5788 KB]
Best heuristic value: 6/9 [g=17, 158 evaluated, 128 expanded, t=0.05s, 5788 KB]
Best heuristic value: 6/7 [g=18, 159 evaluated, 129 expanded, t=0.05s, 5788 KB]
Best heuristic value: 6/6 [g=19, 161 evaluated, 131 expanded, t=0.05s, 5788 KB]
Best heuristic value: 5/4 [g=20, 162 evaluated, 132 expanded, t=0.05s, 5788 KB]
Best heuristic value: 4/3 [g=21, 163 evaluated, 133 expanded, t=0.05s, 5788 KB]
Best heuristic value: 3/2 [g=22, 164 evaluated, 134 expanded, t=0.05s, 5788 KB]
Best heuristic value: 1/1 [g=23, 165 evaluated, 135 expanded, t=0.05s, 5788 KB]
Completely explored state space -- no solution!
Actual search time: 0.01s [t=0.05s]
Initial state h value: 23/17.
Expanded 137 state(s).
Reopened 0 state(s).
Evaluated 168 state(s).
Evaluations: 336
Generated 168 state(s).
Dead ends: 31 state(s).
Number of registered states: 168
No solution found - keep searching
Starting search: lazy_wastar(list(hff, hlm), preferred = list(hff, hlm), w = 5)
Conducting lazy best first search, (real) bound = 24
Best heuristic value: 23/17 [g=0, 1 evaluated, 0 expanded, t=0.05s, 5788 KB]
Best heuristic value: 22/16 [g=1, 2 evaluated, 1 expanded, t=0.05s, 5788 KB]
Best heuristic value: 19/16 [g=2, 3 evaluated, 2 expanded, t=0.05s, 5788 KB]
Best heuristic value: 16/16 [g=4, 7 evaluated, 6 expanded, t=0.05s, 5788 KB]
Best heuristic value: 15/15 [g=6, 9 evaluated, 8 expanded, t=0.05s, 5788 KB]
Best heuristic value: 14/15 [g=7, 10 evaluated, 9 expanded, t=0.05s, 5788 KB]
Best heuristic value: 12/15 [g=8, 11 evaluated, 10 expanded, t=0.05s, 5788 KB]
Best heuristic value: 10/15 [g=10, 16 evaluated, 15 expanded, t=0.05s, 5788 KB]
Best heuristic value: 8/15 [g=11, 18 evaluated, 17 expanded, t=0.05s, 5788 KB]
Best heuristic value: 6/15 [g=13, 21 evaluated, 20 expanded, t=0.05s, 5788 KB]
Best heuristic value: 6/12 [g=14, 153 evaluated, 124 expanded, t=0.06s, 5788 KB]
Best heuristic value: 6/11 [g=16, 157 evaluated, 127 expanded, t=0.06s, 5788 KB]
Best heuristic value: 6/9 [g=17, 158 evaluated, 128 expanded, t=0.06s, 5788 KB]
Best heuristic value: 6/7 [g=18, 159 evaluated, 129 expanded, t=0.06s, 5788 KB]
Best heuristic value: 6/6 [g=19, 161 evaluated, 131 expanded, t=0.06s, 5788 KB]
Best heuristic value: 5/4 [g=20, 162 evaluated, 132 expanded, t=0.06s, 5788 KB]
Best heuristic value: 4/3 [g=21, 163 evaluated, 133 expanded, t=0.06s, 5788 KB]
Best heuristic value: 3/2 [g=22, 164 evaluated, 134 expanded, t=0.06s, 5788 KB]
Best heuristic value: 1/1 [g=23, 165 evaluated, 135 expanded, t=0.06s, 5788 KB]
Completely explored state space -- no solution!
Actual search time: 0.01s [t=0.06s]
Initial state h value: 23/17.
Expanded 137 state(s).
Reopened 0 state(s).
Evaluated 168 state(s).
Evaluations: 336
Generated 168 state(s).
Dead ends: 31 state(s).
Number of registered states: 168
No solution found - keep searching
Starting search: lazy_wastar(list(hff, hlm), preferred = list(hff, hlm), w = 3)
Conducting lazy best first search, (real) bound = 24
Best heuristic value: 23/17 [g=0, 1 evaluated, 0 expanded, t=0.06s, 5788 KB]
Best heuristic value: 22/16 [g=1, 2 evaluated, 1 expanded, t=0.06s, 5788 KB]
Best heuristic value: 19/16 [g=2, 3 evaluated, 2 expanded, t=0.06s, 5788 KB]
Best heuristic value: 16/16 [g=4, 7 evaluated, 6 expanded, t=0.06s, 5788 KB]
Best heuristic value: 15/15 [g=6, 9 evaluated, 8 expanded, t=0.06s, 5788 KB]
Best heuristic value: 14/15 [g=7, 11 evaluated, 10 expanded, t=0.06s, 5788 KB]
Best heuristic value: 12/15 [g=8, 13 evaluated, 12 expanded, t=0.06s, 5788 KB]
Best heuristic value: 10/15 [g=10, 16 evaluated, 15 expanded, t=0.06s, 5788 KB]
Best heuristic value: 8/15 [g=11, 17 evaluated, 16 expanded, t=0.06s, 5788 KB]
Best heuristic value: 6/15 [g=13, 20 evaluated, 19 expanded, t=0.06s, 5788 KB]
Best heuristic value: 6/12 [g=14, 153 evaluated, 124 expanded, t=0.07s, 5788 KB]
Best heuristic value: 6/11 [g=16, 157 evaluated, 127 expanded, t=0.07s, 5788 KB]
Best heuristic value: 6/9 [g=17, 158 evaluated, 128 expanded, t=0.07s, 5788 KB]
Best heuristic value: 6/7 [g=18, 159 evaluated, 129 expanded, t=0.07s, 5788 KB]
Best heuristic value: 6/6 [g=19, 160 evaluated, 130 expanded, t=0.07s, 5788 KB]
Best heuristic value: 5/4 [g=20, 162 evaluated, 132 expanded, t=0.07s, 5788 KB]
Best heuristic value: 4/3 [g=21, 163 evaluated, 133 expanded, t=0.07s, 5788 KB]
Best heuristic value: 3/2 [g=22, 164 evaluated, 134 expanded, t=0.07s, 5788 KB]
Best heuristic value: 1/1 [g=23, 165 evaluated, 135 expanded, t=0.07s, 5788 KB]
Completely explored state space -- no solution!
Actual search time: 0.01s [t=0.07s]
Initial state h value: 23/17.
Expanded 137 state(s).
Reopened 0 state(s).
Evaluated 168 state(s).
Evaluations: 336
Generated 168 state(s).
Dead ends: 31 state(s).
Number of registered states: 168
No solution found - keep searching
Starting search: lazy_wastar(list(hff, hlm), preferred = list(hff, hlm), w = 2)
Conducting lazy best first search, (real) bound = 24
Best heuristic value: 23/17 [g=0, 1 evaluated, 0 expanded, t=0.07s, 5788 KB]
Best heuristic value: 22/16 [g=1, 2 evaluated, 1 expanded, t=0.07s, 5788 KB]
Best heuristic value: 19/16 [g=2, 3 evaluated, 2 expanded, t=0.07s, 5788 KB]
Best heuristic value: 16/16 [g=4, 7 evaluated, 6 expanded, t=0.07s, 5788 KB]
Best heuristic value: 15/15 [g=6, 9 evaluated, 8 expanded, t=0.07s, 5788 KB]
Best heuristic value: 14/15 [g=7, 11 evaluated, 10 expanded, t=0.07s, 5788 KB]
Best heuristic value: 12/15 [g=8, 13 evaluated, 12 expanded, t=0.07s, 5788 KB]
Best heuristic value: 10/15 [g=10, 19 evaluated, 18 expanded, t=0.07s, 5788 KB]
Best heuristic value: 8/15 [g=11, 21 evaluated, 20 expanded, t=0.07s, 5788 KB]
Best heuristic value: 6/15 [g=13, 24 evaluated, 23 expanded, t=0.08s, 5788 KB]
Best heuristic value: 6/12 [g=14, 153 evaluated, 124 expanded, t=0.08s, 5788 KB]
Best heuristic value: 6/11 [g=16, 157 evaluated, 127 expanded, t=0.08s, 5788 KB]
Best heuristic value: 6/9 [g=17, 158 evaluated, 128 expanded, t=0.08s, 5788 KB]
Best heuristic value: 6/7 [g=18, 160 evaluated, 130 expanded, t=0.08s, 5788 KB]
Best heuristic value: 6/6 [g=19, 162 evaluated, 131 expanded, t=0.08s, 5788 KB]
Best heuristic value: 5/4 [g=20, 163 evaluated, 132 expanded, t=0.08s, 5788 KB]
Best heuristic value: 4/3 [g=21, 165 evaluated, 134 expanded, t=0.08s, 5788 KB]
Best heuristic value: 3/2 [g=22, 166 evaluated, 135 expanded, t=0.08s, 5788 KB]
Best heuristic value: 1/1 [g=23, 167 evaluated, 136 expanded, t=0.08s, 5788 KB]
Completely explored state space -- no solution!
Actual search time: 0.01s [t=0.08s]
Initial state h value: 23/17.
Expanded 137 state(s).
Reopened 0 state(s).
Evaluated 168 state(s).
Evaluations: 336
Generated 168 state(s).
Dead ends: 31 state(s).
Number of registered states: 168
No solution found - keep searching
Starting search: lazy_wastar(list(hff, hlm), preferred = list(hff, hlm), w = 1)
Conducting lazy best first search, (real) bound = 24
Best heuristic value: 23/17 [g=0, 1 evaluated, 0 expanded, t=0.08s, 5788 KB]
Best heuristic value: 22/16 [g=1, 2 evaluated, 1 expanded, t=0.09s, 5788 KB]
Best heuristic value: 19/16 [g=2, 3 evaluated, 2 expanded, t=0.09s, 5788 KB]
Best heuristic value: 16/16 [g=4, 7 evaluated, 6 expanded, t=0.09s, 5788 KB]
Best heuristic value: 15/15 [g=6, 15 evaluated, 14 expanded, t=0.09s, 5788 KB]
Best heuristic value: 14/15 [g=7, 16 evaluated, 15 expanded, t=0.09s, 5788 KB]
Best heuristic value: 12/15 [g=8, 17 evaluated, 16 expanded, t=0.09s, 5788 KB]
Best heuristic value: 10/15 [g=10, 51 evaluated, 50 expanded, t=0.09s, 5788 KB]
Best heuristic value: 8/15 [g=11, 52 evaluated, 51 expanded, t=0.09s, 5788 KB]
Best heuristic value: 6/15 [g=13, 55 evaluated, 54 expanded, t=0.09s, 5788 KB]
Best heuristic value: 6/12 [g=14, 154 evaluated, 125 expanded, t=0.09s, 5788 KB]
Best heuristic value: 6/11 [g=16, 159 evaluated, 128 expanded, t=0.1s, 5788 KB]
Best heuristic value: 6/9 [g=17, 160 evaluated, 129 expanded, t=0.1s, 5788 KB]
Best heuristic value: 6/7 [g=18, 161 evaluated, 130 expanded, t=0.1s, 5788 KB]
Best heuristic value: 6/6 [g=19, 162 evaluated, 131 expanded, t=0.1s, 5788 KB]
Best heuristic value: 5/4 [g=20, 163 evaluated, 132 expanded, t=0.1s, 5788 KB]
Best heuristic value: 4/3 [g=21, 164 evaluated, 133 expanded, t=0.1s, 5788 KB]
Best heuristic value: 3/2 [g=22, 165 evaluated, 134 expanded, t=0.1s, 5788 KB]
Best heuristic value: 1/1 [g=23, 166 evaluated, 135 expanded, t=0.1s, 5788 KB]
Completely explored state space -- no solution!
Actual search time: 0.02s [t=0.1s]
Initial state h value: 23/17.
Expanded 137 state(s).
Reopened 0 state(s).
Evaluated 168 state(s).
Evaluations: 336
Generated 168 state(s).
Dead ends: 31 state(s).
Number of registered states: 168
No solution found - keep searching
Actual search time: 0.07s [t=0.1s]
Cumulative statistics:
Expanded 822 state(s).
Reopened 0 state(s).
Evaluated 1008 state(s).
Evaluations: 2016
Generated 1008 state(s).
Dead ends: 0 state(s).
Search time: 0.07s
Total time: 0.1s
Search stopped without finding a solution.
Peak memory: 5788 KB
returncode: 5

Exit codes: [3, 3, 0, 5]
Error: Unexpected exit codes: [3]
Command '['run-portfolio', '/mnt/c/Users/Simba/Desktop/Delft-University-of-Technology/CSE/Y6-2022-2023/Q4-Research-Project/planners/team2/src/driver/portfolios/seq_sat_ds.py']' returned non-zero exit status 3
