0 : (move-on-arrival train1 v1 t0)
1 : (move-on-arrival train2 v2 v1)
2 : (move-to-lifo-track train1 t0 t10 t11 t12 track4)
3 : (move-on-arrival train3 v3 v2)
4 : (switch-lifo-track train1 t12 t11 t0 t10 t11 track4 track4)
5 : (move-on-arrival train2 v1 t0)
6 : (move-on-arrival train3 v2 v1)
7 : (move-on-arrival train4 v4 v3)
8 : (move-to-lifo-track train2 t0 t4 t5 t6 track2)
9 : (move-on-arrival train4 v3 v2)
10 : (move-on-arrival train5 v5 v4)
11 : (switch-lifo-track train1 t11 t10 t0 t8 t9 track4 track3)
12 : (switch-lifo-track train2 t6 t5 t0 t11 t12 track2 track4)
13 : (move-on-arrival train3 v1 t0)
14 : (move-on-arrival train4 v2 v1)
15 : (move-on-arrival train5 v4 v3)
16 : (move-on-arrival train6 v6 v5)
17 : (move-to-lifo-track train3 t0 t4 t5 t6 track2)
18 : (move-on-arrival train5 v3 v2)
19 : (move-on-arrival train6 v5 v4)
20 : (move-on-arrival train7 v7 v6)
21 : (switch-lifo-track train1 t9 t8 t0 t2 t3 track3 track1)
22 : (switch-lifo-track train2 t12 t11 t0 t10 t11 track4 track4)
23 : (switch-lifo-track train3 t6 t5 t0 t4 t5 track2 track2)
24 : (move-on-arrival train4 v1 t0)
25 : (move-on-arrival train5 v2 v1)
26 : (move-on-arrival train6 v4 v3)
27 : (move-on-arrival train7 v6 v5)
28 : (move-on-arrival train8 v8 v7)
29 : (move-to-lifo-track train4 t0 t7 t8 t9 track3)
30 : (move-on-arrival train6 v3 v2)
31 : (move-on-arrival train7 v5 v4)
32 : (move-on-arrival train8 v7 v6)
33 : (move-on-arrival train9 v9 v8)
34 : (switch-lifo-track train3 t5 t4 t0 t0 t4 track2 track2)
35 : (switch-lifo-track train4 t9 t8 t0 t7 t8 track3 track3)
36 : (move-on-arrival train5 v1 t0)
37 : (move-on-arrival train10 v10 v9)
38 : (move-on-arrival train6 v2 v1)
39 : (move-on-arrival train7 v4 v3)
40 : (move-on-arrival train8 v6 v5)
41 : (move-on-arrival train9 v8 v7)
42 : (move-to-lifo-track-onetrack train5 t0 t10 track4)
43 : (move-on-arrival train10 v9 v8)
44 : (move-on-arrival train7 v3 v2)
45 : (move-on-arrival train8 v5 v4)
46 : (move-on-arrival train9 v7 v6)
47 : (switch-lifo-track train1 t3 t2 t0 t4 t5 track1 track2)
48 : (switch-lifo-track train5 t10 t0 t0 t11 t12 track4 track4)
49 : (move-on-arrival train6 v1 t0)
50 : (move-on-arrival train10 v8 v7)
51 : (move-on-arrival train7 v2 v1)
52 : (move-on-arrival train8 v4 v3)
53 : (move-on-arrival train9 v6 v5)
54 : (move-to-lifo-track train6 t0 t1 t2 t3 track1)
55 : (move-on-arrival train10 v7 v6)
56 : (move-on-arrival train8 v3 v2)
57 : (move-on-arrival train9 v5 v4)
58 : (switch-lifo-track train5 t12 t11 t0 t0 t4 track4 track2)
59 : (switch-lifo-track train6 t3 t2 t0 t0 t7 track1 track3)
60 : (move-on-arrival train7 v1 t0)
61 : (move-on-arrival train10 v6 v5)
62 : (move-on-arrival train8 v2 v1)
63 : (move-on-arrival train9 v4 v3)
64 : (move-to-lifo-track train7 t0 t1 t2 t3 track1)
65 : (move-on-arrival train10 v5 v4)
66 : (move-on-arrival train9 v3 v2)
67 : (switch-lifo-track train2 t11 t10 t0 t11 t12 track4 track4)
68 : (switch-lifo-track train5 t4 t0 t0 t5 t6 track2 track2)
69 : (move-on-arrival train8 v1 t0)
70 : (move-on-arrival train10 v4 v3)
71 : (move-on-arrival train9 v2 v1)
72 : (move-to-lifo-track train8 t0 t1 t1 t2 track1)
73 : (move-on-arrival train10 v3 v2)
74 : (switch-lifo-track train2 t12 t11 t0 t0 t1 track4 track1)
75 : (move-on-arrival train9 v1 t0)
76 : (move-on-arrival train10 v2 v1)
77 : (move-to-lifo-track train9 t0 t10 t11 t12 track4)
78 : (switch-lifo-track train6 t7 t0 t0 t10 t11 track3 track4)
79 : (move-on-arrival train10 v1 t0)
80 : (move-to-lifo-track-onetrack train10 t0 t10 track4)
81 : (move-to-switch-lifo-track train1 t5 t4 t4 t0 track2)
82 : (move-to-departure train1 t0 v1)
83 : (move-to-departure train1 v1 v2)
84 : (move-to-switch-lifo-track train5 t6 t5 t4 t0 track2)
85 : (move-to-departure train1 v2 v3)
86 : (move-to-departure train5 t0 v1)
87 : (move-to-departure train1 v3 v4)
88 : (move-to-departure train5 v1 v2)
89 : (switch-lifo-track train4 t8 t7 t0 t0 t7 track3 track3)
90 : (move-to-switch-lifo-track-last train3 t4 t0 track2)
91 : (move-to-departure train1 v4 v5)
92 : (move-to-departure train3 t0 v1)
93 : (move-to-departure train5 v2 v3)
94 : (move-to-departure train1 v5 v6)
95 : (move-to-departure train3 v1 v2)
96 : (move-to-departure train5 v3 v4)
97 : (switch-lifo-track train2 t1 t0 t0 t8 t9 track1 track3)
98 : (move-to-switch-lifo-track-last train4 t7 t0 track3)
99 : (move-to-departure train1 v6 v7)
100 : (move-to-departure train3 v2 v3)
101 : (move-to-departure train4 t0 v1)
102 : (move-to-departure train5 v4 v5)
103 : (move-to-departure train1 v7 v8)
104 : (move-to-departure train3 v3 v4)
105 : (move-to-departure train4 v1 v2)
106 : (move-to-departure train5 v5 v6)
107 : (switch-lifo-track train2 t9 t8 t0 t0 t7 track3 track3)
108 : (switch-lifo-track train8 t2 t1 t0 t0 t4 track1 track2)
109 : (move-to-switch-lifo-track-last train10 t10 t0 track4)
110 : (move-to-departure train1 v8 v9)
111 : (move-to-departure train10 t0 v1)
112 : (move-to-departure train3 v4 v5)
113 : (move-to-departure train4 v2 v3)
114 : (move-to-departure train5 v6 v7)
115 : (move-to-departure train1 v9 v10)
116 : (move-to-departure train10 v1 v2)
117 : (move-to-departure train3 v5 v6)
118 : (move-to-departure train4 v3 v4)
119 : (move-to-departure train5 v7 v8)
120 : (switch-lifo-track train6 t11 t10 t0 t8 t9 track4 track3)
121 : (move-to-switch-lifo-track-last train2 t7 t0 track3)
122 : (move-to-departure train10 v2 v3)
123 : (move-to-departure train2 t0 v1)
124 : (move-to-departure train3 v6 v7)
125 : (move-to-departure train4 v4 v5)
126 : (move-to-departure train5 v8 v9)
127 : (move-to-departure train10 v3 v4)
128 : (move-to-departure train2 v1 v2)
129 : (move-to-departure train3 v7 v8)
130 : (move-to-departure train4 v5 v6)
131 : (move-to-switch-lifo-track train7 t3 t2 t1 t0 track1)
132 : (move-to-departure train10 v4 v5)
133 : (move-to-departure train2 v2 v3)
134 : (move-to-departure train4 v6 v7)
135 : (move-to-departure train7 t0 v1)
136 : (move-to-departure train10 v5 v6)
137 : (move-to-departure train2 v3 v4)
138 : (move-to-departure train7 v1 v2)
139 : (switch-lifo-track train6 t9 t8 t0 t7 t8 track3 track3)
140 : (move-to-switch-lifo-track-last train8 t4 t0 track2)
141 : (move-to-departure train2 v4 v5)
142 : (move-to-departure train7 v2 v3)
143 : (move-to-departure train8 t0 v1)
144 : (move-to-departure train7 v3 v4)
145 : (move-to-departure train8 v1 v2)
146 : (move-to-switch-lifo-track train6 t8 t7 t7 t0 track3)
147 : (move-to-departure train6 t0 v1)
148 : (move-to-departure train8 v2 v3)
149 : (move-to-departure train6 v1 v2)
150 : (move-to-switch-lifo-track train9 t12 t11 t10 t0 track4)
151 : (move-to-departure train9 t0 v1)
