0 : (move-on-arrival train1 v1 t0)
1 : (move-on-arrival train2 v2 v1)
2 : (move-to-lifo-track train1 t0 t1 t4 t5 track1)
3 : (move-on-arrival train3 v3 v2)
4 : (switch-lifo-track train1 t5 t4 t0 t3 t4 track1 track1)
5 : (move-on-arrival train2 v1 t0)
6 : (move-on-arrival train3 v2 v1)
7 : (move-on-arrival train4 v4 v3)
8 : (move-to-lifo-track train2 t0 t1 t2 t3 track1)
9 : (move-on-arrival train4 v3 v2)
10 : (move-on-arrival train5 v5 v4)
11 : (switch-lifo-track train2 t3 t2 t0 t1 t2 track1 track1)
12 : (move-on-arrival train3 v1 t0)
13 : (move-on-arrival train4 v2 v1)
14 : (move-on-arrival train5 v4 v3)
15 : (move-on-arrival train6 v6 v5)
16 : (move-to-lifo-track train3 t0 t11 t14 t15 track3)
17 : (move-on-arrival train5 v3 v2)
18 : (move-on-arrival train6 v5 v4)
19 : (move-on-arrival train7 v7 v6)
20 : (switch-lifo-track train3 t15 t14 t0 t2 t3 track3 track1)
21 : (move-on-arrival train4 v1 t0)
22 : (move-on-arrival train5 v2 v1)
23 : (move-on-arrival train6 v4 v3)
24 : (move-on-arrival train7 v6 v5)
25 : (move-on-arrival train8 v8 v7)
26 : (move-to-lifo-track-onetrack train4 t0 t1 track1)
27 : (move-on-arrival train6 v3 v2)
28 : (move-on-arrival train7 v5 v4)
29 : (move-on-arrival train8 v7 v6)
30 : (move-on-arrival train9 v9 v8)
31 : (switch-lifo-track train3 t3 t2 t0 t1 t2 track1 track1)
32 : (move-on-arrival train5 v1 t0)
33 : (move-on-arrival train10 v10 v9)
34 : (move-on-arrival train6 v2 v1)
35 : (move-on-arrival train7 v4 v3)
36 : (move-on-arrival train8 v6 v5)
37 : (move-on-arrival train9 v8 v7)
38 : (move-to-lifo-track train5 t0 t11 t14 t15 track3)
39 : (move-on-arrival train10 v9 v8)
40 : (move-on-arrival train7 v3 v2)
41 : (move-on-arrival train8 v5 v4)
42 : (move-on-arrival train9 v7 v6)
43 : (switch-lifo-track train1 t4 t3 t0 t2 t3 track1 track1)
44 : (switch-lifo-track train2 t2 t1 t0 t0 t1 track1 track1)
45 : (switch-lifo-track train5 t15 t14 t0 t13 t14 track3 track3)
46 : (move-on-arrival train6 v1 t0)
47 : (move-on-arrival train10 v8 v7)
48 : (move-on-arrival train7 v2 v1)
49 : (move-on-arrival train8 v4 v3)
50 : (move-on-arrival train9 v6 v5)
51 : (move-to-lifo-track train6 t0 t11 t12 t13 track3)
52 : (move-on-arrival train10 v7 v6)
53 : (move-on-arrival train8 v3 v2)
54 : (move-on-arrival train9 v5 v4)
55 : (switch-lifo-track train1 t3 t2 t0 t11 t12 track1 track3)
56 : (switch-lifo-track train4 t1 t0 t0 t14 t15 track1 track3)
57 : (move-on-arrival train7 v1 t0)
58 : (move-on-arrival train10 v6 v5)
59 : (move-on-arrival train8 v2 v1)
60 : (move-on-arrival train9 v4 v3)
61 : (move-to-lifo-track-onetrack train7 t0 t1 track1)
62 : (move-on-arrival train10 v5 v4)
63 : (move-on-arrival train9 v3 v2)
64 : (switch-lifo-track train1 t12 t11 t0 t4 t5 track3 track1)
65 : (switch-lifo-track train4 t15 t14 t0 t13 t14 track3 track3)
66 : (move-on-arrival train8 v1 t0)
67 : (move-on-arrival train10 v4 v3)
68 : (move-on-arrival train9 v2 v1)
69 : (move-to-lifo-track train8 t0 t11 t14 t15 track3)
70 : (move-on-arrival train10 v3 v2)
71 : (switch-lifo-track train4 t14 t13 t0 t2 t3 track3 track1)
72 : (move-on-arrival train9 v1 t0)
73 : (move-on-arrival train10 v2 v1)
74 : (move-to-lifo-track train9 t0 t11 t11 t12 track3)
75 : (switch-lifo-track train8 t15 t14 t0 t13 t14 track3 track3)
76 : (switch-lifo-track train9 t12 t11 t0 t1 t2 track3 track1)
77 : (move-on-arrival train10 v1 t0)
78 : (move-to-lifo-track train10 t0 t11 t11 t12 track3)
79 : (move-to-switch-lifo-track train1 t5 t4 t1 t0 track1)
80 : (move-to-departure train1 t0 v1)
81 : (move-to-departure train1 v1 v2)
82 : (move-to-switch-lifo-track train5 t14 t13 t11 t0 track3)
83 : (move-to-departure train1 v2 v3)
84 : (move-to-departure train5 t0 v1)
85 : (move-to-departure train1 v3 v4)
86 : (move-to-departure train5 v1 v2)
87 : (move-to-switch-lifo-track train3 t2 t1 t1 t0 track1)
88 : (move-to-departure train1 v4 v5)
89 : (move-to-departure train3 t0 v1)
90 : (move-to-departure train5 v2 v3)
91 : (move-to-departure train1 v5 v6)
92 : (move-to-departure train3 v1 v2)
93 : (move-to-departure train5 v3 v4)
94 : (move-to-switch-lifo-track train4 t3 t2 t1 t0 track1)
95 : (move-to-departure train1 v6 v7)
96 : (move-to-departure train3 v2 v3)
97 : (move-to-departure train4 t0 v1)
98 : (move-to-departure train5 v4 v5)
99 : (move-to-departure train1 v7 v8)
100 : (move-to-departure train3 v3 v4)
101 : (move-to-departure train4 v1 v2)
102 : (move-to-departure train5 v5 v6)
103 : (move-to-switch-lifo-track train10 t12 t11 t11 t0 track3)
104 : (move-to-departure train1 v8 v9)
105 : (move-to-departure train10 t0 v1)
106 : (move-to-departure train3 v4 v5)
107 : (move-to-departure train4 v2 v3)
108 : (move-to-departure train5 v6 v7)
109 : (move-to-departure train1 v9 v10)
110 : (move-to-departure train10 v1 v2)
111 : (move-to-departure train3 v5 v6)
112 : (move-to-departure train4 v3 v4)
113 : (move-to-departure train5 v7 v8)
114 : (switch-lifo-track train6 t13 t12 t0 t2 t3 track3 track1)
115 : (move-to-switch-lifo-track-last train2 t1 t0 track1)
116 : (move-to-departure train10 v2 v3)
117 : (move-to-departure train2 t0 v1)
118 : (move-to-departure train3 v6 v7)
119 : (move-to-departure train4 v4 v5)
120 : (move-to-departure train5 v8 v9)
121 : (move-to-departure train10 v3 v4)
122 : (move-to-departure train2 v1 v2)
123 : (move-to-departure train3 v7 v8)
124 : (move-to-departure train4 v5 v6)
125 : (switch-lifo-track train6 t3 t2 t0 t14 t15 track1 track3)
126 : (move-to-switch-lifo-track-last train7 t1 t0 track1)
127 : (move-to-departure train10 v4 v5)
128 : (move-to-departure train2 v2 v3)
129 : (move-to-departure train4 v6 v7)
130 : (move-to-departure train7 t0 v1)
131 : (move-to-departure train10 v5 v6)
132 : (move-to-departure train2 v3 v4)
133 : (move-to-departure train7 v1 v2)
134 : (move-to-switch-lifo-track train8 t14 t13 t11 t0 track3)
135 : (move-to-departure train2 v4 v5)
136 : (move-to-departure train7 v2 v3)
137 : (move-to-departure train8 t0 v1)
138 : (move-to-departure train7 v3 v4)
139 : (move-to-departure train8 v1 v2)
140 : (move-to-switch-lifo-track train6 t15 t14 t11 t0 track3)
141 : (move-to-departure train6 t0 v1)
142 : (move-to-departure train8 v2 v3)
143 : (move-to-departure train6 v1 v2)
144 : (move-to-switch-lifo-track train9 t2 t1 t1 t0 track1)
145 : (move-to-departure train9 t0 v1)
