0 : (move-on-arrival train1 v1 t0)
1 : (move-on-arrival train2 v2 v1)
2 : (move-to-lifo-track train1 t0 t7 t8 t9 track2)
3 : (move-on-arrival train3 v3 v2)
4 : (switch-lifo-track train1 t9 t8 t0 t7 t8 track2 track2)
5 : (move-on-arrival train2 v1 t0)
6 : (move-on-arrival train3 v2 v1)
7 : (move-on-arrival train4 v4 v3)
8 : (move-to-track train2 t0 t1 track1)
9 : (move-along-track train2 t1 t2 track1)
10 : (move-on-arrival train4 v3 v2)
11 : (move-on-arrival train5 v5 v4)
12 : (switch-lifo-track train1 t8 t7 t0 t0 t7 track2 track2)
13 : (move-on-arrival train3 v1 t0)
14 : (move-along-track train2 t2 t3 track1)
15 : (move-on-arrival train4 v2 v1)
16 : (move-on-arrival train5 v4 v3)
17 : (move-on-arrival train6 v6 v5)
18 : (move-to-track train3 t0 t6 track1)
19 : (move-along-track train2 t3 t4 track1)
20 : (move-on-arrival train5 v3 v2)
21 : (move-on-arrival train6 v5 v4)
22 : (move-on-arrival train7 v7 v6)
23 : (switch-lifo-track train3 t6 t0 t0 t7 t8 track1 track2)
24 : (move-on-arrival train4 v1 t0)
25 : (move-on-arrival train5 v2 v1)
26 : (move-on-arrival train6 v4 v3)
27 : (move-on-arrival train7 v6 v5)
28 : (move-on-arrival train8 v8 v7)
29 : (move-to-lifo-track train4 t0 t1 t0 t6 track1)
30 : (move-along-track train2 t4 t3 track1)
31 : (move-on-arrival train6 v3 v2)
32 : (move-on-arrival train7 v5 v4)
33 : (move-on-arrival train8 v7 v6)
34 : (move-on-arrival train9 v9 v8)
35 : (switch-lifo-track train3 t8 t7 t0 t8 t9 track2 track2)
36 : (switch-track train4 t6 t0 t1 track1 track1)
37 : (move-on-arrival train5 v1 t0)
38 : (move-along-track train2 t3 t2 track1)
39 : (move-on-arrival train10 v10 v9)
40 : (move-on-arrival train6 v2 v1)
41 : (move-on-arrival train7 v4 v3)
42 : (move-on-arrival train8 v6 v5)
43 : (move-on-arrival train9 v8 v7)
44 : (move-to-lifo-track train5 t0 t10 t11 t12 track3)
45 : (move-on-arrival train10 v9 v8)
46 : (move-on-arrival train7 v3 v2)
47 : (move-on-arrival train8 v5 v4)
48 : (move-on-arrival train9 v7 v6)
49 : (switch-lifo-track train4 t1 t0 t0 t7 t8 track1 track2)
50 : (switch-lifo-track train5 t12 t11 t0 t10 t11 track3 track3)
51 : (move-on-arrival train6 v1 t0)
52 : (move-along-track train2 t2 t1 track1)
53 : (move-on-arrival train10 v8 v7)
54 : (move-on-arrival train7 v2 v1)
55 : (move-on-arrival train8 v4 v3)
56 : (move-on-arrival train9 v6 v5)
57 : (move-to-lifo-track train6 t0 t6 t0 t1 track1)
58 : (move-on-arrival train10 v7 v6)
59 : (move-on-arrival train8 v3 v2)
60 : (move-on-arrival train9 v5 v4)
61 : (switch-lifo-track train2 t1 t0 t0 t0 t7 track1 track2)
62 : (switch-lifo-track train5 t11 t10 t0 t11 t12 track3 track3)
63 : (switch-track train6 t1 t0 t6 track1 track1)
64 : (move-on-arrival train7 v1 t0)
65 : (move-along-track train6 t6 t5 track1)
66 : (move-on-arrival train10 v6 v5)
67 : (move-on-arrival train8 v2 v1)
68 : (move-on-arrival train9 v4 v3)
69 : (move-to-track train7 t0 t1 track1)
70 : (move-along-track train6 t5 t6 track1)
71 : (move-on-arrival train10 v5 v4)
72 : (move-on-arrival train8 v1 t0)
73 : (move-on-arrival train9 v3 v2)
74 : (move-along-track train7 t1 t2 track1)
75 : (move-on-arrival train10 v4 v3)
76 : (move-on-arrival train9 v2 v1)
77 : (move-to-lifo-track train8 t0 t10 t10 t11 track3)
78 : (move-along-track train7 t2 t3 track1)
79 : (move-on-arrival train10 v3 v2)
80 : (switch-lifo-track train8 t11 t10 t0 t0 t10 track3 track3)
81 : (switch-track train6 t6 t0 t1 track1 track1)
82 : (move-on-arrival train9 v1 t0)
83 : (move-on-arrival train10 v2 v1)
84 : (move-to-track train9 t0 t6 track1)
85 : (move-along-track train9 t6 t5 track1)
86 : (switch-lifo-track train1 t7 t0 t0 t0 t1 track2 track1)
87 : (switch-lifo-track train5 t12 t11 t0 t10 t11 track3 track3)
88 : (move-on-arrival train10 v1 t0)
89 : (move-along-track train7 t3 t2 track1)
90 : (move-to-track train10 t0 t6 track1)
91 : (move-along-track train9 t5 t4 track1)
92 : (move-to-switch-lifo-track train5 t11 t10 t10 t0 track3)
93 : (move-along-track train10 t6 t5 track1)
94 : (move-along-track train9 t4 t3 track1)
95 : (move-to-departure train5 t0 v1)
96 : (move-to-departure train5 v1 v2)
97 : (move-to-switch-lifo-track train4 t8 t7 t7 t0 track2)
98 : (move-along-track train10 t5 t6 track1)
99 : (move-along-track train9 t3 t4 track1)
100 : (move-to-departure train4 t0 v1)
101 : (move-to-departure train5 v2 v3)
102 : (move-along-track train10 t6 t5 track1)
103 : (move-to-departure train4 v1 v2)
104 : (move-to-departure train5 v3 v4)
105 : (move-to-switch-lifo-track train3 t9 t8 t7 t0 track2)
106 : (move-along-track train10 t5 t6 track1)
107 : (move-along-track train9 t4 t3 track1)
108 : (move-to-departure train3 t0 v1)
109 : (move-to-departure train4 v2 v3)
110 : (move-to-departure train5 v4 v5)
111 : (move-to-departure train3 v1 v2)
112 : (move-to-departure train4 v3 v4)
113 : (move-to-departure train5 v5 v6)
114 : (switch-lifo-track train10 t6 t0 t0 t8 t9 track1 track2)
115 : (move-to-switch-lifo-track-last train2 t7 t0 track2)
116 : (move-along-track train9 t3 t4 track1)
117 : (move-to-departure train2 t0 v1)
118 : (move-to-departure train3 v2 v3)
119 : (move-to-departure train4 v4 v5)
120 : (move-to-departure train5 v6 v7)
121 : (move-to-departure train2 v1 v2)
122 : (move-to-departure train3 v3 v4)
123 : (move-to-departure train4 v5 v6)
124 : (move-to-departure train5 v7 v8)
125 : (switch-lifo-track train10 t9 t8 t0 t5 t6 track2 track1)
126 : (move-from-track-to-departure train1 t1 t0 track1)
127 : (move-along-track train9 t4 t5 track1)
128 : (move-to-departure train1 t0 v1)
129 : (move-to-departure train2 v2 v3)
130 : (move-to-departure train3 v4 v5)
131 : (move-to-departure train4 v6 v7)
132 : (move-to-departure train5 v8 v9)
133 : (move-along-track train7 t2 t3 track1)
134 : (move-to-departure train1 v1 v2)
135 : (move-to-departure train2 v3 v4)
136 : (move-to-departure train3 v5 v6)
137 : (move-to-departure train4 v7 v8)
138 : (move-to-departure train5 v9 v10)
139 : (move-to-switch-lifo-track train10 t6 t5 t1 t0 track1)
140 : (move-along-track train6 t1 t2 track1)
141 : (move-along-track train7 t3 t4 track1)
142 : (move-along-track train9 t5 t6 track1)
143 : (move-to-departure train1 v2 v3)
144 : (move-to-departure train10 t0 v1)
145 : (move-to-departure train2 v4 v5)
146 : (move-to-departure train3 v6 v7)
147 : (move-to-departure train4 v8 v9)
148 : (move-along-track train7 t4 t5 track1)
149 : (move-from-track-to-departure train9 t6 t0 track1)
150 : (move-to-departure train1 v3 v4)
151 : (move-to-departure train10 v1 v2)
152 : (move-to-departure train2 v5 v6)
153 : (move-to-departure train3 v7 v8)
154 : (move-along-track train6 t2 t1 track1)
155 : (move-along-track train7 t5 t6 track1)
156 : (move-to-departure train1 v4 v5)
157 : (move-to-departure train10 v2 v3)
158 : (move-to-departure train2 v6 v7)
159 : (move-to-departure train9 t0 v1)
160 : (move-to-departure train1 v5 v6)
161 : (move-to-departure train10 v3 v4)
162 : (move-to-departure train9 v1 v2)
163 : (move-to-switch-lifo-track-last train8 t10 t0 track3)
164 : (move-to-departure train10 v4 v5)
165 : (move-to-departure train8 t0 v1)
166 : (move-to-departure train9 v2 v3)
167 : (move-along-track train6 t1 t2 track1)
168 : (move-from-track-to-departure train7 t6 t0 track1)
169 : (move-to-departure train8 v1 v2)
170 : (move-to-departure train9 v3 v4)
171 : (move-along-track train6 t2 t1 track1)
172 : (move-to-departure train7 t0 v1)
173 : (move-to-departure train8 v2 v3)
174 : (move-from-track-to-departure train6 t1 t0 track1)
175 : (move-to-departure train7 v1 v2)
176 : (move-to-departure train6 t0 v1)
