Straring problem8b with setting 5 at 2023-06-21 02:05:50.825

ff: parsing domain file
domain 'TUSD' defined
 ... done.
ff: parsing problem file
problem 'PROBLEM8B' defined
 ... done.


warning: numeric precondition. turning cost-minimizing relaxed plans OFF.

ff: search configuration is Enforced Hill-Climbing, then A*epsilon with weight 5.
Metric is ((1.00*[RF8](COST)) - () + 0.00)
COST MINIMIZATION DONE (WITHOUT cost-minimizing relaxed plans).

Cueing down from goal distance:   27 into depth [1][2][3]
                                  22            [1][2]
                                  20            [1][2]
                                  19            [1][2][3][4]
                                  18            [1][2]
                                  17            [1][2]
                                  15            [1][2]
                                  13            [1][2]
                                  11            [1][2]
                                   8            [1]
                                   7            [1]
                                   5            [1][2]
                                   4            [1] --- pruning stopped --- [1][2][3][4][5][6][7]

Enforced Hill-climbing not successful.
Switching to A*epsilon now.

Advancing to goal distance:   27
                              26
                              21
                              19
                              18
                              15
                              13
                              11
                               8
                               6
                               5
                               4
                               3
                               2
                               1
                               0

ff: found legal plan as follows
step    0: MOVE-ON-ARRIVAL TRAIN1 V1 T4
        1: MOVE-BETWEEN-TRACKS TRAIN1 T4 T5 TRACK2 TRACK2
        2: MOVE-ON-ARRIVAL TRAIN5 V1 T4
        3: MOVE-ON-ARRIVAL TRAIN7 V1 T7
        4: MOVE-ON-ARRIVAL TRAIN4 V1 T1
        5: MOVE TRAIN7 T7 T8 TRACK3
        6: MOVE-BETWEEN-TRACKS TRAIN5 T4 T7 TRACK2 TRACK3
        7: MOVE-BETWEEN-TRACKS TRAIN4 T1 T4 TRACK1 TRACK2
        8: MOVE-ON-ARRIVAL TRAIN3 V1 T1
        9: MOVE-BETWEEN-TRACKS TRAIN3 T1 T2 TRACK1 TRACK1
       10: MOVE-ON-ARRIVAL TRAIN8 V1 T1
       11: MOVE-TO-DEPARTURE TRAIN4 T4 V1
       12: MOVE-BETWEEN-TRACKS TRAIN5 T7 T4 TRACK3 TRACK2
       13: MOVE TRAIN7 T8 T7 TRACK3
       14: MOVE-TO-DEPARTURE TRAIN7 T7 V1
       15: MOVE-ON-ARRIVAL TRAIN2 V1 T7
       16: MOVE TRAIN2 T7 T8 TRACK3
       17: MOVE-ON-ARRIVAL TRAIN6 V1 T7
       18: MOVE-TO-DEPARTURE TRAIN8 T1 V1
       19: MOVE-TO-DEPARTURE TRAIN5 T4 V1
       20: MOVE TRAIN1 T5 T4 TRACK2
       21: MOVE TRAIN3 T2 T1 TRACK1
       22: MOVE-TO-DEPARTURE TRAIN3 T1 V1
       23: MOVE-TO-DEPARTURE TRAIN6 T7 V1
       24: MOVE-TO-DEPARTURE TRAIN1 T4 V1
       25: MOVE-BETWEEN-TRACKS TRAIN2 T8 T7 TRACK3 TRACK3
       26: MOVE-TO-DEPARTURE TRAIN2 T7 V1
       27: REACH-GOAL
plan cost: 17.000000

time spent:    0.00 seconds instantiating 288 easy, 0 hard action templates
               0.00 seconds reachability analysis, yielding 97 facts and 720 actions
               0.01 seconds creating final representation with 98 relevant facts, 19 relevant fluents
               0.00 seconds computing LNF
               0.00 seconds building connectivity graph
              18.66 seconds searching, evaluating 44804 states, to a max depth of 7
              18.67 seconds total time

-e Execution of problem8b with setting 5 stopped at 2023-06-21 02:06:09.524
Total time elapsed = 00:00:18.699000000
