Straring problem9 with setting 5 at 2023-06-22 15:26:31.282

ff: parsing domain file
domain 'TUSD' defined
 ... done.
ff: parsing problem file
problem 'PROBLEM9' defined
 ... done.


warning: numeric precondition. turning cost-minimizing relaxed plans OFF.

ff: search configuration is Enforced Hill-Climbing, then A*epsilon with weight 5.
Metric is ((1.00*[RF9](COST)) - () + 0.00)
COST MINIMIZATION DONE (WITHOUT cost-minimizing relaxed plans).

Cueing down from goal distance:   61 into depth [1]
                                  31            [1]
                                  30            [1]
                                  26            [1][2]
                                  23            [1][2]
                                  21            [1][2][3][4][5][6] --- pruning stopped --- [1][2][3][4][5][6][7][8][9]
                                  20            [1][2]
                                  16            [1][2]
                                  14            [1][2]
                                  12            [1]
                                  11            [1][2]
                                   8            [1][2]
                                   6            [1][2] --- pruning stopped --- [1][2][3][4][5][6][7][8][9][10][11][12][13]

Enforced Hill-climbing not successful.
Switching to A*epsilon now.

Advancing to goal distance:   61
                              31
                              29
                              26
                              25
                              21-e Execution of problem9 with setting 5 stopped at 2023-06-22 15:56:31.305
Total time elapsed = 00:30:00.023000000
