$ /data/ipc2018/solvers/sat/team2/planner.img domain1/2-half-optimized/domain1.pddl domain1/2-half-optimized/problem2.pddl re.out
INFO     Running translator.
INFO     translator inputs: ['domain1/2-half-optimized/domain1.pddl', 'domain1/2-half-optimized/problem2.pddl']
INFO     translator arguments: []
Parsing...
Parsing: [0.010s CPU, 0.003s wall-clock]
Normalizing task... [0.000s CPU, 0.001s wall-clock]
Instantiating...
Generating Datalog program... [0.000s CPU, 0.001s wall-clock]
Normalizing Datalog program...
Trivial rules: Converted to facts.
Normalizing Datalog program: [0.010s CPU, 0.005s wall-clock]
Preparing model... [0.000s CPU, 0.002s wall-clock]
Generated 64 rules.
Computing model... [0.010s CPU, 0.016s wall-clock]
387 relevant atoms
640 auxiliary atoms
1027 final queue length
1399 total queue pushes
Completing instantiation... [0.020s CPU, 0.015s wall-clock]
Instantiating: [0.040s CPU, 0.039s wall-clock]
Computing fact groups...
Finding invariants...
15 initial candidates
Finding invariants: [0.010s CPU, 0.009s wall-clock]
Checking invariant weight... [0.000s CPU, 0.000s wall-clock]
Instantiating groups... [0.000s CPU, 0.001s wall-clock]
Collecting mutex groups... [0.000s CPU, 0.000s wall-clock]
Choosing groups...
45 uncovered facts
Choosing groups: [0.000s CPU, 0.001s wall-clock]
Building translation key... [0.000s CPU, 0.000s wall-clock]
Computing fact groups: [0.010s CPU, 0.013s wall-clock]
Building STRIPS to SAS dictionary... [0.000s CPU, 0.001s wall-clock]
Building dictionary for full mutex groups... [0.000s CPU, 0.000s wall-clock]
Building mutex information...
Building mutex information: [0.000s CPU, 0.000s wall-clock]
Translating task...
Processing axioms...
Simplifying axioms... [0.000s CPU, 0.000s wall-clock]
Processing axioms: [0.010s CPU, 0.002s wall-clock]
Translating task: [0.020s CPU, 0.018s wall-clock]
288 effect conditions simplified
0 implied preconditions added
Detecting unreachable propositions...
0 operators removed
11 propositions removed
Detecting unreachable propositions: [0.000s CPU, 0.004s wall-clock]
Translator variables: 50
Translator derived variables: 6
Translator facts: 171
Translator goal facts: 5
Translator mutex groups: 20
Translator total mutex groups size: 176
Translator operators: 144
Translator axioms: 8
Translator task size: 1866
Translator peak memory: 26056 KB
Writing output... [0.000s CPU, 0.004s wall-clock]
Done! [0.090s CPU, 0.086s wall-clock]
INFO     Running preprocessor.
INFO     preprocessor input: output.sas
INFO     preprocessor arguments: ['--h2-time-limit', '30']
Building causal graph...
The causal graph is not acyclic.
50 variables of 50 necessary
13 of 20 mutex groups necessary.
144 of 144 operators necessary.
8 of 8 axiom rules necessary.
Disabling h2 analysis because it does not currently support axioms
Building domain transition graphs...
solveable in poly time 0
Building successor generator...
Preprocessor variables: 50
Preprocessor facts: 171
Preprocessor derived variables: 6
Preprocessor operators: 144
Preprocessor mutex groups: 13
Preprocessor task size: 1781
Writing output...
done
INFO     Running search.
INFO     search input: output
INFO     search executable: /planner/src/search/downward-release
INFO     search portfolio: /planner/src/driver/portfolios/seq_sat_ds.py
External time limits: -1, -1
No timeout has been set for the portfolio so we take the default of 1800s.
Internal time limit: 1800
External memory limits: -1, -1
Internal memory limit: 8000000000
remaining time at start: 1799.64
remaining time: 1799.64
config 0: relative time 100, remaining 1800
g bound: infinity
next plan number: 1
args: ['/planner/src/search/downward-release', '--decoupling', 'fork(search_type=sat, pruning=cost_frontier(irrelevance=TRANSITIONS), max_leaf_size=1000000)', '--heuristic', 'hff=ff(cost_type=one)', '--search', 'lazy_greedy(hff, preferred=hff, cost_type=one, bound=infinity)', '--internal-previous-portfolio-plans', '0', '--internal-plan-file', 're.out']
timeout: 99.98 -> (100, 101)
using frontier pruning method
performing irrelevance analysis in leaf factors
performing decoupled satisficing search
maximum leaf factor size 1000000
using fork factoring profile
reading input... [t=0.01s]
Simplifying transitions... done!
done reading input! [t=0.02s]
building causal graph...done! [t=0.02s]
Heuristic does not support axioms!
Terminating.
Tried to use unsupported feature.
Peak memory: 5084 KB
returncode: 3

remaining time: 1799.57
config 1: relative time 1000, remaining 1700
g bound: infinity
next plan number: 1
args: ['/planner/src/search/downward-release', '--decoupling', 'portfolio(fallback_on_abstain=true, overwrite_options=true, choose_max_leaves=true,          factorings=[fork(search_type=sat, max_leaf_size=1000000), ifork(search_type=sat, max_leaf_size=1000000), incarcs(search_type=sat, max_leaf_size=100000)])', '--heuristic', 'hff=ff(cost_type=one)', '--search', 'lazy_greedy(hff, preferred=hff, cost_type=one, bound=infinity, symmetry=symmetry_state_pruning(lex_prices=false, lex_num_states=false, lex_goal_cost=false))', '--internal-previous-portfolio-plans', '0', '--internal-plan-file', 're.out']
timeout: 1058.57 -> (1059, 1060)
performing decoupled satisficing search
maximum leaf factor size 1000000
using default pruning method: BasicPruning
using fork factoring profile
performing decoupled satisficing search
maximum leaf factor size 1000000
using default pruning method: BasicPruning
using inverted-fork factoring profile
performing decoupled satisficing search
maximum leaf factor size 100000
using default pruning method: BasicPruning
using incident-arcs factoring profile
performing Star Decoupled A* search
using default pruning method: BasicPruning
using factoring portfolio
reading input... [t=0s]
Simplifying transitions... done!
done reading input! [t=0.01s]
building causal graph...done! [t=0.01s]
Heuristic does not support axioms!
Terminating.
Tried to use unsupported feature.
Peak memory: 5084 KB
returncode: 3

remaining time: 1799.56
config 2: relative time 700, remaining 700
g bound: infinity
next plan number: 1
args: ['/planner/src/search/downward-release', '--heuristic', 'hlm1,hff1=lm_ff_syn(lm_rhw(reasonable_orders=true,                           lm_cost_type=one,cost_type=one))', '--search', 'lazy_greedy([hff1,hlm1],preferred=[hff1,hlm1], cost_type=one, reopen_closed=false, bound=infinity)', '--internal-previous-portfolio-plans', '0', '--internal-plan-file', 're.out']
timeout: 1799.56 -> (1800, 1801)
reading input... [t=0s]
Simplifying transitions... done!
done reading input! [t=0.01s]
building causal graph...done! [t=0.01s]
Variables: 50
Bytes per state: 12
done! [t=0.01s]
done initalizing global data [t=0.01s]
Initializing Exploration...
Generating landmarks using the RPG/SAS+ approach
approx. reasonable orders
approx. obedient reasonable orders
Removed 0 reasonable or obedient reasonable orders
Landmarks generation time: 0.0050193s
Discovered 56 landmarks, of which 1 are disjunctive and 0 are conjunctive
359 edges
Initializing LAMA-FF Synergy Object
Initializing landmarks count heuristic...
26 initial landmarks, 5 goal landmarks
Conducting lazy best first search, (real) bound = 2147483647
Switch from bucket-based to heap-based queue at key = 195, num_pushes = 181
Best heuristic value: 24/21 [g=0, 1 evaluated, 0 expanded, t=0.02s, 5344 KB]
Best heuristic value: 23/20 [g=1, 2 evaluated, 1 expanded, t=0.02s, 5344 KB]
Best heuristic value: 21/20 [g=2, 3 evaluated, 2 expanded, t=0.02s, 5344 KB]
Best heuristic value: 20/20 [g=3, 4 evaluated, 3 expanded, t=0.02s, 5344 KB]
Best heuristic value: 18/20 [g=4, 6 evaluated, 5 expanded, t=0.02s, 5344 KB]
Best heuristic value: 17/19 [g=5, 7 evaluated, 6 expanded, t=0.02s, 5344 KB]
Best heuristic value: 16/19 [g=6, 8 evaluated, 7 expanded, t=0.02s, 5344 KB]
Best heuristic value: 15/18 [g=7, 9 evaluated, 8 expanded, t=0.02s, 5344 KB]
Best heuristic value: 14/18 [g=8, 10 evaluated, 9 expanded, t=0.02s, 5344 KB]
Best heuristic value: 13/18 [g=9, 11 evaluated, 10 expanded, t=0.02s, 5344 KB]
Best heuristic value: 11/18 [g=10, 13 evaluated, 12 expanded, t=0.02s, 5344 KB]
Best heuristic value: 9/17 [g=11, 14 evaluated, 13 expanded, t=0.02s, 5344 KB]
Best heuristic value: 9/16 [g=12, 15 evaluated, 14 expanded, t=0.02s, 5344 KB]
Best heuristic value: 7/15 [g=13, 16 evaluated, 15 expanded, t=0.02s, 5344 KB]
Best heuristic value: 6/13 [g=14, 99 evaluated, 80 expanded, t=0.03s, 5476 KB]
Best heuristic value: 5/12 [g=15, 100 evaluated, 81 expanded, t=0.03s, 5476 KB]
Best heuristic value: 4/11 [g=16, 101 evaluated, 82 expanded, t=0.03s, 5476 KB]
Best heuristic value: 4/10 [g=17, 102 evaluated, 83 expanded, t=0.03s, 5476 KB]
Best heuristic value: 2/8 [g=18, 103 evaluated, 84 expanded, t=0.03s, 5476 KB]
Best heuristic value: 2/7 [g=19, 104 evaluated, 85 expanded, t=0.03s, 5476 KB]
Best heuristic value: 1/6 [g=21, 173 evaluated, 140 expanded, t=0.03s, 5476 KB]
Best heuristic value: 1/4 [g=22, 174 evaluated, 141 expanded, t=0.03s, 5476 KB]
Best heuristic value: 0/3 [g=23, 175 evaluated, 142 expanded, t=0.03s, 5476 KB]
Best heuristic value: 0/2 [g=24, 176 evaluated, 143 expanded, t=0.03s, 5476 KB]
Best heuristic value: 0/1 [g=25, 177 evaluated, 144 expanded, t=0.03s, 5476 KB]
Solution found!
Actual search time: 0.01s [t=0.03s]
move-on-arrival-to-switch train1 v1 t0 t0 (1)
move-from-switch-to-track train1 t0 t3 t4 track1 (1)
move-on-arrival-to-switch train2 v2 v1 t0 (1)
move-from-switch-to-track train2 t0 t5 t6 track2 (1)
move-on-arrival-to-switch train3 v3 v2 t0 (1)
move-from-switch-to-track train3 t0 t0 t5 track2 (1)
move-on-arrival-to-switch train4 v4 v3 t0 (1)
move-from-switch-to-track train4 t0 t2 t3 track1 (1)
move-on-arrival-to-switch train5 v5 v4 t0 (1)
move-from-switch-to-track train5 t0 t1 t2 track1 (1)
move-on-arrival-to-switch train6 v6 v5 t0 (1)
move-from-switch-to-track train6 t0 t0 t1 track1 (1)
move-from-track-to-switch train3 t5 t0 t0 track2 (1)
move-to-departure train3 t0 v5 v6 (1)
move-from-track-to-switch train2 t6 t5 t0 track2 (1)
move-to-departure train2 t0 v4 v5 (1)
move-from-track-to-switch train6 t1 t0 t0 track1 (1)
move-to-departure train6 t0 v3 v4 (1)
move-from-track-to-switch train5 t2 t1 t0 track1 (1)
move-from-switch-to-track train5 t0 t5 t6 track2 (1)
move-from-track-to-switch train4 t3 t2 t0 track1 (1)
move-to-departure train4 t0 v2 v3 (1)
move-from-track-to-switch train1 t4 t3 t0 track1 (1)
move-to-departure train1 t0 v1 v2 (1)
move-from-track-to-switch train5 t6 t5 t0 track2 (1)
move-to-departure train5 t0 t0 v1 (1)
Plan length: 26 step(s).
Plan cost: 26
Initial state h value: 24/21.
Expanded 145 state(s).
Reopened 0 state(s).
Evaluated 178 state(s).
Evaluations: 356
Generated 228 state(s).
Dead ends: 32 state(s).
Number of registered states: 178
Search time: 0.01s
Total time: 0.03s
Solution found.
Peak memory: 5476 KB
returncode: 0

plan manager: found new plan with cost 26
Abort portfolio and run final config.
remaining time: 1799.52
config 0: relative time 1, remaining 1
g bound: 26
next plan number: 2
args: ['/planner/src/search/downward-release', '--heuristic', 'hlm,hff=lm_ff_syn(lm_rhw(reasonable_orders=true,                         lm_cost_type=one,cost_type=one))', '--search', 'iterated([\n                     lazy_greedy([hff,hlm],preferred=[hff,hlm],\n                                 cost_type=one,reopen_closed=false),\n                     lazy_greedy([hff,hlm],preferred=[hff,hlm],\n                                 reopen_closed=false),\n                     lazy_wastar([hff,hlm],preferred=[hff,hlm],w=5),\n                     lazy_wastar([hff,hlm],preferred=[hff,hlm],w=3),\n                     lazy_wastar([hff,hlm],preferred=[hff,hlm],w=2),\n                     lazy_wastar([hff,hlm],preferred=[hff,hlm],w=1)\n                     ],repeat_last=true,continue_on_fail=true, bound=26)', '--internal-previous-portfolio-plans', '1', '--internal-plan-file', 're.out']
timeout: 1799.52 -> (1800, 1801)
reading input... [t=0s]
Simplifying transitions... done!
done reading input! [t=0.01s]
building causal graph...done! [t=0.01s]
Variables: 50
Bytes per state: 12
done! [t=0.01s]
done initalizing global data [t=0.01s]
Initializing Exploration...
Generating landmarks using the RPG/SAS+ approach
approx. reasonable orders
approx. obedient reasonable orders
Removed 0 reasonable or obedient reasonable orders
Landmarks generation time: 0.00733006s
Discovered 56 landmarks, of which 1 are disjunctive and 0 are conjunctive
360 edges
Initializing LAMA-FF Synergy Object
Initializing landmarks count heuristic...
26 initial landmarks, 5 goal landmarks
Starting search: lazy_greedy(list(hff, hlm), preferred = list(hff, hlm), cost_type = one, reopen_closed = false)
Conducting lazy best first search, (real) bound = 26
Switch from bucket-based to heap-based queue at key = 195, num_pushes = 181
Best heuristic value: 24/21 [g=0, 1 evaluated, 0 expanded, t=0.02s, 5476 KB]
Best heuristic value: 23/20 [g=1, 2 evaluated, 1 expanded, t=0.02s, 5476 KB]
Best heuristic value: 21/20 [g=2, 3 evaluated, 2 expanded, t=0.02s, 5476 KB]
Best heuristic value: 20/20 [g=3, 4 evaluated, 3 expanded, t=0.02s, 5476 KB]
Best heuristic value: 18/20 [g=4, 6 evaluated, 5 expanded, t=0.02s, 5476 KB]
Best heuristic value: 17/19 [g=5, 7 evaluated, 6 expanded, t=0.02s, 5476 KB]
Best heuristic value: 16/19 [g=6, 8 evaluated, 7 expanded, t=0.02s, 5476 KB]
Best heuristic value: 15/18 [g=7, 9 evaluated, 8 expanded, t=0.02s, 5476 KB]
Best heuristic value: 14/18 [g=8, 10 evaluated, 9 expanded, t=0.02s, 5476 KB]
Best heuristic value: 13/18 [g=9, 11 evaluated, 10 expanded, t=0.02s, 5476 KB]
Best heuristic value: 11/18 [g=10, 13 evaluated, 12 expanded, t=0.02s, 5476 KB]
Best heuristic value: 9/17 [g=11, 14 evaluated, 13 expanded, t=0.02s, 5476 KB]
Best heuristic value: 9/16 [g=12, 15 evaluated, 14 expanded, t=0.02s, 5476 KB]
Best heuristic value: 7/15 [g=13, 16 evaluated, 15 expanded, t=0.02s, 5476 KB]
Best heuristic value: 6/13 [g=14, 99 evaluated, 80 expanded, t=0.02s, 5476 KB]
Best heuristic value: 5/12 [g=15, 100 evaluated, 81 expanded, t=0.02s, 5476 KB]
Best heuristic value: 4/11 [g=16, 101 evaluated, 82 expanded, t=0.02s, 5476 KB]
Best heuristic value: 4/10 [g=17, 102 evaluated, 83 expanded, t=0.02s, 5476 KB]
Best heuristic value: 2/8 [g=18, 103 evaluated, 84 expanded, t=0.02s, 5476 KB]
Best heuristic value: 2/7 [g=19, 104 evaluated, 85 expanded, t=0.02s, 5476 KB]
Best heuristic value: 1/6 [g=21, 173 evaluated, 140 expanded, t=0.03s, 5476 KB]
Best heuristic value: 1/4 [g=22, 174 evaluated, 141 expanded, t=0.03s, 5476 KB]
Best heuristic value: 0/3 [g=23, 175 evaluated, 142 expanded, t=0.03s, 5476 KB]
Best heuristic value: 0/2 [g=24, 176 evaluated, 143 expanded, t=0.03s, 5476 KB]
Best heuristic value: 0/1 [g=25, 177 evaluated, 144 expanded, t=0.03s, 5476 KB]
Completely explored state space -- no solution!
Actual search time: 0.01s [t=0.03s]
Initial state h value: 24/21.
Expanded 199 state(s).
Reopened 0 state(s).
Evaluated 245 state(s).
Evaluations: 490
Generated 340 state(s).
Dead ends: 46 state(s).
Number of registered states: 245
No solution found - keep searching
Starting search: lazy_greedy(list(hff, hlm), preferred = list(hff, hlm), reopen_closed = false)
Conducting lazy best first search, (real) bound = 26
Best heuristic value: 24/21 [g=0, 1 evaluated, 0 expanded, t=0.03s, 5476 KB]
Best heuristic value: 23/20 [g=1, 2 evaluated, 1 expanded, t=0.03s, 5476 KB]
Best heuristic value: 21/20 [g=2, 3 evaluated, 2 expanded, t=0.03s, 5476 KB]
Best heuristic value: 20/20 [g=3, 4 evaluated, 3 expanded, t=0.03s, 5476 KB]
Best heuristic value: 18/20 [g=4, 6 evaluated, 5 expanded, t=0.03s, 5476 KB]
Best heuristic value: 17/19 [g=5, 7 evaluated, 6 expanded, t=0.03s, 5476 KB]
Best heuristic value: 16/19 [g=6, 8 evaluated, 7 expanded, t=0.03s, 5476 KB]
Best heuristic value: 15/18 [g=7, 9 evaluated, 8 expanded, t=0.03s, 5476 KB]
Best heuristic value: 14/18 [g=8, 10 evaluated, 9 expanded, t=0.03s, 5476 KB]
Best heuristic value: 13/18 [g=9, 11 evaluated, 10 expanded, t=0.03s, 5476 KB]
Best heuristic value: 11/18 [g=10, 13 evaluated, 12 expanded, t=0.03s, 5476 KB]
Best heuristic value: 9/17 [g=11, 14 evaluated, 13 expanded, t=0.03s, 5476 KB]
Best heuristic value: 9/16 [g=12, 15 evaluated, 14 expanded, t=0.03s, 5476 KB]
Best heuristic value: 7/15 [g=13, 16 evaluated, 15 expanded, t=0.03s, 5476 KB]
Best heuristic value: 6/13 [g=14, 99 evaluated, 80 expanded, t=0.04s, 5476 KB]
Best heuristic value: 5/12 [g=15, 100 evaluated, 81 expanded, t=0.04s, 5476 KB]
Best heuristic value: 4/11 [g=16, 101 evaluated, 82 expanded, t=0.04s, 5476 KB]
Best heuristic value: 4/10 [g=17, 102 evaluated, 83 expanded, t=0.04s, 5476 KB]
Best heuristic value: 2/8 [g=18, 103 evaluated, 84 expanded, t=0.04s, 5476 KB]
Best heuristic value: 2/7 [g=19, 104 evaluated, 85 expanded, t=0.04s, 5476 KB]
Best heuristic value: 1/6 [g=21, 173 evaluated, 140 expanded, t=0.04s, 5476 KB]
Best heuristic value: 1/4 [g=22, 174 evaluated, 141 expanded, t=0.04s, 5476 KB]
Best heuristic value: 0/3 [g=23, 175 evaluated, 142 expanded, t=0.04s, 5476 KB]
Best heuristic value: 0/2 [g=24, 176 evaluated, 143 expanded, t=0.04s, 5476 KB]
Best heuristic value: 0/1 [g=25, 177 evaluated, 144 expanded, t=0.04s, 5476 KB]
Completely explored state space -- no solution!
Actual search time: 0.02s [t=0.05s]
Initial state h value: 24/21.
Expanded 199 state(s).
Reopened 0 state(s).
Evaluated 245 state(s).
Evaluations: 490
Generated 340 state(s).
Dead ends: 46 state(s).
Number of registered states: 245
No solution found - keep searching
Starting search: lazy_wastar(list(hff, hlm), preferred = list(hff, hlm), w = 5)
Conducting lazy best first search, (real) bound = 26
Best heuristic value: 24/21 [g=0, 1 evaluated, 0 expanded, t=0.05s, 5476 KB]
Best heuristic value: 23/20 [g=1, 2 evaluated, 1 expanded, t=0.05s, 5476 KB]
Best heuristic value: 21/20 [g=2, 3 evaluated, 2 expanded, t=0.05s, 5476 KB]
Best heuristic value: 20/20 [g=3, 4 evaluated, 3 expanded, t=0.05s, 5476 KB]
Best heuristic value: 18/20 [g=4, 6 evaluated, 5 expanded, t=0.05s, 5476 KB]
Best heuristic value: 17/19 [g=5, 7 evaluated, 6 expanded, t=0.05s, 5476 KB]
Best heuristic value: 16/19 [g=6, 8 evaluated, 7 expanded, t=0.05s, 5476 KB]
Best heuristic value: 15/18 [g=7, 9 evaluated, 8 expanded, t=0.05s, 5476 KB]
Best heuristic value: 14/18 [g=8, 10 evaluated, 9 expanded, t=0.05s, 5476 KB]
Best heuristic value: 13/18 [g=9, 11 evaluated, 10 expanded, t=0.05s, 5476 KB]
Best heuristic value: 11/18 [g=10, 13 evaluated, 12 expanded, t=0.05s, 5476 KB]
Best heuristic value: 9/17 [g=11, 14 evaluated, 13 expanded, t=0.05s, 5476 KB]
Best heuristic value: 9/16 [g=12, 15 evaluated, 14 expanded, t=0.05s, 5476 KB]
Best heuristic value: 7/15 [g=13, 16 evaluated, 15 expanded, t=0.05s, 5476 KB]
Best heuristic value: 6/13 [g=14, 99 evaluated, 80 expanded, t=0.06s, 5476 KB]
Best heuristic value: 5/12 [g=15, 100 evaluated, 81 expanded, t=0.06s, 5476 KB]
Best heuristic value: 4/11 [g=16, 101 evaluated, 82 expanded, t=0.06s, 5476 KB]
Best heuristic value: 4/10 [g=17, 102 evaluated, 83 expanded, t=0.06s, 5476 KB]
Best heuristic value: 2/8 [g=18, 103 evaluated, 84 expanded, t=0.06s, 5476 KB]
Best heuristic value: 2/7 [g=19, 104 evaluated, 85 expanded, t=0.06s, 5476 KB]
Best heuristic value: 1/6 [g=21, 173 evaluated, 140 expanded, t=0.06s, 5476 KB]
Best heuristic value: 1/4 [g=22, 174 evaluated, 141 expanded, t=0.06s, 5476 KB]
Best heuristic value: 0/3 [g=23, 175 evaluated, 142 expanded, t=0.06s, 5476 KB]
Best heuristic value: 0/2 [g=24, 176 evaluated, 143 expanded, t=0.06s, 5476 KB]
Best heuristic value: 0/1 [g=25, 177 evaluated, 144 expanded, t=0.06s, 5476 KB]
Completely explored state space -- no solution!
Actual search time: 0.02s [t=0.07s]
Initial state h value: 24/21.
Expanded 199 state(s).
Reopened 0 state(s).
Evaluated 245 state(s).
Evaluations: 490
Generated 340 state(s).
Dead ends: 46 state(s).
Number of registered states: 245
No solution found - keep searching
Starting search: lazy_wastar(list(hff, hlm), preferred = list(hff, hlm), w = 3)
Conducting lazy best first search, (real) bound = 26
Best heuristic value: 24/21 [g=0, 1 evaluated, 0 expanded, t=0.07s, 5476 KB]
Best heuristic value: 23/20 [g=1, 2 evaluated, 1 expanded, t=0.07s, 5476 KB]
Best heuristic value: 21/20 [g=2, 3 evaluated, 2 expanded, t=0.07s, 5476 KB]
Best heuristic value: 20/20 [g=3, 4 evaluated, 3 expanded, t=0.07s, 5476 KB]
Best heuristic value: 18/20 [g=4, 6 evaluated, 5 expanded, t=0.07s, 5476 KB]
Best heuristic value: 17/19 [g=5, 7 evaluated, 6 expanded, t=0.07s, 5476 KB]
Best heuristic value: 16/19 [g=6, 8 evaluated, 7 expanded, t=0.07s, 5476 KB]
Best heuristic value: 15/18 [g=7, 9 evaluated, 8 expanded, t=0.07s, 5476 KB]
Best heuristic value: 14/18 [g=8, 10 evaluated, 9 expanded, t=0.07s, 5476 KB]
Best heuristic value: 13/18 [g=9, 11 evaluated, 10 expanded, t=0.07s, 5476 KB]
Best heuristic value: 11/18 [g=10, 13 evaluated, 12 expanded, t=0.07s, 5476 KB]
Best heuristic value: 9/17 [g=11, 15 evaluated, 14 expanded, t=0.07s, 5476 KB]
Best heuristic value: 9/16 [g=12, 16 evaluated, 15 expanded, t=0.07s, 5476 KB]
Best heuristic value: 7/15 [g=13, 17 evaluated, 16 expanded, t=0.07s, 5476 KB]
Best heuristic value: 6/13 [g=14, 99 evaluated, 80 expanded, t=0.08s, 5476 KB]
Best heuristic value: 5/12 [g=15, 100 evaluated, 81 expanded, t=0.08s, 5476 KB]
Best heuristic value: 4/11 [g=16, 101 evaluated, 82 expanded, t=0.08s, 5476 KB]
Best heuristic value: 4/10 [g=17, 102 evaluated, 83 expanded, t=0.08s, 5476 KB]
Best heuristic value: 2/8 [g=18, 103 evaluated, 84 expanded, t=0.08s, 5476 KB]
Best heuristic value: 2/7 [g=19, 104 evaluated, 85 expanded, t=0.08s, 5476 KB]
Best heuristic value: 1/6 [g=21, 173 evaluated, 140 expanded, t=0.08s, 5476 KB]
Best heuristic value: 1/4 [g=22, 174 evaluated, 141 expanded, t=0.08s, 5476 KB]
Best heuristic value: 0/3 [g=23, 175 evaluated, 142 expanded, t=0.08s, 5476 KB]
Best heuristic value: 0/2 [g=24, 176 evaluated, 143 expanded, t=0.08s, 5476 KB]
Best heuristic value: 0/1 [g=25, 177 evaluated, 144 expanded, t=0.08s, 5476 KB]
Completely explored state space -- no solution!
Actual search time: 0.02s [t=0.09s]
Initial state h value: 24/21.
Expanded 199 state(s).
Reopened 0 state(s).
Evaluated 245 state(s).
Evaluations: 490
Generated 340 state(s).
Dead ends: 46 state(s).
Number of registered states: 245
No solution found - keep searching
Starting search: lazy_wastar(list(hff, hlm), preferred = list(hff, hlm), w = 2)
Conducting lazy best first search, (real) bound = 26
Best heuristic value: 24/21 [g=0, 1 evaluated, 0 expanded, t=0.09s, 5476 KB]
Best heuristic value: 23/20 [g=1, 2 evaluated, 1 expanded, t=0.09s, 5476 KB]
Best heuristic value: 21/20 [g=2, 3 evaluated, 2 expanded, t=0.09s, 5476 KB]
Best heuristic value: 20/20 [g=3, 4 evaluated, 3 expanded, t=0.09s, 5476 KB]
Best heuristic value: 18/20 [g=4, 6 evaluated, 5 expanded, t=0.09s, 5476 KB]
Best heuristic value: 17/19 [g=5, 7 evaluated, 6 expanded, t=0.09s, 5476 KB]
Best heuristic value: 16/19 [g=6, 9 evaluated, 8 expanded, t=0.09s, 5476 KB]
Best heuristic value: 15/18 [g=7, 10 evaluated, 9 expanded, t=0.09s, 5476 KB]
Best heuristic value: 14/18 [g=8, 12 evaluated, 11 expanded, t=0.09s, 5476 KB]
Best heuristic value: 13/18 [g=9, 13 evaluated, 12 expanded, t=0.09s, 5476 KB]
Best heuristic value: 11/18 [g=10, 15 evaluated, 14 expanded, t=0.09s, 5476 KB]
Best heuristic value: 9/17 [g=11, 16 evaluated, 15 expanded, t=0.09s, 5476 KB]
Best heuristic value: 9/16 [g=12, 18 evaluated, 17 expanded, t=0.09s, 5476 KB]
Best heuristic value: 7/15 [g=13, 20 evaluated, 19 expanded, t=0.09s, 5476 KB]
Best heuristic value: 6/13 [g=14, 114 evaluated, 95 expanded, t=0.1s, 5476 KB]
Best heuristic value: 5/12 [g=15, 115 evaluated, 96 expanded, t=0.1s, 5476 KB]
Best heuristic value: 4/11 [g=16, 116 evaluated, 97 expanded, t=0.1s, 5476 KB]
Best heuristic value: 4/10 [g=17, 117 evaluated, 98 expanded, t=0.1s, 5476 KB]
Best heuristic value: 2/8 [g=18, 118 evaluated, 99 expanded, t=0.1s, 5476 KB]
Best heuristic value: 2/7 [g=19, 119 evaluated, 100 expanded, t=0.1s, 5476 KB]
Best heuristic value: 1/6 [g=21, 173 evaluated, 140 expanded, t=0.11s, 5476 KB]
Best heuristic value: 1/4 [g=22, 174 evaluated, 141 expanded, t=0.11s, 5476 KB]
Best heuristic value: 0/3 [g=23, 175 evaluated, 142 expanded, t=0.11s, 5476 KB]
Best heuristic value: 0/2 [g=24, 176 evaluated, 143 expanded, t=0.11s, 5476 KB]
Best heuristic value: 0/1 [g=25, 177 evaluated, 144 expanded, t=0.11s, 5476 KB]
Completely explored state space -- no solution!
Actual search time: 0.02s [t=0.11s]
Initial state h value: 24/21.
Expanded 199 state(s).
Reopened 0 state(s).
Evaluated 245 state(s).
Evaluations: 490
Generated 340 state(s).
Dead ends: 46 state(s).
Number of registered states: 245
No solution found - keep searching
Starting search: lazy_wastar(list(hff, hlm), preferred = list(hff, hlm), w = 1)
Conducting lazy best first search, (real) bound = 26
Best heuristic value: 24/21 [g=0, 1 evaluated, 0 expanded, t=0.11s, 5476 KB]
Best heuristic value: 23/20 [g=1, 2 evaluated, 1 expanded, t=0.11s, 5476 KB]
Best heuristic value: 21/20 [g=2, 3 evaluated, 2 expanded, t=0.11s, 5476 KB]
Best heuristic value: 20/20 [g=3, 4 evaluated, 3 expanded, t=0.11s, 5476 KB]
Best heuristic value: 18/20 [g=4, 6 evaluated, 5 expanded, t=0.11s, 5476 KB]
Best heuristic value: 17/19 [g=5, 7 evaluated, 6 expanded, t=0.11s, 5476 KB]
Best heuristic value: 16/19 [g=6, 8 evaluated, 7 expanded, t=0.11s, 5476 KB]
Best heuristic value: 15/18 [g=7, 12 evaluated, 11 expanded, t=0.11s, 5476 KB]
Best heuristic value: 14/18 [g=8, 17 evaluated, 16 expanded, t=0.11s, 5476 KB]
Best heuristic value: 13/18 [g=9, 26 evaluated, 25 expanded, t=0.11s, 5476 KB]
Best heuristic value: 11/18 [g=10, 35 evaluated, 34 expanded, t=0.11s, 5476 KB]
Best heuristic value: 9/17 [g=11, 36 evaluated, 35 expanded, t=0.11s, 5476 KB]
Best heuristic value: 9/16 [g=12, 38 evaluated, 37 expanded, t=0.11s, 5476 KB]
Best heuristic value: 7/15 [g=13, 40 evaluated, 39 expanded, t=0.11s, 5476 KB]
Best heuristic value: 6/13 [g=14, 128 evaluated, 114 expanded, t=0.12s, 5476 KB]
Best heuristic value: 5/12 [g=15, 129 evaluated, 115 expanded, t=0.12s, 5476 KB]
Best heuristic value: 4/11 [g=16, 131 evaluated, 117 expanded, t=0.12s, 5476 KB]
Best heuristic value: 4/10 [g=17, 132 evaluated, 118 expanded, t=0.12s, 5476 KB]
Best heuristic value: 2/8 [g=18, 134 evaluated, 119 expanded, t=0.12s, 5476 KB]
Best heuristic value: 2/7 [g=19, 135 evaluated, 120 expanded, t=0.12s, 5476 KB]
Best heuristic value: 1/6 [g=21, 176 evaluated, 142 expanded, t=0.12s, 5476 KB]
Best heuristic value: 1/4 [g=22, 177 evaluated, 143 expanded, t=0.12s, 5476 KB]
Best heuristic value: 0/3 [g=23, 178 evaluated, 144 expanded, t=0.12s, 5476 KB]
Best heuristic value: 0/2 [g=24, 180 evaluated, 146 expanded, t=0.12s, 5476 KB]
Best heuristic value: 0/1 [g=25, 181 evaluated, 147 expanded, t=0.12s, 5476 KB]
Completely explored state space -- no solution!
Actual search time: 0.02s [t=0.13s]
Initial state h value: 24/21.
Expanded 199 state(s).
Reopened 0 state(s).
Evaluated 245 state(s).
Evaluations: 490
Generated 340 state(s).
Dead ends: 46 state(s).
Number of registered states: 245
No solution found - keep searching
Actual search time: 0.11s [t=0.13s]
Cumulative statistics:
Expanded 1194 state(s).
Reopened 0 state(s).
Evaluated 1470 state(s).
Evaluations: 2940
Generated 2040 state(s).
Dead ends: 0 state(s).
Search time: 0.11s
Total time: 0.13s
Search stopped without finding a solution.
Peak memory: 5476 KB
returncode: 5

Exit codes: [3, 3, 0, 5]
Error: Unexpected exit codes: [3]
Command '['run-portfolio', '/planner/src/driver/portfolios/seq_sat_ds.py']' returned non-zero exit status 3