Straring problem7c with setting 3 at 2023-06-22 12:06:03.456

ff: parsing domain file
domain 'TUSD' defined
 ... done.
ff: parsing problem file
problem 'PROBLEM7' defined
 ... done.


warning: numeric precondition. turning cost-minimizing relaxed plans OFF.

ff: search configuration is weighted A* with weight 5.
Metric is ((1.00*[RF7](COST)) - () + 0.00)
COST MINIMIZATION DONE (WITHOUT cost-minimizing relaxed plans).

advancing to goal distance:   55
                              54
                              51
                              45
                              25
                              20
                              19
                              13
                              12
                              11
                              10
                               9
                               8
                               7
                               6
                               5
                               4
                               2
                               1
                               0

ff: found legal plan as follows
step    0: MOVE-ON-ARRIVAL TRAIN1 V1 T1
        1: MOVE TRAIN1 T1 T2 TRACK1
        2: MOVE TRAIN1 T2 T3 TRACK1
        3: MOVE-ON-ARRIVAL TRAIN2 V1 T4
        4: MOVE TRAIN2 T4 T5 TRACK2
        5: MOVE-ON-ARRIVAL TRAIN4 V1 T4
        6: MOVE-ON-ARRIVAL TRAIN5 V1 T7
        7: MOVE-ON-ARRIVAL TRAIN6 V1 T1
        8: MOVE TRAIN1 T3 T2 TRACK1
        9: MOVE-TO-DEPARTURE TRAIN5 T7 V1
       10: MOVE-TO-DEPARTURE TRAIN4 T4 V1
       11: MOVE TRAIN2 T5 T4 TRACK2
       12: MOVE-BETWEEN-TRACKS TRAIN6 T1 T7 TRACK1 TRACK3
       13: MOVE TRAIN6 T7 T8 TRACK3
       14: MOVE TRAIN2 T4 T5 TRACK2
       15: MOVE-ON-ARRIVAL TRAIN7 V1 T4
       16: MOVE-ON-ARRIVAL TRAIN3 V1 T1
       17: MOVE TRAIN6 T8 T7 TRACK3
       18: MOVE-TO-DEPARTURE TRAIN6 T7 V1
       19: MOVE-BETWEEN-TRACKS TRAIN7 T4 T7 TRACK2 TRACK3
       20: MOVE TRAIN2 T5 T4 TRACK2
       21: MOVE TRAIN7 T7 T8 TRACK3
       22: MOVE-TO-DEPARTURE TRAIN2 T4 V1
       23: MOVE-TO-DEPARTURE TRAIN3 T1 V1
       24: MOVE TRAIN1 T2 T1 TRACK1
       25: MOVE TRAIN7 T8 T7 TRACK3
       26: MOVE-TO-DEPARTURE TRAIN7 T7 V1
       27: MOVE-TO-DEPARTURE TRAIN1 T1 V1
       28: REACH-GOAL
plan cost: 16.000000

time spent:    0.00 seconds instantiating 252 easy, 0 hard action templates
               0.00 seconds reachability analysis, yielding 86 facts and 360 actions
               0.00 seconds creating final representation with 87 relevant facts, 17 relevant fluents
               0.00 seconds computing LNF
               0.00 seconds building connectivity graph
               0.09 seconds searching, evaluating 559 states, to a max depth of 0
               0.09 seconds total time

-e Execution of problem7c with setting 3 stopped at 2023-06-22 12:06:03.558
Total time elapsed = 00:00:00.102000000
