Straring problem8c with setting 3 at 2023-06-20 23:04:50.911

ff: parsing domain file
domain 'TUSD' defined
 ... done.
ff: parsing problem file
problem 'PROBLEM8' defined
 ... done.


warning: numeric precondition. turning cost-minimizing relaxed plans OFF.

ff: search configuration is weighted A* with weight 5.
Metric is ((1.00*[RF8](COST)) - () + 0.00)
COST MINIMIZATION DONE (WITHOUT cost-minimizing relaxed plans).

advancing to goal distance:   59
                              58
                              54
                              49
                              20
                              19
                              15
                              13
                              11
                               9
                               6
                               4
                               2
                               1
                               0

ff: found legal plan as follows
step    0: MOVE-ON-ARRIVAL TRAIN1 V1 T1
        1: MOVE TRAIN1 T1 T2 TRACK1
        2: MOVE-ON-ARRIVAL TRAIN2 V1 T4
        3: MOVE-ON-ARRIVAL TRAIN6 V1 T1
        4: MOVE TRAIN2 T4 T5 TRACK2
        5: MOVE-ON-ARRIVAL TRAIN4 V1 T4
        6: MOVE-ON-ARRIVAL TRAIN5 V1 T7
        7: MOVE TRAIN5 T7 T8 TRACK3
        8: MOVE-ON-ARRIVAL TRAIN7 V1 T7
        9: MOVE-TO-DEPARTURE TRAIN4 T4 V1
       10: MOVE-BETWEEN-TRACKS TRAIN7 T7 T4 TRACK3 TRACK2
       11: MOVE TRAIN5 T8 T7 TRACK3
       12: MOVE-TO-DEPARTURE TRAIN5 T7 V1
       13: MOVE-BETWEEN-TRACKS TRAIN6 T1 T7 TRACK1 TRACK3
       14: MOVE-ON-ARRIVAL TRAIN8 V1 T1
       15: MOVE TRAIN6 T7 T8 TRACK3
       16: MOVE-ON-ARRIVAL TRAIN3 V1 T7
       17: MOVE-TO-DEPARTURE TRAIN7 T4 V1
       18: MOVE TRAIN2 T5 T4 TRACK2
       19: MOVE-TO-DEPARTURE TRAIN3 T7 V1
       20: MOVE TRAIN6 T8 T7 TRACK3
       21: MOVE-TO-DEPARTURE TRAIN2 T4 V1
       22: MOVE-TO-DEPARTURE TRAIN8 T1 V1
       23: MOVE TRAIN1 T2 T1 TRACK1
       24: MOVE-TO-DEPARTURE TRAIN6 T7 V1
       25: MOVE-TO-DEPARTURE TRAIN1 T1 V1
       26: REACH-GOAL
plan cost: 12.000000

time spent:    0.00 seconds instantiating 288 easy, 0 hard action templates
               0.00 seconds reachability analysis, yielding 97 facts and 720 actions
               0.00 seconds creating final representation with 98 relevant facts, 19 relevant fluents
               0.01 seconds computing LNF
               0.00 seconds building connectivity graph
              23.95 seconds searching, evaluating 56937 states, to a max depth of 0
              23.96 seconds total time

-e Execution of problem8c with setting 3 stopped at 2023-06-20 23:05:14.901
Total time elapsed = 00:00:23.990000000
