0 : (move-on-arrival-to-switch train1 v1 t0 t0)
1 : (move-from-switch-to-track train1 t0 t5 t6 track2)
2 : (move-on-arrival-to-switch train2 v2 v1 t0)
3 : (move-from-switch-to-track train2 t0 t3 t4 track1)
4 : (move-on-arrival-to-switch train3 v3 v2 t0)
5 : (move-from-switch-to-track train3 t0 t0 t5 track2)
6 : (move-on-arrival-to-switch train4 v4 v3 t0)
7 : (move-from-switch-to-track train4 t0 t2 t3 track1)
8 : (move-on-arrival-to-switch train5 v5 v4 t0)
9 : (move-from-switch-to-track train5 t0 t1 t2 track1)
10 : (move-on-arrival-to-switch train6 v6 v5 t0)
11 : (move-from-switch-to-track train6 t0 t0 t1 track1)
12 : (move-from-track-to-switch train3 t5 t0 t0 track2)
13 : (move-to-departure train3 t0 v5 v6)
14 : (move-from-track-to-switch train1 t6 t5 t0 track2)
15 : (move-to-departure train1 t0 v4 v5)
16 : (move-from-track-to-switch train6 t1 t0 t0 track1)
17 : (move-to-departure train6 t0 v3 v4)
18 : (move-from-track-to-switch train5 t2 t1 t0 track1)
19 : (move-from-switch-to-track train5 t0 t5 t6 track2)
20 : (move-from-track-to-switch train4 t3 t2 t0 track1)
21 : (move-to-departure train4 t0 v2 v3)
22 : (move-from-track-to-switch train2 t4 t3 t0 track1)
23 : (move-to-departure train2 t0 v1 v2)
24 : (move-from-track-to-switch train5 t6 t5 t0 track2)
25 : (move-to-departure train5 t0 t0 v1)
