Straring problem7c with setting 3 at 2023-06-20 22:33:25.111

ff: parsing domain file
domain 'TUSD' defined
 ... done.
ff: parsing problem file
problem 'PROBLEM7' defined
 ... done.


warning: numeric precondition. turning cost-minimizing relaxed plans OFF.

ff: search configuration is weighted A* with weight 5.
Metric is ((1.00*[RF7](COST)) - () + 0.00)
COST MINIMIZATION DONE (WITHOUT cost-minimizing relaxed plans).

advancing to goal distance:   55
                              54
                              51
                              45
                              25
                              20
                              19
                              13
                              11
                               9
                               8
                               7-e Execution of problem7c with setting 3 stopped at 2023-06-20 23:03:25.143
Total time elapsed = 00:30:00.032000000
