Straring problem9c with setting 3 at 2023-06-20 23:35:14.932

ff: parsing domain file
domain 'TUSD' defined
 ... done.
ff: parsing problem file
problem 'PROBLEM9' defined
 ... done.


warning: numeric precondition. turning cost-minimizing relaxed plans OFF.

ff: search configuration is weighted A* with weight 5.
Metric is ((1.00*[RF9](COST)) - () + 0.00)
COST MINIMIZATION DONE (WITHOUT cost-minimizing relaxed plans).

advancing to goal distance:   62
                              30
                              26
                              25
                              24
                              23
                              22
                              21
                              20-e Execution of problem9c with setting 3 stopped at 2023-06-21 00:05:14.954
Total time elapsed = 00:30:00.022000000
