0 : (move-on-arrival train1 v1 t0)
1 : (move-on-arrival train2 v2 v1)
2 : (move-to-track train1 t0 t4 track2)
3 : (move-along-track train1 t4 t5 track2)
4 : (move-on-arrival train2 v1 t0)
5 : (move-on-arrival train3 v3 v2)
6 : (move-along-track train1 t5 t4 track2)
7 : (move-on-arrival train3 v2 v1)
8 : (move-on-arrival train4 v4 v3)
9 : (move-to-track train2 t0 t1 track1)
10 : (move-on-arrival train4 v3 v2)
11 : (move-on-arrival train5 v5 v4)
12 : (switch-track train2 t1 t0 t8 track1 track2)
13 : (move-on-arrival train3 v1 t0)
14 : (move-along-track train1 t4 t5 track2)
15 : (move-along-track train2 t8 t7 track2)
16 : (move-on-arrival train4 v2 v1)
17 : (move-on-arrival train5 v4 v3)
18 : (move-on-arrival train6 v6 v5)
19 : (move-to-track train3 t0 t1 track1)
20 : (move-along-track train2 t7 t8 track2)
21 : (move-on-arrival train4 v1 t0)
22 : (move-on-arrival train5 v3 v2)
23 : (move-on-arrival train6 v5 v4)
24 : (move-along-track train3 t1 t2 track1)
25 : (move-on-arrival train5 v2 v1)
26 : (move-on-arrival train6 v4 v3)
27 : (move-to-track train4 t0 t4 track2)
28 : (move-along-track train2 t8 t7 track2)
29 : (move-along-track train3 t2 t1 track1)
30 : (move-on-arrival train5 v1 t0)
31 : (move-on-arrival train6 v3 v2)
32 : (move-along-track train2 t7 t6 track2)
33 : (move-along-track train3 t1 t2 track1)
34 : (move-on-arrival train6 v2 v1)
35 : (move-to-track train5 t0 t8 track2)
36 : (move-along-track train3 t2 t3 track1)
37 : (move-along-track train5 t8 t7 track2)
38 : (switch-track train4 t4 t0 t1 track2 track1)
39 : (move-on-arrival train6 v1 t0)
40 : (move-along-track train3 t3 t2 track1)
41 : (move-to-track train6 t0 t8 track2)
42 : (move-along-track train3 t2 t3 track1)
43 : (move-from-track-to-departure train4 t1 t0 track1)
44 : (move-along-track train1 t5 t4 track2)
45 : (move-along-track train3 t3 t2 track1)
46 : (move-to-departure train4 t0 v1)
47 : (move-along-track train2 t6 t5 track2)
48 : (move-along-track train3 t2 t3 track1)
49 : (move-from-track-to-departure train1 t4 t0 track2)
50 : (move-to-departure train4 v1 v2)
51 : (move-along-track train2 t5 t4 track2)
52 : (move-along-track train3 t3 t2 track1)
53 : (move-along-track train5 t7 t6 track2)
54 : (move-to-departure train1 t0 v1)
55 : (move-to-departure train4 v2 v3)
56 : (move-along-track train3 t2 t3 track1)
57 : (move-along-track train5 t6 t5 track2)
58 : (move-along-track train6 t8 t7 track2)
59 : (move-from-track-to-departure train2 t4 t0 track2)
60 : (move-to-departure train1 v1 v2)
61 : (move-to-departure train4 v3 v4)
62 : (move-along-track train5 t5 t4 track2)
63 : (move-along-track train6 t7 t8 track2)
64 : (move-to-departure train1 v2 v3)
65 : (move-to-departure train2 t0 v1)
66 : (move-to-departure train4 v4 v5)
67 : (move-along-track train5 t4 t5 track2)
68 : (move-from-track-to-departure train6 t8 t0 track2)
69 : (move-to-departure train1 v3 v4)
70 : (move-to-departure train2 v1 v2)
71 : (move-to-departure train4 v5 v6)
72 : (move-along-track train3 t3 t2 track1)
73 : (move-along-track train5 t5 t4 track2)
74 : (move-to-departure train1 v4 v5)
75 : (move-to-departure train2 v2 v3)
76 : (move-to-departure train6 t0 v1)
77 : (move-along-track train3 t2 t1 track1)
78 : (move-from-track-to-departure train5 t4 t0 track2)
79 : (move-to-departure train2 v3 v4)
80 : (move-to-departure train6 v1 v2)
81 : (move-to-departure train5 t0 v1)
82 : (move-to-departure train6 v2 v3)
83 : (move-from-track-to-departure train3 t1 t0 track1)
84 : (move-to-departure train5 v1 v2)
85 : (move-to-departure train3 t0 v1)
