0 : (move-on-arrival train1 v1 t0)
1 : (move-on-arrival train2 v2 v1)
2 : (move-to-track train1 t0 t10 track1)
3 : (move-on-arrival train3 v3 v2)
4 : (switch-track train1 t10 t0 t1 track1 track1)
5 : (move-on-arrival train2 v1 t0)
6 : (move-on-arrival train3 v2 v1)
7 : (move-on-arrival train4 v4 v3)
8 : (move-to-track train2 t0 t10 track1)
9 : (move-along-track train1 t1 t2 track1)
10 : (move-along-track train2 t10 t9 track1)
11 : (move-on-arrival train3 v1 t0)
12 : (move-on-arrival train4 v3 v2)
13 : (move-on-arrival train5 v5 v4)
14 : (move-along-track train1 t2 t3 track1)
15 : (move-along-track train2 t9 t8 track1)
16 : (move-on-arrival train4 v2 v1)
17 : (move-on-arrival train5 v4 v3)
18 : (move-on-arrival train6 v6 v5)
19 : (move-to-track train3 t0 t1 track1)
20 : (move-along-track train1 t3 t4 track1)
21 : (move-along-track train2 t8 t7 track1)
22 : (move-on-arrival train5 v3 v2)
23 : (move-on-arrival train6 v5 v4)
24 : (move-on-arrival train7 v7 v6)
25 : (switch-track train3 t1 t0 t10 track1 track1)
26 : (move-on-arrival train4 v1 t0)
27 : (move-along-track train1 t4 t3 track1)
28 : (move-along-track train2 t7 t6 track1)
29 : (move-along-track train3 t10 t9 track1)
30 : (move-on-arrival train5 v2 v1)
31 : (move-on-arrival train6 v4 v3)
32 : (move-on-arrival train7 v6 v5)
33 : (move-on-arrival train8 v8 v7)
34 : (move-to-track train4 t0 t1 track1)
35 : (move-along-track train1 t3 t2 track1)
36 : (move-along-track train3 t9 t8 track1)
37 : (move-on-arrival train6 v3 v2)
38 : (move-on-arrival train7 v5 v4)
39 : (move-on-arrival train8 v7 v6)
40 : (move-on-arrival train9 v9 v8)
41 : (switch-track train4 t1 t0 t10 track1 track1)
42 : (move-on-arrival train5 v1 t0)
43 : (move-along-track train1 t2 t3 track1)
44 : (move-along-track train2 t6 t7 track1)
45 : (move-along-track train4 t10 t9 track1)
46 : (move-on-arrival train10 v10 v9)
47 : (move-on-arrival train6 v2 v1)
48 : (move-on-arrival train7 v4 v3)
49 : (move-on-arrival train8 v6 v5)
50 : (move-on-arrival train9 v8 v7)
51 : (move-to-track train5 t0 t1 track1)
52 : (move-along-track train1 t3 t4 track1)
53 : (move-along-track train2 t7 t6 track1)
54 : (move-on-arrival train10 v9 v8)
55 : (move-on-arrival train7 v3 v2)
56 : (move-on-arrival train8 v5 v4)
57 : (move-on-arrival train9 v7 v6)
58 : (switch-track train5 t1 t0 t10 track1 track1)
59 : (move-on-arrival train6 v1 t0)
60 : (move-along-track train1 t4 t5 track1)
61 : (move-along-track train2 t6 t7 track1)
62 : (move-on-arrival train10 v8 v7)
63 : (move-on-arrival train7 v2 v1)
64 : (move-on-arrival train8 v4 v3)
65 : (move-on-arrival train9 v6 v5)
66 : (move-to-track train6 t0 t1 track1)
67 : (move-along-track train1 t5 t4 track1)
68 : (move-along-track train6 t1 t2 track1)
69 : (move-on-arrival train10 v7 v6)
70 : (move-on-arrival train7 v1 t0)
71 : (move-on-arrival train8 v3 v2)
72 : (move-on-arrival train9 v5 v4)
73 : (move-along-track train1 t4 t5 track1)
74 : (move-along-track train6 t2 t3 track1)
75 : (move-on-arrival train10 v6 v5)
76 : (move-on-arrival train8 v2 v1)
77 : (move-on-arrival train9 v4 v3)
78 : (move-to-track train7 t0 t1 track1)
79 : (move-along-track train1 t5 t6 track1)
80 : (move-along-track train6 t3 t4 track1)
81 : (move-along-track train7 t1 t2 track1)
82 : (move-on-arrival train10 v5 v4)
83 : (move-on-arrival train8 v1 t0)
84 : (move-on-arrival train9 v3 v2)
85 : (move-along-track train6 t4 t5 track1)
86 : (move-along-track train7 t2 t3 track1)
87 : (move-on-arrival train10 v4 v3)
88 : (move-on-arrival train9 v2 v1)
89 : (move-to-track train8 t0 t1 track1)
90 : (move-along-track train7 t3 t4 track1)
91 : (move-along-track train8 t1 t2 track1)
92 : (move-on-arrival train10 v3 v2)
93 : (move-on-arrival train9 v1 t0)
94 : (move-along-track train8 t2 t3 track1)
95 : (move-on-arrival train10 v2 v1)
96 : (move-to-track train9 t0 t1 track1)
97 : (move-along-track train9 t1 t2 track1)
98 : (move-on-arrival train10 v1 t0)
99 : (move-to-track train10 t0 t1 track1)
100 : (move-from-track-to-departure train5 t10 t0 track1)
101 : (move-along-track train4 t9 t10 track1)
102 : (move-to-departure train5 t0 v1)
103 : (move-along-track train3 t8 t9 track1)
104 : (move-from-track-to-departure train4 t10 t0 track1)
105 : (move-to-departure train5 v1 v2)
106 : (move-along-track train2 t7 t8 track1)
107 : (move-along-track train3 t9 t10 track1)
108 : (move-to-departure train4 t0 v1)
109 : (move-to-departure train5 v2 v3)
110 : (move-along-track train1 t6 t7 track1)
111 : (move-along-track train2 t8 t9 track1)
112 : (move-from-track-to-departure train3 t10 t0 track1)
113 : (move-to-departure train4 v1 v2)
114 : (move-to-departure train5 v3 v4)
115 : (move-along-track train1 t7 t8 track1)
116 : (move-along-track train2 t9 t10 track1)
117 : (move-along-track train6 t5 t6 track1)
118 : (move-to-departure train3 t0 v1)
119 : (move-to-departure train4 v2 v3)
120 : (move-to-departure train5 v4 v5)
121 : (move-along-track train1 t8 t9 track1)
122 : (move-along-track train6 t6 t7 track1)
123 : (move-from-track-to-departure train2 t10 t0 track1)
124 : (move-to-departure train3 v1 v2)
125 : (move-to-departure train4 v3 v4)
126 : (move-to-departure train5 v5 v6)
127 : (move-along-track train1 t9 t10 track1)
128 : (move-along-track train6 t7 t8 track1)
129 : (move-along-track train7 t4 t5 track1)
130 : (move-to-departure train2 t0 v1)
131 : (move-to-departure train3 v2 v3)
132 : (move-to-departure train4 v4 v5)
133 : (move-to-departure train5 v6 v7)
134 : (move-along-track train6 t8 t9 track1)
135 : (move-along-track train7 t5 t4 track1)
136 : (move-from-track-to-departure train1 t10 t0 track1)
137 : (move-to-departure train2 v1 v2)
138 : (move-to-departure train3 v3 v4)
139 : (move-to-departure train4 v5 v6)
140 : (move-to-departure train5 v7 v8)
141 : (move-along-track train6 t9 t10 track1)
142 : (move-along-track train7 t4 t5 track1)
143 : (move-to-departure train1 t0 v1)
144 : (move-to-departure train2 v2 v3)
145 : (move-to-departure train3 v4 v5)
146 : (move-to-departure train4 v6 v7)
147 : (move-to-departure train5 v8 v9)
148 : (move-along-track train6 t10 t9 track1)
149 : (move-along-track train7 t5 t6 track1)
150 : (move-along-track train8 t3 t4 track1)
151 : (move-from-track-to-departure train10 t1 t0 track1)
152 : (move-to-departure train1 v1 v2)
153 : (move-to-departure train2 v3 v4)
154 : (move-to-departure train3 v5 v6)
155 : (move-to-departure train4 v7 v8)
156 : (move-to-departure train5 v9 v10)
157 : (move-along-track train6 t9 t10 track1)
158 : (move-along-track train7 t6 t5 track1)
159 : (move-along-track train8 t4 t3 track1)
160 : (move-along-track train9 t2 t1 track1)
161 : (move-to-departure train1 v2 v3)
162 : (move-to-departure train10 t0 v1)
163 : (move-to-departure train2 v4 v5)
164 : (move-to-departure train3 v6 v7)
165 : (move-to-departure train4 v8 v9)
166 : (move-along-track train6 t10 t9 track1)
167 : (move-along-track train7 t5 t4 track1)
168 : (move-along-track train8 t3 t2 track1)
169 : (move-from-track-to-departure train9 t1 t0 track1)
170 : (move-to-departure train1 v3 v4)
171 : (move-to-departure train10 v1 v2)
172 : (move-to-departure train2 v5 v6)
173 : (move-to-departure train3 v7 v8)
174 : (move-along-track train6 t9 t10 track1)
175 : (move-along-track train7 t4 t3 track1)
176 : (move-along-track train8 t2 t1 track1)
177 : (move-to-departure train1 v4 v5)
178 : (move-to-departure train10 v2 v3)
179 : (move-to-departure train2 v6 v7)
180 : (move-to-departure train9 t0 v1)
181 : (move-along-track train7 t3 t2 track1)
182 : (move-from-track-to-departure train8 t1 t0 track1)
183 : (move-to-departure train1 v5 v6)
184 : (move-to-departure train10 v3 v4)
185 : (move-to-departure train9 v1 v2)
186 : (move-along-track train6 t10 t9 track1)
187 : (move-along-track train7 t2 t1 track1)
188 : (move-to-departure train10 v4 v5)
189 : (move-to-departure train8 t0 v1)
190 : (move-to-departure train9 v2 v3)
191 : (move-along-track train6 t9 t10 track1)
192 : (move-from-track-to-departure train7 t1 t0 track1)
193 : (move-to-departure train8 v1 v2)
194 : (move-to-departure train9 v3 v4)
195 : (move-to-departure train7 t0 v1)
196 : (move-to-departure train8 v2 v3)
197 : (move-from-track-to-departure train6 t10 t0 track1)
198 : (move-to-departure train7 v1 v2)
199 : (move-to-departure train6 t0 v1)
