0 : (move-on-arrival train1 v1 t0)
1 : (move-on-arrival train2 v2 v1)
2 : (move-to-track train1 t0 t6 track1)
3 : (move-on-arrival train3 v3 v2)
4 : (switch-track train1 t6 t0 t10 track1 track3)
5 : (move-on-arrival train2 v1 t0)
6 : (move-on-arrival train3 v2 v1)
7 : (move-on-arrival train4 v4 v3)
8 : (move-to-track train2 t0 t7 track2)
9 : (move-on-arrival train4 v3 v2)
10 : (move-on-arrival train5 v5 v4)
11 : (switch-track train1 t10 t0 t1 track3 track1)
12 : (switch-track train2 t7 t0 t6 track2 track1)
13 : (move-on-arrival train3 v1 t0)
14 : (move-along-track train1 t1 t2 track1)
15 : (move-along-track train2 t6 t5 track1)
16 : (move-on-arrival train4 v2 v1)
17 : (move-on-arrival train5 v4 v3)
18 : (move-on-arrival train6 v6 v5)
19 : (move-to-track train3 t0 t10 track3)
20 : (move-along-track train2 t5 t4 track1)
21 : (move-on-arrival train5 v3 v2)
22 : (move-on-arrival train6 v5 v4)
23 : (move-on-arrival train7 v7 v6)
24 : (switch-track train3 t10 t0 t1 track3 track1)
25 : (move-on-arrival train4 v1 t0)
26 : (move-along-track train2 t4 t5 track1)
27 : (move-on-arrival train5 v2 v1)
28 : (move-on-arrival train6 v4 v3)
29 : (move-on-arrival train7 v6 v5)
30 : (move-on-arrival train8 v8 v7)
31 : (move-to-track train4 t0 t10 track3)
32 : (move-along-track train1 t2 t3 track1)
33 : (move-along-track train4 t10 t11 track3)
34 : (move-on-arrival train5 v1 t0)
35 : (move-on-arrival train6 v3 v2)
36 : (move-on-arrival train7 v5 v4)
37 : (move-on-arrival train8 v7 v6)
38 : (move-on-arrival train9 v9 v8)
39 : (move-along-track train2 t5 t4 track1)
40 : (move-along-track train4 t11 t10 track3)
41 : (move-on-arrival train10 v10 v9)
42 : (move-on-arrival train6 v2 v1)
43 : (move-on-arrival train7 v4 v3)
44 : (move-on-arrival train8 v6 v5)
45 : (move-on-arrival train9 v8 v7)
46 : (move-to-track train5 t0 t7 track2)
47 : (move-along-track train5 t7 t8 track2)
48 : (move-on-arrival train10 v9 v8)
49 : (move-on-arrival train7 v3 v2)
50 : (move-on-arrival train8 v5 v4)
51 : (move-on-arrival train9 v7 v6)
52 : (switch-track train3 t1 t0 t6 track1 track1)
53 : (move-on-arrival train6 v1 t0)
54 : (move-along-track train1 t3 t2 track1)
55 : (move-along-track train3 t6 t5 track1)
56 : (move-along-track train5 t8 t7 track2)
57 : (move-on-arrival train10 v8 v7)
58 : (move-on-arrival train7 v2 v1)
59 : (move-on-arrival train8 v4 v3)
60 : (move-on-arrival train9 v6 v5)
61 : (move-to-track train6 t0 t1 track1)
62 : (move-along-track train1 t2 t3 track1)
63 : (move-on-arrival train10 v7 v6)
64 : (move-on-arrival train8 v3 v2)
65 : (move-on-arrival train9 v5 v4)
66 : (switch-track train5 t7 t0 t6 track2 track1)
67 : (move-on-arrival train7 v1 t0)
68 : (move-along-track train4 t10 t11 track3)
69 : (move-along-track train6 t1 t2 track1)
70 : (move-on-arrival train10 v6 v5)
71 : (move-on-arrival train8 v2 v1)
72 : (move-on-arrival train9 v4 v3)
73 : (move-to-track train7 t0 t7 track2)
74 : (move-along-track train7 t7 t8 track2)
75 : (move-on-arrival train10 v5 v4)
76 : (move-on-arrival train9 v3 v2)
77 : (switch-track train5 t6 t0 t1 track1 track1)
78 : (move-on-arrival train8 v1 t0)
79 : (move-on-arrival train10 v4 v3)
80 : (move-on-arrival train9 v2 v1)
81 : (move-to-track train8 t0 t6 track1)
82 : (move-along-track train7 t8 t9 track2)
83 : (move-on-arrival train10 v3 v2)
84 : (switch-track train5 t1 t0 t10 track1 track3)
85 : (switch-track train8 t6 t0 t7 track1 track2)
86 : (move-on-arrival train9 v1 t0)
87 : (move-along-track train4 t11 t12 track3)
88 : (move-along-track train6 t2 t1 track1)
89 : (move-along-track train8 t7 t8 track2)
90 : (move-on-arrival train10 v2 v1)
91 : (move-to-track train9 t0 t6 track1)
92 : (move-along-track train5 t10 t11 track3)
93 : (move-along-track train6 t1 t2 track1)
94 : (switch-track train9 t6 t0 t7 track1 track2)
95 : (move-on-arrival train10 v1 t0)
96 : (move-along-track train5 t11 t10 track3)
97 : (move-to-track train10 t0 t1 track1)
98 : (move-along-track train4 t12 t11 track3)
99 : (move-from-track-to-departure train5 t10 t0 track3)
100 : (move-along-track train4 t11 t10 track3)
101 : (move-to-departure train5 t0 v1)
102 : (move-along-track train3 t5 t6 track1)
103 : (move-from-track-to-departure train4 t10 t0 track3)
104 : (move-to-departure train5 v1 v2)
105 : (move-along-track train2 t4 t5 track1)
106 : (move-to-departure train4 t0 v1)
107 : (move-to-departure train5 v2 v3)
108 : (move-along-track train1 t3 t4 track1)
109 : (move-from-track-to-departure train3 t6 t0 track1)
110 : (move-to-departure train4 v1 v2)
111 : (move-to-departure train5 v3 v4)
112 : (move-along-track train2 t5 t6 track1)
113 : (move-along-track train6 t2 t3 track1)
114 : (move-to-departure train3 t0 v1)
115 : (move-to-departure train4 v2 v3)
116 : (move-to-departure train5 v4 v5)
117 : (move-along-track train1 t4 t5 track1)
118 : (move-along-track train10 t1 t2 track1)
119 : (move-from-track-to-departure train2 t6 t0 track1)
120 : (move-to-departure train3 v1 v2)
121 : (move-to-departure train4 v3 v4)
122 : (move-to-departure train5 v5 v6)
123 : (move-along-track train1 t5 t6 track1)
124 : (move-along-track train6 t3 t4 track1)
125 : (move-to-departure train2 t0 v1)
126 : (move-to-departure train3 v2 v3)
127 : (move-to-departure train4 v4 v5)
128 : (move-to-departure train5 v6 v7)
129 : (move-along-track train6 t4 t5 track1)
130 : (move-from-track-to-departure train1 t6 t0 track1)
131 : (move-to-departure train2 v1 v2)
132 : (move-to-departure train3 v3 v4)
133 : (move-to-departure train4 v5 v6)
134 : (move-to-departure train5 v7 v8)
135 : (move-along-track train10 t2 t1 track1)
136 : (move-to-departure train1 t0 v1)
137 : (move-to-departure train2 v2 v3)
138 : (move-to-departure train3 v4 v5)
139 : (move-to-departure train4 v6 v7)
140 : (move-to-departure train5 v8 v9)
141 : (move-along-track train6 t5 t4 track1)
142 : (move-from-track-to-departure train10 t1 t0 track1)
143 : (move-to-departure train1 v1 v2)
144 : (move-to-departure train2 v3 v4)
145 : (move-to-departure train3 v5 v6)
146 : (move-to-departure train4 v7 v8)
147 : (move-to-departure train5 v9 v10)
148 : (move-along-track train6 t4 t5 track1)
149 : (move-to-departure train1 v2 v3)
150 : (move-to-departure train10 t0 v1)
151 : (move-to-departure train2 v4 v5)
152 : (move-to-departure train3 v6 v7)
153 : (move-to-departure train4 v8 v9)
154 : (move-along-track train6 t5 t4 track1)
155 : (move-from-track-to-departure train9 t7 t0 track2)
156 : (move-to-departure train1 v3 v4)
157 : (move-to-departure train10 v1 v2)
158 : (move-to-departure train2 v5 v6)
159 : (move-to-departure train3 v7 v8)
160 : (move-along-track train6 t4 t3 track1)
161 : (move-along-track train8 t8 t7 track2)
162 : (move-to-departure train1 v4 v5)
163 : (move-to-departure train10 v2 v3)
164 : (move-to-departure train2 v6 v7)
165 : (move-to-departure train9 t0 v1)
166 : (move-along-track train6 t3 t4 track1)
167 : (move-along-track train7 t9 t8 track2)
168 : (move-from-track-to-departure train8 t7 t0 track2)
169 : (move-to-departure train1 v5 v6)
170 : (move-to-departure train10 v3 v4)
171 : (move-to-departure train9 v1 v2)
172 : (move-along-track train7 t8 t7 track2)
173 : (move-to-departure train10 v4 v5)
174 : (move-to-departure train8 t0 v1)
175 : (move-to-departure train9 v2 v3)
176 : (move-along-track train6 t4 t5 track1)
177 : (move-from-track-to-departure train7 t7 t0 track2)
178 : (move-to-departure train8 v1 v2)
179 : (move-to-departure train9 v3 v4)
180 : (move-along-track train6 t5 t6 track1)
181 : (move-to-departure train7 t0 v1)
182 : (move-to-departure train8 v2 v3)
183 : (move-from-track-to-departure train6 t6 t0 track1)
184 : (move-to-departure train7 v1 v2)
185 : (move-to-departure train6 t0 v1)
