0 : (move-on-arrival train1 v1 t0)
1 : (move-on-arrival train2 v2 v1)
2 : (move-to-track train1 t0 t4 track2)
3 : (move-along-track train1 t4 t5 track2)
4 : (move-on-arrival train2 v1 t0)
5 : (move-on-arrival train3 v3 v2)
6 : (move-to-track train2 t0 t1 track1)
7 : (move-along-track train2 t1 t2 track1)
8 : (move-on-arrival train4 v4 t0)
9 : (move-along-track train1 t5 t6 track2)
10 : (move-on-arrival train5 v5 v4)
11 : (move-to-track train4 t0 t4 track2)
12 : (move-along-track train2 t2 t1 track1)
13 : (move-along-track train4 t4 t5 track2)
14 : (move-on-arrival train3 v2 v1)
15 : (move-on-arrival train5 v4 t0)
16 : (move-along-track train2 t1 t2 track1)
17 : (move-to-track train5 t0 t4 track2)
18 : (switch-track train5 t4 t0 t1 track2 track1)
19 : (move-on-arrival train3 v1 t0)
20 : (move-along-track train2 t2 t3 track1)
21 : (move-to-track train3 t0 t4 track2)
22 : (move-from-track-to-departure train5 t1 t0 track1)
23 : (move-along-track train2 t3 t2 track1)
24 : (move-to-departure train5 t0 v1)
25 : (move-from-track-to-departure train3 t4 t0 track2)
26 : (move-to-departure train5 v1 v2)
27 : (move-along-track train4 t5 t4 track2)
28 : (move-to-departure train3 t0 v1)
29 : (move-to-departure train5 v2 v3)
30 : (move-along-track train1 t6 t5 track2)
31 : (move-along-track train2 t2 t1 track1)
32 : (move-from-track-to-departure train4 t4 t0 track2)
33 : (move-to-departure train3 v1 v2)
34 : (move-along-track train1 t5 t4 track2)
35 : (move-to-departure train4 t0 v1)
36 : (move-from-track-to-departure train1 t4 t0 track2)
37 : (move-to-departure train1 t0 v4)
38 : (move-from-track-to-departure train2 t1 t0 track1)
39 : (move-to-departure train1 v4 v5)
40 : (move-to-departure train2 t0 v4)
