0 : (move-on-arrival train1 v1 t0)
1 : (move-on-arrival train2 v2 v1)
2 : (move-to-track train1 t0 t1 track1)
3 : (move-along-track train1 t1 t2 track1)
4 : (move-on-arrival train2 v1 t0)
5 : (move-on-arrival train3 v3 v2)
6 : (move-on-arrival train3 v2 v1)
7 : (move-on-arrival train4 v4 v3)
8 : (move-to-track train2 t0 t4 track2)
9 : (move-along-track train2 t4 t5 track2)
10 : (move-on-arrival train3 v1 t0)
11 : (move-on-arrival train4 v3 v2)
12 : (move-on-arrival train5 v5 v4)
13 : (move-along-track train1 t2 t1 track1)
14 : (move-on-arrival train4 v2 v1)
15 : (move-on-arrival train5 v4 v3)
16 : (move-to-track train3 t0 t3 track1)
17 : (move-along-track train3 t3 t2 track1)
18 : (move-on-arrival train5 v3 v2)
19 : (switch-track train1 t1 t0 t4 track1 track2)
20 : (move-on-arrival train4 v1 t0)
21 : (move-along-track train3 t2 t1 track1)
22 : (move-on-arrival train5 v2 v1)
23 : (move-to-track train4 t0 t3 track1)
24 : (move-along-track train4 t3 t2 track1)
25 : (move-on-arrival train5 v1 t0)
26 : (move-to-track train5 t0 t3 track1)
27 : (move-from-track-to-departure train1 t4 t0 track2)
28 : (move-to-departure train1 t0 v1)
29 : (move-from-track-to-departure train3 t1 t0 track1)
30 : (move-to-departure train1 v1 v2)
31 : (move-along-track train2 t5 t4 track2)
32 : (move-along-track train4 t2 t1 track1)
33 : (move-to-departure train1 v2 v3)
34 : (move-to-departure train3 t0 v1)
35 : (move-from-track-to-departure train2 t4 t0 track2)
36 : (move-to-departure train1 v3 v4)
37 : (move-to-departure train3 v1 v2)
38 : (move-along-track train5 t3 t2 track1)
39 : (move-to-departure train1 v4 v5)
40 : (move-to-departure train2 t0 v1)
41 : (move-to-departure train3 v2 v3)
42 : (move-along-track train5 t2 t3 track1)
43 : (move-from-track-to-departure train4 t1 t0 track1)
44 : (move-to-departure train2 v1 v2)
45 : (move-to-departure train3 v3 v4)
46 : (move-to-departure train2 v2 v3)
47 : (move-to-departure train4 t0 v1)
48 : (move-from-track-to-departure train5 t3 t0 track1)
49 : (move-to-departure train4 v1 v2)
50 : (move-to-departure train5 t0 v1)
