0 : (move-on-arrival train1 v1 t0)
1 : (move-on-arrival train2 v2 v1)
2 : (move-to-track train1 t0 t5 track1)
3 : (move-on-arrival train3 v3 v2)
4 : (switch-track train1 t5 t0 t1 track1 track1)
5 : (move-on-arrival train2 v1 t0)
6 : (move-along-track train1 t1 t2 track1)
7 : (move-on-arrival train3 v2 v1)
8 : (move-on-arrival train4 v4 v3)
9 : (move-to-track train2 t0 t5 track1)
10 : (move-along-track train1 t2 t3 track1)
11 : (move-along-track train2 t5 t4 track1)
12 : (move-on-arrival train3 v1 t0)
13 : (move-on-arrival train4 v3 v2)
14 : (move-on-arrival train5 v5 v4)
15 : (move-along-track train2 t4 t5 track1)
16 : (move-on-arrival train4 v2 v1)
17 : (move-on-arrival train5 v4 v3)
18 : (move-to-track train3 t0 t1 track1)
19 : (move-along-track train1 t3 t4 track1)
20 : (move-along-track train3 t1 t2 track1)
21 : (move-on-arrival train4 v1 t0)
22 : (move-on-arrival train5 v3 v2)
23 : (move-along-track train3 t2 t3 track1)
24 : (move-on-arrival train5 v2 v1)
25 : (move-to-track train4 t0 t1 track1)
26 : (move-along-track train4 t1 t2 track1)
27 : (move-on-arrival train5 v1 t0)
28 : (move-to-track train5 t0 t1 track1)
29 : (move-from-track-to-departure train2 t5 t0 track1)
30 : (move-along-track train1 t4 t5 track1)
31 : (move-to-departure train2 t0 v1)
32 : (move-along-track train3 t3 t4 track1)
33 : (move-from-track-to-departure train1 t5 t0 track1)
34 : (move-to-departure train2 v1 v2)
35 : (move-along-track train3 t4 t5 track1)
36 : (move-along-track train4 t2 t3 track1)
37 : (move-to-departure train1 t0 v1)
38 : (move-along-track train4 t3 t4 track1)
39 : (move-along-track train5 t1 t2 track1)
40 : (move-from-track-to-departure train3 t5 t0 track1)
41 : (move-along-track train4 t4 t5 track1)
42 : (move-along-track train5 t2 t3 track1)
43 : (move-to-departure train2 v2 v3)
44 : (move-to-track train3 t0 t1 track1)
45 : (move-along-track train3 t1 t2 track1)
46 : (move-from-track-to-departure train4 t5 t0 track1)
47 : (move-to-departure train1 v1 v2)
48 : (move-to-departure train2 v3 v4)
49 : (move-along-track train3 t2 t1 track1)
50 : (move-along-track train5 t3 t4 track1)
51 : (move-to-departure train1 v2 v3)
52 : (move-to-departure train2 v4 v5)
53 : (move-to-departure train4 t0 v1)
54 : (move-from-track-to-departure train3 t1 t0 track1)
55 : (move-to-departure train1 v3 v4)
56 : (move-to-departure train4 v1 v2)
57 : (move-along-track train5 t4 t5 track1)
58 : (move-to-departure train3 t0 v1)
59 : (move-to-departure train4 v2 v3)
60 : (move-from-track-to-departure train5 t5 t0 track1)
61 : (move-to-departure train3 v1 v2)
62 : (move-to-departure train5 t0 v1)
