0 : (move-on-arrival train1 v1 t0)
1 : (move-on-arrival train2 v2 v1)
2 : (move-to-track train1 t0 t7 track3)
3 : (move-on-arrival train3 v3 v2)
4 : (switch-track train1 t7 t0 t1 track3 track1)
5 : (move-on-arrival train2 v1 t0)
6 : (move-on-arrival train3 v2 v1)
7 : (move-on-arrival train4 v4 v3)
8 : (move-to-track train2 t0 t4 track2)
9 : (move-on-arrival train4 v3 v2)
10 : (move-on-arrival train5 v5 v4)
11 : (switch-track train1 t1 t0 t7 track1 track3)
12 : (move-on-arrival train3 v1 t0)
13 : (move-along-track train2 t4 t5 track2)
14 : (move-on-arrival train4 v2 v1)
15 : (move-on-arrival train5 v4 v3)
16 : (move-on-arrival train6 v6 v5)
17 : (move-to-track train3 t0 t10 track4)
18 : (move-along-track train1 t7 t8 track3)
19 : (move-along-track train2 t5 t6 track2)
20 : (move-on-arrival train5 v3 v2)
21 : (move-on-arrival train6 v5 v4)
22 : (move-on-arrival train7 v7 v6)
23 : (switch-track train3 t10 t0 t4 track4 track2)
24 : (move-on-arrival train4 v1 t0)
25 : (move-along-track train3 t4 t5 track2)
26 : (move-on-arrival train5 v2 v1)
27 : (move-on-arrival train6 v4 v3)
28 : (move-on-arrival train7 v6 v5)
29 : (move-on-arrival train8 v8 v7)
30 : (move-to-track train4 t0 t10 track4)
31 : (move-along-track train1 t8 t7 track3)
32 : (move-on-arrival train5 v1 t0)
33 : (move-on-arrival train6 v3 v2)
34 : (move-on-arrival train7 v5 v4)
35 : (move-on-arrival train8 v7 v6)
36 : (move-on-arrival train9 v9 v8)
37 : (move-along-track train4 t10 t11 track4)
38 : (move-on-arrival train10 v10 v9)
39 : (move-on-arrival train6 v2 v1)
40 : (move-on-arrival train7 v4 v3)
41 : (move-on-arrival train8 v6 v5)
42 : (move-on-arrival train9 v8 v7)
43 : (move-to-track train5 t0 t4 track2)
44 : (move-on-arrival train10 v9 v8)
45 : (move-on-arrival train7 v3 v2)
46 : (move-on-arrival train8 v5 v4)
47 : (move-on-arrival train9 v7 v6)
48 : (switch-track train1 t7 t0 t10 track3 track4)
49 : (move-on-arrival train6 v1 t0)
50 : (move-on-arrival train10 v8 v7)
51 : (move-on-arrival train7 v2 v1)
52 : (move-on-arrival train8 v4 v3)
53 : (move-on-arrival train9 v6 v5)
54 : (move-to-track train6 t0 t1 track1)
55 : (move-on-arrival train10 v7 v6)
56 : (move-on-arrival train8 v3 v2)
57 : (move-on-arrival train9 v5 v4)
58 : (switch-track train6 t1 t0 t7 track1 track3)
59 : (move-on-arrival train7 v1 t0)
60 : (move-along-track train6 t7 t8 track3)
61 : (move-on-arrival train10 v6 v5)
62 : (move-on-arrival train8 v2 v1)
63 : (move-on-arrival train9 v4 v3)
64 : (move-to-track train7 t0 t1 track1)
65 : (move-along-track train4 t11 t12 track4)
66 : (move-along-track train6 t8 t9 track3)
67 : (move-along-track train7 t1 t2 track1)
68 : (move-on-arrival train10 v5 v4)
69 : (move-on-arrival train8 v1 t0)
70 : (move-on-arrival train9 v3 v2)
71 : (move-along-track train1 t10 t11 track4)
72 : (move-along-track train7 t2 t1 track1)
73 : (move-on-arrival train10 v4 v3)
74 : (move-on-arrival train9 v2 v1)
75 : (move-to-track train8 t0 t7 track3)
76 : (move-on-arrival train10 v3 v2)
77 : (switch-track train7 t1 t0 t10 track1 track4)
78 : (move-on-arrival train9 v1 t0)
79 : (move-along-track train8 t7 t8 track3)
80 : (move-on-arrival train10 v2 v1)
81 : (move-to-track train9 t0 t1 track1)
82 : (move-along-track train9 t1 t2 track1)
83 : (switch-track train7 t10 t0 t7 track4 track3)
84 : (move-on-arrival train10 v1 t0)
85 : (move-along-track train1 t11 t10 track4)
86 : (move-along-track train9 t2 t3 track1)
87 : (move-to-track train10 t0 t1 track1)
88 : (move-from-track-to-departure train1 t10 t0 track4)
89 : (move-along-track train4 t12 t11 track4)
90 : (move-to-departure train1 t0 v1)
91 : (move-along-track train4 t11 t10 track4)
92 : (move-from-track-to-departure train5 t4 t0 track2)
93 : (move-to-departure train1 v1 v2)
94 : (move-along-track train3 t5 t4 track2)
95 : (move-along-track train4 t10 t11 track4)
96 : (move-to-departure train1 v2 v3)
97 : (move-to-departure train5 t0 v1)
98 : (move-along-track train4 t11 t10 track4)
99 : (move-from-track-to-departure train3 t4 t0 track2)
100 : (move-to-departure train1 v3 v4)
101 : (move-to-departure train5 v1 v2)
102 : (move-along-track train10 t1 t2 track1)
103 : (move-along-track train2 t6 t5 track2)
104 : (move-to-departure train1 v4 v5)
105 : (move-to-departure train3 t0 v1)
106 : (move-to-departure train5 v2 v3)
107 : (move-from-track-to-departure train4 t10 t0 track4)
108 : (move-to-departure train1 v5 v6)
109 : (move-to-departure train3 v1 v2)
110 : (move-to-departure train5 v3 v4)
111 : (move-along-track train10 t2 t1 track1)
112 : (move-along-track train2 t5 t4 track2)
113 : (move-to-departure train1 v6 v7)
114 : (move-to-departure train3 v2 v3)
115 : (move-to-departure train4 t0 v1)
116 : (move-to-departure train5 v4 v5)
117 : (move-along-track train9 t3 t2 track1)
118 : (move-from-track-to-departure train10 t1 t0 track1)
119 : (move-to-departure train1 v7 v8)
120 : (move-to-departure train3 v3 v4)
121 : (move-to-departure train4 v1 v2)
122 : (move-to-departure train5 v5 v6)
123 : (move-along-track train9 t2 t1 track1)
124 : (move-to-departure train1 v8 v9)
125 : (move-to-departure train10 t0 v1)
126 : (move-to-departure train3 v4 v5)
127 : (move-to-departure train4 v2 v3)
128 : (move-to-departure train5 v6 v7)
129 : (move-along-track train9 t1 t2 track1)
130 : (move-from-track-to-departure train2 t4 t0 track2)
131 : (move-to-departure train1 v9 v10)
132 : (move-to-departure train10 v1 v2)
133 : (move-to-departure train3 v5 v6)
134 : (move-to-departure train4 v3 v4)
135 : (move-to-departure train5 v7 v8)
136 : (move-along-track train9 t2 t1 track1)
137 : (move-to-departure train10 v2 v3)
138 : (move-to-departure train2 t0 v1)
139 : (move-to-departure train3 v6 v7)
140 : (move-to-departure train4 v4 v5)
141 : (move-to-departure train5 v8 v9)
142 : (move-along-track train9 t1 t2 track1)
143 : (move-from-track-to-departure train7 t7 t0 track3)
144 : (move-to-departure train10 v3 v4)
145 : (move-to-departure train2 v1 v2)
146 : (move-to-departure train3 v7 v8)
147 : (move-to-departure train4 v5 v6)
148 : (move-along-track train8 t8 t7 track3)
149 : (move-along-track train9 t2 t1 track1)
150 : (move-to-departure train10 v4 v5)
151 : (move-to-departure train2 v2 v3)
152 : (move-to-departure train4 v6 v7)
153 : (move-to-departure train7 t0 v1)
154 : (move-along-track train6 t9 t8 track3)
155 : (move-from-track-to-departure train8 t7 t0 track3)
156 : (move-to-departure train10 v5 v6)
157 : (move-to-departure train2 v3 v4)
158 : (move-to-departure train7 v1 v2)
159 : (move-along-track train6 t8 t7 track3)
160 : (move-to-departure train2 v4 v5)
161 : (move-to-departure train7 v2 v3)
162 : (move-to-departure train8 t0 v1)
163 : (move-from-track-to-departure train6 t7 t0 track3)
164 : (move-to-departure train7 v3 v4)
165 : (move-to-departure train8 v1 v2)
166 : (move-to-departure train6 t0 v1)
167 : (move-to-departure train8 v2 v3)
168 : (move-from-track-to-departure train9 t1 t0 track1)
169 : (move-to-departure train6 v1 v2)
170 : (move-to-departure train9 t0 v1)
