0 : (move-on-arrival train1 v1 t0)
1 : (move-on-arrival train2 v2 v1)
2 : (move-to-track train1 t0 t5 track2)
3 : (move-along-track train1 t5 t6 track2)
4 : (move-on-arrival train2 v1 t0)
5 : (move-on-arrival train3 v3 v2)
6 : (move-along-track train1 t6 t5 track2)
7 : (move-on-arrival train3 v2 v1)
8 : (move-to-track train2 t0 t9 track3)
9 : (move-along-track train2 t9 t10 track3)
10 : (switch-track train1 t5 t0 t1 track2 track1)
11 : (move-on-arrival train5 v5 t0)
12 : (move-along-track train1 t1 t2 track1)
13 : (move-along-track train2 t10 t9 track3)
14 : (move-on-arrival train4 v4 v3)
15 : (move-on-arrival train6 v6 v5)
16 : (move-to-track train5 t0 t13 track4)
17 : (move-along-track train1 t2 t1 track1)
18 : (move-along-track train2 t9 t10 track3)
19 : (move-along-track train5 t13 t14 track4)
20 : (move-on-arrival train3 v1 t0)
21 : (move-on-arrival train4 v3 v2)
22 : (move-on-arrival train7 v7 v6)
23 : (move-on-arrival train4 v2 v1)
24 : (move-on-arrival train8 v8 v7)
25 : (move-to-track train3 t0 t5 track2)
26 : (move-along-track train2 t10 t11 track3)
27 : (move-along-track train3 t5 t6 track2)
28 : (move-on-arrival train4 v1 v2)
29 : (move-on-arrival train8 v7 v8)
30 : (switch-track train1 t1 t0 t9 track1 track3)
31 : (move-on-arrival train6 v5 t0)
32 : (move-along-track train3 t6 t7 track2)
33 : (move-along-track train5 t14 t15 track4)
34 : (move-on-arrival train7 v6 v5)
35 : (move-on-arrival train8 v8 v7)
36 : (move-to-track train6 t0 t5 track2)
37 : (move-along-track train2 t11 t10 track3)
38 : (move-along-track train5 t15 t16 track4)
39 : (move-on-arrival train8 v7 v6)
40 : (switch-track train1 t9 t0 t1 track3 track1)
41 : (move-on-arrival train7 v5 t0)
42 : (move-along-track train1 t1 t2 track1)
43 : (move-along-track train2 t10 t11 track3)
44 : (move-along-track train3 t7 t6 track2)
45 : (move-on-arrival train4 v2 v3)
46 : (move-on-arrival train8 v6 v5)
47 : (move-to-track train7 t0 t9 track3)
48 : (move-along-track train2 t11 t12 track3)
49 : (move-along-track train7 t9 t10 track3)
50 : (move-on-arrival train4 v3 v2)
51 : (switch-track train6 t5 t0 t13 track2 track4)
52 : (move-on-arrival train8 v5 t0)
53 : (move-along-track train1 t2 t3 track1)
54 : (move-along-track train3 t6 t5 track2)
55 : (move-along-track train6 t13 t14 track4)
56 : (move-on-arrival train4 v2 v1)
57 : (move-to-track train8 t0 t1 track1)
58 : (move-along-track train1 t3 t2 track1)
59 : (move-along-track train6 t14 t15 track4)
60 : (switch-track train3 t5 t0 t13 track2 track4)
61 : (switch-track train8 t1 t0 t9 track1 track3)
62 : (move-on-arrival train4 v1 t0)
63 : (move-along-track train1 t2 t1 track1)
64 : (move-along-track train3 t13 t14 track4)
65 : (move-to-track train4 t0 t5 track2)
66 : (move-along-track train1 t1 t2 track1)
67 : (move-from-track-to-departure train8 t9 t0 track3)
68 : (move-along-track train1 t2 t1 track1)
69 : (move-along-track train4 t5 t6 track2)
70 : (move-along-track train7 t10 t9 track3)
71 : (move-to-departure train8 t0 v1)
72 : (move-along-track train2 t12 t11 track3)
73 : (move-along-track train4 t6 t5 track2)
74 : (move-from-track-to-departure train7 t9 t0 track3)
75 : (move-to-departure train8 v1 v2)
76 : (move-along-track train2 t11 t10 track3)
77 : (move-to-departure train7 t0 v1)
78 : (move-along-track train2 t10 t9 track3)
79 : (move-along-track train3 t14 t13 track4)
80 : (move-from-track-to-departure train1 t1 t0 track1)
81 : (move-along-track train6 t15 t14 track4)
82 : (move-to-departure train1 t0 v5)
83 : (move-along-track train4 t5 t6 track2)
84 : (move-along-track train5 t16 t15 track4)
85 : (move-from-track-to-departure train2 t9 t0 track3)
86 : (move-to-departure train1 v5 v6)
87 : (move-to-departure train8 v2 v3)
88 : (move-along-track train5 t15 t16 track4)
89 : (move-to-departure train1 v6 v7)
90 : (move-to-departure train2 t0 v5)
91 : (move-from-track-to-departure train3 t13 t0 track4)
92 : (move-to-departure train1 v7 v8)
93 : (move-to-departure train2 v5 v6)
94 : (move-to-departure train7 v1 v2)
95 : (move-along-track train4 t6 t5 track2)
96 : (move-along-track train5 t16 t15 track4)
97 : (move-to-departure train2 v6 v7)
98 : (move-to-departure train3 t0 v5)
99 : (move-to-departure train7 v2 v1)
100 : (move-from-track-to-departure train4 t5 t0 track2)
101 : (move-to-departure train3 v5 v6)
102 : (move-to-departure train8 v3 v2)
103 : (move-along-track train6 t14 t13 track4)
104 : (move-to-departure train4 t0 v5)
105 : (move-to-departure train8 v2 v3)
106 : (move-along-track train5 t15 t14 track4)
107 : (move-from-track-to-departure train6 t13 t0 track4)
108 : (move-to-departure train7 v1 v2)
109 : (move-to-departure train8 v3 v4)
110 : (move-along-track train5 t14 t13 track4)
111 : (move-to-departure train6 t0 v1)
112 : (move-to-departure train7 v2 v3)
113 : (move-from-track-to-departure train5 t13 t0 track4)
114 : (move-to-departure train6 v1 v2)
115 : (move-to-departure train5 t0 v1)
