0 : (move-on-arrival train1 v1 t0)
1 : (move-on-arrival train2 v2 v1)
2 : (move-to-track train1 t0 t5 track2)
3 : (move-along-track train1 t5 t6 track2)
4 : (move-on-arrival train2 v1 t0)
5 : (move-on-arrival train3 v3 v2)
6 : (move-on-arrival train3 v2 v1)
7 : (move-on-arrival train4 v4 v3)
8 : (move-to-track train2 t0 t1 track1)
9 : (move-along-track train1 t6 t5 track2)
10 : (move-along-track train2 t1 t2 track1)
11 : (move-on-arrival train4 v3 v2)
12 : (move-along-track train2 t2 t3 track1)
13 : (move-on-arrival train4 v2 v3)
14 : (switch-track train1 t5 t0 t1 track2 track1)
15 : (move-on-arrival train5 v5 t0)
16 : (move-to-track train5 t0 t5 track2)
17 : (move-along-track train5 t5 t6 track2)
18 : (move-on-arrival train3 v1 t0)
19 : (move-on-arrival train4 v3 v2)
20 : (move-along-track train1 t1 t2 track1)
21 : (move-along-track train2 t3 t4 track1)
22 : (move-along-track train5 t6 t7 track2)
23 : (move-on-arrival train4 v2 v1)
24 : (move-on-arrival train6 v6 v5)
25 : (move-to-track train3 t0 t5 track2)
26 : (move-along-track train1 t2 t3 track1)
27 : (move-along-track train5 t7 t6 track2)
28 : (move-on-arrival train7 v7 v6)
29 : (switch-track train3 t5 t0 t1 track2 track1)
30 : (move-on-arrival train6 v5 t0)
31 : (move-along-track train5 t6 t7 track2)
32 : (move-to-track train6 t0 t5 track2)
33 : (move-along-track train1 t3 t2 track1)
34 : (move-along-track train5 t7 t8 track2)
35 : (move-along-track train6 t5 t6 track2)
36 : (move-on-arrival train4 v1 t0)
37 : (move-on-arrival train7 v6 v5)
38 : (move-on-arrival train8 v8 v7)
39 : (move-along-track train1 t2 t3 track1)
40 : (move-along-track train6 t6 t7 track2)
41 : (move-on-arrival train7 v5 v6)
42 : (move-to-track train4 t0 t5 track2)
43 : (move-along-track train1 t3 t2 track1)
44 : (move-along-track train4 t5 t6 track2)
45 : (move-on-arrival train7 v6 v5)
46 : (move-along-track train1 t2 t3 track1)
47 : (move-on-arrival train8 v7 v6)
48 : (switch-track train3 t1 t0 t5 track1 track2)
49 : (move-on-arrival train7 v5 t0)
50 : (move-on-arrival train8 v6 v5)
51 : (move-to-track train7 t0 t1 track1)
52 : (move-along-track train7 t1 t2 track1)
53 : (move-on-arrival train8 v5 t0)
54 : (move-to-track train8 t0 t1 track1)
55 : (move-from-track-to-departure train8 t1 t0 track1)
56 : (move-along-track train7 t2 t1 track1)
57 : (move-to-departure train8 t0 v1)
58 : (move-along-track train1 t3 t2 track1)
59 : (move-from-track-to-departure train7 t1 t0 track1)
60 : (move-to-departure train8 v1 v2)
61 : (move-along-track train1 t2 t1 track1)
62 : (move-along-track train2 t4 t3 track1)
63 : (move-to-departure train7 t0 v1)
64 : (move-along-track train2 t3 t2 track1)
65 : (move-from-track-to-departure train1 t1 t0 track1)
66 : (move-along-track train2 t2 t1 track1)
67 : (move-to-departure train1 t0 v5)
68 : (move-to-departure train8 v2 v3)
69 : (move-from-track-to-departure train2 t1 t0 track1)
70 : (move-to-departure train1 v5 v6)
71 : (move-to-departure train7 v1 v2)
72 : (move-to-departure train8 v3 v4)
73 : (move-to-departure train1 v6 v7)
74 : (move-to-departure train2 t0 v5)
75 : (move-from-track-to-departure train3 t5 t0 track2)
76 : (move-to-departure train1 v7 v8)
77 : (move-to-departure train2 v5 v6)
78 : (move-to-departure train7 v2 v3)
79 : (move-along-track train4 t6 t5 track2)
80 : (move-to-departure train2 v6 v7)
81 : (move-to-departure train3 t0 v5)
82 : (move-to-departure train7 v3 v2)
83 : (move-along-track train6 t7 t6 track2)
84 : (move-from-track-to-departure train4 t5 t0 track2)
85 : (move-to-departure train3 v5 v6)
86 : (move-along-track train5 t8 t7 track2)
87 : (move-along-track train6 t6 t5 track2)
88 : (move-to-departure train4 t0 v5)
89 : (move-along-track train5 t7 t6 track2)
90 : (move-from-track-to-departure train6 t5 t0 track2)
91 : (move-to-departure train7 v2 v3)
92 : (move-along-track train5 t6 t5 track2)
93 : (move-to-departure train6 t0 v1)
94 : (move-from-track-to-departure train5 t5 t0 track2)
95 : (move-to-departure train6 v1 v2)
96 : (move-to-departure train5 t0 v1)
