0 : (move-on-arrival train1 v1 t0)
1 : (move-on-arrival train2 v2 v1)
2 : (move-to-lifo-track train1 t0 t1 t5 t4 track1)
3 : (move-on-arrival train2 v1 t0)
4 : (move-on-arrival train3 v3 v2)
5 : (move-along-track train1 t5 t4 track1)
6 : (move-on-arrival train3 v2 v1)
7 : (move-on-arrival train4 v4 v3)
8 : (move-to-lifo-track train2 t0 t11 t15 t14 track3)
9 : (move-along-track train1 t4 t3 track1)
10 : (move-on-arrival train3 v1 t0)
11 : (move-on-arrival train4 v3 v2)
12 : (move-on-arrival train5 v5 v4)
13 : (move-along-track train1 t3 t2 track1)
14 : (move-along-track train2 t15 t14 track3)
15 : (move-on-arrival train4 v2 v1)
16 : (move-on-arrival train5 v4 v3)
17 : (move-on-arrival train6 v6 v5)
18 : (move-to-lifo-track train3 t0 t11 t14 t13 track3)
19 : (move-on-arrival train4 v1 t0)
20 : (move-on-arrival train5 v3 v2)
21 : (move-on-arrival train6 v5 v4)
22 : (move-on-arrival train7 v7 v6)
23 : (move-along-track train1 t2 t3 track1)
24 : (move-along-track train3 t14 t13 track3)
25 : (move-on-arrival train5 v2 v1)
26 : (move-on-arrival train6 v4 v3)
27 : (move-on-arrival train7 v6 v5)
28 : (move-on-arrival train8 v8 v7)
29 : (move-to-lifo-track train4 t0 t1 t4 t3 track1)
30 : (move-on-arrival train5 v1 t0)
31 : (move-on-arrival train6 v3 v2)
32 : (move-on-arrival train7 v5 v4)
33 : (move-on-arrival train8 v7 v6)
34 : (move-on-arrival train9 v9 v8)
35 : (move-to-switch-lifo-track train2 t14 t13 t11 t0 track3)
36 : (move-to-switch-lifo-track train4 t4 t3 t1 t0 track1)
37 : (move-along-track train1 t3 t4 track1)
38 : (move-along-track train3 t13 t12 track3)
39 : (move-on-arrival train10 v10 v9)
40 : (move-on-arrival train6 v2 v1)
41 : (move-on-arrival train7 v4 v3)
42 : (move-on-arrival train8 v6 v5)
43 : (move-on-arrival train9 v8 v7)
44 : (move-to-lifo-track train4 t0 t11 t14 t13 track3)
45 : (move-to-lifo-track train2 t0 t1 t4 t3 track1)
46 : (move-along-track train2 t4 t5 track1)
47 : (move-along-track train3 t12 t13 track3)
48 : (move-along-track train4 t14 t15 track3)
49 : (move-on-arrival train10 v9 v8)
50 : (move-on-arrival train6 v1 t0)
51 : (move-on-arrival train7 v3 v2)
52 : (move-on-arrival train8 v5 v4)
53 : (move-on-arrival train9 v7 v6)
54 : (move-to-switch-lifo-track train1 t4 t3 t1 t0 track1)
55 : (move-along-track train2 t5 t4 track1)
56 : (move-along-track train4 t15 t14 track3)
57 : (move-on-arrival train10 v8 v7)
58 : (move-on-arrival train7 v2 v1)
59 : (move-on-arrival train8 v4 v3)
60 : (move-on-arrival train9 v6 v5)
61 : (move-to-lifo-track train5 t0 t11 t13 t12 track3)
62 : (move-to-lifo-track train6 t0 t1 t4 t3 track1)
63 : (move-along-track train6 t4 t3 track1)
64 : (move-on-arrival train10 v7 v6)
65 : (move-on-arrival train7 v1 t0)
66 : (move-on-arrival train8 v3 v2)
67 : (move-on-arrival train9 v5 v4)
68 : (move-to-switch-lifo-track train2 t4 t3 t1 t0 track1)
69 : (move-along-track train6 t3 t4 track1)
70 : (move-on-arrival train10 v6 v5)
71 : (move-on-arrival train8 v2 v1)
72 : (move-on-arrival train9 v4 v3)
73 : (move-to-switch-lifo-track train5 t13 t12 t12 t11 track3)
74 : (move-to-lifo-track train2 t0 t1 t4 t3 track1)
75 : (move-along-track train2 t4 t3 track1)
76 : (move-along-track train4 t14 t15 track3)
77 : (move-along-track train5 t11 t12 track3)
78 : (move-along-track train6 t4 t5 track1)
79 : (move-on-arrival train10 v5 v4)
80 : (move-on-arrival train8 v1 t0)
81 : (move-on-arrival train9 v3 v2)
82 : (move-along-track train4 t15 t14 track3)
83 : (move-along-track train6 t5 t4 track1)
84 : (move-on-arrival train10 v4 v3)
85 : (move-on-arrival train9 v2 v1)
86 : (move-to-lifo-track train1 t0 t1 t3 t2 track1)
87 : (move-to-lifo-track train7 t0 t11 t13 t12 track3)
88 : (move-along-track train1 t3 t2 track1)
89 : (move-along-track train6 t4 t5 track1)
90 : (move-on-arrival train10 v3 v2)
91 : (move-on-arrival train9 v1 t0)
92 : (move-to-switch-lifo-track train3 t13 t12 t14 t13 track3)
93 : (move-to-switch-lifo-track train2 t3 t2 t1 t0 track1)
94 : (move-along-track train1 t2 t3 track1)
95 : (move-along-track train4 t14 t15 track3)
96 : (move-along-track train5 t12 t13 track3)
97 : (move-along-track train6 t5 t4 track1)
98 : (move-on-arrival train10 v2 v1)
99 : (move-to-lifo-track train2 t0 t1 t3 t2 track1)
100 : (move-to-lifo-track train9 t0 t11 t13 t12 track3)
101 : (move-to-track train8 t0 t11 track3)
102 : (move-along-track train2 t3 t2 track1)
103 : (move-along-track train5 t13 t14 track3)
104 : (move-on-arrival train10 v1 t0)
105 : (move-to-switch-lifo-track train1 t3 t2 t1 t0 track1)
106 : (move-to-switch-lifo-track train7 t13 t12 t11 t0 track3)
107 : (move-along-track train6 t4 t3 track1)
108 : (move-along-track train8 t11 t12 track3)
109 : (move-to-switch-lifo-track train5 t14 t13 t15 t14 track3)
110 : (move-to-track train10 t0 t6 track2)
111 : (move-along-track train10 t6 t7 track2)
112 : (move-along-track train2 t2 t1 track1)
113 : (move-along-track train4 t15 t14 track3)
114 : (move-along-track train6 t3 t4 track1)
115 : (move-along-track train8 t12 t13 track3)
116 : (move-to-departure train1 t0 v1)
117 : (move-to-lifo-track train7 t0 t11 t14 t13 track3)
118 : (move-along-track train3 t13 t12 track3)
119 : (move-from-track-to-departure train2 t1 t0 track1)
120 : (move-to-departure train1 v1 v2)
121 : (move-to-switch-lifo-track train5 t14 t13 t11 t0 track3)
122 : (move-along-track train10 t7 t8 track2)
123 : (move-along-track train3 t12 t11 track3)
124 : (move-along-track train7 t14 t13 track3)
125 : (move-to-departure train1 v2 v3)
126 : (move-to-departure train5 t0 v1)
127 : (move-along-track train10 t8 t7 track2)
128 : (move-along-track train4 t14 t15 track3)
129 : (move-along-track train6 t4 t3 track1)
130 : (move-from-track-to-departure train3 t11 t0 track3)
131 : (move-to-departure train1 v3 v4)
132 : (move-to-departure train5 v1 v2)
133 : (move-along-track train10 t7 t6 track2)
134 : (move-along-track train7 t13 t12 track3)
135 : (move-along-track train9 t13 t14 track3)
136 : (move-to-departure train1 v4 v5)
137 : (move-to-departure train3 t0 v1)
138 : (move-to-departure train5 v2 v3)
139 : (move-to-track train2 t0 t11 track3)
140 : (move-along-track train6 t3 t2 track1)
141 : (move-along-track train9 t14 t13 track3)
142 : (move-from-track-to-departure train10 t6 t0 track2)
143 : (move-to-departure train1 v5 v6)
144 : (move-to-departure train3 v1 v2)
145 : (move-to-departure train5 v3 v4)
146 : (move-to-switch-lifo-track train4 t15 t14 t11 t0 track3)
147 : (move-along-track train6 t2 t1 track1)
148 : (move-to-departure train1 v6 v7)
149 : (move-to-departure train3 v2 v3)
150 : (move-to-departure train4 t0 v1)
151 : (move-to-departure train5 v4 v5)
152 : (move-to-track train10 t0 t6 track2)
153 : (move-from-track-to-departure train10 t6 t0 track2)
154 : (move-to-departure train1 v7 v8)
155 : (move-to-departure train3 v3 v4)
156 : (move-to-departure train4 v1 v2)
157 : (move-to-departure train5 v5 v6)
158 : (move-to-departure train1 v8 v9)
159 : (move-to-departure train10 t0 v1)
160 : (move-to-departure train3 v4 v5)
161 : (move-to-departure train4 v2 v3)
162 : (move-to-departure train5 v6 v7)
163 : (move-along-track train8 t13 t14 track3)
164 : (move-from-track-to-departure train2 t11 t0 track3)
165 : (move-to-departure train1 v9 v10)
166 : (move-to-departure train10 v1 v2)
167 : (move-to-departure train3 v5 v6)
168 : (move-to-departure train4 v3 v4)
169 : (move-to-departure train5 v7 v8)
170 : (move-along-track train7 t12 t11 track3)
171 : (move-along-track train8 t14 t13 track3)
172 : (move-to-departure train10 v2 v3)
173 : (move-to-departure train2 t0 v1)
174 : (move-to-departure train3 v6 v7)
175 : (move-to-departure train4 v4 v5)
176 : (move-to-departure train5 v8 v9)
177 : (move-along-track train8 t13 t12 track3)
178 : (move-along-track train9 t13 t14 track3)
179 : (move-from-track-to-departure train7 t11 t0 track3)
180 : (move-to-departure train10 v3 v4)
181 : (move-to-departure train2 v1 v2)
182 : (move-to-departure train3 v7 v8)
183 : (move-to-departure train4 v5 v6)
184 : (move-along-track train8 t12 t11 track3)
185 : (move-along-track train9 t14 t15 track3)
186 : (move-to-departure train10 v4 v5)
187 : (move-to-departure train2 v2 v3)
188 : (move-to-departure train4 v6 v7)
189 : (move-to-departure train7 t0 v1)
190 : (move-along-track train9 t15 t14 track3)
191 : (move-from-track-to-departure train8 t11 t0 track3)
192 : (move-to-departure train10 v5 v6)
193 : (move-to-departure train2 v3 v4)
194 : (move-to-departure train7 v1 v2)
195 : (move-along-track train9 t14 t13 track3)
196 : (move-to-departure train2 v4 v5)
197 : (move-to-departure train7 v2 v3)
198 : (move-to-departure train8 t0 v1)
199 : (move-along-track train9 t13 t12 track3)
200 : (move-from-track-to-departure train6 t1 t0 track1)
201 : (move-to-departure train7 v3 v4)
202 : (move-to-departure train8 v1 v2)
203 : (move-along-track train9 t12 t11 track3)
204 : (move-to-departure train6 t0 v1)
205 : (move-to-departure train8 v2 v3)
206 : (move-from-track-to-departure train9 t11 t0 track3)
207 : (move-to-departure train6 v1 v2)
208 : (move-to-departure train9 t0 v1)
