0 : (move-on-arrival train1 v1 t0)
1 : (move-on-arrival train2 v2 v1)
2 : (move-to-lifo-track train1 t0 t10 t12 t11 track3)
3 : (move-on-arrival train2 v1 t0)
4 : (move-on-arrival train3 v3 v2)
5 : (move-on-arrival train3 v2 v1)
6 : (move-on-arrival train4 v4 v3)
7 : (move-to-track train2 t0 t10 track3)
8 : (move-along-track train2 t10 t11 track3)
9 : (move-on-arrival train3 v1 t0)
10 : (move-on-arrival train4 v3 v2)
11 : (move-on-arrival train5 v5 v4)
12 : (move-to-switch-lifo-track train1 t12 t11 t12 t11 track3)
13 : (move-along-track train1 t11 t12 track3)
14 : (move-on-arrival train4 v2 v1)
15 : (move-on-arrival train5 v4 v3)
16 : (move-on-arrival train6 v6 v5)
17 : (move-to-lifo-track train3 t0 t10 t12 t11 track3)
18 : (move-along-track train1 t12 t11 track3)
19 : (move-on-arrival train4 v1 t0)
20 : (move-on-arrival train5 v3 v2)
21 : (move-on-arrival train6 v5 v4)
22 : (move-on-arrival train7 v7 v6)
23 : (move-on-arrival train5 v2 v1)
24 : (move-on-arrival train6 v4 v3)
25 : (move-on-arrival train7 v6 v5)
26 : (move-on-arrival train8 v8 v7)
27 : (move-to-lifo-track train4 t0 t10 t11 t10 track3)
28 : (move-along-track train1 t11 t10 track3)
29 : (move-on-arrival train5 v1 t0)
30 : (move-on-arrival train6 v3 v2)
31 : (move-on-arrival train7 v5 v4)
32 : (move-on-arrival train8 v7 v6)
33 : (move-on-arrival train9 v9 v8)
34 : (move-on-arrival train10 v10 v9)
35 : (move-on-arrival train6 v2 v1)
36 : (move-on-arrival train7 v4 v3)
37 : (move-on-arrival train8 v6 v5)
38 : (move-on-arrival train9 v8 v7)
39 : (move-to-lifo-track train5 t0 t7 t9 t8 track2)
40 : (move-along-track train1 t10 t11 track3)
41 : (move-on-arrival train10 v9 v8)
42 : (move-on-arrival train6 v1 t0)
43 : (move-on-arrival train7 v3 v2)
44 : (move-on-arrival train8 v5 v4)
45 : (move-on-arrival train9 v7 v6)
46 : (move-to-switch-lifo-track train5 t9 t8 t7 t0 track2)
47 : (move-along-track train2 t11 t12 track3)
48 : (move-on-arrival train10 v8 v7)
49 : (move-on-arrival train7 v2 v1)
50 : (move-on-arrival train8 v4 v3)
51 : (move-on-arrival train9 v6 v5)
52 : (move-to-lifo-track train5 t0 t7 t9 t8 track2)
53 : (move-to-track train6 t0 t10 track3)
54 : (move-on-arrival train10 v7 v6)
55 : (move-on-arrival train7 v1 t0)
56 : (move-on-arrival train8 v3 v2)
57 : (move-on-arrival train9 v5 v4)
58 : (move-along-track train5 t9 t8 track2)
59 : (move-on-arrival train10 v6 v5)
60 : (move-on-arrival train8 v2 v1)
61 : (move-on-arrival train9 v4 v3)
62 : (move-to-switch-lifo-track train1 t11 t10 t12 t11 track3)
63 : (move-to-lifo-track train7 t0 t7 t8 t7 track2)
64 : (move-along-track train6 t10 t11 track3)
65 : (move-along-track train7 t8 t9 track2)
66 : (move-on-arrival train10 v5 v4)
67 : (move-on-arrival train8 v1 t0)
68 : (move-on-arrival train9 v3 v2)
69 : (move-to-switch-lifo-track train3 t12 t11 t12 t11 track3)
70 : (move-to-switch-lifo-track train5 t8 t7 t7 t0 track2)
71 : (move-on-arrival train10 v4 v3)
72 : (move-on-arrival train9 v2 v1)
73 : (move-to-track train8 t0 t6 track1)
74 : (move-along-track train8 t6 t5 track1)
75 : (move-on-arrival train10 v3 v2)
76 : (move-on-arrival train9 v1 t0)
77 : (move-to-switch-lifo-track train7 t9 t8 t7 t0 track2)
78 : (move-along-track train6 t11 t12 track3)
79 : (move-on-arrival train10 v2 v1)
80 : (move-to-track train9 t0 t7 track2)
81 : (move-to-lifo-track train7 t0 t10 t12 t11 track3)
82 : (move-along-track train6 t12 t11 track3)
83 : (move-along-track train9 t7 t8 track2)
84 : (move-on-arrival train10 v1 t0)
85 : (move-to-switch-lifo-track train2 t12 t11 t10 t0 track3)
86 : (move-along-track train6 t11 t12 track3)
87 : (move-along-track train9 t8 t9 track2)
88 : (move-to-lifo-track train10 t0 t7 t9 t8 track2)
89 : (move-to-lifo-track train2 t0 t10 t12 t11 track3)
90 : (move-along-track train10 t9 t8 track2)
91 : (move-along-track train4 t11 t10 track3)
92 : (move-to-departure train5 t0 v1)
93 : (move-from-track-to-departure train4 t10 t0 track3)
94 : (move-to-departure train5 v1 v2)
95 : (move-to-switch-lifo-track train2 t12 t11 t10 t0 track3)
96 : (move-to-switch-lifo-track train9 t9 t8 t7 t0 track2)
97 : (move-along-track train10 t8 t9 track2)
98 : (move-along-track train3 t11 t10 track3)
99 : (move-to-departure train4 t0 v1)
100 : (move-to-departure train5 v2 v3)
101 : (move-to-lifo-track train9 t0 t7 t9 t8 track2)
102 : (move-along-track train6 t12 t11 track3)
103 : (move-from-track-to-departure train3 t10 t0 track3)
104 : (move-to-departure train4 v1 v2)
105 : (move-to-departure train5 v3 v4)
106 : (move-to-switch-lifo-track train9 t9 t8 t7 t0 track2)
107 : (move-along-track train1 t11 t12 track3)
108 : (move-along-track train10 t9 t8 track2)
109 : (move-along-track train8 t5 t4 track1)
110 : (move-to-departure train3 t0 v1)
111 : (move-to-departure train4 v2 v3)
112 : (move-to-departure train5 v4 v5)
113 : (move-to-track train2 t0 t10 track3)
114 : (move-to-track train9 t0 t1 track1)
115 : (move-along-track train1 t12 t11 track3)
116 : (move-along-track train10 t8 t7 track2)
117 : (move-from-track-to-departure train2 t10 t0 track3)
118 : (move-to-departure train3 v1 v2)
119 : (move-to-departure train4 v3 v4)
120 : (move-to-departure train5 v5 v6)
121 : (move-along-track train1 t11 t10 track3)
122 : (move-along-track train6 t11 t12 track3)
123 : (move-along-track train8 t4 t5 track1)
124 : (move-to-departure train2 t0 v1)
125 : (move-to-departure train3 v2 v3)
126 : (move-to-departure train4 v4 v5)
127 : (move-to-departure train5 v6 v7)
128 : (move-along-track train10 t7 t8 track2)
129 : (move-along-track train7 t12 t11 track3)
130 : (move-along-track train9 t1 t2 track1)
131 : (move-from-track-to-departure train1 t10 t0 track3)
132 : (move-to-departure train2 v1 v2)
133 : (move-to-departure train3 v3 v4)
134 : (move-to-departure train4 v5 v6)
135 : (move-to-departure train5 v7 v8)
136 : (move-along-track train10 t8 t7 track2)
137 : (move-along-track train8 t5 t4 track1)
138 : (move-along-track train9 t2 t3 track1)
139 : (move-to-departure train1 t0 v1)
140 : (move-to-departure train2 v2 v3)
141 : (move-to-departure train3 v4 v5)
142 : (move-to-departure train4 v6 v7)
143 : (move-to-departure train5 v8 v9)
144 : (move-along-track train7 t11 t12 track3)
145 : (move-along-track train9 t3 t2 track1)
146 : (move-from-track-to-departure train10 t7 t0 track2)
147 : (move-to-departure train1 v1 v2)
148 : (move-to-departure train2 v3 v4)
149 : (move-to-departure train3 v5 v6)
150 : (move-to-departure train4 v7 v8)
151 : (move-to-departure train5 v9 v10)
152 : (move-along-track train6 t12 t11 track3)
153 : (move-along-track train8 t4 t3 track1)
154 : (move-along-track train9 t2 t1 track1)
155 : (move-to-departure train1 v2 v3)
156 : (move-to-departure train10 t0 v1)
157 : (move-to-departure train2 v4 v5)
158 : (move-to-departure train3 v6 v7)
159 : (move-to-departure train4 v8 v9)
160 : (move-along-track train8 t3 t2 track1)
161 : (move-from-track-to-departure train9 t1 t0 track1)
162 : (move-to-departure train1 v3 v4)
163 : (move-to-departure train10 v1 v2)
164 : (move-to-departure train2 v5 v6)
165 : (move-to-departure train3 v7 v8)
166 : (move-along-track train6 t11 t12 track3)
167 : (move-along-track train8 t2 t1 track1)
168 : (move-to-departure train1 v4 v5)
169 : (move-to-departure train10 v2 v3)
170 : (move-to-departure train2 v6 v7)
171 : (move-to-departure train9 t0 v1)
172 : (move-along-track train7 t12 t11 track3)
173 : (move-from-track-to-departure train8 t1 t0 track1)
174 : (move-to-departure train1 v5 v6)
175 : (move-to-departure train10 v3 v4)
176 : (move-to-departure train9 v1 v2)
177 : (move-along-track train7 t11 t10 track3)
178 : (move-to-departure train10 v4 v5)
179 : (move-to-departure train8 t0 v1)
180 : (move-to-departure train9 v2 v3)
181 : (move-along-track train6 t12 t11 track3)
182 : (move-from-track-to-departure train7 t10 t0 track3)
183 : (move-to-departure train8 v1 v2)
184 : (move-to-departure train9 v3 v4)
185 : (move-along-track train6 t11 t10 track3)
186 : (move-to-departure train7 t0 v1)
187 : (move-to-departure train8 v2 v3)
188 : (move-from-track-to-departure train6 t10 t0 track3)
189 : (move-to-departure train7 v1 v2)
190 : (move-to-departure train6 t0 v1)
