0 : (move-on-arrival train1 v1 t0)
1 : (move-on-arrival train2 v2 v1)
2 : (move-to-track train1 t0 t10 track1)
3 : (move-along-track train1 t10 t9 track1)
4 : (move-on-arrival train2 v1 t0)
5 : (move-on-arrival train3 v3 v2)
6 : (move-along-track train1 t9 t10 track1)
7 : (move-on-arrival train3 v2 v1)
8 : (move-on-arrival train4 v4 v3)
9 : (move-to-track train2 t0 t1 track1)
10 : (move-along-track train1 t10 t9 track1)
11 : (move-along-track train2 t1 t2 track1)
12 : (move-on-arrival train3 v1 t0)
13 : (move-on-arrival train4 v3 v2)
14 : (move-on-arrival train5 v5 v4)
15 : (move-along-track train2 t2 t3 track1)
16 : (move-on-arrival train4 v2 v1)
17 : (move-on-arrival train5 v4 v3)
18 : (move-on-arrival train6 v6 v5)
19 : (move-to-track train3 t0 t1 track1)
20 : (move-along-track train1 t9 t8 track1)
21 : (move-along-track train2 t3 t4 track1)
22 : (move-along-track train3 t1 t2 track1)
23 : (move-on-arrival train4 v1 t0)
24 : (move-on-arrival train5 v3 v2)
25 : (move-on-arrival train6 v5 v4)
26 : (move-on-arrival train7 v7 v6)
27 : (move-along-track train1 t8 t7 track1)
28 : (move-along-track train2 t4 t5 track1)
29 : (move-along-track train3 t2 t3 track1)
30 : (move-on-arrival train5 v2 v1)
31 : (move-on-arrival train6 v4 v3)
32 : (move-on-arrival train7 v6 v5)
33 : (move-on-arrival train8 v8 v7)
34 : (move-to-track train4 t0 t1 track1)
35 : (move-along-track train3 t3 t4 track1)
36 : (move-along-track train4 t1 t2 track1)
37 : (move-on-arrival train5 v1 t0)
38 : (move-on-arrival train6 v3 v2)
39 : (move-on-arrival train7 v5 v4)
40 : (move-on-arrival train8 v7 v6)
41 : (move-on-arrival train9 v9 v8)
42 : (move-along-track train1 t7 t6 track1)
43 : (move-on-arrival train10 v10 v9)
44 : (move-on-arrival train6 v2 v1)
45 : (move-on-arrival train7 v4 v3)
46 : (move-on-arrival train8 v6 v5)
47 : (move-on-arrival train9 v8 v7)
48 : (move-to-track train5 t0 t10 track1)
49 : (move-on-arrival train10 v9 v8)
50 : (move-on-arrival train7 v3 v2)
51 : (move-on-arrival train8 v5 v4)
52 : (move-on-arrival train9 v7 v6)
53 : (switch-track train5 t10 t0 t1 track1 track1)
54 : (move-on-arrival train6 v1 t0)
55 : (move-along-track train3 t4 t3 track1)
56 : (move-on-arrival train10 v8 v7)
57 : (move-on-arrival train7 v2 v1)
58 : (move-on-arrival train8 v4 v3)
59 : (move-on-arrival train9 v6 v5)
60 : (move-to-track train6 t0 t10 track1)
61 : (move-along-track train2 t5 t4 track1)
62 : (move-along-track train6 t10 t9 track1)
63 : (move-on-arrival train10 v7 v6)
64 : (move-on-arrival train7 v1 t0)
65 : (move-on-arrival train8 v3 v2)
66 : (move-on-arrival train9 v5 v4)
67 : (move-along-track train1 t6 t5 track1)
68 : (move-along-track train6 t9 t8 track1)
69 : (move-on-arrival train10 v6 v5)
70 : (move-on-arrival train8 v2 v1)
71 : (move-on-arrival train9 v4 v3)
72 : (move-to-track train7 t0 t10 track1)
73 : (move-along-track train6 t8 t7 track1)
74 : (move-along-track train7 t10 t9 track1)
75 : (move-on-arrival train10 v5 v4)
76 : (move-on-arrival train8 v1 t0)
77 : (move-on-arrival train9 v3 v2)
78 : (move-along-track train6 t7 t6 track1)
79 : (move-along-track train7 t9 t8 track1)
80 : (move-on-arrival train10 v4 v3)
81 : (move-on-arrival train9 v2 v1)
82 : (move-to-track train8 t0 t10 track1)
83 : (move-along-track train7 t8 t7 track1)
84 : (move-along-track train8 t10 t9 track1)
85 : (move-on-arrival train10 v3 v2)
86 : (move-on-arrival train9 v1 t0)
87 : (move-along-track train8 t9 t8 track1)
88 : (move-on-arrival train10 v2 v1)
89 : (move-to-track train9 t0 t10 track1)
90 : (move-along-track train9 t10 t9 track1)
91 : (move-on-arrival train10 v1 t0)
92 : (move-to-track train10 t0 t10 track1)
93 : (move-from-track-to-departure train5 t1 t0 track1)
94 : (move-along-track train4 t2 t1 track1)
95 : (move-to-departure train5 t0 v1)
96 : (move-along-track train3 t3 t2 track1)
97 : (move-from-track-to-departure train4 t1 t0 track1)
98 : (move-to-departure train5 v1 v2)
99 : (move-along-track train2 t4 t3 track1)
100 : (move-along-track train3 t2 t1 track1)
101 : (move-to-departure train4 t0 v1)
102 : (move-to-departure train5 v2 v3)
103 : (move-along-track train1 t5 t4 track1)
104 : (move-along-track train2 t3 t2 track1)
105 : (move-from-track-to-departure train3 t1 t0 track1)
106 : (move-to-departure train4 v1 v2)
107 : (move-to-departure train5 v3 v4)
108 : (move-along-track train1 t4 t3 track1)
109 : (move-along-track train2 t2 t1 track1)
110 : (move-along-track train6 t6 t5 track1)
111 : (move-to-departure train3 t0 v1)
112 : (move-to-departure train4 v2 v3)
113 : (move-to-departure train5 v4 v5)
114 : (move-along-track train1 t3 t2 track1)
115 : (move-along-track train6 t5 t4 track1)
116 : (move-from-track-to-departure train2 t1 t0 track1)
117 : (move-to-departure train3 v1 v2)
118 : (move-to-departure train4 v3 v4)
119 : (move-to-departure train5 v5 v6)
120 : (move-along-track train1 t2 t1 track1)
121 : (move-along-track train6 t4 t3 track1)
122 : (move-to-departure train2 t0 v1)
123 : (move-to-departure train3 v2 v3)
124 : (move-to-departure train4 v4 v5)
125 : (move-to-departure train5 v6 v7)
126 : (move-along-track train6 t3 t2 track1)
127 : (move-from-track-to-departure train1 t1 t0 track1)
128 : (move-to-departure train2 v1 v2)
129 : (move-to-departure train3 v3 v4)
130 : (move-to-departure train4 v5 v6)
131 : (move-to-departure train5 v7 v8)
132 : (move-along-track train6 t2 t1 track1)
133 : (move-along-track train7 t7 t6 track1)
134 : (move-to-departure train1 t0 v1)
135 : (move-to-departure train2 v2 v3)
136 : (move-to-departure train3 v4 v5)
137 : (move-to-departure train4 v6 v7)
138 : (move-to-departure train5 v8 v9)
139 : (move-along-track train6 t1 t2 track1)
140 : (move-along-track train7 t6 t5 track1)
141 : (move-along-track train8 t8 t7 track1)
142 : (move-from-track-to-departure train10 t10 t0 track1)
143 : (move-to-departure train1 v1 v2)
144 : (move-to-departure train2 v3 v4)
145 : (move-to-departure train3 v5 v6)
146 : (move-to-departure train4 v7 v8)
147 : (move-to-departure train5 v9 v10)
148 : (move-along-track train6 t2 t1 track1)
149 : (move-along-track train7 t5 t6 track1)
150 : (move-along-track train8 t7 t8 track1)
151 : (move-along-track train9 t9 t10 track1)
152 : (move-to-departure train1 v2 v3)
153 : (move-to-departure train10 t0 v1)
154 : (move-to-departure train2 v4 v5)
155 : (move-to-departure train3 v6 v7)
156 : (move-to-departure train4 v8 v9)
157 : (move-along-track train6 t1 t2 track1)
158 : (move-along-track train7 t6 t7 track1)
159 : (move-along-track train8 t8 t9 track1)
160 : (move-from-track-to-departure train9 t10 t0 track1)
161 : (move-to-departure train1 v3 v4)
162 : (move-to-departure train10 v1 v2)
163 : (move-to-departure train2 v5 v6)
164 : (move-to-departure train3 v7 v8)
165 : (move-along-track train6 t2 t1 track1)
166 : (move-along-track train7 t7 t8 track1)
167 : (move-along-track train8 t9 t10 track1)
168 : (move-to-departure train1 v4 v5)
169 : (move-to-departure train10 v2 v3)
170 : (move-to-departure train2 v6 v7)
171 : (move-to-departure train9 t0 v1)
172 : (move-along-track train6 t1 t2 track1)
173 : (move-along-track train7 t8 t9 track1)
174 : (move-from-track-to-departure train8 t10 t0 track1)
175 : (move-to-departure train1 v5 v6)
176 : (move-to-departure train10 v3 v4)
177 : (move-to-departure train9 v1 v2)
178 : (move-along-track train6 t2 t3 track1)
179 : (move-along-track train7 t9 t10 track1)
180 : (move-to-departure train10 v4 v5)
181 : (move-to-departure train8 t0 v1)
182 : (move-to-departure train9 v2 v3)
183 : (move-along-track train6 t3 t2 track1)
184 : (move-from-track-to-departure train7 t10 t0 track1)
185 : (move-to-departure train8 v1 v2)
186 : (move-to-departure train9 v3 v4)
187 : (move-along-track train6 t2 t1 track1)
188 : (move-to-departure train7 t0 v1)
189 : (move-to-departure train8 v2 v3)
190 : (move-from-track-to-departure train6 t1 t0 track1)
191 : (move-to-departure train7 v1 v2)
192 : (move-to-departure train6 t0 v1)
