0 : (move-on-arrival train1 v1 t0)
1 : (move-on-arrival train2 v2 v1)
2 : (move-to-track train1 t0 t3 track1)
3 : (move-on-arrival train2 v1 t0)
4 : (move-on-arrival train3 v3 v2)
5 : (move-along-track train1 t3 t2 track1)
6 : (move-on-arrival train3 v2 v1)
7 : (move-to-track train2 t0 t1 track1)
8 : (move-on-arrival train3 v1 t0)
9 : (move-to-track train3 t0 t3 track1)
10 : (move-from-track-to-departure train2 t1 t0 track1)
11 : (move-to-departure train2 t0 v1)
12 : (move-along-track train1 t2 t1 track1)
13 : (move-from-track-to-departure train3 t3 t0 track1)
14 : (move-to-departure train2 v1 v2)
15 : (move-to-departure train2 v2 v3)
16 : (move-to-departure train3 t0 v1)
17 : (move-from-track-to-departure train1 t1 t0 track1)
18 : (move-to-departure train3 v1 v2)
19 : (move-to-departure train1 t0 v1)
