0 : (move-on-arrival train1 v1 t0)
1 : (move-on-arrival train2 v2 v1)
2 : (move-to-track train1 t0 t1 track1)
3 : (move-on-arrival train2 v1 t0)
4 : (move-on-arrival train3 v3 v2)
5 : (move-on-arrival train3 v2 v1)
6 : (move-to-track train2 t0 t4 track2)
7 : (move-along-track train2 t4 t5 track2)
8 : (move-along-track train2 t5 t6 track2)
9 : (switch-track train1 t1 t0 t4 track1 track2)
10 : (move-on-arrival train3 v1 t0)
11 : (move-along-track train2 t6 t5 track2)
12 : (move-to-track train3 t0 t1 track1)
13 : (move-from-track-to-departure train1 t4 t0 track2)
14 : (move-along-track train2 t5 t4 track2)
15 : (move-along-track train3 t1 t2 track1)
16 : (move-to-departure train1 t0 v1)
17 : (move-along-track train3 t2 t1 track1)
18 : (move-from-track-to-departure train2 t4 t0 track2)
19 : (move-to-departure train1 v1 v2)
20 : (move-to-departure train1 v2 v3)
21 : (move-to-departure train2 t0 v1)
22 : (move-from-track-to-departure train3 t1 t0 track1)
23 : (move-to-departure train2 v1 v2)
24 : (move-to-departure train3 t0 v1)
