0 : (move-on-arrival train1 v1 t0)
1 : (move-from-switch-to-track train1 t0 t5 track2)
2 : (move-on-arrival train2 v2 v1)
3 : (move-along-track-forwards train1 t5 t6 track2)
4 : (move-on-arrival train2 v1 t0)
5 : (move-on-arrival train3 v3 v2)
6 : (move-along-track-backwards train1 t6 t5 track2)
7 : (move-from-switch-to-track train2 t0 t1 track1)
8 : (move-on-arrival train3 v2 v1)
9 : (move-on-arrival train4 v4 v3)
10 : (move-along-track-forwards train1 t5 t6 track2)
11 : (move-along-track-forwards train2 t1 t2 track1)
12 : (move-on-arrival train3 v1 t0)
13 : (move-on-arrival train4 v3 v2)
14 : (move-on-arrival train5 v5 v4)
15 : (move-along-track-forwards train2 t2 t3 track1)
16 : (move-from-switch-to-track train3 t0 t5 track2)
17 : (move-on-arrival train4 v2 v1)
18 : (move-on-arrival train5 v4 v3)
19 : (move-on-arrival train6 v6 v5)
20 : (move-along-track-forwards train2 t3 t4 track1)
21 : (move-on-arrival train4 v1 t0)
22 : (move-on-arrival train5 v3 v2)
23 : (move-on-arrival train6 v5 v4)
24 : (move-from-switch-to-track train4 t0 t1 track1)
25 : (move-on-arrival train5 v2 v1)
26 : (move-on-arrival train6 v4 v3)
27 : (move-along-track-forwards train4 t1 t2 track1)
28 : (move-on-arrival train5 v1 t0)
29 : (move-on-arrival train6 v3 v2)
30 : (move-along-track-forwards train4 t2 t3 track1)
31 : (move-from-switch-to-track train5 t0 t1 track1)
32 : (move-on-arrival train6 v2 v1)
33 : (move-along-track-forwards train5 t1 t2 track1)
34 : (move-on-arrival train6 v1 t0)
35 : (move-from-switch-to-track train6 t0 t1 track1)
36 : (move-from-track-to-switch train3 t5 t0 track2)
37 : (move-along-track-backwards train1 t6 t5 track2)
38 : (move-to-departure train3 t0 v1)
39 : (move-from-track-to-switch train1 t5 t0 track2)
40 : (move-to-departure train3 v1 v2)
41 : (move-to-departure train1 t0 v1)
42 : (move-to-departure train3 v2 v3)
43 : (move-from-track-to-switch train6 t1 t0 track1)
44 : (move-to-departure train1 v1 v2)
45 : (move-to-departure train3 v3 v4)
46 : (move-along-track-backwards train5 t2 t1 track1)
47 : (move-from-switch-to-track train6 t0 t5 track2)
48 : (move-to-departure train1 v2 v3)
49 : (move-to-departure train3 v4 v5)
50 : (move-along-track-backwards train4 t3 t2 track1)
51 : (move-along-track-forwards train6 t5 t6 track2)
52 : (move-from-track-to-switch train5 t1 t0 track1)
53 : (move-to-departure train1 v3 v4)
54 : (move-along-track-backwards train2 t4 t3 track1)
55 : (move-along-track-backwards train4 t2 t1 track1)
56 : (move-along-track-backwards train6 t6 t5 track2)
57 : (move-to-departure train5 t0 v1)
58 : (move-along-track-backwards train2 t3 t2 track1)
59 : (move-from-track-to-switch train4 t1 t0 track1)
60 : (move-to-departure train3 v5 v6)
61 : (move-to-departure train5 v1 v2)
62 : (move-along-track-backwards train2 t2 t1 track1)
63 : (move-to-departure train1 v4 v5)
64 : (move-to-departure train4 t0 v1)
65 : (move-to-departure train5 v2 v3)
66 : (move-along-track-forwards train6 t5 t6 track2)
67 : (move-from-track-to-switch train2 t1 t0 track1)
68 : (move-to-departure train4 v1 v2)
69 : (move-to-departure train5 v3 v4)
70 : (move-along-track-backwards train6 t6 t5 track2)
71 : (move-to-departure train2 t0 v1)
72 : (move-to-departure train4 v2 v3)
73 : (move-from-track-to-switch train6 t5 t0 track2)
74 : (move-to-departure train2 v1 v2)
75 : (move-to-departure train6 t0 v1)
