Madagascar 0.99999 06/03/2023 11:56:29 amd64 1-core (no VSIDS)
Options: file:../../domain1.pddl file:../../problem2.pddl -b /tmp/1029485.output
Domain: domain1
Problem: problem2
Parser: 144 ground actions and 134 state variables
Invariants: 0 1 2 3 4 5 6 7 8 9 10  0.00 secs
Goal: disjunctive
Simplified: 129 ground actions and 109 state variables
Actions: general
Disabling graph %: 10 20 30 40 50 60 70 80 90 100 0.00 secs (max SCC size 1)
Plan type: E-step
Separated DIMACS output
Writing /tmp/1029485.output.cnf
total time 0.00 preprocess 0.00 
total size 55.000 MB
max. learned clause length 0
Madagascar 0.99999 06/03/2023 11:56:29 amd64 1-core (no VSIDS)
Options: file:../../domain1.pddl file:../../problem2.pddl -s /tmp/1029485.solution.txt -T 26 -o re.out
Domain: domain1
Problem: problem2
Parser: 144 ground actions and 134 state variables
Invariants: 0 1 2 3 4 5 6 7 8 9 10  0.00 secs
Goal: disjunctive
Simplified: 129 ground actions and 109 state variables
Actions: general
Disabling graph %: 10 20 30 40 50 60 70 80 90 100 0.00 secs (max SCC size 1)
Plan type: E-step
76 actions in the plan.
Plan is VALID
total time 0.01 preprocess 0.01 
total size 132.000 MB
max. learned clause length 0
