
ff: parsing domain file
domain 'TUSD' defined
 ... done.
ff: parsing problem file
problem 'PROBLEM5' defined
 ... done.


warning: numeric precondition. turning cost-minimizing relaxed plans OFF.

ff: search configuration is A*epsilon with weight 5.
Metric is ((1.00*[RF5](COST)) - () + 0.00)
COST MINIMIZATION DONE (WITHOUT cost-minimizing relaxed plans).

Advancing to goal distance:   23
                              21
                              14
                              12
                               8
                               7
                               4
                               2
                               1
                               0

ff: found legal plan as follows
step    0: MOVE-ON-ARRIVAL TRAIN1 V1 T4
        1: MOVE-ON-ARRIVAL TRAIN2 V1 T1
        2: MOVE-ON-ARRIVAL TRAIN3 V1 T7
        3: MOVE TRAIN3 T7 T8 TRACK3
        4: MOVE-ON-ARRIVAL TRAIN4 V1 T7
        5: MOVE-TO-DEPARTURE TRAIN2 T1 V1
        6: MOVE-BETWEEN-TRACKS TRAIN4 T7 T1 TRACK3 TRACK1
        7: MOVE TRAIN3 T8 T7 TRACK3
        8: MOVE-BETWEEN-TRACKS TRAIN4 T1 T2 TRACK1 TRACK1
        9: MOVE-ON-ARRIVAL TRAIN5 V1 T1
       10: MOVE-TO-DEPARTURE TRAIN3 T7 V1
       11: MOVE-TO-DEPARTURE TRAIN5 T1 V1
       12: MOVE-BETWEEN-TRACKS TRAIN4 T2 T1 TRACK1 TRACK1
       13: MOVE-TO-DEPARTURE TRAIN4 T1 V1
       14: MOVE-TO-DEPARTURE TRAIN1 T4 V1
       15: REACH-GOAL
plan cost: 8.000000

time spent:    0.00 seconds instantiating 180 easy, 0 hard action templates
               0.00 seconds reachability analysis, yielding 64 facts and 196 actions
               0.00 seconds creating final representation with 65 relevant facts, 13 relevant fluents
               0.00 seconds computing LNF
               0.00 seconds building connectivity graph
              57.09 seconds searching, evaluating 180820 states, to a max depth of 0
              57.09 seconds total time

