
ff: parsing domain file
domain 'TUSD' defined
 ... done.
ff: parsing problem file
problem 'PROBLEM8' defined
 ... done.


warning: numeric precondition. turning cost-minimizing relaxed plans OFF.

ff: search configuration is weighted A* with weight 5.
Metric is ((1.00*[RF8](COST)) - () + 0.00)
COST MINIMIZATION DONE (WITHOUT cost-minimizing relaxed plans).

advancing to goal distance:   27
                              22
                              21
                              20
                              19
                              18
                              17
                              13
                               9
                               6
                               4