
ff: parsing domain file
domain 'TUSD' defined
 ... done.
ff: parsing problem file
problem 'PROBLEM3' defined
 ... done.



ff: search configuration is Enforced Hill-Climbing, if that fails then best-first search.
Metric is plan length.
NO COST MINIMIZATION (and no cost-minimizing relaxed plans).

Cueing down from goal distance:   20 into depth [1]
                                  13            [1]
                                  12            [1]
                                  10            [1]
                                   6            [1]
                                   4            [1]
                                   3            [1]
                                   2            [1]
                                   1            [1]
                                   0            

ff: found legal plan as follows
step    0: MOVE-ON-ARRIVAL TRAIN1 V1 T4
        1: MOVE-BETWEEN-TRACKS TRAIN1 T4 T5 TRACK2 TRACK2
        2: MOVE-ON-ARRIVAL TRAIN2 V1 T4
        3: MOVE-TO-DEPARTURE TRAIN2 T4 V1
        4: MOVE-ON-ARRIVAL TRAIN3 V1 T1
        5: MOVE-TO-DEPARTURE TRAIN3 T1 V1
        6: MOVE-BETWEEN-TRACKS TRAIN1 T5 T4 TRACK2 TRACK2
        7: MOVE-TO-DEPARTURE TRAIN1 T4 V1
        8: REACH-GOAL
plan cost: 4.000000

time spent:    0.00 seconds instantiating 66 easy, 0 hard action templates
               0.00 seconds reachability analysis, yielding 30 facts and 70 actions
               0.00 seconds creating final representation with 31 relevant facts, 9 relevant fluents
               0.00 seconds computing LNF
               0.00 seconds building connectivity graph
               0.00 seconds searching, evaluating 15 states, to a max depth of 1
               0.00 seconds total time

