
ff: parsing domain file
domain 'TUSD' defined
 ... done.
ff: parsing problem file
problem 'PROBLEM3' defined
 ... done.



ff: search configuration is best-first search with helpful actions pruning.
Metric is plan length.
NO COST MINIMIZATION. (and no cost-minimizing relaxed plans).

advancing to goal distance:   20
                              13
                               8
                               5
                               4
                               2
                               1
                               0

ff: found legal plan as follows
step    0: MOVE-ON-ARRIVAL TRAIN1 V1 T1
        1: MOVE-ON-ARRIVAL TRAIN2 V1 T4
        2: MOVE-TO-DEPARTURE TRAIN2 T4 V1
        3: MOVE-ON-ARRIVAL TRAIN3 V1 T4
        4: MOVE-TO-DEPARTURE TRAIN3 T4 V1
        5: MOVE-TO-DEPARTURE TRAIN1 T1 V1
        6: REACH-GOAL
plan cost: 0.000000

time spent:    0.00 seconds instantiating 66 easy, 0 hard action templates
               0.00 seconds reachability analysis, yielding 30 facts and 70 actions
               0.00 seconds creating final representation with 31 relevant facts, 9 relevant fluents
               0.00 seconds computing LNF
               0.00 seconds building connectivity graph
               0.00 seconds searching, evaluating 20 states, to a max depth of 0
               0.00 seconds total time

