
ff: parsing domain file
domain 'TUSD' defined
 ... done.
ff: parsing problem file
problem 'PROBLEM8' defined
 ... done.


warning: numeric precondition. turning cost-minimizing relaxed plans OFF.

ff: search configuration is Enforced Hill-Climbing, then A*epsilon with weight 5.
Metric is ((1.00*[RF8](COST)) - () + 0.00)
COST MINIMIZATION DONE (WITHOUT cost-minimizing relaxed plans).

Cueing down from goal distance:   27 into depth [1][2][3]
                                  22            [1][2]
                                  19            [1][2]
                                  18            [1][2][3][4][5][6]
                                  17            [1][2]
                                  13            [1][2]
                                  11            [1][2]
                                   9            [1] --- pruning stopped --- [1][2][3][4][5][6][7][8][9][10][11][12][13][14][15][16][17][18][19][20][21]

Enforced Hill-climbing not successful.
Switching to A*epsilon now.

Advancing to goal distance:   27
                              26
                              21
                              20
                              18
                              17
                              13
                              11
                               9
                               8
                               6
                               4