['/planner/fast-downward.py', '--build', 'release64', '--plan-file', 're.out', '--transform-task', 'preprocess', '../../domain1.pddl', '../../problem2.pddl', '--if-unit-cost', '--heuristic', 'hrb=RB(dag=greedy_level, extract_plan=true)', '--heuristic', 'hn=novelty(eval=hrb)', '--heuristic', 'hlm=lmcount(lm_rhw(reasonable_orders=true,lm_cost_type=ONE))', '--search', 'iterated([\n                lazy(open=alt([tiebreaking([hn, hrb]), single(hrb,pref_only=true), single(hlm), single(hlm,pref_only=true)], boost=1000),preferred=[hrb,hlm]),\n                lazy_wastar([hrb,hlm],preferred=[hrb,hlm],w=5),\n                lazy_wastar([hrb,hlm],preferred=[hrb,hlm],w=3),\n                lazy_wastar([hrb,hlm],preferred=[hrb,hlm],w=2),\n                lazy_wastar([hrb,hlm],preferred=[hrb,hlm],w=1)\n                ], bound=infinity, repeat_last=true, continue_on_fail=true)', '--if-non-unit-cost', '--heuristic', 'hrb1=RB(dag=greedy_level, extract_plan=true, transform=adapt_costs(one))', '--heuristic', 'hn=novelty(eval=hrb1)', '--heuristic', 'hlm1=lmcount(lm_rhw(reasonable_orders=true,lm_cost_type=one),transform=adapt_costs(one))', '--heuristic', 'hrb2=RB(dag=greedy_level, extract_plan=true, transform=adapt_costs(plusone))', '--heuristic', 'hlm2=lmcount(lm_rhw(reasonable_orders=true,lm_cost_type=plusone),transform=adapt_costs(plusone))', '--search', 'iterated([\n                lazy(open=alt([tiebreaking([hn, hrb1]), single(hrb1,pref_only=true), single(hlm1), single(hlm1,pref_only=true)], boost=1000), preferred=[hrb1,hlm1],\n                            cost_type=one,reopen_closed=false),\n                lazy_greedy([hrb2,hlm2],preferred=[hrb2,hlm2],\n                            reopen_closed=false),\n                lazy_wastar([hrb2,hlm2],preferred=[hrb2,hlm2],w=5),\n                lazy_wastar([hrb2,hlm2],preferred=[hrb2,hlm2],w=3),\n                lazy_wastar([hrb2,hlm2],preferred=[hrb2,hlm2],w=2),\n                lazy_wastar([hrb2,hlm2],preferred=[hrb2,hlm2],w=1)\n                ], bound=infinity, repeat_last=true, continue_on_fail=true)', '--always']
Deleting existing plans
INFO     Running translator.
INFO     translator input: ['../../domain1.pddl', '../../problem2.pddl']
INFO     translator arguments: []
INFO     translator time limit: None
INFO     translator memory limit: None
INFO     callstring: /usr/bin/python /planner/builds/release64/bin/translate/translate.py ../../domain1.pddl ../../problem2.pddl
Parsing...
Parsing: [0.000s CPU, 0.007s wall-clock]
Normalizing task... [0.000s CPU, 0.001s wall-clock]
Instantiating...
Generating Datalog program... [0.000s CPU, 0.001s wall-clock]
Normalizing Datalog program...
Trivial rules: Converted to facts.
Normalizing Datalog program: [0.010s CPU, 0.006s wall-clock]
Preparing model... [0.000s CPU, 0.002s wall-clock]
Generated 60 rules.
Computing model... [0.020s CPU, 0.019s wall-clock]
444 relevant atoms
879 auxiliary atoms
1323 final queue length
1671 total queue pushes
Completing instantiation... [0.010s CPU, 0.014s wall-clock]
Instantiating: [0.040s CPU, 0.042s wall-clock]
Computing fact groups...
Finding invariants...
10 initial candidates
Finding invariants: [0.010s CPU, 0.008s wall-clock]
Checking invariant weight... [0.000s CPU, 0.000s wall-clock]
Instantiating groups... [0.000s CPU, 0.001s wall-clock]
Collecting mutex groups... [0.000s CPU, 0.000s wall-clock]
Choosing groups...
37 uncovered facts
Choosing groups: [0.000s CPU, 0.001s wall-clock]
Building translation key... [0.000s CPU, 0.000s wall-clock]
Computing fact groups: [0.020s CPU, 0.012s wall-clock]
Building STRIPS to SAS dictionary... [0.000s CPU, 0.000s wall-clock]
Building dictionary for full mutex groups... [0.000s CPU, 0.000s wall-clock]
Building mutex information...
Building mutex information: [0.000s CPU, 0.000s wall-clock]
Translating task...
Processing axioms...
Simplifying axioms... [0.000s CPU, 0.000s wall-clock]
Processing axioms: [0.000s CPU, 0.002s wall-clock]
Translating task: [0.020s CPU, 0.020s wall-clock]
216 effect conditions simplified
0 implied preconditions added
Detecting unreachable propositions...
0 operators removed
0 axioms removed
6 propositions removed
Detecting unreachable propositions: [0.000s CPU, 0.008s wall-clock]
Reordering and filtering variables...
31 of 43 variables necessary.
13 of 19 mutex groups necessary.
204 of 204 operators necessary.
8 of 8 axiom rules necessary.
Reordering and filtering variables: [0.010s CPU, 0.004s wall-clock]
Translator variables: 31
Translator derived variables: 6
Translator facts: 128
Translator goal facts: 5
Translator mutex groups: 13
Translator total mutex groups size: 91
Translator operators: 204
Translator axioms: 8
Translator task size: 1653
Translator peak memory: 25960 KB
Writing output... [0.000s CPU, 0.004s wall-clock]
Done! [0.090s CPU, 0.099s wall-clock]
INFO     Run task transformation (preprocess).
INFO     Absolute path: /planner/builds/release64/bin/preprocess
INFO     callstring: /planner/builds/release64/bin/preprocess < output.sas
Building causal graph...
The causal graph is not acyclic.
31 variables of 31 necessary
13 of 13 mutex groups necessary.
204 of 204 operators necessary.
8 of 8 axiom rules necessary.
Disabling h2 analysis because it does not currently support axioms
Building domain transition graphs...
solveable in poly time 0
Building successor generator...
Preprocessor variables: 31
Preprocessor facts: 128
Preprocessor derived variables: 6
Preprocessor operators: 204
Preprocessor mutex groups: 13
Preprocessor task size: 1653
Writing output...
done
INFO     Running search (release64).
INFO     search input: output.sas
INFO     search arguments: ['--if-unit-cost', '--heuristic', 'hrb=RB(dag=greedy_level, extract_plan=true)', '--heuristic', 'hn=novelty(eval=hrb)', '--heuristic', 'hlm=lmcount(lm_rhw(reasonable_orders=true,lm_cost_type=ONE))', '--search', 'iterated([\n                lazy(open=alt([tiebreaking([hn, hrb]), single(hrb,pref_only=true), single(hlm), single(hlm,pref_only=true)], boost=1000),preferred=[hrb,hlm]),\n                lazy_wastar([hrb,hlm],preferred=[hrb,hlm],w=5),\n                lazy_wastar([hrb,hlm],preferred=[hrb,hlm],w=3),\n                lazy_wastar([hrb,hlm],preferred=[hrb,hlm],w=2),\n                lazy_wastar([hrb,hlm],preferred=[hrb,hlm],w=1)\n                ], bound=infinity, repeat_last=true, continue_on_fail=true)', '--if-non-unit-cost', '--heuristic', 'hrb1=RB(dag=greedy_level, extract_plan=true, transform=adapt_costs(one))', '--heuristic', 'hn=novelty(eval=hrb1)', '--heuristic', 'hlm1=lmcount(lm_rhw(reasonable_orders=true,lm_cost_type=one),transform=adapt_costs(one))', '--heuristic', 'hrb2=RB(dag=greedy_level, extract_plan=true, transform=adapt_costs(plusone))', '--heuristic', 'hlm2=lmcount(lm_rhw(reasonable_orders=true,lm_cost_type=plusone),transform=adapt_costs(plusone))', '--search', 'iterated([\n                lazy(open=alt([tiebreaking([hn, hrb1]), single(hrb1,pref_only=true), single(hlm1), single(hlm1,pref_only=true)], boost=1000), preferred=[hrb1,hlm1],\n                            cost_type=one,reopen_closed=false),\n                lazy_greedy([hrb2,hlm2],preferred=[hrb2,hlm2],\n                            reopen_closed=false),\n                lazy_wastar([hrb2,hlm2],preferred=[hrb2,hlm2],w=5),\n                lazy_wastar([hrb2,hlm2],preferred=[hrb2,hlm2],w=3),\n                lazy_wastar([hrb2,hlm2],preferred=[hrb2,hlm2],w=2),\n                lazy_wastar([hrb2,hlm2],preferred=[hrb2,hlm2],w=1)\n                ], bound=infinity, repeat_last=true, continue_on_fail=true)', '--always']
INFO     search time limit: None
INFO     search memory limit: None
INFO     search executable: /planner/builds/release64/bin/downward
INFO     callstring: /planner/builds/release64/bin/downward --if-unit-cost --heuristic 'hrb=RB(dag=greedy_level, extract_plan=true)' --heuristic 'hn=novelty(eval=hrb)' --heuristic 'hlm=lmcount(lm_rhw(reasonable_orders=true,lm_cost_type=ONE))' --search 'iterated([
                lazy(open=alt([tiebreaking([hn, hrb]), single(hrb,pref_only=true), single(hlm), single(hlm,pref_only=true)], boost=1000),preferred=[hrb,hlm]),
                lazy_wastar([hrb,hlm],preferred=[hrb,hlm],w=5),
                lazy_wastar([hrb,hlm],preferred=[hrb,hlm],w=3),
                lazy_wastar([hrb,hlm],preferred=[hrb,hlm],w=2),
                lazy_wastar([hrb,hlm],preferred=[hrb,hlm],w=1)
                ], bound=infinity, repeat_last=true, continue_on_fail=true)' --if-non-unit-cost --heuristic 'hrb1=RB(dag=greedy_level, extract_plan=true, transform=adapt_costs(one))' --heuristic 'hn=novelty(eval=hrb1)' --heuristic 'hlm1=lmcount(lm_rhw(reasonable_orders=true,lm_cost_type=one),transform=adapt_costs(one))' --heuristic 'hrb2=RB(dag=greedy_level, extract_plan=true, transform=adapt_costs(plusone))' --heuristic 'hlm2=lmcount(lm_rhw(reasonable_orders=true,lm_cost_type=plusone),transform=adapt_costs(plusone))' --search 'iterated([
                lazy(open=alt([tiebreaking([hn, hrb1]), single(hrb1,pref_only=true), single(hlm1), single(hlm1,pref_only=true)], boost=1000), preferred=[hrb1,hlm1],
                            cost_type=one,reopen_closed=false),
                lazy_greedy([hrb2,hlm2],preferred=[hrb2,hlm2],
                            reopen_closed=false),
                lazy_wastar([hrb2,hlm2],preferred=[hrb2,hlm2],w=5),
                lazy_wastar([hrb2,hlm2],preferred=[hrb2,hlm2],w=3),
                lazy_wastar([hrb2,hlm2],preferred=[hrb2,hlm2],w=2),
                lazy_wastar([hrb2,hlm2],preferred=[hrb2,hlm2],w=1)
                ], bound=infinity, repeat_last=true, continue_on_fail=true)' --always --internal-plan-file re.out < output.sas
reading input... [t=4.1758e-05s]
done reading input! [t=0.00216647s]
packing state variables...done! [t=0.0021811s]
Variables: 31
FactPairs: 128
Bytes per state: 8
Building successor generator...done! [t=0.00242229s]
peak memory difference for root successor generator creation: 132 KB
time for root successor generation creation: 0.000171962s
done initializing global data [t=0.0024666s]
Simplifying 632 unary operators... done! [632 unary operators]
Initializing additive heuristic...
Initializing FF heuristic...
Initializing extended DTGs
Initializing Red-Black Fact Following heuristic...
Peak memory: 5212 KB
Command '['/planner/builds/release64/bin/downward', '--if-unit-cost', '--heuristic', 'hrb=RB(dag=greedy_level, extract_plan=true)', '--heuristic', 'hn=novelty(eval=hrb)', '--heuristic', 'hlm=lmcount(lm_rhw(reasonable_orders=true,lm_cost_type=ONE))', '--search', 'iterated([\n                lazy(open=alt([tiebreaking([hn, hrb]), single(hrb,pref_only=true), single(hlm), single(hlm,pref_only=true)], boost=1000),preferred=[hrb,hlm]),\n                lazy_wastar([hrb,hlm],preferred=[hrb,hlm],w=5),\n                lazy_wastar([hrb,hlm],preferred=[hrb,hlm],w=3),\n                lazy_wastar([hrb,hlm],preferred=[hrb,hlm],w=2),\n                lazy_wastar([hrb,hlm],preferred=[hrb,hlm],w=1)\n                ], bound=infinity, repeat_last=true, continue_on_fail=true)', '--if-non-unit-cost', '--heuristic', 'hrb1=RB(dag=greedy_level, extract_plan=true, transform=adapt_costs(one))', '--heuristic', 'hn=novelty(eval=hrb1)', '--heuristic', 'hlm1=lmcount(lm_rhw(reasonable_orders=true,lm_cost_type=one),transform=adapt_costs(one))', '--heuristic', 'hrb2=RB(dag=greedy_level, extract_plan=true, transform=adapt_costs(plusone))', '--heuristic', 'hlm2=lmcount(lm_rhw(reasonable_orders=true,lm_cost_type=plusone),transform=adapt_costs(plusone))', '--search', 'iterated([\n                lazy(open=alt([tiebreaking([hn, hrb1]), single(hrb1,pref_only=true), single(hlm1), single(hlm1,pref_only=true)], boost=1000), preferred=[hrb1,hlm1],\n                            cost_type=one,reopen_closed=false),\n                lazy_greedy([hrb2,hlm2],preferred=[hrb2,hlm2],\n                            reopen_closed=false),\n                lazy_wastar([hrb2,hlm2],preferred=[hrb2,hlm2],w=5),\n                lazy_wastar([hrb2,hlm2],preferred=[hrb2,hlm2],w=3),\n                lazy_wastar([hrb2,hlm2],preferred=[hrb2,hlm2],w=2),\n                lazy_wastar([hrb2,hlm2],preferred=[hrb2,hlm2],w=1)\n                ], bound=infinity, repeat_last=true, continue_on_fail=true)', '--always', '--internal-plan-file', 're.out']' returned non-zero exit status 3
INFO     Running translator.
INFO     translator input: ['../../domain1.pddl', '../../problem2.pddl']
INFO     translator arguments: []
INFO     translator time limit: None
INFO     translator memory limit: None
INFO     callstring: /usr/bin/python /planner/builds/release64/bin/translate/translate.py ../../domain1.pddl ../../problem2.pddl
Parsing...
Parsing: [0.010s CPU, 0.004s wall-clock]
Normalizing task... [0.000s CPU, 0.001s wall-clock]
Instantiating...
Generating Datalog program... [0.000s CPU, 0.001s wall-clock]
Normalizing Datalog program...
Trivial rules: Converted to facts.
Normalizing Datalog program: [0.000s CPU, 0.006s wall-clock]
Preparing model... [0.000s CPU, 0.002s wall-clock]
Generated 60 rules.
Computing model... [0.020s CPU, 0.020s wall-clock]
444 relevant atoms
879 auxiliary atoms
1323 final queue length
1671 total queue pushes
Completing instantiation... [0.010s CPU, 0.015s wall-clock]
Instantiating: [0.040s CPU, 0.045s wall-clock]
Computing fact groups...
Finding invariants...
10 initial candidates
Finding invariants: [0.010s CPU, 0.009s wall-clock]
Checking invariant weight... [0.000s CPU, 0.000s wall-clock]
Instantiating groups... [0.000s CPU, 0.001s wall-clock]
Collecting mutex groups... [0.000s CPU, 0.000s wall-clock]
Choosing groups...
37 uncovered facts
Choosing groups: [0.000s CPU, 0.001s wall-clock]
Building translation key... [0.000s CPU, 0.001s wall-clock]
Computing fact groups: [0.010s CPU, 0.013s wall-clock]
Building STRIPS to SAS dictionary... [0.000s CPU, 0.000s wall-clock]
Building dictionary for full mutex groups... [0.000s CPU, 0.000s wall-clock]
Building mutex information...
Building mutex information: [0.000s CPU, 0.000s wall-clock]
Translating task...
Processing axioms...
Simplifying axioms... [0.000s CPU, 0.000s wall-clock]
Processing axioms: [0.000s CPU, 0.002s wall-clock]
Translating task: [0.020s CPU, 0.021s wall-clock]
216 effect conditions simplified
0 implied preconditions added
Detecting unreachable propositions...
0 operators removed
0 axioms removed
6 propositions removed
Detecting unreachable propositions: [0.010s CPU, 0.009s wall-clock]
Reordering and filtering variables...
31 of 43 variables necessary.
13 of 19 mutex groups necessary.
204 of 204 operators necessary.
8 of 8 axiom rules necessary.
Reordering and filtering variables: [0.000s CPU, 0.004s wall-clock]
Translator variables: 31
Translator derived variables: 6
Translator facts: 128
Translator goal facts: 5
Translator mutex groups: 13
Translator total mutex groups size: 91
Translator operators: 204
Translator axioms: 8
Translator task size: 1653
Translator peak memory: 25960 KB
Writing output... [0.010s CPU, 0.004s wall-clock]
Done! [0.100s CPU, 0.103s wall-clock]
Error running with transform-task option, trying without
best cost: infinity
number of previous plans: 0
['/planner/fast-downward.py', '--build', 'release64', '--plan-file', 're.out', 'output.sas', '--if-unit-cost', '--heuristic', 'hrb=RB(dag=greedy_level, extract_plan=true)', '--heuristic', 'hn=novelty(eval=hrb)', '--heuristic', 'hlm=lmcount(lm_rhw(reasonable_orders=true,lm_cost_type=ONE))', '--search', 'iterated([\n                lazy(open=alt([tiebreaking([hn, hrb]), single(hrb,pref_only=true), single(hlm), single(hlm,pref_only=true)], boost=1000),preferred=[hrb,hlm]),\n                lazy_wastar([hrb,hlm],preferred=[hrb,hlm],w=5),\n                lazy_wastar([hrb,hlm],preferred=[hrb,hlm],w=3),\n                lazy_wastar([hrb,hlm],preferred=[hrb,hlm],w=2),\n                lazy_wastar([hrb,hlm],preferred=[hrb,hlm],w=1)\n                ], bound=infinity, repeat_last=true, continue_on_fail=true)', '--if-non-unit-cost', '--heuristic', 'hrb1=RB(dag=greedy_level, extract_plan=true, transform=adapt_costs(one))', '--heuristic', 'hn=novelty(eval=hrb1)', '--heuristic', 'hlm1=lmcount(lm_rhw(reasonable_orders=true,lm_cost_type=one),transform=adapt_costs(one))', '--heuristic', 'hrb2=RB(dag=greedy_level, extract_plan=true, transform=adapt_costs(plusone))', '--heuristic', 'hlm2=lmcount(lm_rhw(reasonable_orders=true,lm_cost_type=plusone),transform=adapt_costs(plusone))', '--search', 'iterated([\n                lazy(open=alt([tiebreaking([hn, hrb1]), single(hrb1,pref_only=true), single(hlm1), single(hlm1,pref_only=true)], boost=1000), preferred=[hrb1,hlm1],\n                            cost_type=one,reopen_closed=false),\n                lazy_greedy([hrb2,hlm2],preferred=[hrb2,hlm2],\n                            reopen_closed=false),\n                lazy_wastar([hrb2,hlm2],preferred=[hrb2,hlm2],w=5),\n                lazy_wastar([hrb2,hlm2],preferred=[hrb2,hlm2],w=3),\n                lazy_wastar([hrb2,hlm2],preferred=[hrb2,hlm2],w=2),\n                lazy_wastar([hrb2,hlm2],preferred=[hrb2,hlm2],w=1)\n                ], bound=infinity, repeat_last=true, continue_on_fail=true)', '--always']
INFO     Running search (release64).
INFO     search input: output.sas
INFO     search arguments: ['--if-unit-cost', '--heuristic', 'hrb=RB(dag=greedy_level, extract_plan=true)', '--heuristic', 'hn=novelty(eval=hrb)', '--heuristic', 'hlm=lmcount(lm_rhw(reasonable_orders=true,lm_cost_type=ONE))', '--search', 'iterated([\n                lazy(open=alt([tiebreaking([hn, hrb]), single(hrb,pref_only=true), single(hlm), single(hlm,pref_only=true)], boost=1000),preferred=[hrb,hlm]),\n                lazy_wastar([hrb,hlm],preferred=[hrb,hlm],w=5),\n                lazy_wastar([hrb,hlm],preferred=[hrb,hlm],w=3),\n                lazy_wastar([hrb,hlm],preferred=[hrb,hlm],w=2),\n                lazy_wastar([hrb,hlm],preferred=[hrb,hlm],w=1)\n                ], bound=infinity, repeat_last=true, continue_on_fail=true)', '--if-non-unit-cost', '--heuristic', 'hrb1=RB(dag=greedy_level, extract_plan=true, transform=adapt_costs(one))', '--heuristic', 'hn=novelty(eval=hrb1)', '--heuristic', 'hlm1=lmcount(lm_rhw(reasonable_orders=true,lm_cost_type=one),transform=adapt_costs(one))', '--heuristic', 'hrb2=RB(dag=greedy_level, extract_plan=true, transform=adapt_costs(plusone))', '--heuristic', 'hlm2=lmcount(lm_rhw(reasonable_orders=true,lm_cost_type=plusone),transform=adapt_costs(plusone))', '--search', 'iterated([\n                lazy(open=alt([tiebreaking([hn, hrb1]), single(hrb1,pref_only=true), single(hlm1), single(hlm1,pref_only=true)], boost=1000), preferred=[hrb1,hlm1],\n                            cost_type=one,reopen_closed=false),\n                lazy_greedy([hrb2,hlm2],preferred=[hrb2,hlm2],\n                            reopen_closed=false),\n                lazy_wastar([hrb2,hlm2],preferred=[hrb2,hlm2],w=5),\n                lazy_wastar([hrb2,hlm2],preferred=[hrb2,hlm2],w=3),\n                lazy_wastar([hrb2,hlm2],preferred=[hrb2,hlm2],w=2),\n                lazy_wastar([hrb2,hlm2],preferred=[hrb2,hlm2],w=1)\n                ], bound=infinity, repeat_last=true, continue_on_fail=true)', '--always']
INFO     search time limit: None
INFO     search memory limit: None
INFO     search executable: /planner/builds/release64/bin/downward
INFO     callstring: /planner/builds/release64/bin/downward --if-unit-cost --heuristic 'hrb=RB(dag=greedy_level, extract_plan=true)' --heuristic 'hn=novelty(eval=hrb)' --heuristic 'hlm=lmcount(lm_rhw(reasonable_orders=true,lm_cost_type=ONE))' --search 'iterated([
                lazy(open=alt([tiebreaking([hn, hrb]), single(hrb,pref_only=true), single(hlm), single(hlm,pref_only=true)], boost=1000),preferred=[hrb,hlm]),
                lazy_wastar([hrb,hlm],preferred=[hrb,hlm],w=5),
                lazy_wastar([hrb,hlm],preferred=[hrb,hlm],w=3),
                lazy_wastar([hrb,hlm],preferred=[hrb,hlm],w=2),
                lazy_wastar([hrb,hlm],preferred=[hrb,hlm],w=1)
                ], bound=infinity, repeat_last=true, continue_on_fail=true)' --if-non-unit-cost --heuristic 'hrb1=RB(dag=greedy_level, extract_plan=true, transform=adapt_costs(one))' --heuristic 'hn=novelty(eval=hrb1)' --heuristic 'hlm1=lmcount(lm_rhw(reasonable_orders=true,lm_cost_type=one),transform=adapt_costs(one))' --heuristic 'hrb2=RB(dag=greedy_level, extract_plan=true, transform=adapt_costs(plusone))' --heuristic 'hlm2=lmcount(lm_rhw(reasonable_orders=true,lm_cost_type=plusone),transform=adapt_costs(plusone))' --search 'iterated([
                lazy(open=alt([tiebreaking([hn, hrb1]), single(hrb1,pref_only=true), single(hlm1), single(hlm1,pref_only=true)], boost=1000), preferred=[hrb1,hlm1],
                            cost_type=one,reopen_closed=false),
                lazy_greedy([hrb2,hlm2],preferred=[hrb2,hlm2],
                            reopen_closed=false),
                lazy_wastar([hrb2,hlm2],preferred=[hrb2,hlm2],w=5),
                lazy_wastar([hrb2,hlm2],preferred=[hrb2,hlm2],w=3),
                lazy_wastar([hrb2,hlm2],preferred=[hrb2,hlm2],w=2),
                lazy_wastar([hrb2,hlm2],preferred=[hrb2,hlm2],w=1)
                ], bound=infinity, repeat_last=true, continue_on_fail=true)' --always --internal-plan-file re.out < output.sas
reading input... [t=4.3843e-05s]
done reading input! [t=0.002201s]
packing state variables...done! [t=0.00221879s]
Variables: 31
FactPairs: 128
Bytes per state: 8
Building successor generator...done! [t=0.0024737s]
peak memory difference for root successor generator creation: 132 KB
time for root successor generation creation: 0.000169307s
done initializing global data [t=0.0025179s]
Simplifying 632 unary operators... done! [632 unary operators]
Initializing additive heuristic...
Initializing FF heuristic...
Initializing extended DTGs
Initializing Red-Black Fact Following heuristic...
Peak memory: 5212 KB
Command '['/planner/builds/release64/bin/downward', '--if-unit-cost', '--heuristic', 'hrb=RB(dag=greedy_level, extract_plan=true)', '--heuristic', 'hn=novelty(eval=hrb)', '--heuristic', 'hlm=lmcount(lm_rhw(reasonable_orders=true,lm_cost_type=ONE))', '--search', 'iterated([\n                lazy(open=alt([tiebreaking([hn, hrb]), single(hrb,pref_only=true), single(hlm), single(hlm,pref_only=true)], boost=1000),preferred=[hrb,hlm]),\n                lazy_wastar([hrb,hlm],preferred=[hrb,hlm],w=5),\n                lazy_wastar([hrb,hlm],preferred=[hrb,hlm],w=3),\n                lazy_wastar([hrb,hlm],preferred=[hrb,hlm],w=2),\n                lazy_wastar([hrb,hlm],preferred=[hrb,hlm],w=1)\n                ], bound=infinity, repeat_last=true, continue_on_fail=true)', '--if-non-unit-cost', '--heuristic', 'hrb1=RB(dag=greedy_level, extract_plan=true, transform=adapt_costs(one))', '--heuristic', 'hn=novelty(eval=hrb1)', '--heuristic', 'hlm1=lmcount(lm_rhw(reasonable_orders=true,lm_cost_type=one),transform=adapt_costs(one))', '--heuristic', 'hrb2=RB(dag=greedy_level, extract_plan=true, transform=adapt_costs(plusone))', '--heuristic', 'hlm2=lmcount(lm_rhw(reasonable_orders=true,lm_cost_type=plusone),transform=adapt_costs(plusone))', '--search', 'iterated([\n                lazy(open=alt([tiebreaking([hn, hrb1]), single(hrb1,pref_only=true), single(hlm1), single(hlm1,pref_only=true)], boost=1000), preferred=[hrb1,hlm1],\n                            cost_type=one,reopen_closed=false),\n                lazy_greedy([hrb2,hlm2],preferred=[hrb2,hlm2],\n                            reopen_closed=false),\n                lazy_wastar([hrb2,hlm2],preferred=[hrb2,hlm2],w=5),\n                lazy_wastar([hrb2,hlm2],preferred=[hrb2,hlm2],w=3),\n                lazy_wastar([hrb2,hlm2],preferred=[hrb2,hlm2],w=2),\n                lazy_wastar([hrb2,hlm2],preferred=[hrb2,hlm2],w=1)\n                ], bound=infinity, repeat_last=true, continue_on_fail=true)', '--always', '--internal-plan-file', 're.out']' returned non-zero exit status 3
