0 : (check-path t0 t1)
1 : (check-path t0 t5)
2 : (check-path t1 t2)
3 : (check-path t2 t3)
4 : (check-path t3 t4)
5 : (check-path t5 t6)
6 : (check-path v1 t0)
7 : (check-path v2 v1)
8 : (check-path v3 v2)
9 : (check-path v4 v3)
10 : (check-path v5 v4)
11 : (check-path t0 t1)
12 : (check-path t0 t2)
13 : (check-path t0 t5)
14 : (check-path t0 t6)
15 : (check-path t1 t2)
16 : (check-path t1 t3)
17 : (check-path t2 t3)
18 : (check-path t2 t4)
19 : (check-path t3 t4)
20 : (check-path t5 t6)
21 : (check-path v1 t0)
22 : (check-path v1 t1)
23 : (check-path v1 t5)
24 : (check-path v2 v1)
25 : (check-path v3 v2)
26 : (check-path v4 v3)
27 : (check-path v5 v4)
28 : (check-path t0 t1)
29 : (check-path t0 t3)
30 : (check-path t0 t5)
31 : (check-path t1 t2)
32 : (check-path t1 t4)
33 : (check-path t2 t3)
34 : (check-path t3 t4)
35 : (check-path t5 t6)
36 : (check-path v1 t0)
37 : (check-path v1 t2)
38 : (check-path v1 t6)
39 : (check-path v2 t0)
40 : (check-path v2 t1)
41 : (check-path v2 t5)
42 : (check-path v2 v1)
43 : (check-path v3 v1)
44 : (check-path v3 v2)
45 : (check-path v4 v2)
46 : (check-path v4 v3)
47 : (check-path v5 v4)
48 : (check-path t0 t1)
49 : (check-path t0 t4)
50 : (check-path t0 t5)
51 : (check-path t1 t2)
52 : (check-path t2 t3)
53 : (check-path t3 t4)
54 : (check-path t5 t6)
55 : (check-path v1 t0)
56 : (check-path v1 t3)
57 : (check-path v2 t2)
58 : (check-path v2 t6)
59 : (check-path v2 v1)
60 : (check-path v3 t0)
61 : (check-path v3 t1)
62 : (check-path v3 t5)
63 : (check-path v3 v2)
64 : (check-path v4 v1)
65 : (check-path v4 v3)
66 : (check-path v5 v4)
67 : (check-path t0 t1)
68 : (check-path t0 t5)
69 : (check-path t1 t2)
70 : (check-path t2 t3)
71 : (check-path t3 t4)
72 : (check-path t5 t6)
73 : (check-path v1 t0)
74 : (check-path v1 t4)
75 : (check-path v2 t3)
76 : (check-path v2 v1)
77 : (check-path v3 t2)
78 : (check-path v3 t6)
79 : (check-path v3 v2)
80 : (check-path v4 t0)
81 : (check-path v4 t5)
82 : (check-path v4 v3)
83 : (check-path v5 v2)
84 : (check-path v5 v4)
85 : (check-path t0 t1)
86 : (check-path t0 t5)
87 : (check-path t1 t2)
88 : (check-path t2 t3)
89 : (check-path t3 t4)
90 : (check-path t5 t6)
91 : (check-path v1 t0)
92 : (check-path v2 t4)
93 : (check-path v2 v1)
94 : (check-path v3 t3)
95 : (check-path v3 v2)
96 : (check-path v4 t1)
97 : (check-path v4 t2)
98 : (check-path v4 t6)
99 : (check-path v4 v3)
100 : (check-path v5 t5)
101 : (check-path v5 v4)
102 : (move-from-arrival-to-track train1 v1 t0 t3 t4 track1)
103 : (check-path t0 t1)
104 : (check-path t0 t5)
105 : (check-path t1 t2)
106 : (check-path t2 t3)
107 : (check-path t3 t4)
108 : (check-path t5 t6)
109 : (check-path v1 t0)
110 : (check-path v2 v1)
111 : (check-path v3 t4)
112 : (check-path v3 v2)
113 : (check-path v4 t3)
114 : (check-path v4 v3)
115 : (check-path v5 t2)
116 : (check-path v5 t6)
117 : (check-path v5 v4)
118 : (check-path v6 v2)
119 : (check-path v6 v4)
120 : (move-from-arrival-to-track train2 v2 v1 t5 t6 track2)
121 : (check-path v4 t4)
122 : (check-path v5 t0)
123 : (check-path v5 t1)
124 : (check-path v5 t3)
125 : (check-path v5 v1)
126 : (check-path v5 v3)
127 : (check-path v6 t2)
128 : (check-path v6 t5)
129 : (check-path v6 t6)
130 : (move-from-arrival-to-track train3 v3 v2 t0 t5 track2)
131 : (check-path v3 t1)
132 : (check-path v5 t4)
133 : (check-path v5 v2)
134 : (check-path v6 t0)
135 : (check-path v6 t1)
136 : (check-path v6 t3)
137 : (check-path v6 v1)
138 : (check-path v6 v3)
139 : (check-path v6 v5)
140 : (move-from-arrival-to-track train4 v4 v3 t2 t3 track1)
141 : (move-from-arrival-to-track train5 v5 v4 t1 t2 track1)
142 : (check-path v6 t4)
143 : (move-from-arrival-to-track train6 v6 v5 t0 t1 track1)
144 : (check-path v6 t4)
145 : (move-from-track-to-departure train3 t5 t0 v5 v6 track2)
146 : (move-from-track-to-departure train2 t6 t5 v4 v5 track2)
147 : (check-path t0 t1)
148 : (check-path t0 t5)
149 : (check-path t1 t2)
150 : (check-path t2 t3)
151 : (check-path t3 t4)
152 : (check-path t5 t6)
153 : (check-path v1 t0)
154 : (check-path v2 v1)
155 : (check-path v3 v2)
156 : (check-path v4 v3)
157 : (check-path v5 v4)
158 : (check-path v6 v5)
159 : (move-from-track-to-departure train6 t1 t0 v3 v4 track1)
160 : (check-path t0 t1)
161 : (check-path t0 t2)
162 : (check-path t0 t3)
163 : (check-path t0 t4)
164 : (check-path t0 t5)
165 : (check-path t0 t6)
166 : (check-path t1 t2)
167 : (check-path t1 t3)
168 : (check-path t1 t4)
169 : (check-path t2 t3)
170 : (check-path t2 t4)
171 : (check-path t3 t4)
172 : (check-path t5 t6)
173 : (check-path v1 t0)
174 : (check-path v1 t1)
175 : (check-path v1 t2)
176 : (check-path v1 t3)
177 : (check-path v1 t4)
178 : (check-path v1 t5)
179 : (check-path v1 t6)
180 : (check-path v2 t1)
181 : (check-path v2 t2)
182 : (check-path v2 t3)
183 : (check-path v2 t4)
184 : (check-path v2 t5)
185 : (check-path v2 t6)
186 : (check-path v2 v1)
187 : (check-path v3 t1)
188 : (check-path v3 t2)
189 : (check-path v3 t3)
190 : (check-path v3 t4)
191 : (check-path v3 t5)
192 : (check-path v3 t6)
193 : (check-path v3 v2)
194 : (check-path v4 t1)
195 : (check-path v4 t2)
196 : (check-path v4 t3)
197 : (check-path v4 t4)
198 : (check-path v4 t5)
199 : (check-path v4 t6)
200 : (check-path v4 v3)
201 : (check-path v5 v4)
202 : (check-path v6 v5)
203 : (move-from-arrival-to-track train6 v4 v3 t5 t6 track2)
204 : (check-path t0 t1)
205 : (check-path t0 t5)
206 : (check-path t1 t2)
207 : (check-path t2 t3)
208 : (check-path t3 t4)
209 : (check-path t5 t6)
210 : (check-path v1 t0)
211 : (check-path v2 v1)
212 : (check-path v3 v2)
213 : (check-path v4 v3)
214 : (check-path v5 v4)
215 : (check-path v6 v5)
216 : (move-from-track-to-departure train5 t2 t1 v3 v4 track1)
217 : (check-path t0 t1)
218 : (check-path t0 t2)
219 : (check-path t0 t5)
220 : (check-path t0 t6)
221 : (check-path t1 t2)
222 : (check-path t1 t3)
223 : (check-path t2 t3)
224 : (check-path t2 t4)
225 : (check-path t3 t4)
226 : (check-path t5 t6)
227 : (check-path v1 t0)
228 : (check-path v1 t1)
229 : (check-path v1 t5)
230 : (check-path v2 t0)
231 : (check-path v2 v1)
232 : (check-path v3 v1)
233 : (check-path v3 v2)
234 : (check-path v4 v2)
235 : (check-path v4 v3)
236 : (check-path v5 v3)
237 : (check-path v5 v4)
238 : (check-path v6 v4)
239 : (check-path v6 v5)
240 : (move-from-track-to-departure train4 t3 t2 v2 v3 track1)
241 : (check-path t0 t1)
242 : (check-path t0 t2)
243 : (check-path t0 t3)
244 : (check-path t0 t5)
245 : (check-path t0 t6)
246 : (check-path t1 t2)
247 : (check-path t1 t3)
248 : (check-path t1 t4)
249 : (check-path t2 t3)
250 : (check-path t2 t4)
251 : (check-path t3 t4)
252 : (check-path t5 t6)
253 : (check-path v1 t0)
254 : (check-path v1 t1)
255 : (check-path v1 t2)
256 : (check-path v1 t5)
257 : (check-path v1 t6)
258 : (check-path v2 t0)
259 : (check-path v2 t1)
260 : (check-path v2 t5)
261 : (check-path v2 v1)
262 : (check-path v3 t0)
263 : (check-path v3 v1)
264 : (check-path v3 v2)
265 : (check-path v4 v1)
266 : (check-path v4 v2)
267 : (check-path v4 v3)
268 : (check-path v5 v2)
269 : (check-path v5 v3)
270 : (check-path v5 v4)
271 : (check-path v6 v3)
272 : (check-path v6 v4)
273 : (check-path v6 v5)
274 : (move-from-track-to-departure train1 t4 t3 v1 v2 track1)
275 : (check-path t0 t1)
276 : (check-path t0 t2)
277 : (check-path t0 t3)
278 : (check-path t0 t4)
279 : (check-path t0 t5)
280 : (check-path t0 t6)
281 : (check-path t1 t2)
282 : (check-path t1 t3)
283 : (check-path t1 t4)
284 : (check-path t2 t3)
285 : (check-path t2 t4)
286 : (check-path t3 t4)
287 : (check-path t5 t6)
288 : (check-path v1 t0)
289 : (check-path v1 t1)
290 : (check-path v1 t2)
291 : (check-path v1 t3)
292 : (check-path v1 t5)
293 : (check-path v1 t6)
294 : (check-path v2 t0)
295 : (check-path v2 t1)
296 : (check-path v2 t2)
297 : (check-path v2 t5)
298 : (check-path v2 t6)
299 : (check-path v2 v1)
300 : (check-path v3 t0)
301 : (check-path v3 t1)
302 : (check-path v3 t5)
303 : (check-path v3 v1)
304 : (check-path v3 v2)
305 : (check-path v4 t0)
306 : (check-path v4 v1)
307 : (check-path v4 v2)
308 : (check-path v4 v3)
309 : (check-path v5 v1)
310 : (check-path v5 v2)
311 : (check-path v5 v3)
312 : (check-path v5 v4)
313 : (check-path v6 v2)
314 : (check-path v6 v3)
315 : (check-path v6 v4)
316 : (check-path v6 v5)
317 : (move-from-track-to-departure train6 t6 t5 t0 v1 track2)
