Straring problem8 with setting 0 at 2023-06-22 14:35:40.258

ff: parsing domain file
domain 'TUSD' defined
 ... done.
ff: parsing problem file
problem 'PROBLEM8' defined
 ... done.



ff: search configuration is Enforced Hill-Climbing, if that fails then best-first search.
Metric is plan length.
NO COST MINIMIZATION (and no cost-minimizing relaxed plans).

Cueing down from goal distance:   27 into depth [1][2][3]
                                  23            [1][2]
                                  20            [1][2]
                                  19            [1][2][3][4][5][6]
                                  15            [1][2]
                                  13            [1][2]
                                  11            [1][2]
                                   9            [1] --- pruning stopped --- [1][2][3][4][5][6][7][8][9][10][11][12][13][14][15][16][17][18][19][20][21]

Enforced Hill-climbing failed !
switching to Best-first Search now.


advancing to goal distance:   27
                              23
                              22