Straring problem9 with setting 0 at 2023-06-22 16:26:31.333

ff: parsing domain file
domain 'TUSD' defined
 ... done.
ff: parsing problem file
problem 'PROBLEM9' defined
 ... done.



ff: search configuration is Enforced Hill-Climbing, if that fails then best-first search.
Metric is plan length.
NO COST MINIMIZATION (and no cost-minimizing relaxed plans).

Cueing down from goal distance:   61 into depth [1]
                                  31            [1]
                                  30            [1]
                                  26            [1][2]
                                  23            [1][2]
                                  21            [1][2][3][4][5][6] --- pruning stopped --- [1][2][3][4][5][6][7][8][9]
                                  20            [1][2]
                                  16            [1][2]
                                  14            [1][2]
                                  12            [1]
                                  11            [1][2]
                                   8            [1][2]
                                   6            [1][2] --- pruning stopped --- [1][2][3][4][5][6][7][8][9][10][11][12][13]

Enforced Hill-climbing failed !
switching to Best-first Search now.


advancing to goal distance:   61
                              31
                              29-e Execution of problem9 with setting 0 stopped at 2023-06-22 16:56:31.350
Total time elapsed = 00:30:00.017000000
