Straring problem5 with setting 0 at 2023-06-21 00:33:24.647

ff: parsing domain file
domain 'TUSD' defined
 ... done.
ff: parsing problem file
problem 'PROBLEM5' defined
 ... done.



ff: search configuration is Enforced Hill-Climbing, if that fails then best-first search.
Metric is plan length.
NO COST MINIMIZATION (and no cost-minimizing relaxed plans).

Cueing down from goal distance:   23 into depth [1][2]
                                  22            [1]
                                  14            [1][2]
                                  13            [1][2]
                                  11            [1]
                                   9            [1][2][3]
                                   8            [1][2]
                                   6            [1][2] --- pruning stopped --- [1][2][3][4][5][6][7][8][9][10][11][12][13]

Enforced Hill-climbing failed !
switching to Best-first Search now.


advancing to goal distance:   23
                              21-e Execution of problem5 with setting 0 stopped at 2023-06-21 01:03:24.660
Total time elapsed = 00:30:00.013000000
