../../domain1.pddl
../../problem2.pddl
re.out
/home/simbachiu/rail-planning/domain1/3-PT-MSR

Functions: ( :functions ( total-cost ) )  |

Action cost: switch-to-next-train | ( increase ( total-cost ) 1 )  | 0
Action cost: move-from-arrival | ( increase ( total-cost ) 1 )  | 1
Action cost: move-to-departure | ( increase ( total-cost ) 1 )  | 1
Action cost: move-to-track | ( increase ( total-cost ) 1 )  | 1
Action cost: move-from-track | ( increase ( total-cost ) 1 )  | 0

Fluent: ( = ( total-cost ) 0 ) 

Metric: ( :metric minimize ( total-cost ) ) 


ff: parsing domain file
domain 'DOMAIN1' defined
 ... done.
ff: parsing problem file
problem 'PROBLEM2' defined
 ... done.



putting out grounded STRIPS task, 155 facts
into ``domain_wce.txt'' and ``facts_wce.txt''
encoding of conditional effects:
according to Gazen/Knoblock, exponential, NO increase in plan length


Functions: ( :functions ( total-cost ) )  

Action cost: SWITCH-TO-NEXT-TRAIN | ( increase ( total-cost ) 1 )
Action cost: MOVE-FROM-ARRIVAL | ( increase ( total-cost ) 1 )
Action cost: MOVE-TO-DEPARTURE | ( increase ( total-cost ) 1 )
Action cost: MOVE-TO-TRACK | ( increase ( total-cost ) 1 )
Action cost: MOVE-FROM-TRACK | ( increase ( total-cost ) 1 )

Metric: ( :metric minimize ( total-cost ) )  

Fluent: ( = ( total-cost ) 0 )  
/planner/src/parser
/home/simbachiu/rail-planning/domain1/3-PT-MSR

original_domain: /home/simbachiu/rail-planning/domain1/3-PT-MSR/domain1.pddl
domain_wac: /home/simbachiu/rail-planning/domain1/3-PT-MSR/domain_without_action_costs.txt
domain_wce: /home/simbachiu/rail-planning/domain1/3-PT-MSR/domain_wce.txt
domain_ready: /home/simbachiu/rail-planning/domain1/3-PT-MSR/domain_ready.txt

original_problem: /home/simbachiu/rail-planning/domain1/3-PT-MSR/problem2.pddl
problem_wac: /home/simbachiu/rail-planning/domain1/3-PT-MSR/problem_without_action_costs.txt
problem_wce: /home/simbachiu/rail-planning/domain1/3-PT-MSR/facts_wce.txt
problem_ready: /home/simbachiu/rail-planning/domain1/3-PT-MSR/problem_ready.txt

action_costs_domain_file: /home/simbachiu/rail-planning/domain1/3-PT-MSR/action_costs_from_domain_file.txt
action_costs_problem_file: /home/simbachiu/rail-planning/domain1/3-PT-MSR/action_costs_from_problem_file.txt



Action costs processed.


highest number of when per action: 1


Conditional effects compiled.


Action costs restored.

Parsing...
Parsing: [0.280s CPU, 0.281s wall-clock]
Normalizing task... [0.040s CPU, 0.040s wall-clock]
Instantiating...
Generating Datalog program... [0.030s CPU, 0.025s wall-clock]
Normalizing Datalog program...
Normalizing Datalog program: [0.090s CPU, 0.090s wall-clock]
Preparing model... [0.070s CPU, 0.073s wall-clock]
Generated 3189 rules.
Computing model... [0.020s CPU, 0.023s wall-clock]
709 relevant atoms
0 auxiliary atoms
709 final queue length
3228 total queue pushes
Completing instantiation... [0.060s CPU, 0.067s wall-clock]
Instantiating: [0.280s CPU, 0.285s wall-clock]
Computing fact groups...
Finding invariants...
155 initial candidates
Finding invariants: [17.580s CPU, 17.588s wall-clock]
Checking invariant weight... [0.000s CPU, 0.001s wall-clock]
Instantiating groups... [0.000s CPU, 0.000s wall-clock]
Collecting mutex groups... [0.000s CPU, 0.000s wall-clock]
Choosing groups...
73 uncovered facts
Choosing groups: [0.000s CPU, 0.001s wall-clock]
Building translation key... [0.000s CPU, 0.000s wall-clock]
Computing fact groups: [17.580s CPU, 17.597s wall-clock]
Building STRIPS to SAS dictionary... [0.000s CPU, 0.000s wall-clock]
Building dictionary for full mutex groups... [0.010s CPU, 0.000s wall-clock]
Building mutex information...
not in strips_to_sas, left out: Atom trackheader-t0-track1()
Building mutex information: [0.000s CPU, 0.001s wall-clock]
Translating task...
Processing axioms...
Simplifying axioms... [0.000s CPU, 0.000s wall-clock]
Processing axioms: [0.000s CPU, 0.006s wall-clock]
Translating task: [0.040s CPU, 0.042s wall-clock]
0 implied effects removed
906 effect conditions simplified
0 implied preconditions added
Detecting unreachable propositions...
0 operators removed
13 propositions removed
Detecting unreachable propositions: [0.000s CPU, 0.007s wall-clock]
/home/simbachiu/rail-planning/domain1/3-PT-MSR
************
1,0,1,1,0,0233,359
grounded-strips-domain1,grounded-strips-problem2,2,1,0,156,1,40,1,556,0,1,3189,709,0,709,3228,-1,-1,-1,0,906,0,92,0,233,91,359,370,7807
End the translate
Translator variables: 92
Translator derived variables: 0
Translator facts: 233
Translator mutex groups: 91
Translator total mutex groups size: 359
Translator operators: 370
Translator task size: 7807
Translator peak memory: 240400 KB
Writing output... [0.000s CPU, 0.008s wall-clock]
Done! [18.240s CPU, 18.264s wall-clock]
*** do not perform relevance analysis ***
Building causal graph...
The causal graph is not acyclic.
92 variables of 92 necessary
59 of 91 mutex groups necessary.
370 of 370 operators necessary.
0 of 0 axiom rules necessary.
Building domain transition graphs...
solveable in poly time 0
Building successor generator...
Preprocessor facts: 233
Preprocessor derived variables: 0
Preprocessor task size: 7673
Writing output...
 esto  no me sale

statistics DTG
92,1, 2546, 29220, 0.0361351, 11.4768, 317.609, 0.0108696, 
78, 27.6739, 22.3525, 50, 27.6739, 13.0959, 2324, 317.609, 575.614,1282, 317.609, 337.287
, 0, 0, 0, 192, 2.08696, 19.9083, 0, 0, 0, 192, 2.08696,19.9083,
233, 1908, 21226, 0.0898898, 0.122117, 1, 44, 8.85631, 0.206248, 
44, 8.85631, 0.206248, 120, 21.5159,0.103124, 120,21.5159, 0.206248
--
92,0.0108696, 22.3525, 27.6739, 2324, 317.609,19.9083, 0,233, 1908, 120
done


ff: parsing domain file
domain 'GROUNDED-STRIPS-DOMAIN1' defined
 ... done.
ff: parsing problem file
problem 'GROUNDED-STRIPS-PROBLEM2' defined
 ... done.



no optimization required. skipping criterion.


no metric specified. plan length assumed.

checking for cyclic := effects --- OK.

Evaluation function 1.000000*g(s) + 3.000000*h(s) where
 metric is plan length

 INITIAL STATE FEEATURES

 num_relevant_facts: 152 
 num_actions: 556 
 rp_fact_balance_min:  -5
 rp_fact_balance_avg:  0.026316
 rp_fact_balance_var:  1.658104
 rp_goal_balance_min:  1
 rp_goal_balance_avg:  1.000000
 rp_goal_balance_var:  0.000000

 Planning Graph Fact Serie:		 39 15 12 13 14 11 11 36 1
 Relaxed Plan Add Serie:		 0 22 12 18 18 18 18 25 1
 Relaxed Plan Del Serie:		 0 20 11 18 18 18 18 25 0
 Achieved Goal Serie:			 0 0 0 0 0 0 0 0 1
 Applicable Action Serie:		 7 37 7 9 6 6 252 232 0
 Unbalance Fact Serie:			 0 6 7 13 17 23 29 1 0
 Balance Fact Serie:			 39 26 16 14 13 13 13 30 1

 Num relevant ops: 556
balance Ratio: 20.849
Unbalance Ratio: 14.691
Balance Distorsion: 409
Balance Distorsion: 409
 h_ff: 27
 h_max: 8
 h_ffratio     3.38/home/simbachiu/rail-planning/domain1/3-PT-MSR
***

/home/simbachiu/rail-planning/domain1/3-PT-MSR/initfeature-info.txt

*******

initfeature-info.txt

Parsing... [0.220s CPU, 0.228s wall-clock]
Instantiating...
Normalizing task... [0.050s CPU, 0.050s wall-clock]
Generating Datalog program... [0.040s CPU, 0.025s wall-clock]
Normalizing Datalog program...
Normalizing Datalog program: [0.040s CPU, 0.047s wall-clock]
Preparing model... [0.080s CPU, 0.078s wall-clock]
Generated 3189 rules.
Computing model... [0.020s CPU, 0.022s wall-clock]
709 relevant atoms
0 auxiliary atoms
709 final queue length
3228 total queue pushes
Completing instantiation... [0.070s CPU, 0.066s wall-clock]
Instantiating: [0.300s CPU, 0.294s wall-clock]
Computing fact groups...
Finding invariants...
155 initial candidates
Finding invariants: [17.500s CPU, 17.506s wall-clock]
Checking invariant weight... [0.000s CPU, 0.001s wall-clock]
Instantiating groups... [0.000s CPU, 0.000s wall-clock]
Collecting mutex groups... [0.000s CPU, 0.000s wall-clock]
Choosing groups...
74 uncovered facts
Choosing groups: [0.000s CPU, 0.001s wall-clock]
Building translation key... [0.000s CPU, 0.000s wall-clock]
Computing fact groups: [17.500s CPU, 17.513s wall-clock]
Building STRIPS to SAS dictionary... [0.000s CPU, 0.000s wall-clock]
Building dictionary for full mutex groups... [0.000s CPU, 0.000s wall-clock]
Building mutex information...
not in strips_to_sas, left out: Atom trackheader-t0-track1()
not in strips_to_sas, left out: Atom trackheader-t0-track1()
not in strips_to_sas, left out: Atom trackheader-t0-track1()
Building mutex information: [0.000s CPU, 0.001s wall-clock]
Translating task...
Processing axioms...
Simplifying axioms... [0.000s CPU, 0.000s wall-clock]
Processing axioms: [0.010s CPU, 0.005s wall-clock]
Translating task: [0.040s CPU, 0.035s wall-clock]
12 implied effects removed
198 effect conditions simplified
0 implied preconditions added
Detecting unreachable propositions...
6 operators removed
14 propositions removed
Detecting unreachable propositions: [0.010s CPU, 0.007s wall-clock]
Translator variables: 92
Translator derived variables: 0
Translator facts: 232
Translator mutex groups: 108
Translator total mutex groups size: 409
Translator operators: 370
Translator task size: 7840
/home/simbachiu/rail-planning/domain1/3-PT-MSR
************
Writing output... [0.000s CPU, 0.005s wall-clock]
Done! [18.070s CPU, 18.086s wall-clock]
Building causal graph...
The causal graph is not acyclic.
75 variables of 92 necessary
50 of 108 mutex groups necessary.
370 of 370 operators necessary.
0 of 0 axiom rules necessary.
Building domain transition graphs...
solveable in poly time 0
Building successor generator...
Preprocessor facts: 198
Preprocessor derived variables: 0
Preprocessor task size: 7436
Writing output...
done

/home/simbachiu/rail-planning/domain1/3-PT-MSR/translateFile
/home/simbachiu/rail-planning/domain1/3-PT-MSR/features.arff
No file in preprocess
/home/simbachiu/rail-planning/domain1/3-PT-MSR/initfeature-info.txt
No file in fflearner
/home/simbachiu/rail-planning/domain1/3-PT-MSR/landmark.arff
No file in landmarks
/home/simbachiu/rail-planning/domain1/3-PT-MSR/red-black
No file in red-black
/home/simbachiu/rail-planning/domain1/3-PT-MSR/tmp_results
No file in heuristics
grounded-strips-domain1,grounded-strips-problem2,2,1,0,156,1,40,1,556,0,1,3189,709,0,709,3228,0,906,0,92,0,233,91,359,370,7807,?,?,?,?,?,?,?,?,?,?,?,?,?,?,?,?,?,?,?,?,?,?,?,?,?,?,?,?,?,?,?,?,?,?,?,?,?,?,?,?,?,?,?,?,?,?,?,?,?,?,?,?,?,?,?,?,?,?,?,?,?,?,?,?,?,?,?,?,?,?,?,?,?,?,?,?,?,?,?,?,?,?,?,?,?,?,?,?,?,?,?,?,?,?,?
results 7
***** 1 1
inst: 1 actual: True predicted: True error: 0.69 planner: fdss-2
***** 2 1
inst: 2 actual: True predicted: True error: 0.956 planner: probe
***** 3 1
inst: 3 actual: True predicted: False error: 0.598 planner: yahsp2-mt
***** 4 1
inst: 4 actual: True predicted: True error: 0.98 planner: mercury
***** 5 1
inst: 5 actual: True predicted: True error: 0.697 planner: jasper
***** 6 1
inst: 6 actual: True predicted: True error: 0.654 planner: siw
***** 7 1
inst: 7 actual: True predicted: True error: 0.982 planner: bfs-f
 --- OK.
 Match tree built with 556 nodes.

PDDL problem description loaded: 
	Domain: GROUNDED-STRIPS-DOMAIN1
	Problem: GROUNDED-STRIPS-PROBLEM2
	#Actions: 556
	#Fluents: 152
Landmarks found: 22
Starting search with BFS(novel,land,h_add)...
--[4294967295 / 334]--
--[72 / 334]--
--[72 / 278]--
--[70 / 278]--
--[70 / 235]--
--[69 / 235]--
--[63 / 235]--
--[63 / 228]--
--[63 / 217]--
--[62 / 217]--
--[62 / 208]--
--[62 / 195]--
--[62 / 184]--
--[62 / 169]--
--[53 / 169]--
--[53 / 158]--
--[53 / 144]--
--[53 / 130]--
--[53 / 111]--
--[48 / 111]--
--[48 / 104]--
--[48 / 92]--
--[48 / 76]--
--[48 / 60]--
--[42 / 60]--
--[42 / 47]--
--[41 / 47]--
--[41 / 32]--
--[32 / 32]--
--[31 / 32]--
--[31 / 31]--
--[21 / 31]--
--[21 / 26]--
--[21 / 23]--
--[20 / 23]--
--[20 / 20]--
--[20 / 19]--
--[20 / 13]--
--[19 / 13]--
--[19 / 11]--
--[19 / 10]--
--[19 / 7]--
--[9 / 7]--
--[9 / 5]--
--[9 / 3]--
--[9 / 2]--
--[9 / 1]--
--[9 / 0]--
--[0 / 0]--
Total time: 0.136637
Nodes generated during search: 559
Nodes expanded during search: 102
Plan found with cost: 27
BFS search completed in 0.136637 secs


plans_folder: /home/simbachiu/rail-planning/domain1/3-PT-MSR
input_name: no_cleaned_result.result
output_name: cleaned_result.result
original_domain: /home/simbachiu/rail-planning/domain1/3-PT-MSR/domain1.pddl
original_problem: /home/simbachiu/rail-planning/domain1/3-PT-MSR/problem2.pddl
best cost found: -1




Se han encontrado 1 ficheros de solucion:

input_plan: /home/simbachiu/rail-planning/domain1/3-PT-MSR/no_cleaned_result.result
output_plan: /home/simbachiu/rail-planning/domain1/3-PT-MSR/cleaned_result.result



WARNING: plan /home/simbachiu/rail-planning/domain1/3-PT-MSR/cleaned_result.result is a wrong plan file or the plan cost is equal to -1, so we remove it
1. Running translator
Second argument is a file name: use two translator arguments.
Parsing...
Parsing: [0.410s CPU, 0.416s wall-clock]
Normalizing task... [0.080s CPU, 0.071s wall-clock]
Instantiating...
Generating Datalog program... [0.030s CPU, 0.038s wall-clock]
Normalizing Datalog program...
Normalizing Datalog program: [0.100s CPU, 0.097s wall-clock]
Preparing model... [0.110s CPU, 0.107s wall-clock]
Generated 3189 rules.
Computing model... [0.110s CPU, 0.107s wall-clock]
709 relevant atoms
0 auxiliary atoms
709 final queue length
3228 total queue pushes
Completing instantiation... [0.150s CPU, 0.149s wall-clock]
Instantiating: [0.500s CPU, 0.500s wall-clock]
Computing fact groups...
Finding invariants...
155 initial candidates
Finding invariants: [12.920s CPU, 12.938s wall-clock]
Checking invariant weight... [0.030s CPU, 0.033s wall-clock]
Instantiating groups... [0.010s CPU, 0.004s wall-clock]
Collecting mutex groups... [0.010s CPU, 0.002s wall-clock]
Choosing groups...
45 uncovered facts
Choosing groups: [0.010s CPU, 0.009s wall-clock]
Building translation key... [0.000s CPU, 0.001s wall-clock]
Computing fact groups: [12.980s CPU, 12.994s wall-clock]
Building STRIPS to SAS dictionary... [0.000s CPU, 0.000s wall-clock]
Building dictionary for full mutex groups... [0.000s CPU, 0.006s wall-clock]
Building mutex information...
Building mutex information: [0.010s CPU, 0.007s wall-clock]
Translating task...
Processing axioms...
Simplifying axioms... [0.000s CPU, 0.000s wall-clock]
Processing axioms: [0.010s CPU, 0.011s wall-clock]
Translating task: [0.120s CPU, 0.115s wall-clock]
0 implied effects removed
0 effect conditions simplified
0 implied preconditions added
Detecting unreachable propositions...
0 operators removed
8 propositions removed
Detecting unreachable propositions: [0.030s CPU, 0.033s wall-clock]
Translator variables: 63
Translator derived variables: 0
Translator facts: 209
Translator goal facts: 1
Translator mutex groups: 368
Translator total mutex groups size: 1981
Translator operators: 358
Translator axioms: 0
Translator task size: 8988
Translator peak memory: 285900 KB
Writing output... [0.060s CPU, 0.059s wall-clock]
Done! [14.190s CPU, 14.206s wall-clock]

2. Running preprocessor
Building causal graph...
The causal graph is not acyclic.
63 variables of 63 necessary
291 of 368 mutex groups necessary.
358 of 358 operators necessary.
0 of 0 axiom rules necessary.
Building domain transition graphs...
solveable in poly time 0
Building successor generator...
Preprocessor facts: 209
Preprocessor derived variables: 0
Preprocessor task size: 8578
Writing output...
done


3. Running search
/planner/src/mercury/src/search/downward < output ipc seq-sat-mercury --plan-file /home/simbachiu/rail-planning/domain1/3-PT-MSR/no_cleaned_result.result
Dispatcher selected state size 1.
This is a nonunit task.
Simplifying transitions... done!
Initializing Exploration...
Generating landmarks using the RPG/SAS+ approach
approx. reasonable orders
approx. obedient reasonable orders
Removed 0 reasonable or obedient reasonable orders
Landmarks generation time: 0.0159996s
Discovered 55 landmarks, of which 0 are disjunctive and 0 are conjunctive 
244 edges
Initializing landmarks count heuristic...
33 initial landmarks, 1 goal landmarks
Initializing Exploration...
Generating landmarks using the RPG/SAS+ approach
approx. reasonable orders
approx. obedient reasonable orders
Removed 0 reasonable or obedient reasonable orders
Landmarks generation time: 0.0280025s
Discovered 55 landmarks, of which 0 are disjunctive and 0 are conjunctive 
249 edges
Initializing landmarks count heuristic...
33 initial landmarks, 1 goal landmarks
Starting search: lazy_greedy(list(hrb, hlm1), preferred = list(hrb, hlm1), cost_type = 1, reopen_closed = false)
Conducting lazy best first search, (real) bound = 2147483647
Initializing Red-Black Relaxation heuristic...
Running A* instead of Dijkstra. Using the distances ignoring outside conditions for heuristic estimates.
Preferred operators (if used) are set from relaxed plan
Conflict costs are estimated
Initializing FF heuristic...
Initializing additive heuristic...
Simplifying 2470 unary operators... done! [2470 unary operators]
Initializing extended DTGs
Adding 358 operators to extended DTGs
Checking invertibility...
Done checking invertibility
Checking connectivity...
Done checking connectivity
Total number of invertible variables is 12
Invertible variables connection status: 1
Invertible variables without leafs connection status: 1
Setting black variables...
Variables order is set
---------------------------------------------------------------------------------------
Total number of black variables is 1
Total number of black root variables is 0
Total number of variables is 63
Total number of variables with all pairs of values connected is 0
Total number of variables with all values connected to goal is 0
Total number of black variables with strongly connected parents only is 0
Maximal number of side effects for black variable is 11
---------------------------------------------------------------------------------------
Black DAG usage status: 0
Counting red preconditions..
Keeping achieving operators for red facts..
Initializing black variables...
Adding edges to forward graph, for the later calculation of missing values
Precalculating all pair shortest paths
Finished initializing Red-Black Relaxation heuristic at time step [t=0.1s]
Switch from bucket-based to heap-based queue at key = 408, num_pushes = 288
Best heuristic value: 25/22 [g=0, 1 evaluated, 0 expanded, t=0.1s]
Best heuristic value: 22/20 [g=1, 2 evaluated, 1 expanded, t=0.1s]
Best heuristic value: 21/19 [g=2, 3 evaluated, 2 expanded, t=0.1s]
Best heuristic value: 21/17 [g=3, 4 evaluated, 3 expanded, t=0.1s]
Best heuristic value: 21/16 [g=4, 5 evaluated, 4 expanded, t=0.1s]
Best heuristic value: 20/16 [g=3, 6 evaluated, 5 expanded, t=0.1s]
Best heuristic value: 19/13 [g=5, 7 evaluated, 6 expanded, t=0.1s]
Best heuristic value: 17/13 [g=6, 8 evaluated, 7 expanded, t=0.1s]
Best heuristic value: 17/12 [g=7, 9 evaluated, 8 expanded, t=0.1s]
Best heuristic value: 16/12 [g=7, 18 evaluated, 17 expanded, t=0.1s]
Best heuristic value: 16/10 [g=9, 19 evaluated, 18 expanded, t=0.1s]
Best heuristic value: 16/9 [g=10, 21 evaluated, 20 expanded, t=0.1s]
Best heuristic value: 15/9 [g=8, 22 evaluated, 21 expanded, t=0.1s]
Best heuristic value: 15/6 [g=11, 23 evaluated, 22 expanded, t=0.1s]
Best heuristic value: 15/5 [g=12, 27 evaluated, 25 expanded, t=0.1s]
Best heuristic value: 15/4 [g=14, 194 evaluated, 184 expanded, t=0.14s]
Best heuristic value: 14/4 [g=15, 195 evaluated, 185 expanded, t=0.14s]
Best heuristic value: 14/3 [g=16, 198 evaluated, 187 expanded, t=0.14s]
Best heuristic value: 11/3 [g=16, 201 evaluated, 190 expanded, t=0.14s]
Best heuristic value: 10/3 [g=17, 202 evaluated, 191 expanded, t=0.14s]
Best heuristic value: 8/3 [g=18, 203 evaluated, 192 expanded, t=0.14s]
Best heuristic value: 7/3 [g=19, 204 evaluated, 193 expanded, t=0.14s]
Best heuristic value: 7/2 [g=19, 207 evaluated, 195 expanded, t=0.14s]
Best heuristic value: 6/2 [g=21, 224 evaluated, 212 expanded, t=0.16s]
Best heuristic value: 5/1 [g=23, 227 evaluated, 215 expanded, t=0.16s]
Best heuristic value: 4/1 [g=24, 228 evaluated, 216 expanded, t=0.16s]
Cost to: 25, cost from: 2 the total is: 27
Solution found!
Actual search time: 0.06s [t=0.16s]
move-from-arrival_---_train1_---_v1_---_t0_---_t5_---_t6_---_track2-___-0  (1)
switch-to-next-train_---_train1_---_train2-___-0  (1)
move-from-arrival_---_train2_---_v2_---_v1_---_t3_---_t4_---_track1-___-0  (1)
switch-to-next-train_---_train2_---_train3-___-0  (1)
move-from-arrival_---_train3_---_v3_---_v2_---_t0_---_t5_---_track2-___-0  (1)
switch-to-next-train_---_train3_---_train4-___-0  (1)
move-from-arrival_---_train4_---_v4_---_v3_---_t2_---_t3_---_track1-___-0  (1)
switch-to-next-train_---_train4_---_train5-___-0  (1)
move-from-arrival_---_train5_---_v5_---_v4_---_t1_---_t2_---_track1-___-0  (1)
switch-to-next-train_---_train5_---_train6-___-0  (1)
move-from-arrival_---_train6_---_v6_---_v5_---_t0_---_t1_---_track1-___-0  (1)
switch-to-next-train_---_train6_---_train4-___-0  (1)
switch-to-next-train_---_train4_---_train3-___-0  (1)
move-to-departure_---_train3_---_t5_---_t0_---_v5_---_v6_---_track2-___-0  (1)
switch-to-next-train_---_train3_---_train1-___-0  (1)
move-to-departure_---_train1_---_t6_---_t5_---_v4_---_v5_---_track2-___-0  (1)
switch-to-next-train_---_train1_---_train6-___-0  (1)
move-to-departure_---_train6_---_t1_---_t0_---_v3_---_v4_---_track1-___-0  (1)
switch-to-next-train_---_train6_---_train5-___-0  (1)
move-from-track_---_train5_---_t2_---_t1_---_t0_---_track1-___-0  (1)
move-to-track_---_train5_---_t0_---_t5_---_t6_---_track2-___-0  (1)
switch-to-next-train_---_train5_---_train4-___-0  (1)
move-to-departure_---_train4_---_t3_---_t2_---_v2_---_v3_---_track1-___-0  (1)
switch-to-next-train_---_train4_---_train2-___-0  (1)
move-to-departure_---_train2_---_t4_---_t3_---_v1_---_v2_---_track1-___-0  (1)
switch-to-next-train_---_train2_---_train5-___-0  (1)
move-to-departure_---_train5_---_t6_---_t5_---_t0_---_v1_---_track2-___-0  (1)
reach-goal-9-___-0  (0)
Plan length: 28 step(s).
Plan cost: 27
Initial state h value: 25/22.
Expanded 218 state(s).
Reopened 0 state(s).
Evaluated 231 state(s).
Evaluations: 462
Generated 1166 state(s).
Dead ends: 12 state(s).
Best solution cost so far: 27
Solution found - keep searching
Starting search: lazy_greedy(list(hrb, hlm2), preferred = list(hrb, hlm2), reopen_closed = false)
Conducting lazy best first search, (real) bound = 27
Best heuristic value: 25/43 [g=0, 1 evaluated, 0 expanded, t=0.16s]
Best heuristic value: 22/39 [g=1, 2 evaluated, 1 expanded, t=0.16s]
Best heuristic value: 21/37 [g=2, 3 evaluated, 2 expanded, t=0.16s]
Best heuristic value: 21/33 [g=3, 4 evaluated, 3 expanded, t=0.16s]
Best heuristic value: 21/31 [g=4, 5 evaluated, 4 expanded, t=0.16s]
Best heuristic value: 20/31 [g=3, 6 evaluated, 5 expanded, t=0.16s]
Best heuristic value: 19/25 [g=5, 7 evaluated, 6 expanded, t=0.16s]
Best heuristic value: 17/25 [g=6, 8 evaluated, 7 expanded, t=0.16s]
Best heuristic value: 17/23 [g=7, 9 evaluated, 8 expanded, t=0.16s]
Best heuristic value: 16/23 [g=7, 18 evaluated, 17 expanded, t=0.16s]
Best heuristic value: 16/19 [g=9, 19 evaluated, 18 expanded, t=0.16s]
Best heuristic value: 16/17 [g=10, 21 evaluated, 20 expanded, t=0.16s]
Best heuristic value: 15/17 [g=8, 22 evaluated, 21 expanded, t=0.16s]
Best heuristic value: 15/11 [g=11, 23 evaluated, 22 expanded, t=0.16s]
Best heuristic value: 15/9 [g=12, 27 evaluated, 25 expanded, t=0.16s]
Best heuristic value: 15/7 [g=14, 194 evaluated, 184 expanded, t=0.2s]
Best heuristic value: 14/7 [g=15, 195 evaluated, 185 expanded, t=0.2s]
Best heuristic value: 14/5 [g=16, 198 evaluated, 187 expanded, t=0.2s]
Best heuristic value: 11/5 [g=16, 201 evaluated, 190 expanded, t=0.2s]
Best heuristic value: 10/5 [g=17, 202 evaluated, 191 expanded, t=0.2s]
Best heuristic value: 8/5 [g=18, 203 evaluated, 192 expanded, t=0.2s]
Best heuristic value: 7/5 [g=19, 204 evaluated, 193 expanded, t=0.2s]
Best heuristic value: 7/3 [g=19, 207 evaluated, 195 expanded, t=0.2s]
Best heuristic value: 6/3 [g=21, 227 evaluated, 215 expanded, t=0.2s]
Best heuristic value: 5/1 [g=23, 230 evaluated, 218 expanded, t=0.2s]
Best heuristic value: 4/1 [g=24, 231 evaluated, 219 expanded, t=0.2s]
Best heuristic value: 3/1 [g=25, 234 evaluated, 221 expanded, t=0.2s]
Best heuristic value: 2/1 [g=26, 235 evaluated, 222 expanded, t=0.2s]
Cost to: 24, cost from: 2 the total is: 26
Solution found!
Actual search time: 0.16s [t=0.32s]
move-from-arrival_---_train1_---_v1_---_t0_---_t3_---_t4_---_track1-___-0  (1)
switch-to-next-train_---_train1_---_train2-___-0  (1)
move-from-arrival_---_train2_---_v2_---_v1_---_t5_---_t6_---_track2-___-0  (1)
switch-to-next-train_---_train2_---_train3-___-0  (1)
move-from-arrival_---_train3_---_v3_---_v2_---_t0_---_t5_---_track2-___-0  (1)
switch-to-next-train_---_train3_---_train4-___-0  (1)
move-from-arrival_---_train4_---_v4_---_v3_---_t2_---_t3_---_track1-___-0  (1)
switch-to-next-train_---_train4_---_train5-___-0  (1)
move-from-arrival_---_train5_---_v5_---_v4_---_t1_---_t2_---_track1-___-0  (1)
switch-to-next-train_---_train5_---_train6-___-0  (1)
move-from-arrival_---_train6_---_v6_---_v5_---_t0_---_t1_---_track1-___-0  (1)
switch-to-next-train_---_train6_---_train3-___-0  (1)
move-to-departure_---_train3_---_t5_---_t0_---_v5_---_v6_---_track2-___-0  (1)
switch-to-next-train_---_train3_---_train2-___-0  (1)
move-to-departure_---_train2_---_t6_---_t5_---_v4_---_v5_---_track2-___-0  (1)
switch-to-next-train_---_train2_---_train6-___-0  (1)
move-to-departure_---_train6_---_t1_---_t0_---_v3_---_v4_---_track1-___-0  (1)
switch-to-next-train_---_train6_---_train5-___-0  (1)
move-from-track_---_train5_---_t2_---_t1_---_t0_---_track1-___-0  (1)
move-to-track_---_train5_---_t0_---_t5_---_t6_---_track2-___-0  (1)
switch-to-next-train_---_train5_---_train4-___-0  (1)
move-to-departure_---_train4_---_t3_---_t2_---_v2_---_v3_---_track1-___-0  (1)
switch-to-next-train_---_train4_---_train1-___-0  (1)
move-to-departure_---_train1_---_t4_---_t3_---_v1_---_v2_---_track1-___-0  (1)
switch-to-next-train_---_train1_---_train5-___-0  (1)
move-to-departure_---_train5_---_t6_---_t5_---_t0_---_v1_---_track2-___-0  (1)
reach-goal-5-___-0  (0)
Plan length: 27 step(s).
Plan cost: 26
Initial state h value: 25/43.
Expanded 653 state(s).
Reopened 0 state(s).
Evaluated 690 state(s).
Evaluations: 1380
Generated 3495 state(s).
Dead ends: 36 state(s).
Best solution cost so far: 26
Solution found - keep searching
Starting search: lazy_wastar(list(hrb, hlm2), preferred = list(hrb, hlm2), w = 5)
Conducting lazy best first search, (real) bound = 26
Best heuristic value: 25/43 [g=0, 1 evaluated, 0 expanded, t=0.32s]
Best heuristic value: 22/39 [g=1, 2 evaluated, 1 expanded, t=0.32s]
Best heuristic value: 21/37 [g=2, 3 evaluated, 2 expanded, t=0.32s]
Best heuristic value: 21/33 [g=3, 4 evaluated, 3 expanded, t=0.32s]
Best heuristic value: 21/31 [g=4, 5 evaluated, 4 expanded, t=0.32s]
Best heuristic value: 20/31 [g=3, 6 evaluated, 5 expanded, t=0.32s]
Best heuristic value: 19/25 [g=5, 7 evaluated, 6 expanded, t=0.32s]
Best heuristic value: 17/25 [g=6, 8 evaluated, 7 expanded, t=0.32s]
Best heuristic value: 17/23 [g=7, 9 evaluated, 8 expanded, t=0.32s]
Best heuristic value: 16/23 [g=7, 18 evaluated, 17 expanded, t=0.32s]
Best heuristic value: 15/23 [g=8, 20 evaluated, 19 expanded, t=0.32s]
Best heuristic value: 15/19 [g=9, 24 evaluated, 23 expanded, t=0.32s]
Best heuristic value: 15/17 [g=10, 25 evaluated, 24 expanded, t=0.32s]
Best heuristic value: 15/11 [g=11, 26 evaluated, 25 expanded, t=0.32s]
Best heuristic value: 15/9 [g=12, 29 evaluated, 27 expanded, t=0.32s]
Best heuristic value: 15/7 [g=14, 253 evaluated, 243 expanded, 59 reopened, t=0.36s]
Best heuristic value: 14/7 [g=15, 254 evaluated, 244 expanded, 59 reopened, t=0.36s]
Best heuristic value: 14/5 [g=16, 257 evaluated, 246 expanded, 59 reopened, t=0.36s]
Best heuristic value: 11/5 [g=16, 263 evaluated, 252 expanded, 62 reopened, t=0.36s]
Best heuristic value: 10/5 [g=17, 264 evaluated, 253 expanded, 62 reopened, t=0.36s]
Best heuristic value: 8/5 [g=18, 265 evaluated, 254 expanded, 62 reopened, t=0.36s]
Best heuristic value: 7/5 [g=19, 266 evaluated, 255 expanded, 62 reopened, t=0.36s]
Best heuristic value: 7/3 [g=19, 269 evaluated, 257 expanded, 62 reopened, t=0.36s]
Best heuristic value: 6/3 [g=20, 316 evaluated, 304 expanded, 88 reopened, t=0.38s]
Best heuristic value: 5/1 [g=22, 319 evaluated, 307 expanded, 88 reopened, t=0.38s]
Best heuristic value: 4/1 [g=23, 320 evaluated, 308 expanded, 88 reopened, t=0.38s]
Best heuristic value: 3/1 [g=24, 323 evaluated, 310 expanded, 88 reopened, t=0.38s]
Best heuristic value: 2/1 [g=25, 324 evaluated, 311 expanded, 88 reopened, t=0.38s]
Completely explored state space -- no solution!
Actual search time: 0.22s [t=0.54s]
Initial state h value: 25/43.
Expanded 1068 state(s).
Reopened 198 state(s).
Evaluated 1114 state(s).
Evaluations: 2228
Generated 5687 state(s).
Dead ends: 46 state(s).
Best solution cost so far: 26
No solution found - keep searching
Starting search: lazy_wastar(list(hrb, hlm2), preferred = list(hrb, hlm2), w = 3)
Conducting lazy best first search, (real) bound = 26
Best heuristic value: 25/43 [g=0, 1 evaluated, 0 expanded, t=0.54s]
Best heuristic value: 22/39 [g=1, 2 evaluated, 1 expanded, t=0.54s]
Best heuristic value: 21/37 [g=2, 3 evaluated, 2 expanded, t=0.54s]
Best heuristic value: 21/33 [g=3, 4 evaluated, 3 expanded, t=0.54s]
Best heuristic value: 21/31 [g=4, 5 evaluated, 4 expanded, t=0.54s]
Best heuristic value: 20/31 [g=3, 6 evaluated, 5 expanded, t=0.54s]
Best heuristic value: 19/25 [g=5, 7 evaluated, 6 expanded, t=0.54s]
Best heuristic value: 17/25 [g=6, 8 evaluated, 7 expanded, t=0.54s]
Best heuristic value: 17/23 [g=7, 9 evaluated, 8 expanded, t=0.54s]
Best heuristic value: 16/23 [g=7, 18 evaluated, 17 expanded, t=0.56s]
Best heuristic value: 15/23 [g=8, 20 evaluated, 19 expanded, t=0.56s]
Best heuristic value: 15/19 [g=9, 24 evaluated, 23 expanded, t=0.56s]
Best heuristic value: 15/17 [g=10, 25 evaluated, 24 expanded, t=0.56s]
Best heuristic value: 15/11 [g=11, 26 evaluated, 25 expanded, t=0.56s]
Best heuristic value: 15/9 [g=12, 29 evaluated, 27 expanded, t=0.56s]
Best heuristic value: 15/7 [g=14, 250 evaluated, 240 expanded, 52 reopened, t=0.6s]
Best heuristic value: 14/7 [g=15, 251 evaluated, 241 expanded, 52 reopened, t=0.6s]
Best heuristic value: 14/5 [g=16, 254 evaluated, 243 expanded, 52 reopened, t=0.6s]
Best heuristic value: 11/5 [g=16, 260 evaluated, 249 expanded, 55 reopened, t=0.6s]
Best heuristic value: 10/5 [g=17, 261 evaluated, 250 expanded, 55 reopened, t=0.6s]
Best heuristic value: 8/5 [g=18, 262 evaluated, 251 expanded, 55 reopened, t=0.6s]
Best heuristic value: 7/5 [g=19, 263 evaluated, 252 expanded, 55 reopened, t=0.6s]
Best heuristic value: 7/3 [g=19, 266 evaluated, 254 expanded, 55 reopened, t=0.6s]
Best heuristic value: 6/3 [g=20, 306 evaluated, 294 expanded, 81 reopened, t=0.62s]
Best heuristic value: 5/1 [g=22, 309 evaluated, 297 expanded, 81 reopened, t=0.62s]
Best heuristic value: 4/1 [g=23, 310 evaluated, 298 expanded, 81 reopened, t=0.62s]
Best heuristic value: 3/1 [g=24, 313 evaluated, 300 expanded, 81 reopened, t=0.62s]
Best heuristic value: 2/1 [g=25, 314 evaluated, 301 expanded, 81 reopened, t=0.62s]
Completely explored state space -- no solution!
Actual search time: 0.24s [t=0.78s]
Initial state h value: 25/43.
Expanded 1055 state(s).
Reopened 185 state(s).
Evaluated 1101 state(s).
Evaluations: 2202
Generated 5622 state(s).
Dead ends: 46 state(s).
Best solution cost so far: 26
No solution found - keep searching
Starting search: lazy_wastar(list(hrb, hlm2), preferred = list(hrb, hlm2), w = 2)
Conducting lazy best first search, (real) bound = 26
Best heuristic value: 25/43 [g=0, 1 evaluated, 0 expanded, t=0.78s]
Best heuristic value: 22/39 [g=1, 2 evaluated, 1 expanded, t=0.78s]
Best heuristic value: 21/37 [g=2, 3 evaluated, 2 expanded, t=0.78s]
Best heuristic value: 21/33 [g=3, 4 evaluated, 3 expanded, t=0.78s]
Best heuristic value: 21/31 [g=4, 5 evaluated, 4 expanded, t=0.78s]
Best heuristic value: 20/31 [g=3, 6 evaluated, 5 expanded, t=0.78s]
Best heuristic value: 19/25 [g=5, 7 evaluated, 6 expanded, t=0.78s]
Best heuristic value: 17/25 [g=6, 8 evaluated, 7 expanded, t=0.78s]
Best heuristic value: 17/23 [g=7, 9 evaluated, 8 expanded, t=0.78s]
Best heuristic value: 16/23 [g=7, 18 evaluated, 17 expanded, t=0.78s]
Best heuristic value: 15/23 [g=8, 20 evaluated, 19 expanded, t=0.78s]
Best heuristic value: 15/19 [g=9, 24 evaluated, 23 expanded, t=0.78s]
Best heuristic value: 15/17 [g=10, 25 evaluated, 24 expanded, t=0.78s]
Best heuristic value: 15/11 [g=11, 26 evaluated, 25 expanded, t=0.78s]
Best heuristic value: 15/9 [g=12, 29 evaluated, 27 expanded, t=0.78s]
Best heuristic value: 15/7 [g=14, 259 evaluated, 249 expanded, 61 reopened, t=0.84s]
Best heuristic value: 14/7 [g=15, 260 evaluated, 250 expanded, 61 reopened, t=0.84s]
Best heuristic value: 14/5 [g=15, 262 evaluated, 252 expanded, 61 reopened, t=0.84s]
Best heuristic value: 11/5 [g=16, 272 evaluated, 261 expanded, 63 reopened, t=0.84s]
Best heuristic value: 10/5 [g=17, 273 evaluated, 262 expanded, 63 reopened, t=0.84s]
Best heuristic value: 8/5 [g=18, 274 evaluated, 263 expanded, 63 reopened, t=0.84s]
Best heuristic value: 7/5 [g=19, 275 evaluated, 264 expanded, 63 reopened, t=0.84s]
Best heuristic value: 7/3 [g=19, 278 evaluated, 266 expanded, 63 reopened, t=0.84s]
Best heuristic value: 6/3 [g=20, 312 evaluated, 300 expanded, 87 reopened, t=0.84s]
Best heuristic value: 5/1 [g=22, 315 evaluated, 303 expanded, 87 reopened, t=0.84s]
Best heuristic value: 4/1 [g=23, 316 evaluated, 304 expanded, 87 reopened, t=0.84s]
Best heuristic value: 3/1 [g=24, 319 evaluated, 306 expanded, 87 reopened, t=0.84s]
Best heuristic value: 2/1 [g=25, 320 evaluated, 307 expanded, 87 reopened, t=0.84s]
Completely explored state space -- no solution!
Actual search time: 0.26s [t=1.04s]
Initial state h value: 25/43.
Expanded 1050 state(s).
Reopened 180 state(s).
Evaluated 1096 state(s).
Evaluations: 2192
Generated 5603 state(s).
Dead ends: 46 state(s).
Best solution cost so far: 26
No solution found - keep searching
Starting search: lazy_wastar(list(hrb, hlm2), preferred = list(hrb, hlm2), w = 1)
Conducting lazy best first search, (real) bound = 26
Best heuristic value: 25/43 [g=0, 1 evaluated, 0 expanded, t=1.04s]
Best heuristic value: 22/39 [g=1, 2 evaluated, 1 expanded, t=1.04s]
Best heuristic value: 21/37 [g=2, 3 evaluated, 2 expanded, t=1.04s]
Best heuristic value: 21/33 [g=3, 4 evaluated, 3 expanded, t=1.04s]
Best heuristic value: 20/33 [g=2, 5 evaluated, 4 expanded, t=1.04s]
Best heuristic value: 20/31 [g=4, 6 evaluated, 5 expanded, t=1.04s]
Best heuristic value: 19/25 [g=5, 7 evaluated, 6 expanded, t=1.04s]
Best heuristic value: 17/25 [g=6, 9 evaluated, 8 expanded, t=1.04s]
Best heuristic value: 17/23 [g=7, 18 evaluated, 17 expanded, 2 reopened, t=1.04s]
Best heuristic value: 16/23 [g=7, 25 evaluated, 24 expanded, 3 reopened, t=1.04s]
Best heuristic value: 15/23 [g=8, 27 evaluated, 26 expanded, 3 reopened, t=1.04s]
Best heuristic value: 15/19 [g=9, 31 evaluated, 30 expanded, 3 reopened, t=1.04s]
Best heuristic value: 15/17 [g=10, 32 evaluated, 31 expanded, 3 reopened, t=1.04s]
Best heuristic value: 15/11 [g=11, 33 evaluated, 32 expanded, 3 reopened, t=1.04s]
Best heuristic value: 15/9 [g=12, 36 evaluated, 34 expanded, 3 reopened, t=1.04s]
Best heuristic value: 15/7 [g=13, 222 evaluated, 214 expanded, 40 reopened, t=1.08s]
Best heuristic value: 14/7 [g=14, 223 evaluated, 215 expanded, 40 reopened, t=1.08s]
Best heuristic value: 14/5 [g=14, 225 evaluated, 217 expanded, 40 reopened, t=1.08s]
Best heuristic value: 11/5 [g=15, 231 evaluated, 222 expanded, 42 reopened, t=1.08s]
Best heuristic value: 10/5 [g=16, 232 evaluated, 223 expanded, 42 reopened, t=1.08s]
Best heuristic value: 8/5 [g=17, 236 evaluated, 227 expanded, 42 reopened, t=1.08s]
Best heuristic value: 7/5 [g=18, 237 evaluated, 228 expanded, 42 reopened, t=1.08s]
Best heuristic value: 7/3 [g=18, 239 evaluated, 230 expanded, 42 reopened, t=1.08s]
Best heuristic value: 6/3 [g=21, 639 evaluated, 608 expanded, 98 reopened, t=1.16s]
Best heuristic value: 5/1 [g=22, 643 evaluated, 611 expanded, 98 reopened, t=1.16s]
Best heuristic value: 4/1 [g=23, 644 evaluated, 612 expanded, 98 reopened, t=1.16s]
Best heuristic value: 3/1 [g=24, 647 evaluated, 614 expanded, 98 reopened, t=1.16s]
Best heuristic value: 2/1 [g=25, 648 evaluated, 615 expanded, 98 reopened, t=1.16s]
Completely explored state space -- no solution!
Actual search time: 0.2s [t=1.24s]
Initial state h value: 25/43.
Expanded 1006 state(s).
Reopened 136 state(s).
Evaluated 1052 state(s).
Evaluations: 2104
Generated 5368 state(s).
Dead ends: 46 state(s).
Best solution cost so far: 26
No solution found - keep searching
Actual search time: 1.14s [t=1.24s]
Cumulative statistics:
Expanded 5050 state(s).
Reopened 699 state(s).
Evaluated 5284 state(s).
Evaluations: 10568
Generated 26941 state(s).
Dead ends: 0 state(s).
Search time: 1.14s
Total time: 1.24s
Solution found.
Peak memory: 7220 KB


***** The memory limit is:  7458980659
***************************

WARNING: IT IS A TEST CONFIGURATION ***************

***************************

/home/simbachiu/rail-planning/domain1/3-PT-MSR
/planner/src
Run command: python2.7 /planner/src/parser/parse.py /home/simbachiu/rail-planning/domain1/3-PT-MSR/domain1.pddl /home/simbachiu/rail-planning/domain1/3-PT-MSR/problem2.pddl

Modified domain/problem detected

Parser took 7.0 seconds

Extract Features with modified problem and domain
Run command: ulimit -v 4194304;ulimit -t 50; python2.7 /planner/src/features/translate/translate.py /home/simbachiu/rail-planning/domain1/3-PT-MSR/domain_ready.txt /home/simbachiu/rail-planning/domain1/3-PT-MSR/problem_ready.txt
Run command: ulimit -v 4194304;ulimit -t 50; /planner/src/features/preprocess/preprocess  cosas <  /home/simbachiu/rail-planning/domain1/3-PT-MSR/output.sas
Run command: ulimit -v 4194304;ulimit -t 50; /planner/src/features/ff-learner/roller3.0 -o /home/simbachiu/rail-planning/domain1/3-PT-MSR/domain_ready.txt -f /home/simbachiu/rail-planning/domain1/3-PT-MSR/problem_ready.txt -S 28
Run command: ulimit -v 4194304;ulimit -t 100; /planner/src/features/heuristics/training.sh /home/simbachiu/rail-planning/domain1/3-PT-MSR/domain_ready.txt /home/simbachiu/rail-planning/domain1/3-PT-MSR/problem_ready.txt
Run command: ulimit -v 4194304;ulimit -t 100; /planner/src/search/downward --landmarks "lm=lm_merged([lm_hm(m=1),lm_rhw(),lm_zg()])" < /home/simbachiu/rail-planning/domain1/3-PT-MSR/output
Run command: ulimit -v 4194304;ulimit -t 100; /planner/src/search-mercury/downward ipc seq-agl-mercury < /home/simbachiu/rail-planning/domain1/3-PT-MSR/output
Run command: python2.7 /planner/src/models/joinFile.py /home/simbachiu/rail-planning/domain1/3-PT-MSR
Run command: java -cp /planner/src/models/weka.jar -Xms256m -Xmx1024m weka.filters.unsupervised.attribute.Remove -R 1-3,18,20,65,78-79,119-120 -i /home/simbachiu/rail-planning/domain1/3-PT-MSR/global_features.arff -o /home/simbachiu/rail-planning/domain1/3-PT-MSR/global_features_simply.arff
Features 38.0 seconds

Features and parser took 45.0 seconds

Run command: java -Xms256m -Xmx1024m -cp /planner/src/models/weka.jar weka.classifiers.meta.RotationForest -l /planner/src/models/meta.RotationForest.model -T /home/simbachiu/rail-planning/domain1/3-PT-MSR/global_features_simply.arff -p 113 > /home/simbachiu/rail-planning/domain1/3-PT-MSR/outputModel
   

Run command: python2.7 /planner/src/models/parseWekaOutputFile.py /home/simbachiu/rail-planning/domain1/3-PT-MSR/outputModel /home/simbachiu/rail-planning/domain1/3-PT-MSR/listPlanner
Model 3.0 seconds

Main portfolio runs 48.0 seconds

**** PRINT PLANNERS SELECTED **** 
bfs-f 56
mercury 56
probe 56
jasper 56
fdss-2 56
**** END PLANNERS SELECTED **** 
Select the planners 0.000113010406494 seconds

Time took 49.0 seconds


Original_Domain: /home/simbachiu/rail-planning/domain1/3-PT-MSR/domain1.pddl
Original_Problem: /home/simbachiu/rail-planning/domain1/3-PT-MSR/problem2.pddl
Modified_Domain: /home/simbachiu/rail-planning/domain1/3-PT-MSR/domain_ready.txt
Modified_Problem: /home/simbachiu/rail-planning/domain1/3-PT-MSR/problem_ready.txt
Original_Plan_file: re.out
Plans folder: /home/simbachiu/rail-planning/domain1/3-PT-MSR



****************************************************
*** Planner_path: /planner/src/bfs-f/plan TimeOut: 56 ***
****************************************************


Run command: python2.7 /planner/src/parser/clean_plans.py /home/simbachiu/rail-planning/domain1/3-PT-MSR no_cleaned_result.result cleaned_result.result /home/simbachiu/rail-planning/domain1/3-PT-MSR/domain1.pddl /home/simbachiu/rail-planning/domain1/3-PT-MSR/problem2.pddl -1
Planner /planner/src/bfs-f/plan run 5 seconds



****************************************************
*** Planner_path: /planner/src/mercury/plan TimeOut: 56 ***
****************************************************


Run command: python2.7 /planner/src/parser/clean_plans.py /home/simbachiu/rail-planning/domain1/3-PT-MSR no_cleaned_result.result cleaned_result.result /home/si

plans_folder: /home/simbachiu/rail-planning/domain1/3-PT-MSR
input_name: no_cleaned_result.result
output_name: cleaned_result.result
original_domain: /home/simbachiu/rail-planning/domain1/3-PT-MSR/domain1.pddl
original_problem: /home/simbachiu/rail-planning/domain1/3-PT-MSR/problem2.pddl
best cost found: -1




Se han encontrado 2 ficheros de solucion:

input_plan: /home/simbachiu/rail-planning/domain1/3-PT-MSR/no_cleaned_result.result.1
input_plan: /home/simbachiu/rail-planning/domain1/3-PT-MSR/no_cleaned_result.result.2
output_plan: /home/simbachiu/rail-planning/domain1/3-PT-MSR/cleaned_result.result.1
output_plan: /home/simbachiu/rail-planning/domain1/3-PT-MSR/cleaned_result.result.2



WARNING: plan /home/simbachiu/rail-planning/domain1/3-PT-MSR/cleaned_result.result.1 is a wrong plan file or the plan cost is equal to -1, so we remove it
WARNING: plan /home/simbachiu/rail-planning/domain1/3-PT-MSR/cleaned_result.result.2 is a wrong plan file or the plan cost is equal to -1, so we remove it
 --- OK.
Fluents=154
Operators=559

================================================
;; PROBE searching...
================================================
[0] [1] [2] [3] [4] [5] [6] [7] [8] [9] [10] [11] [12] [13] [14] [15] 
 Advancing to distance: 19 gn:0(0/16 nodes expanded so far) open: 16
[0] [1] [2] [3] [4] [5] [6] [7] [8] [9] [10] [11] [12] [13] 
================================================
;; SOLUTION 1
;;	 Plan cost: 26.000000, steps: 27
;;	 Time: 0.031
================================================

================================================
;; WA*, h_add_RP, w = 5.000, bound = 26.000
================================================
;; Minimum h value: 18.000
;; Minimum h value: 17.000
;; Minimum h value: 16.000
;; Minimum h value: 1.000


plans_folder: /home/simbachiu/rail-planning/domain1/3-PT-MSR
input_name: no_cleaned_result.result
output_name: cleaned_result.result
original_domain: /home/simbachiu/rail-planning/domain1/3-PT-MSR/domain1.pddl
original_problem: /home/simbachiu/rail-planning/domain1/3-PT-MSR/problem2.pddl
best cost found: -1




Se han encontrado 1 ficheros de solucion:

input_plan: /home/simbachiu/rail-planning/domain1/3-PT-MSR/no_cleaned_result.result.1
output_plan: /home/simbachiu/rail-planning/domain1/3-PT-MSR/cleaned_result.result.1



WARNING: plan /home/simbachiu/rail-planning/domain1/3-PT-MSR/cleaned_result.result.1 is a wrong plan file or the plan cost is equal to -1, so we remove it
Skip the translate
2. Running preprocessor
Failed to match magic word 'begin_metric'.
Got 'begin_version'.
Skip the translate
2. Running preprocessor
Building causal graph...
The causal graph is not acyclic.
63 variables of 63 necessary
291 of 368 mutex groups necessary.
358 of 358 operators necessary.
0 of 0 axiom rules necessary.
Building domain transition graphs...
solveable in poly time 0
Building successor generator...
Preprocessor facts: 209
Preprocessor derived variables: 0
Preprocessor task size: 8578
Writing output...
done

End Running preprocessor
3. Running search
Dispatcher selected state size 1.
This is a nonunit task.
External time limit: 56
Internal time limit: 56
External memory limit: 7458980659
Internal memory limit: 7406551859
WARNING! elapsed_time not found -- assuming full time available.
remaining time at start: 56.0
g bound: infinity
next plan number: 1
remaining time: 55.98
config 0: relative time 330, remaining 1595
args: ['/planner/src/fdss-2/../search/downward-1', '--heuristic', 'h=ff(cost_type=1)', '--search', 'eager_greedy(h,preferred=h,cost_type=1,bound=infinity)', '--plan-file', '/home/simbachiu/rail-planning/domain1/3-PT-MSR/no_cleaned_result.result.1']
timeout: 11.58
Simplifying transitions... done!
Conducting best first search without reopening closed nodes, (real) bound = 2147483647
Initializing FF heuristic...
Initializing additive heuristic...
Simplifying 2470 unary operators... done! [2470 unary operators]
Switch from bucket-based to heap-based queue at key = 408, num_pushes = 288
Best heuristic value: 22 [g=0, 1 evaluated, 0 expanded, t=0.06s]
Best heuristic value: 18 [g=1, 2 evaluated, 1 expanded, t=0.06s]
Best heuristic value: 17 [g=5, 58 evaluated, 48 expanded, t=0.06s]
Best heuristic value: 15 [g=14, 86 evaluated, 71 expanded, t=0.08s]
Best heuristic value: 14 [g=15, 91 evaluated, 75 expanded, t=0.08s]
Best heuristic value: 13 [g=16, 93 evaluated, 76 expanded, t=0.08s]
Best heuristic value: 9 [g=17, 98 evaluated, 80 expanded, t=0.08s]
Best heuristic value: 8 [g=18, 100 evaluated, 81 expanded, t=0.08s]
Best heuristic value: 7 [g=21, 113 evaluated, 87 expanded, t=0.08s]
Best heuristic value: 5 [g=22, 118 evaluated, 89 expanded, t=0.08s]
Best heuristic value: 4 [g=23, 120 evaluated, 90 expanded, t=0.08s]
Best heuristic value: 3 [g=24, 125 evaluated, 91 expanded, t=0.08s]
Best heuristic value: 2 [g=25, 130 evaluated, 92 expanded, t=0.08s]
Best heuristic value: 1 [g=26, 132 evaluated, 93 expanded, t=0.08s]
Best heuristic value: 0 [g=27, 134 evaluated, 94 expanded, t=0.08s]
Solution found!
Actual search time: 0.02s [t=0.08s]
move-from-arrival_---_train1_---_v1_---_t0_---_t3_---_t4_---_track1-___-0  (1)
switch-to-next-train_---_train1_---_train2-___-0  (1)
move-from-arrival_---_train2_---_v2_---_v1_---_t5_---_t6_---_track2-___-0  (1)
switch-to-next-train_---_train2_---_train3-___-0  (1)
move-from-arrival_---_train3_---_v3_---_v2_---_t0_---_t5_---_track2-___-0  (1)
switch-to-next-train_---_train3_---_train4-___-0  (1)
move-from-arrival_---_train4_---_v4_---_v3_---_t2_---_t3_---_track1-___-0  (1)
switch-to-next-train_---_train4_---_train5-___-0  (1)
move-from-arrival_---_train5_---_v5_---_v4_---_t1_---_t2_---_track1-___-0  (1)
switch-to-next-train_---_train5_---_train6-___-0  (1)
move-from-arrival_---_train6_---_v6_---_v5_---_t0_---_t1_---_track1-___-0  (1)
switch-to-next-train_---_train6_---_train3-___-0  (1)
move-to-departure_---_train3_---_t5_---_t0_---_v5_---_v6_---_track2-___-0  (1)
switch-to-next-train_---_train3_---_train2-___-0  (1)
move-to-departure_---_train2_---_t6_---_t5_---_v4_---_v5_---_track2-___-0  (1)
switch-to-next-train_---_train2_---_train6-___-0  (1)
move-to-departure_---_train6_---_t1_---_t0_---_v3_---_v4_---_track1-___-0  (1)
switch-to-next-train_---_train6_---_train5-___-0  (1)
move-from-track_---_train5_---_t2_---_t1_---_t0_---_track1-___-0  (1)
move-to-track_---_train5_---_t0_---_t5_---_t6_---_track2-___-0  (1)
switch-to-next-train_---_train5_---_train4-___-0  (1)
move-to-departure_---_train4_---_t3_---_t2_---_v2_---_v3_---_track1-___-0  (1)
switch-to-next-train_---_train4_---_train1-___-0  (1)
move-to-departure_---_train1_---_t4_---_t3_---_v1_---_v2_---_track1-___-0  (1)
switch-to-next-train_---_train1_---_train5-___-0  (1)
move-to-departure_---_train5_---_t6_---_t5_---_t0_---_v1_---_track2-___-0  (1)
reach-goal-5-___-0  (0)
Plan length: 27 step(s).
Plan cost: 26
Initial state h value: 22.
Expanded 95 state(s).
Reopened 0 state(s).
Evaluated 139 state(s).
Evaluations: 233
Generated 506 state(s).
Dead ends: 2 state(s).
Search space hash size: 139
Search space hash bucket count: 193
Search time: 0.04s
Total time: 0.08s
Solution found.
Peak memory: 5856 KB
returncode: 0

g bound: 26
next plan number: 2
remaining time: 55.86
config 0: relative time 330, remaining 1595
args: ['/planner/src/fdss-2/../search/downward-1', '--heuristic', 'h=ff(cost_type=2)', '--search', 'eager_greedy(h,preferred=h,cost_type=0,bound=26)', '--plan-file', '/home/simbachiu/rail-planning/domain1/3-PT-MSR/no_cleaned_result.result.2']
timeout: 11.56
Simplifying transitions... done!
Conducting best first search without reopening closed nodes, (real) bound = 26
Initializing FF heuristic...
Initializing additive heuristic...
Simplifying 2470 unary operators... done! [2470 unary operators]
Switch from bucket-based to heap-based queue at key = 815, num_pushes = 288
Best heuristic value: 43 [g=0, 1 evaluated, 0 expanded, t=0.06s]
Best heuristic value: 35 [g=1, 2 evaluated, 1 expanded, t=0.06s]
Best heuristic value: 33 [g=5, 58 evaluated, 48 expanded, t=0.08s]
Best heuristic value: 29 [g=14, 86 evaluated, 71 expanded, t=0.08s]
Best heuristic value: 27 [g=15, 91 evaluated, 75 expanded, t=0.08s]
Best heuristic value: 25 [g=16, 93 evaluated, 76 expanded, t=0.08s]
Best heuristic value: 17 [g=17, 98 evaluated, 80 expanded, t=0.08s]
Best heuristic value: 15 [g=18, 100 evaluated, 81 expanded, t=0.08s]
Best heuristic value: 13 [g=21, 113 evaluated, 87 expanded, t=0.08s]
Best heuristic value: 9 [g=22, 118 evaluated, 89 expanded, t=0.08s]
Best heuristic value: 7 [g=23, 120 evaluated, 90 expanded, t=0.08s]
Best heuristic value: 5 [g=24, 125 evaluated, 91 expanded, t=0.08s]
Best heuristic value: 3 [g=25, 130 evaluated, 92 expanded, t=0.08s]
Completely explored state space -- no solution!
Actual search time: 0.22s [t=0.28s]
Initial state h value: 43.
Expanded 870 state(s).
Reopened 0 state(s).
Evaluated 916 state(s).
Evaluations: 1786
Generated 4276 state(s).
Dead ends: 46 state(s).
Search space hash size: 916
Search space hash bucket count: 1543
Search time: 0.22s
Total time: 0.28s
Search stopped without finding a solution.
Peak memory: 5856 KB
returncode: 5

Build final config.
Abort portfolio and run final config.
g bound: 26
next plan number: 2
remaining time: 55.58
config 0: relative time 1, remaining 1
args: ['/planner/src/fdss-2/../search/downward-1', '--heuristic', 'h=ff(cost_type=2)', '--search', 'iterated([eager(single(sum([g(),weight(h,5)])),preferred=h,cost_type=0),eager(single(sum([g(),weight(h,3)])),preferred=h,cost_type=0),eager(single(sum([g(),weight(h,2)])),preferred=h,cost_type=0),eager(single(sum([g(),weight(h,1)])),preferred=h,cost_type=0)],bound=26,repeat_last=true,plan_counter=1)', '--plan-file', '/home/simbachiu/rail-planning/domain1/3-PT-MSR/no_cleaned_result.result']
timeout: 55.58
Simplifying transitions... done!
Starting search: eager(single(sum(list(g, weight(h, 5)))), preferred = h, cost_type = 0)
Conducting best first search without reopening closed nodes, (real) bound = 26
Initializing FF heuristic...
Initializing additive heuristic...
Simplifying 2470 unary operators... done! [2470 unary operators]
Switch from bucket-based to heap-based queue at key = 815, num_pushes = 288
Best heuristic value: 43 [g=0, 1 evaluated, 0 expanded, t=0.06s]
Best heuristic value: 35 [g=1, 2 evaluated, 1 expanded, t=0.06s]
Best heuristic value: 33 [g=5, 58 evaluated, 48 expanded, t=0.06s]
Best heuristic value: 29 [g=14, 86 evaluated, 71 expanded, t=0.08s]
Best heuristic value: 27 [g=15, 91 evaluated, 75 expanded, t=0.08s]
Best heuristic value: 25 [g=16, 93 evaluated, 76 expanded, t=0.08s]
Best heuristic value: 17 [g=17, 98 evaluated, 80 expanded, t=0.08s]
Best heuristic value: 15 [g=18, 100 evaluated, 81 expanded, t=0.08s]
Best heuristic value: 13 [g=21, 113 evaluated, 86 expanded, t=0.08s]
Best heuristic value: 9 [g=22, 118 evaluated, 88 expanded, t=0.08s]
Best heuristic value: 7 [g=23, 120 evaluated, 89 expanded, t=0.08s]
Best heuristic value: 5 [g=24, 125 evaluated, 90 expanded, t=0.08s]
Best heuristic value: 3 [g=25, 130 evaluated, 91 expanded, t=0.08s]
Completely explored state space -- no solution!
Actual search time: 0.2s [t=0.26s]
Initial state h value: 43.
Expanded 870 state(s).
Reopened 0 state(s).
Evaluated 916 state(s).
Evaluations: 1786
Generated 4276 state(s).
Dead ends: 46 state(s).
Search space hash size: 916
Search space hash bucket count: 1543
No solution found - stop searching
Actual search time: 0.22s [t=0.26s]
Cumulative statistics:
Expanded 870 state(s).
Reopened 0 state(s).
Evaluated 916 state(s).
Evaluations: 1786
Generated 4276 state(s).
Dead ends: 0 state(s).
Search time: 0.22s
Total time: 0.26s
Search stopped without finding a solution.
Peak memory: 5848 KB
returncode: 5

Exit codes: [0, 5, 5]
run_portfolio /planner/src/fdss-2/../search/downward-seq-sat-fdss-2.py --plan-file /home/simbachiu/rail-planning/domain1/3-PT-MSR/no_cleaned_result.result



plans_folder: /home/simbachiu/rail-planning/domain1/3-PT-MSR
input_name: no_cleaned_result.result
output_name: cleaned_result.result
original_domain: /home/simbachiu/rail-planning/domain1/3-PT-MSR/domain1.pddl
original_problem: /home/simbachiu/rail-planning/domain1/3-PT-MSR/problem2.pddl
best cost found: -1




Se han encontrado 1 ficheros de solucion:

input_plan: /home/simbachiu/rail-planning/domain1/3-PT-MSR/no_cleaned_result.result.1
output_plan: /home/simbachiu/rail-planning/domain1/3-PT-MSR/cleaned_result.result.1



WARNING: plan /home/simbachiu/rail-planning/domain1/3-PT-MSR/cleaned_result.result.1 is a wrong plan file or the plan cost is equal to -1, so we remove it
Skip the translate
2. Running preprocessor
Failed to match magic word 'begin_metric'.
Got 'begin_version'.
1. Running translator
Second argument is a file name: use two translator arguments.
Parsing...
Parsing: [0.020s CPU, 0.015s wall-clock]
Normalizing task... [0.000s CPU, 0.003s wall-clock]
Instantiating...
Generating Datalog program... [0.000s CPU, 0.003s wall-clock]
Normalizing Datalog program...
Trivial rules: Converted to facts.
Normalizing Datalog program: [0.020s CPU, 0.018s wall-clock]
Preparing model... [0.010s CPU, 0.011s wall-clock]
Generated 89 rules.
Computing model... [0.200s CPU, 0.198s wall-clock]
789 relevant atoms
799 auxiliary atoms
1588 final queue length
3934 total queue pushes
Completing instantiation... [0.230s CPU, 0.230s wall-clock]
Instantiating: [0.470s CPU, 0.459s wall-clock]
Computing fact groups...
Finding invariants...
17 initial candidates
Finding invariants: [0.060s CPU, 0.065s wall-clock]
Checking invariant weight... [0.000s CPU, 0.001s wall-clock]
Instantiating groups... [0.010s CPU, 0.002s wall-clock]
Collecting mutex groups... [0.000s CPU, 0.000s wall-clock]
Choosing groups...
52 uncovered facts
Choosing groups: [0.000s CPU, 0.001s wall-clock]
Building translation key... [0.000s CPU, 0.002s wall-clock]
Computing fact groups: [0.070s CPU, 0.076s wall-clock]
Building STRIPS to SAS dictionary... [0.000s CPU, 0.000s wall-clock]
Building dictionary for full mutex groups... [0.000s CPU, 0.001s wall-clock]
Building mutex information...
Building mutex information: [0.000s CPU, 0.001s wall-clock]
Translating task...
Processing axioms...
Simplifying axioms... [0.000s CPU, 0.001s wall-clock]
Processing axioms: [0.040s CPU, 0.032s wall-clock]
Translating task: [0.330s CPU, 0.329s wall-clock]
0 implied effects removed
0 effect conditions simplified
0 implied preconditions added
Detecting unreachable propositions...
0 operators removed
13 propositions removed
Detecting unreachable propositions: [0.070s CPU, 0.071s wall-clock]
Translator variables: 56
Translator derived variables: 6
Translator facts: 182
Translator goal facts: 5
Translator mutex groups: 20
Translator total mutex groups size: 175
Translator operators: 534
Translator axioms: 8
Translator task size: 8674
Translator peak memory: 103712 KB
Writing output... [0.090s CPU, 0.092s wall-clock]
Done! [1.060s CPU, 1.057s wall-clock]

2. Running preprocessor
Building causal graph...
The causal graph is not acyclic.
56 variables of 56 necessary
13 of 20 mutex groups necessary.
534 of 534 operators necessary.
8 of 8 axiom rules necessary.
Building domain transition graphs...
solveable in poly time 0
Building successor generator...
Preprocessor facts: 182
Preprocessor derived variables: 6
Preprocessor task size: 8590
Writing output...
done


3. Running search
/planner/src/mercury/src/search/downward < output ipc seq-sat-mercury --plan-file /home/simbachiu/rail-planning/domain1/3-PT-MSR/cleaned_result.result
Dispatcher selected state size 1.
This is a unit task.
Simplifying transitions... done!
Initializing Exploration...
Generating landmarks using the RPG/SAS+ approach
approx. reasonable orders
approx. obedient reasonable orders
Removed 0 reasonable or obedient reasonable orders
Landmarks generation time: 0.0319965s
Discovered 61 landmarks, of which 5 are disjunctive and 0 are conjunctive 
374 edges
Initializing landmarks count heuristic...
29 initial landmarks, 5 goal landmarks
Starting search: lazy_greedy(list(hrb, hlm), preferred = list(hrb, hlm))
Conducting lazy best first search, (real) bound = 2147483647
Initializing Red-Black Relaxation heuristic...
Peak memory: 5364 KB
 --- OK.
 Match tree built with 556 nodes.

PDDL problem description loaded: 
	Domain: DOMAIN1
	Problem: PROBLEM2
	#Actions: 556
	#Fluents: 155
Landmarks found: 22
Starting search with BFS(novel,land,h_add)...
--[4294967295 / 334]--
--[72 / 334]--
--[72 / 278]--
--[70 / 278]--
--[70 / 235]--
--[69 / 235]--
--[63 / 235]--
--[63 / 228]--
--[63 / 184]--
--[62 / 184]--
--[62 / 169]--
--[53 / 169]--
--[53 / 130]--
--[53 / 111]--
--[48 / 111]--
--[48 / 104]--
--[48 / 76]--
--[48 / 60]--
--[42 / 60]--
--[41 / 60]--
--[41 / 47]--
--[41 / 32]--
--[32 / 32]--
--[31 / 32]--
--[31 / 31]--
--[21 / 31]--
--[21 / 26]--
--[20 / 26]--
--[20 / 23]--
--[20 / 20]--
--[20 / 19]--
--[20 / 17]--
--[19 / 17]--
--[19 / 13]--
--[19 / 11]--
--[19 / 10]--
--[19 / 7]--
--[9 / 7]--
--[9 / 5]--
--[9 / 3]--
--[9 / 2]--
--[9 / 1]--
--[9 / 0]--
--[0 / 0]--
Total time: 0.158493
Nodes generated during search: 589
Nodes expanded during search: 108
Plan found with cost: 27
BFS search completed in 0.158493 secs
 --- OK.
 Match tree built with 556 nodes.

PDDL problem description loaded: 
	Domain: DOMAIN1
	Problem: PROBLEM2
	#Actions: 556
	#Fluents: 155
Landmarks found: 1
Starting search with IW (time budget is 60 secs)...
Try allocate size: 0.00121094 MB
Try allocate size: 0.00121094 MB

Caption
{#goals, #UNnachieved,  #Achieved} -> IW(max_w)

{1/1/0}:IW(1) -> [2]Try allocate size: 0.187695 MB

{1/1/0}:IW(2) -> [2][3][4][5][6][7][8][9][10][11][12][13][14][15][16][17][18][19][20][21][22][23][24][25][26][27][28][29]Try allocate size: 29.0928 MB

{1/1/0}:IW(3) -> [2][3][4][5][6][7][8][9][10][11][12][13][14][15][16][17][18][19][20][21][22][23][24][25][26][27][28][29][30][31][32][33][34][35][36][37][38][39][40]Try allocate size: 4509.38 MB
EXCEDED, m_arity downgraded to 1 --> size: 0.00121094 MB
;; NOT I-REACHABLE ;;
Total time: 1.38355
Nodes generated during search: 8065
Nodes expanded during search: 8064
IW search completed in 1.38355 secs
/home/simbachiu/rail-planning/domain1/3-PT-MSR/output.sas
Skip the translate
2. Running preprocessor
Building causal graph...
The causal graph is not acyclic.
56 variables of 56 necessary
13 of 20 mutex groups necessary.
534 of 534 operators necessary.
8 of 8 axiom rules necessary.
Building domain transition graphs...
solveable in poly time 0
Building successor generator...
Preprocessor facts: 182
Preprocessor derived variables: 6
Preprocessor task size: 8590
Writing output...
done

End Running preprocessor
3. Running search
Dispatcher selected state size 1.
This is a unit task.
Simplifying transitions... done!
Initializing Exploration...
Generating landmarks using the RPG/SAS+ approach
approx. reasonable orders
approx. obedient reasonable orders
Removed 0 reasonable or obedient reasonable orders
Landmarks generation time: 0.0359905s
Discovered 61 landmarks, of which 5 are disjunctive and 0 are conjunctive 
374 edges
Initializing LAMA-FF Synergy Object
Initializing landmarks count heuristic...
29 initial landmarks, 5 goal landmarks
Starting search: lazy_greedy(list(hff, hlm), preferred = list(hff, hlm))
Conducting lazy best first search, (real) bound = 2147483647
Best heuristic value: 26/16 [g=0, 1 evaluated, 0 expanded, t=0.1s]
Best heuristic value: 23/15 [g=1, 2 evaluated, 1 expanded, t=0.1s]
Best heuristic value: 22/15 [g=2, 3 evaluated, 2 expanded, t=0.1s]
Best heuristic value: 21/15 [g=3, 5 evaluated, 4 expanded, t=0.1s]
Best heuristic value: 20/15 [g=4, 9 evaluated, 8 expanded, t=0.1s]
Best heuristic value: 16/15 [g=5, 11 evaluated, 10 expanded, t=0.1s]
Best heuristic value: 13/15 [g=7, 18 evaluated, 17 expanded, t=0.1s]
Best heuristic value: 11/15 [g=9, 24 evaluated, 23 expanded, t=0.1s]
Best heuristic value: 10/15 [g=10, 26 evaluated, 25 expanded, t=0.1s]
Best heuristic value: 9/15 [g=11, 27 evaluated, 26 expanded, t=0.12s]
Best heuristic value: 7/15 [g=12, 28 evaluated, 27 expanded, t=0.12s]
Best heuristic value: 6/15 [g=13, 30 evaluated, 29 expanded, t=0.12s]
Best heuristic value: 5/15 [g=17, 287 evaluated, 272 expanded, t=0.18s]
Best heuristic value: 4/15 [g=18, 288 evaluated, 273 expanded, t=0.18s]
Best heuristic value: 4/14 [g=19, 293 evaluated, 278 expanded, t=0.18s]
Best heuristic value: 4/13 [g=20, 294 evaluated, 279 expanded, t=0.18s]
Best heuristic value: 3/13 [g=21, 295 evaluated, 280 expanded, t=0.18s]
Best heuristic value: 2/10 [g=22, 299 evaluated, 284 expanded, t=0.18s]
Best heuristic value: 2/9 [g=23, 300 evaluated, 285 expanded, t=0.18s]
Best heuristic value: 1/9 [g=24, 301 evaluated, 286 expanded, t=0.18s]
Best heuristic value: 1/8 [g=25, 303 evaluated, 288 expanded, t=0.18s]
Best heuristic value: 1/7 [g=27, 318 evaluated, 301 expanded, t=0.18s]
Best heuristic value: 1/5 [g=28, 320 evaluated, 303 expanded, t=0.18s]
Best heuristic value: 0/3 [g=29, 321 evaluated, 304 expanded, t=0.18s]
Best heuristic value: 0/2 [g=30, 322 evaluated, 305 expanded, t=0.18s]
Best heuristic value: 0/1 [g=31, 323 evaluated, 306 expanded, t=0.18s]
Solution found!
Actual search time: 0.08s [t=0.18s]
move-from-arrival train1 v1 t0 t3 t4 track1 (1)
switch-to-next-train train1 train2 (1)
move-from-arrival train2 v2 v1 t5 t6 track2 (1)
switch-to-next-train train2 train3 (1)
move-from-arrival train3 v3 v2 t0 t5 track2 (1)
switch-to-next-train train3 train1 (1)
switch-to-next-train train1 train4 (1)
move-from-arrival train4 v4 v3 t2 t3 track1 (1)
switch-to-next-train train4 train5 (1)
move-from-arrival train5 v5 v4 t1 t2 track1 (1)
switch-to-next-train train5 train6 (1)
move-from-arrival train6 v6 v5 t0 t1 track1 (1)
switch-to-next-train train6 train1 (1)
switch-to-next-train train1 train4 (1)
switch-to-next-train train4 train3 (1)
move-to-departure train3 t5 t0 v5 v6 track2 (1)
switch-to-next-train train3 train1 (1)
switch-to-next-train train1 train2 (1)
move-to-departure train2 t6 t5 v4 v5 track2 (1)
switch-to-next-train train2 train1 (1)
switch-to-next-train train1 train6 (1)
move-from-track train6 t1 t0 t0 track1 (1)
move-to-track train6 t0 t5 t6 track2 (1)
switch-to-next-train train6 train5 (1)
move-to-departure train5 t2 t1 v3 v4 track1 (1)
switch-to-next-train train5 train1 (1)
switch-to-next-train train1 train4 (1)
move-to-departure train4 t3 t2 v2 v3 track1 (1)
switch-to-next-train train4 train1 (1)
move-to-departure train1 t4 t3 v1 v2 track1 (1)
switch-to-next-train train1 train6 (1)
move-to-departure train6 t6 t5 t0 v1 track2 (1)
Plan length: 32 step(s).
Plan cost: 32
Initial state h value: 26/16.
Expanded 308 state(s).
Reopened 0 state(s).
Evaluated 325 state(s).
Evaluations: 650
Generated 1649 state(s).
Dead ends: 16 state(s).
Best solution cost so far: 32
Solution found - keep searching
Starting search: lazy_wastar(list(hff, hlm), preferred = list(hff, hlm), w = 5)
Conducting lazy best first search, (real) bound = 32
Best heuristic value: 26/16 [g=0, 1 evaluated, 0 expanded, t=0.18s]
Best heuristic value: 23/15 [g=1, 2 evaluated, 1 expanded, t=0.18s]
Best heuristic value: 22/15 [g=2, 3 evaluated, 2 expanded, t=0.18s]
Best heuristic value: 21/15 [g=3, 5 evaluated, 4 expanded, t=0.18s]
Best heuristic value: 20/15 [g=4, 9 evaluated, 8 expanded, t=0.18s]
Best heuristic value: 16/15 [g=5, 11 evaluated, 10 expanded, t=0.18s]
Best heuristic value: 13/15 [g=7, 18 evaluated, 17 expanded, t=0.18s]
Best heuristic value: 11/15 [g=9, 24 evaluated, 23 expanded, t=0.18s]
Best heuristic value: 10/15 [g=10, 26 evaluated, 25 expanded, t=0.18s]
Best heuristic value: 9/15 [g=11, 27 evaluated, 26 expanded, t=0.18s]
Best heuristic value: 7/15 [g=12, 28 evaluated, 27 expanded, t=0.18s]
Best heuristic value: 6/15 [g=13, 30 evaluated, 29 expanded, t=0.18s]
Best heuristic value: 5/15 [g=16, 346 evaluated, 337 expanded, 102 reopened, t=0.26s]
Best heuristic value: 4/15 [g=17, 347 evaluated, 338 expanded, 102 reopened, t=0.26s]
Best heuristic value: 4/14 [g=18, 352 evaluated, 343 expanded, 102 reopened, t=0.26s]
Best heuristic value: 4/13 [g=19, 353 evaluated, 344 expanded, 102 reopened, t=0.26s]
Best heuristic value: 3/13 [g=20, 354 evaluated, 345 expanded, 102 reopened, t=0.26s]
Best heuristic value: 2/10 [g=20, 361 evaluated, 352 expanded, 105 reopened, t=0.26s]
Best heuristic value: 2/9 [g=21, 362 evaluated, 353 expanded, 105 reopened, t=0.26s]
Best heuristic value: 1/9 [g=22, 363 evaluated, 354 expanded, 105 reopened, t=0.26s]
Best heuristic value: 1/8 [g=22, 367 evaluated, 358 expanded, 107 reopened, t=0.26s]
Best heuristic value: 1/7 [g=25, 382 evaluated, 371 expanded, 107 reopened, t=0.28s]
Best heuristic value: 1/5 [g=26, 384 evaluated, 373 expanded, 107 reopened, t=0.28s]
Best heuristic value: 0/3 [g=27, 385 evaluated, 374 expanded, 107 reopened, t=0.28s]
Best heuristic value: 0/2 [g=28, 386 evaluated, 375 expanded, 107 reopened, t=0.28s]
Best heuristic value: 0/1 [g=29, 387 evaluated, 376 expanded, 107 reopened, t=0.28s]
Solution found!
Actual search time: 0.1s [t=0.28s]
move-from-arrival train1 v1 t0 t3 t4 track1 (1)
switch-to-next-train train1 train2 (1)
move-from-arrival train2 v2 v1 t5 t6 track2 (1)
switch-to-next-train train2 train3 (1)
move-from-arrival train3 v3 v2 t0 t5 track2 (1)
switch-to-next-train train3 train4 (1)
move-from-arrival train4 v4 v3 t2 t3 track1 (1)
switch-to-next-train train4 train5 (1)
move-from-arrival train5 v5 v4 t1 t2 track1 (1)
switch-to-next-train train5 train6 (1)
move-from-arrival train6 v6 v5 t0 t1 track1 (1)
switch-to-next-train train6 train1 (1)
switch-to-next-train train1 train4 (1)
switch-to-next-train train4 train3 (1)
move-to-departure train3 t5 t0 v5 v6 track2 (1)
switch-to-next-train train3 train1 (1)
switch-to-next-train train1 train2 (1)
move-to-departure train2 t6 t5 v4 v5 track2 (1)
switch-to-next-train train2 train6 (1)
move-from-track train6 t1 t0 t0 track1 (1)
move-to-track train6 t0 t5 t6 track2 (1)
switch-to-next-train train6 train5 (1)
move-to-departure train5 t2 t1 v3 v4 track1 (1)
switch-to-next-train train5 train1 (1)
switch-to-next-train train1 train4 (1)
move-to-departure train4 t3 t2 v2 v3 track1 (1)
switch-to-next-train train4 train1 (1)
move-to-departure train1 t4 t3 v1 v2 track1 (1)
switch-to-next-train train1 train6 (1)
move-to-departure train6 t6 t5 t0 v1 track2 (1)
Plan length: 30 step(s).
Plan cost: 30
Initial state h value: 26/16.
Expanded 378 state(s).
Reopened 107 state(s).
Evaluated 389 state(s).
Evaluations: 778
Generated 2013 state(s).
Dead ends: 10 state(s).
Best solution cost so far: 30
Solution found - keep searching
Starting search: lazy_wastar(list(hff, hlm), preferred = list(hff, hlm), w = 3)
Conducting lazy best first search, (real) bound = 30
Best heuristic value: 26/16 [g=0, 1 evaluated, 0 expanded, t=0.28s]
Best heuristic value: 23/15 [g=1, 2 evaluated, 1 expanded, t=0.28s]
Best heuristic value: 22/15 [g=2, 3 evaluated, 2 expanded, t=0.28s]
Best heuristic value: 21/15 [g=3, 5 evaluated, 4 expanded, t=0.28s]
Best heuristic value: 20/15 [g=4, 9 evaluated, 8 expanded, t=0.28s]
Best heuristic value: 16/15 [g=5, 11 evaluated, 10 expanded, t=0.28s]
Best heuristic value: 13/15 [g=7, 18 evaluated, 17 expanded, t=0.28s]
Best heuristic value: 11/15 [g=9, 24 evaluated, 23 expanded, t=0.28s]
Best heuristic value: 10/15 [g=10, 26 evaluated, 25 expanded, t=0.28s]
Best heuristic value: 9/15 [g=11, 27 evaluated, 26 expanded, t=0.28s]
Best heuristic value: 7/15 [g=12, 28 evaluated, 27 expanded, t=0.28s]
Best heuristic value: 6/15 [g=13, 30 evaluated, 29 expanded, t=0.28s]
Best heuristic value: 5/15 [g=15, 332 evaluated, 323 expanded, 96 reopened, t=0.36s]
Best heuristic value: 4/15 [g=16, 333 evaluated, 324 expanded, 96 reopened, t=0.36s]
Best heuristic value: 4/14 [g=17, 338 evaluated, 329 expanded, 96 reopened, t=0.36s]
Best heuristic value: 4/13 [g=18, 339 evaluated, 330 expanded, 96 reopened, t=0.36s]
Best heuristic value: 3/13 [g=19, 340 evaluated, 331 expanded, 96 reopened, t=0.36s]
Best heuristic value: 2/10 [g=19, 347 evaluated, 338 expanded, 99 reopened, t=0.36s]
Best heuristic value: 2/9 [g=20, 348 evaluated, 339 expanded, 99 reopened, t=0.36s]
Best heuristic value: 1/9 [g=21, 349 evaluated, 340 expanded, 99 reopened, t=0.36s]
Best heuristic value: 1/8 [g=21, 353 evaluated, 344 expanded, 101 reopened, t=0.36s]
Best heuristic value: 1/7 [g=24, 370 evaluated, 359 expanded, 103 reopened, t=0.36s]
Best heuristic value: 1/5 [g=25, 372 evaluated, 361 expanded, 103 reopened, t=0.36s]
Best heuristic value: 0/3 [g=26, 373 evaluated, 362 expanded, 103 reopened, t=0.36s]
Best heuristic value: 0/2 [g=27, 374 evaluated, 363 expanded, 103 reopened, t=0.36s]
Best heuristic value: 0/1 [g=28, 375 evaluated, 364 expanded, 103 reopened, t=0.36s]
Solution found!
Actual search time: 0.08s [t=0.36s]
move-from-arrival train1 v1 t0 t3 t4 track1 (1)
switch-to-next-train train1 train2 (1)
move-from-arrival train2 v2 v1 t5 t6 track2 (1)
switch-to-next-train train2 train3 (1)
move-from-arrival train3 v3 v2 t0 t5 track2 (1)
switch-to-next-train train3 train4 (1)
move-from-arrival train4 v4 v3 t2 t3 track1 (1)
switch-to-next-train train4 train5 (1)
move-from-arrival train5 v5 v4 t1 t2 track1 (1)
switch-to-next-train train5 train6 (1)
move-from-arrival train6 v6 v5 t0 t1 track1 (1)
switch-to-next-train train6 train1 (1)
switch-to-next-train train1 train3 (1)
move-to-departure train3 t5 t0 v5 v6 track2 (1)
switch-to-next-train train3 train1 (1)
switch-to-next-train train1 train2 (1)
move-to-departure train2 t6 t5 v4 v5 track2 (1)
switch-to-next-train train2 train6 (1)
move-from-track train6 t1 t0 t0 track1 (1)
move-to-track train6 t0 t5 t6 track2 (1)
switch-to-next-train train6 train5 (1)
move-to-departure train5 t2 t1 v3 v4 track1 (1)
switch-to-next-train train5 train1 (1)
switch-to-next-train train1 train4 (1)
move-to-departure train4 t3 t2 v2 v3 track1 (1)
switch-to-next-train train4 train1 (1)
move-to-departure train1 t4 t3 v1 v2 track1 (1)
switch-to-next-train train1 train6 (1)
move-to-departure train6 t6 t5 t0 v1 track2 (1)
Plan length: 29 step(s).
Plan cost: 29
Initial state h value: 26/16.
Expanded 366 state(s).
Reopened 103 state(s).
Evaluated 377 state(s).
Evaluations: 754
Generated 1957 state(s).
Dead ends: 10 state(s).
Best solution cost so far: 29
Solution found - keep searching
Starting search: lazy_wastar(list(hff, hlm), preferred = list(hff, hlm), w = 2)
Conducting lazy best first search, (real) bound = 29
Best heuristic value: 26/16 [g=0, 1 evaluated, 0 expanded, t=0.36s]
Best heuristic value: 23/15 [g=1, 2 evaluated, 1 expanded, t=0.36s]
Best heuristic value: 22/15 [g=2, 3 evaluated, 2 expanded, t=0.36s]
Best heuristic value: 21/15 [g=3, 5 evaluated, 4 expanded, t=0.36s]
Best heuristic value: 20/15 [g=4, 9 evaluated, 8 expanded, t=0.36s]
Best heuristic value: 16/15 [g=5, 12 evaluated, 11 expanded, t=0.36s]
Best heuristic value: 13/15 [g=7, 23 evaluated, 22 expanded, t=0.36s]
Best heuristic value: 11/15 [g=9, 30 evaluated, 29 expanded, t=0.36s]
Best heuristic value: 10/15 [g=10, 32 evaluated, 31 expanded, t=0.36s]
Best heuristic value: 9/15 [g=11, 33 evaluated, 32 expanded, t=0.36s]
Best heuristic value: 7/15 [g=12, 34 evaluated, 33 expanded, t=0.36s]
Best heuristic value: 6/15 [g=13, 36 evaluated, 35 expanded, t=0.36s]
Best heuristic value: 5/15 [g=15, 360 evaluated, 351 expanded, 85 reopened, t=0.44s]
Best heuristic value: 4/15 [g=16, 362 evaluated, 353 expanded, 85 reopened, t=0.44s]
Best heuristic value: 4/14 [g=16, 377 evaluated, 367 expanded, 94 reopened, t=0.44s]
Best heuristic value: 4/13 [g=17, 378 evaluated, 368 expanded, 94 reopened, t=0.44s]
Best heuristic value: 3/13 [g=18, 379 evaluated, 369 expanded, 94 reopened, t=0.44s]
Best heuristic value: 2/10 [g=18, 386 evaluated, 376 expanded, 97 reopened, t=0.46s]
Best heuristic value: 2/9 [g=19, 387 evaluated, 377 expanded, 97 reopened, t=0.46s]
Best heuristic value: 1/9 [g=20, 388 evaluated, 378 expanded, 97 reopened, t=0.46s]
Best heuristic value: 1/8 [g=20, 392 evaluated, 382 expanded, 99 reopened, t=0.46s]
Best heuristic value: 1/7 [g=23, 414 evaluated, 403 expanded, 103 reopened, t=0.46s]
Best heuristic value: 1/5 [g=23, 417 evaluated, 406 expanded, 104 reopened, t=0.46s]
Best heuristic value: 0/3 [g=24, 418 evaluated, 407 expanded, 104 reopened, t=0.46s]
Best heuristic value: 0/2 [g=25, 420 evaluated, 409 expanded, 104 reopened, t=0.46s]
Best heuristic value: 0/1 [g=26, 421 evaluated, 410 expanded, 104 reopened, t=0.46s]
Solution found!
Actual search time: 0.1s [t=0.46s]
move-from-arrival train1 v1 t0 t3 t4 track1 (1)
switch-to-next-train train1 train2 (1)
move-from-arrival train2 v2 v1 t5 t6 track2 (1)
switch-to-next-train train2 train3 (1)
move-from-arrival train3 v3 v2 t0 t5 track2 (1)
switch-to-next-train train3 train4 (1)
move-from-arrival train4 v4 v3 t2 t3 track1 (1)
switch-to-next-train train4 train5 (1)
move-from-arrival train5 v5 v4 t1 t2 track1 (1)
switch-to-next-train train5 train6 (1)
move-from-arrival train6 v6 v5 t0 t1 track1 (1)
switch-to-next-train train6 train1 (1)
switch-to-next-train train1 train3 (1)
move-to-departure train3 t5 t0 v5 v6 track2 (1)
switch-to-next-train train3 train2 (1)
move-to-departure train2 t6 t5 v4 v5 track2 (1)
switch-to-next-train train2 train6 (1)
move-from-track train6 t1 t0 t0 track1 (1)
move-to-track train6 t0 t5 t6 track2 (1)
switch-to-next-train train6 train5 (1)
move-to-departure train5 t2 t1 v3 v4 track1 (1)
switch-to-next-train train5 train4 (1)
move-to-departure train4 t3 t2 v2 v3 track1 (1)
switch-to-next-train train4 train1 (1)
move-to-departure train1 t4 t3 v1 v2 track1 (1)
switch-to-next-train train1 train6 (1)
move-to-departure train6 t6 t5 t0 v1 track2 (1)
Plan length: 27 step(s).
Plan cost: 27
Initial state h value: 26/16.
Expanded 412 state(s).
Reopened 104 state(s).
Evaluated 423 state(s).
Evaluations: 846
Generated 2208 state(s).
Dead ends: 10 state(s).
Best solution cost so far: 27
Solution found - keep searching
Starting search: lazy_wastar(list(hff, hlm), preferred = list(hff, hlm), w = 1)
Conducting lazy best first search, (real) bound = 27
Best heuristic value: 26/16 [g=0, 1 evaluated, 0 expanded, t=0.46s]
Best heuristic value: 23/15 [g=1, 2 evaluated, 1 expanded, t=0.46s]
Best heuristic value: 22/15 [g=2, 3 evaluated, 2 expanded, t=0.46s]
Best heuristic value: 21/15 [g=3, 14 evaluated, 13 expanded, t=0.46s]
Best heuristic value: 20/15 [g=4, 22 evaluated, 21 expanded, t=0.46s]
Best heuristic value: 16/15 [g=5, 35 evaluated, 34 expanded, t=0.46s]
Best heuristic value: 13/15 [g=7, 44 evaluated, 43 expanded, t=0.46s]
Best heuristic value: 11/15 [g=9, 50 evaluated, 49 expanded, t=0.46s]
Best heuristic value: 10/15 [g=10, 52 evaluated, 51 expanded, t=0.46s]
Best heuristic value: 9/15 [g=11, 56 evaluated, 55 expanded, t=0.46s]
Best heuristic value: 7/15 [g=12, 57 evaluated, 56 expanded, t=0.46s]
Best heuristic value: 6/15 [g=13, 59 evaluated, 58 expanded, t=0.46s]
Best heuristic value: 5/15 [g=14, 196 evaluated, 190 expanded, 15 reopened, t=0.5s]
Best heuristic value: 4/15 [g=14, 198 evaluated, 192 expanded, 15 reopened, t=0.5s]
Best heuristic value: 4/14 [g=15, 216 evaluated, 209 expanded, 18 reopened, t=0.5s]
Best heuristic value: 4/13 [g=16, 217 evaluated, 210 expanded, 18 reopened, t=0.5s]
Best heuristic value: 3/13 [g=16, 218 evaluated, 211 expanded, 18 reopened, t=0.5s]
Best heuristic value: 2/10 [g=17, 256 evaluated, 249 expanded, 18 reopened, t=0.52s]
Best heuristic value: 2/9 [g=18, 257 evaluated, 250 expanded, 18 reopened, t=0.52s]
Best heuristic value: 1/9 [g=18, 258 evaluated, 251 expanded, 18 reopened, t=0.52s]
Best heuristic value: 1/8 [g=19, 265 evaluated, 258 expanded, 18 reopened, t=0.52s]
Best heuristic value: 1/7 [g=21, 620 evaluated, 587 expanded, 72 reopened, t=0.6s]
Best heuristic value: 1/5 [g=22, 622 evaluated, 589 expanded, 72 reopened, t=0.6s]
Best heuristic value: 0/3 [g=23, 623 evaluated, 590 expanded, 72 reopened, t=0.6s]
Best heuristic value: 0/2 [g=24, 624 evaluated, 591 expanded, 72 reopened, t=0.6s]
Best heuristic value: 0/1 [g=25, 626 evaluated, 593 expanded, 72 reopened, t=0.6s]
Solution found!
Actual search time: 0.14s [t=0.6s]
move-from-arrival train1 v1 t0 t3 t4 track1 (1)
switch-to-next-train train1 train2 (1)
move-from-arrival train2 v2 v1 t5 t6 track2 (1)
switch-to-next-train train2 train3 (1)
move-from-arrival train3 v3 v2 t0 t5 track2 (1)
switch-to-next-train train3 train4 (1)
move-from-arrival train4 v4 v3 t2 t3 track1 (1)
switch-to-next-train train4 train5 (1)
move-from-arrival train5 v5 v4 t1 t2 track1 (1)
switch-to-next-train train5 train6 (1)
move-from-arrival train6 v6 v5 t0 t1 track1 (1)
switch-to-next-train train6 train3 (1)
move-to-departure train3 t5 t0 v5 v6 track2 (1)
switch-to-next-train train3 train2 (1)
move-to-departure train2 t6 t5 v4 v5 track2 (1)
switch-to-next-train train2 train6 (1)
move-from-track train6 t1 t0 t0 track1 (1)
move-to-track train6 t0 t5 t6 track2 (1)
switch-to-next-train train6 train5 (1)
move-to-departure train5 t2 t1 v3 v4 track1 (1)
switch-to-next-train train5 train4 (1)
move-to-departure train4 t3 t2 v2 v3 track1 (1)
switch-to-next-train train4 train1 (1)
move-to-departure train1 t4 t3 v1 v2 track1 (1)
switch-to-next-train train1 train6 (1)
move-to-departure train6 t6 t5 t0 v1 track2 (1)
Plan length: 26 step(s).
Plan cost: 26
Initial state h value: 26/16.
Expanded 594 state(s).
Reopened 72 state(s).
Evaluated 627 state(s).
Evaluations: 1254
Generated 3202 state(s).
Dead ends: 32 state(s).
Best solution cost so far: 26
Solution found - keep searching
Starting search: lazy_wastar(list(hff, hlm), preferred = list(hff, hlm), w = 1)
Conducting lazy best first search, (real) bound = 26
Best heuristic value: 26/16 [g=0, 1 evaluated, 0 expanded, t=0.6s]
Best heuristic value: 23/15 [g=1, 2 evaluated, 1 expanded, t=0.6s]
Best heuristic value: 22/15 [g=2, 3 evaluated, 2 expanded, t=0.6s]
Best heuristic value: 21/15 [g=3, 14 evaluated, 13 expanded, t=0.6s]
Best heuristic value: 20/15 [g=4, 22 evaluated, 21 expanded, t=0.6s]
Best heuristic value: 16/15 [g=5, 35 evaluated, 34 expanded, t=0.6s]
Best heuristic value: 13/15 [g=7, 44 evaluated, 43 expanded, t=0.62s]
Best heuristic value: 11/15 [g=9, 50 evaluated, 49 expanded, t=0.62s]
Best heuristic value: 10/15 [g=10, 52 evaluated, 51 expanded, t=0.62s]
Best heuristic value: 9/15 [g=11, 56 evaluated, 55 expanded, t=0.62s]
Best heuristic value: 7/15 [g=12, 57 evaluated, 56 expanded, t=0.62s]
Best heuristic value: 6/15 [g=13, 59 evaluated, 58 expanded, t=0.62s]
Best heuristic value: 5/15 [g=14, 196 evaluated, 190 expanded, 15 reopened, t=0.64s]
Best heuristic value: 4/15 [g=14, 198 evaluated, 192 expanded, 15 reopened, t=0.64s]
Best heuristic value: 4/14 [g=15, 216 evaluated, 209 expanded, 18 reopened, t=0.66s]
Best heuristic value: 4/13 [g=16, 217 evaluated, 210 expanded, 18 reopened, t=0.66s]
Best heuristic value: 3/13 [g=16, 218 evaluated, 211 expanded, 18 reopened, t=0.66s]
Best heuristic value: 2/10 [g=17, 256 evaluated, 249 expanded, 18 reopened, t=0.66s]
Best heuristic value: 2/9 [g=18, 257 evaluated, 250 expanded, 18 reopened, t=0.66s]
Best heuristic value: 1/9 [g=18, 258 evaluated, 251 expanded, 18 reopened, t=0.66s]
Best heuristic value: 1/8 [g=19, 265 evaluated, 258 expanded, 18 reopened, t=0.66s]
Best heuristic value: 1/7 [g=21, 620 evaluated, 587 expanded, 72 reopened, t=0.74s]
Best heuristic value: 1/5 [g=22, 622 evaluated, 589 expanded, 72 reopened, t=0.74s]
Best heuristic value: 0/3 [g=23, 623 evaluated, 590 expanded, 72 reopened, t=0.74s]
Best heuristic value: 0/2 [g=24, 624 evaluated, 591 expanded, 72 reopened, t=0.74s]
Best heuristic value: 0/1 [g=25, 626 evaluated, 593 expanded, 72 reopened, t=0.74s]
Completely explored state space -- no solution!
Actual search time: 0.24s [t=0.84s]
Initial state h value: 26/16.
Expanded 964 state(s).
Reopened 94 state(s).
Evaluated 1010 state(s).
Evaluations: 2020
Generated 5186 state(s).
Dead ends: 46 state(s).
Best solution cost so far: 26
No solution found - keep searching
Actual search time: 0.74s [t=0.84s]
Cumulative statistics:
Expanded 3022 state(s).
Reopened 480 state(s).
Evaluated 3151 state(s).
Evaluations: 6302
Generated 16215 state(s).
Dead ends: 0 state(s).
Search time: 0.74s
Total time: 0.84s
Solution found.
Peak memory: 6612 KB

mbachiu/rail-planning/domain1/3-PT-MSR/domain1.pddl /home/simbachiu/rail-planning/domain1/3-PT-MSR/problem2.pddl -1
Planner /planner/src/mercury/plan run 20 seconds



****************************************************
*** Planner_path: /planner/src/probe/plan TimeOut: 56 ***
****************************************************


Run command: python2.7 /planner/src/parser/clean_plans.py /home/simbachiu/rail-planning/domain1/3-PT-MSR no_cleaned_result.result cleaned_result.result /home/simbachiu/rail-planning/domain1/3-PT-MSR/domain1.pddl /home/simbachiu/rail-planning/domain1/3-PT-MSR/problem2.pddl -1
Planner /planner/src/probe/plan run 60 seconds



****************************************************
*** Planner_path: /planner/src/jasper/plan TimeOut: 56 ***
****************************************************


Planner /planner/src/jasper/plan run 5 seconds



****************************************************
*** Planner_path: /planner/src/fdss-2/plan TimeOut: 56 ***
****************************************************


Run command: python2.7 /planner/src/parser/clean_plans.py /home/simbachiu/rail-planning/domain1/3-PT-MSR no_cleaned_result.result cleaned_result.result /home/simbachiu/rail-planning/domain1/3-PT-MSR/domain1.pddl /home/simbachiu/rail-planning/domain1/3-PT-MSR/problem2.pddl -1
Planner /planner/src/fdss-2/plan run 5 seconds

Main portfolio runs 144.0 seconds

jasper 136
mercury 136
bfs-f 136
siw 136

Original_Domain: /home/simbachiu/rail-planning/domain1/3-PT-MSR/domain1.pddl
Original_Problem: /home/simbachiu/rail-planning/domain1/3-PT-MSR/problem2.pddl
Modified_Domain: /home/simbachiu/rail-planning/domain1/3-PT-MSR/domain_ready.txt
Modified_Problem: /home/simbachiu/rail-planning/domain1/3-PT-MSR/problem_ready.txt
Original_Plan_file: re.out
Plans folder: /home/simbachiu/rail-planning/domain1/3-PT-MSR



****************************************************
*** Planner_path: /planner/src/jasper/plan TimeOut: 136 ***
****************************************************


Planner /planner/src/jasper/plan run 5 seconds



****************************************************
*** Planner_path: /planner/src/mercury/plan TimeOut: 136 ***
****************************************************


Planner /planner/src/mercury/plan run 5 seconds



****************************************************
*** Planner_path: /planner/src/bfs-f/plan TimeOut: 136 ***
****************************************************


Name: /home/simbachiu/rail-planning/domain1/3-PT-MSR/cleaned_result.result
ERROR: Plan /home/simbachiu/rail-planning/domain1/3-PT-MSR/cleaned_result.result is not valid or the plan cost is equal to -1, therefore we remove it
Planner /planner/src/bfs-f/plan run 5 seconds



****************************************************
*** Planner_path: /planner/src/siw/plan TimeOut: 136 ***
****************************************************


Name: /home/simbachiu/rail-planning/domain1/3-PT-MSR/cleaned_result.result
ERROR: Plan /home/simbachiu/rail-planning/domain1/3-PT-MSR/cleaned_result.result is not valid or the plan cost is equal to -1, therefore we remove it
Planner /planner/src/siw/plan run 5 seconds

Main portfolio plus default planner run 164.0 seconds (in total)

*** Planner List ***

jasper 116
mercury 116
bfs-f 116

Original_Domain: /home/simbachiu/rail-planning/domain1/3-PT-MSR/domain1.pddl
Original_Problem: /home/simbachiu/rail-planning/domain1/3-PT-MSR/problem2.pddl
Modified_Domain: /home/simbachiu/rail-planning/domain1/3-PT-MSR/domain_ready.txt
Modified_Problem: /home/simbachiu/rail-planning/domain1/3-PT-MSR/problem_ready.txt
Original_Plan_file: re.out
Plans folder: /home/simbachiu/rail-planning/domain1/3-PT-MSR



****************************************************
*** Planner_path: /planner/src/lama-2011/plan TimeOut: 56 ***
****************************************************


Run command: python2.7 /planner/src/parser/clean_plans.py /home/simbachiu/rail-planning/domain1/3-PT-MSR no_cleaned_result.result cleaned_result.result /home/simbachiu/rail-planning/domain1/3-PT-MSR/domain1.pddl /home/simba

plans_folder: /home/simbachiu/rail-planning/domain1/3-PT-MSR
input_name: no_cleaned_result.result
output_name: cleaned_result.result
original_domain: /home/simbachiu/rail-planning/domain1/3-PT-MSR/domain1.pddl
original_problem: /home/simbachiu/rail-planning/domain1/3-PT-MSR/problem2.pddl
best cost found: -1




Se han encontrado 5 ficheros de solucion:

input_plan: /home/simbachiu/rail-planning/domain1/3-PT-MSR/no_cleaned_result.result.1
input_plan: /home/simbachiu/rail-planning/domain1/3-PT-MSR/no_cleaned_result.result.2
input_plan: /home/simbachiu/rail-planning/domain1/3-PT-MSR/no_cleaned_result.result.3
input_plan: /home/simbachiu/rail-planning/domain1/3-PT-MSR/no_cleaned_result.result.4
input_plan: /home/simbachiu/rail-planning/domain1/3-PT-MSR/no_cleaned_result.result.5
output_plan: /home/simbachiu/rail-planning/domain1/3-PT-MSR/cleaned_result.result.1
output_plan: /home/simbachiu/rail-planning/domain1/3-PT-MSR/cleaned_result.result.2
output_plan: /home/simbachiu/rail-planning/domain1/3-PT-MSR/cleaned_result.result.3
output_plan: /home/simbachiu/rail-planning/domain1/3-PT-MSR/cleaned_result.result.4
output_plan: /home/simbachiu/rail-planning/domain1/3-PT-MSR/cleaned_result.result.5



WARNING: plan /home/simbachiu/rail-planning/domain1/3-PT-MSR/cleaned_result.result.1 is a wrong plan file or the plan cost is equal to -1, so we remove it
WARNING: plan /home/simbachiu/rail-planning/domain1/3-PT-MSR/cleaned_result.result.2 is a wrong plan file or the plan cost is equal to -1, so we remove it
WARNING: plan /home/simbachiu/rail-planning/domain1/3-PT-MSR/cleaned_result.result.3 is a wrong plan file or the plan cost is equal to -1, so we remove it
WARNING: plan /home/simbachiu/rail-planning/domain1/3-PT-MSR/cleaned_result.result.4 is a wrong plan file or the plan cost is equal to -1, so we remove it
WARNING: plan /home/simbachiu/rail-planning/domain1/3-PT-MSR/cleaned_result.result.5 is a wrong plan file or the plan cost is equal to -1, so we remove it
1. Running translator
Parsing... [0.190s CPU, 0.198s wall-clock]
Instantiating...
Normalizing task... [0.050s CPU, 0.045s wall-clock]
Generating Datalog program... [0.020s CPU, 0.024s wall-clock]
Normalizing Datalog program...
Normalizing Datalog program: [0.050s CPU, 0.047s wall-clock]
Preparing model... [0.080s CPU, 0.076s wall-clock]
Generated 3189 rules.
Computing model... [0.020s CPU, 0.021s wall-clock]
709 relevant atoms
0 auxiliary atoms
709 final queue length
3228 total queue pushes
Completing instantiation... [0.060s CPU, 0.065s wall-clock]
Instantiating: [0.290s CPU, 0.284s wall-clock]
Computing fact groups...
Finding invariants... 155 initial candidates
[8.450s CPU, 8.456s wall-clock]
Checking invariant weight... [0.010s CPU, 0.004s wall-clock]
Instantiating groups... [0.000s CPU, 0.001s wall-clock]
Collecting mutex groups... [0.000s CPU, 0.000s wall-clock]
Choosing groups...
58 uncovered facts
Choosing groups: [0.000s CPU, 0.002s wall-clock]
Building translation key... [0.000s CPU, 0.000s wall-clock]
Computing fact groups: [8.460s CPU, 8.468s wall-clock]
Building STRIPS to SAS dictionary... [0.000s CPU, 0.000s wall-clock]
Building dictionary for full mutex groups... [0.000s CPU, 0.001s wall-clock]
Translating task...
Processing axioms...
Simplifying axioms... [0.000s CPU, 0.000s wall-clock]
Processing axioms: [0.000s CPU, 0.005s wall-clock]
Translating task: [0.030s CPU, 0.040s wall-clock]
12 implied effects removed
18 effect conditions simplified
0 implied preconditions added
Building mutex information... [0.010s CPU, 0.002s wall-clock]
Detecting unreachable propositions...
306 operators removed
22 propositions removed
Detecting unreachable propositions: [0.000s CPU, 0.004s wall-clock]
Writing translation key... [0.000s CPU, 0.000s wall-clock]
Writing mutex key... [0.000s CPU, 0.002s wall-clock]
Writing output... [0.000s CPU, 0.001s wall-clock]
Done! [9.000s CPU, 9.004s wall-clock]
2. Running preprocessor
Building causal graph...
The causal graph is not acyclic.
1 variables of 79 necessary
0 of 54 operators necessary.
0 of 0 axiom rules necessary.
Building domain transition graphs...
solveable in poly time 0
Building successor generator...
Writing output...
done

3. Running search
Simplifying transitions... done!
Initializing HSP/FF heuristic...
Reading invariants from file...
done
Generating landmarks using the RPG/SAS+ approach
approx. reasonable orders
approx. obedient reasonable orders
Removed 0 reasonable or obedient reasonable orders
Generated 2 landmarks, of which 0 are disjunctive
          1 edges
1 initial landmarks, 1 goal landmarks
Landmarks generation time: 0 seconds
Randomizing search (where applicable), with seed: 2011
Search iteration 1
Using the following heuristic(s):
FF heuristic with preferred operators
Landmark heuristic with preferred operators
Initializing HSP/FF heuristic...
Initializing landmarks count heuristic...
Conducting best first search.
Completely explored state space -- no solution!
Expanded 1 state(s).
Generated 0 state(s).
Search time: 0 seconds
Total time: 0 seconds
1. Running translator
Parsing... [0.200s CPU, 0.204s wall-clock]
Instantiating...
Normalizing task... [0.050s CPU, 0.045s wall-clock]
Generating Datalog program... [0.020s CPU, 0.025s wall-clock]
Normalizing Datalog program...
Normalizing Datalog program: [0.050s CPU, 0.046s wall-clock]
Preparing model... [0.070s CPU, 0.077s wall-clock]
Generated 3189 rules.
Computing model... [0.020s CPU, 0.021s wall-clock]
709 relevant atoms
0 auxiliary atoms
709 final queue length
3228 total queue pushes
Completing instantiation... [0.060s CPU, 0.064s wall-clock]
Instantiating: [0.280s CPU, 0.283s wall-clock]
Computing fact groups...
Finding invariants... 155 initial candidates
[10.290s CPU, 10.292s wall-clock]
Checking invariant weight... [0.010s CPU, 0.004s wall-clock]
Instantiating groups... [0.000s CPU, 0.001s wall-clock]
Collecting mutex groups... [0.000s CPU, 0.000s wall-clock]
Choosing groups...
54 uncovered facts
Choosing groups: [0.000s CPU, 0.002s wall-clock]
Building translation key... [0.000s CPU, 0.000s wall-clock]
Computing fact groups: [10.300s CPU, 10.303s wall-clock]
Building STRIPS to SAS dictionary... [0.000s CPU, 0.000s wall-clock]
Building dictionary for full mutex groups... [0.000s CPU, 0.001s wall-clock]
Translating task...
Processing axioms...
Simplifying axioms... [0.000s CPU, 0.000s wall-clock]
Processing axioms: [0.010s CPU, 0.005s wall-clock]
Translating task: [0.040s CPU, 0.041s wall-clock]
12 implied effects removed
12 effect conditions simplified
0 implied preconditions added
Building mutex information... [0.010s CPU, 0.002s wall-clock]
Detecting unreachable propositions...
312 operators removed
33 propositions removed
Detecting unreachable propositions: [0.000s CPU, 0.004s wall-clock]
Writing translation key... [0.000s CPU, 0.000s wall-clock]
Writing mutex key... [0.010s CPU, 0.002s wall-clock]
Writing output... [0.000s CPU, 0.001s wall-clock]
Done! [10.840s CPU, 10.848s wall-clock]
2. Running preprocessor
Building causal graph...
The causal graph is not acyclic.
1 variables of 74 necessary
0 of 48 operators necessary.
0 of 0 axiom rules necessary.
Building domain transition graphs...
solveable in poly time 0
Building successor generator...
Writing output...
done

3. Running search
MRW Param 0:
Walk Type: MHA
Heuristic: FD FF
Step Type: STATE
Extending Rate: 1.5
Length Walk: 10
Alpha: 0.9
Extending Period: 0.1
Walk Bias Temp: 10
Num Walks: 2000
Jump Length: 10
Max Steps: 7
Bounding Factor: 0.9
Deepening: true
Tie-breaking: false
Conservative Steps: false
solution_bounding: g_prunning
Length STDev: 0


MRW Param 1:
Walk Type: MDA
Heuristic: FD FF
Step Type: STATE
Extending Rate: 2
Length Walk: 1
Alpha: 0.9
Extending Period: 0.1
Walk Bias Temp: 0.5
Num Walks: 2000
Jump Length: 1
Max Steps: 7
Bounding Factor: 0.9
Deepening: true
Tie-breaking: false
Conservative Steps: false
solution_bounding: g_prunning
Length STDev: 0


MRW Param 2:
Walk Type: MHA
Heuristic: FD FF
Step Type: STATE
Extending Rate: 1.5
Length Walk: 1
Alpha: 0.9
Extending Period: 0.1
Walk Bias Temp: 10
Num Walks: 2000
Jump Length: 1
Max Steps: 7
Bounding Factor: 0.9
Deepening: true
Tie-breaking: false
Conservative Steps: false
solution_bounding: g_prunning
Length STDev: 0


Shared MRW Parameters: SMART
	Pool Size: 50
	Activation Level: 50
Iterative search: true
UCB Constant Value: 0.5
Use Aras: true
regression graph: true
	Aras Memory Limit: 2000000
	Aras Time Limit: NONE
seed: 2011
Simplifying transitions... done!
UCB Constant: 0.5
Initializing HSP/FF heuristic...
Simplifying 0 unary operators... done! [0 unary operators]
MRW ...
Initial state is a dead end.
chiu/rail-planning/domain1/3-PT-MSR/problem2.pddl -1
Planner /planner/src/lama-2011/plan run 5 seconds



****************************************************
*** Planner_path: /planner/src/lamar/plan TimeOut: 56 ***
****************************************************


Planner /planner/src/lamar/plan run 10 seconds



****************************************************
*** Planner_path: /planner/src/arvand/plan TimeOut: 56 ***
****************************************************


Planner /planner/src/arvand/plan run 15 seconds

Main portfolio runs 194.0 seconds

-------------------- END --------------------
