../../domain1.pddl
../../problem2.pddl
re.out
/home/simbachiu/rail-planning/domain1/2-half-optimized
Action cost: move-on-arrival-to-switch | without_action_costs | 0
Action cost: move-from-switch-to-track | without_action_costs | 2
Action cost: move-from-track-to-switch | without_action_costs | 0
Action cost: move-to-departure | without_action_costs | 0


ff: parsing domain file
domain 'DOMAIN1' defined
 ... done.
ff: parsing problem file
problem 'PROBLEM2' defined
 ... done.



putting out grounded STRIPS task, 143 facts
into ``domain_wce.txt'' and ``facts_wce.txt''
encoding of conditional effects:
according to Gazen/Knoblock, exponential, NO increase in plan length


Warning: El dominio inicial no tenia action costs, por lo tanto se insertan en las acciones originales con coste 1

Functions: (:functions (total-cost))

Action cost: MOVE-ON-ARRIVAL-TO-SWITCH | (increase (total-cost) 1)
Action cost: MOVE-FROM-SWITCH-TO-TRACK | (increase (total-cost) 1)
Action cost: MOVE-FROM-TRACK-TO-SWITCH | (increase (total-cost) 1)
Action cost: MOVE-TO-DEPARTURE | (increase (total-cost) 1)

Warning: El problema inicial no tenia action costs, por lo tanto se inserta la metrica y fluent por defecto

Metric: (:metric minimize (total-cost))

Fluent: (= (total-cost) 0)
/planner/src/parser
/home/simbachiu/rail-planning/domain1/2-half-optimized

original_domain: /home/simbachiu/rail-planning/domain1/2-half-optimized/domain1.pddl
domain_wac: /home/simbachiu/rail-planning/domain1/2-half-optimized/domain_without_action_costs.txt
domain_wce: /home/simbachiu/rail-planning/domain1/2-half-optimized/domain_wce.txt
domain_ready: /home/simbachiu/rail-planning/domain1/2-half-optimized/domain_ready.txt

original_problem: /home/simbachiu/rail-planning/domain1/2-half-optimized/problem2.pddl
problem_wac: /home/simbachiu/rail-planning/domain1/2-half-optimized/problem_without_action_costs.txt
problem_wce: /home/simbachiu/rail-planning/domain1/2-half-optimized/facts_wce.txt
problem_ready: /home/simbachiu/rail-planning/domain1/2-half-optimized/problem_ready.txt

action_costs_domain_file: /home/simbachiu/rail-planning/domain1/2-half-optimized/action_costs_from_domain_file.txt
action_costs_problem_file: /home/simbachiu/rail-planning/domain1/2-half-optimized/action_costs_from_problem_file.txt



Action costs processed.


highest number of when per action: 2


Conditional effects compiled.


Action costs restored.

Parsing...
Parsing: [0.070s CPU, 0.069s wall-clock]
Normalizing task... [0.010s CPU, 0.009s wall-clock]
Instantiating...
Generating Datalog program... [0.010s CPU, 0.006s wall-clock]
Normalizing Datalog program...
Normalizing Datalog program: [0.010s CPU, 0.016s wall-clock]
Preparing model... [0.020s CPU, 0.014s wall-clock]
Generated 837 rules.
Computing model... [0.000s CPU, 0.007s wall-clock]
338 relevant atoms
0 auxiliary atoms
338 final queue length
871 total queue pushes
Completing instantiation... [0.020s CPU, 0.017s wall-clock]
Instantiating: [0.060s CPU, 0.062s wall-clock]
Computing fact groups...
Finding invariants...
143 initial candidates
Finding invariants: [19.390s CPU, 19.391s wall-clock]
Checking invariant weight... [0.010s CPU, 0.001s wall-clock]
Instantiating groups... [0.000s CPU, 0.000s wall-clock]
Collecting mutex groups... [0.000s CPU, 0.000s wall-clock]
Choosing groups...
29 uncovered facts
Choosing groups: [0.000s CPU, 0.001s wall-clock]
Building translation key... [0.000s CPU, 0.000s wall-clock]
Computing fact groups: [19.400s CPU, 19.398s wall-clock]
Building STRIPS to SAS dictionary... [0.000s CPU, 0.000s wall-clock]
Building dictionary for full mutex groups... [0.000s CPU, 0.000s wall-clock]
Building mutex information...
Building mutex information: [0.000s CPU, 0.000s wall-clock]
Translating task...
Processing axioms...
Simplifying axioms... [0.000s CPU, 0.000s wall-clock]
Processing axioms: [0.000s CPU, 0.002s wall-clock]
Translating task: [0.010s CPU, 0.013s wall-clock]
0 implied effects removed
132 effect conditions simplified
0 implied preconditions added
Detecting unreachable propositions...
0 operators removed
30 propositions removed
Detecting unreachable propositions: [0.000s CPU, 0.002s wall-clock]
/home/simbachiu/rail-planning/domain1/2-half-optimized
************
1,0,1,1,0,0171,352
grounded-strips-domain1,grounded-strips-problem2,2,1,0,144,1,35,1,196,0,1,837,338,0,338,871,-1,-1,-1,0,132,0,58,0,171,92,352,189,2820
End the translate
Translator variables: 58
Translator derived variables: 0
Translator facts: 171
Translator mutex groups: 92
Translator total mutex groups size: 352
Translator operators: 189
Translator task size: 2820
Translator peak memory: 325508 KB
Writing output... [0.010s CPU, 0.003s wall-clock]
Done! [19.560s CPU, 19.559s wall-clock]
*** do not perform relevance analysis ***
Building causal graph...
The causal graph is not acyclic.
58 variables of 58 necessary
51 of 92 mutex groups necessary.
189 of 189 operators necessary.
0 of 0 axiom rules necessary.
Building domain transition graphs...
solveable in poly time 0
Building successor generator...
Preprocessor facts: 171
Preprocessor derived variables: 0
Preprocessor task size: 2678
Writing output...
 esto  no me sale

statistics DTG
58,1, 772, 4524, 0.0751295, 5.8601, 78, 0.0172414, 
56, 13.3103, 15.6251, 55, 13.3103, 6.09468, 582, 78, 128.275,990, 78, 136.334
, 0, 0, 0, 108, 1.86207, 14.0583, 0, 0, 0, 108, 1.86207,14.0583,
170, 771, 5295, 0.145609, 0.220493, 1, 87, 4.44458, 0.0645213, 
87, 4.44458, 0.0645213, 575, 30.8054,1.29043, 591,30.8054, 0.0645213
--
58,0.0172414, 15.6251, 13.3103, 582, 78,14.0583, 0,170, 771, 575
done


ff: parsing domain file
domain 'GROUNDED-STRIPS-DOMAIN1' defined
 ... done.
ff: parsing problem file
problem 'GROUNDED-STRIPS-PROBLEM2' defined
 ... done.



no optimization required. skipping criterion.


no metric specified. plan length assumed.

checking for cyclic := effects --- OK.

Evaluation function 1.000000*g(s) + 3.000000*h(s) where
 metric is plan length

 INITIAL STATE FEEATURES

 num_relevant_facts: 141 
 num_actions: 196 
 rp_fact_balance_min:  -6
 rp_fact_balance_avg:  0.007092
 rp_fact_balance_var:  1.151604
 rp_goal_balance_min:  1
 rp_goal_balance_avg:  1.000000
 rp_goal_balance_var:  0.000000

 Planning Graph Fact Serie:		 34 2 9 12 13 14 11 9 6 6 6 6 1
 Relaxed Plan Add Serie:		 0 2 7 7 7 7 7 5 3 3 6 3 1
 Relaxed Plan Del Serie:		 0 2 7 7 7 7 7 5 3 3 6 3 0
 Achieved Goal Serie:			 0 0 0 0 0 0 0 0 0 0 0 0 1
 Applicable Action Serie:		 1 3 11 14 18 13 12 48 11 11 11 13 0
 Unbalance Fact Serie:			 0 0 0 2 4 6 8 10 1 1 4 1 0
 Balance Fact Serie:			 34 4 12 10 10 10 10 8 5 5 4 5 1

 Num relevant ops: 196
balance Ratio: 6.719
Unbalance Ratio: 4.250
Balance Distorsion: 243
Balance Distorsion: 243
 h_ff: 18
 h_max: 12
 h_ffratio     1.50/home/simbachiu/rail-planning/domain1/2-half-optimized
***

/home/simbachiu/rail-planning/domain1/2-half-optimized/initfeature-info.txt

*******

initfeature-info.txt

Parsing... [0.060s CPU, 0.058s wall-clock]
Instantiating...
Normalizing task... [0.010s CPU, 0.011s wall-clock]
Generating Datalog program... [0.000s CPU, 0.006s wall-clock]
Normalizing Datalog program...
Normalizing Datalog program: [0.020s CPU, 0.014s wall-clock]
Preparing model... [0.010s CPU, 0.014s wall-clock]
Generated 837 rules.
Computing model... [0.010s CPU, 0.007s wall-clock]
338 relevant atoms
0 auxiliary atoms
338 final queue length
871 total queue pushes
Completing instantiation... [0.020s CPU, 0.016s wall-clock]
Instantiating: [0.070s CPU, 0.068s wall-clock]
Computing fact groups...
Finding invariants...
143 initial candidates
Finding invariants: [23.960s CPU, 23.981s wall-clock]
Checking invariant weight... [0.000s CPU, 0.001s wall-clock]
Instantiating groups... [0.000s CPU, 0.000s wall-clock]
Collecting mutex groups... [0.000s CPU, 0.000s wall-clock]
Choosing groups...
43 uncovered facts
Choosing groups: [0.000s CPU, 0.001s wall-clock]
Building translation key... [0.000s CPU, 0.000s wall-clock]
Computing fact groups: [23.960s CPU, 23.988s wall-clock]
Building STRIPS to SAS dictionary... [0.000s CPU, 0.000s wall-clock]
Building dictionary for full mutex groups... [0.000s CPU, 0.000s wall-clock]
Building mutex information...
Building mutex information: [0.000s CPU, 0.000s wall-clock]
Translating task...
Processing axioms...
Simplifying axioms... [0.000s CPU, 0.000s wall-clock]
Processing axioms: [0.010s CPU, 0.001s wall-clock]
Translating task: [0.020s CPU, 0.010s wall-clock]
0 implied effects removed
24 effect conditions simplified
0 implied preconditions added
Detecting unreachable propositions...
0 operators removed
25 propositions removed
Detecting unreachable propositions: [0.000s CPU, 0.002s wall-clock]
Translator variables: 70
Translator derived variables: 0
Translator facts: 188
Translator mutex groups: 91
Translator total mutex groups size: 340
Translator operators: 189
Translator task size: 2894
/home/simbachiu/rail-planning/domain1/2-half-optimized
************
Writing output... [0.000s CPU, 0.002s wall-clock]
Done! [24.110s CPU, 24.131s wall-clock]
Building causal graph...
The causal graph is not acyclic.
69 variables of 70 necessary
54 of 91 mutex groups necessary.
189 of 189 operators necessary.
0 of 0 axiom rules necessary.
Building domain transition graphs...
solveable in poly time 0
Building successor generator...
Preprocessor facts: 186
Preprocessor derived variables: 0
Preprocessor task size: 2761
Writing output...
done

Dispatcher selected state size .
This is a unit task.
Dispatcher selected state size .
This is a unit task.
/home/simbachiu/rail-planning/domain1/2-half-optimized/translateFile
/home/simbachiu/rail-planning/domain1/2-half-optimized/features.arff
No file in preprocess
/home/simbachiu/rail-planning/domain1/2-half-optimized/initfeature-info.txt
No file in fflearner
/home/simbachiu/rail-planning/domain1/2-half-optimized/landmark.arff
No file in landmarks
/home/simbachiu/rail-planning/domain1/2-half-optimized/red-black
No file in red-black
/home/simbachiu/rail-planning/domain1/2-half-optimized/tmp_results
No file in heuristics
grounded-strips-domain1,grounded-strips-problem2,2,1,0,144,1,35,1,196,0,1,837,338,0,338,871,0,132,0,58,0,171,92,352,189,2820,?,?,?,?,?,?,?,?,?,?,?,?,?,?,?,?,?,?,?,?,?,?,?,?,?,?,?,?,?,?,?,?,?,?,?,?,?,?,?,?,?,?,?,?,?,?,?,?,?,?,?,?,?,?,?,?,?,?,?,?,?,?,?,?,?,?,?,?,?,?,?,?,?,?,?,?,?,?,?,?,?,?,?,?,?,?,?,?,?,?,?,?,?,?,?
results 7
***** 1 1
inst: 1 actual: True predicted: True error: 0.69 planner: fdss-2
***** 2 1
inst: 2 actual: True predicted: True error: 0.951 planner: probe
***** 3 1
inst: 3 actual: True predicted: False error: 0.598 planner: yahsp2-mt
***** 4 1
inst: 4 actual: True predicted: True error: 0.975 planner: mercury
***** 5 1
inst: 5 actual: True predicted: True error: 0.697 planner: jasper
***** 6 1
inst: 6 actual: True predicted: True error: 0.649 planner: siw
***** 7 1
inst: 7 actual: True predicted: True error: 0.982 planner: bfs-f
 --- OK.
 Match tree built with 196 nodes.

PDDL problem description loaded: 
	Domain: GROUNDED-STRIPS-DOMAIN1
	Problem: GROUNDED-STRIPS-PROBLEM2
	#Actions: 196
	#Fluents: 141
Landmarks found: 24
Starting search with BFS(novel,land,h_add)...
--[4294967295 / 484]--
--[88 / 484]--
--[86 / 484]--
--[86 / 389]--
--[84 / 389]--
--[80 / 389]--
--[80 / 350]--
--[78 / 350]--
--[78 / 335]--
--[74 / 335]--
--[74 / 246]--
--[73 / 246]--
--[73 / 244]--
--[69 / 244]--
--[69 / 167]--
--[68 / 167]--
--[68 / 161]--
--[68 / 130]--
--[64 / 130]--
--[64 / 91]--
--[62 / 91]--
--[62 / 59]--
--[58 / 59]--
--[58 / 38]--
--[56 / 38]--
--[56 / 34]--
--[55 / 34]--
--[55 / 25]--
--[38 / 25]--
--[38 / 24]--
--[38 / 23]--
--[38 / 22]--
--[38 / 21]--
--[29 / 21]--
--[29 / 20]--
--[29 / 16]--
--[20 / 16]--
--[20 / 13]--
--[20 / 11]--
--[19 / 11]--
--[19 / 7]--
--[9 / 7]--
--[9 / 6]--
--[9 / 3]--
--[9 / 2]--
--[9 / 1]--
--[9 / 0]--
--[0 / 0]--
Total time: 0.007421
Nodes generated during search: 76
Nodes expanded during search: 50
Plan found with cost: 27
BFS search completed in 0.007421 secs


plans_folder: /home/simbachiu/rail-planning/domain1/2-half-optimized
input_name: no_cleaned_result.result
output_name: cleaned_result.result
original_domain: /home/simbachiu/rail-planning/domain1/2-half-optimized/domain1.pddl
original_problem: /home/simbachiu/rail-planning/domain1/2-half-optimized/problem2.pddl
best cost found: -1




Se han encontrado 1 ficheros de solucion:

input_plan: /home/simbachiu/rail-planning/domain1/2-half-optimized/no_cleaned_result.result
output_plan: /home/simbachiu/rail-planning/domain1/2-half-optimized/cleaned_result.result



WARNING: plan /home/simbachiu/rail-planning/domain1/2-half-optimized/cleaned_result.result is a wrong plan file or the plan cost is equal to -1, so we remove it

***** The memory limit is:  7470305280
***************************

WARNING: IT IS A TEST CONFIGURATION ***************

***************************

/home/simbachiu/rail-planning/domain1/2-half-optimized
/planner/src
Run command: python2.7 /planner/src/parser/parse.py /home/simbachiu/rail-planning/domain1/2-half-optimized/domain1.pddl /home/simbachiu/rail-planning/domain1/2-half-optimized/problem2.pddl

Modified domain/problem detected

Parser took 3.0 seconds

Extract Features with modified problem and domain
Run command: ulimit -v 4194304;ulimit -t 50; python2.7 /planner/src/features/translate/translate.py /home/simbachiu/rail-planning/domain1/2-half-optimized/domain_ready.txt /home/simbachiu/rail-planning/domain1/2-half-optimized/problem_ready.txt
Run command: ulimit -v 4194304;ulimit -t 50; /planner/src/features/preprocess/preprocess  cosas <  /home/simbachiu/rail-planning/domain1/2-half-optimized/output.sas
Run command: ulimit -v 4194304;ulimit -t 50; /planner/src/features/ff-learner/roller3.0 -o /home/simbachiu/rail-planning/domain1/2-half-optimized/domain_ready.txt -f /home/simbachiu/rail-planning/domain1/2-half-optimized/problem_ready.txt -S 28
Run command: ulimit -v 4194304;ulimit -t 100; /planner/src/features/heuristics/training.sh /home/simbachiu/rail-planning/domain1/2-half-optimized/domain_ready.txt /home/simbachiu/rail-planning/domain1/2-half-optimized/problem_ready.txt
Run command: ulimit -v 4194304;ulimit -t 100; /planner/src/search/downward --landmarks "lm=lm_merged([lm_hm(m=1),lm_rhw(),lm_zg()])" < /home/simbachiu/rail-planning/domain1/2-half-optimized/output
Run command: ulimit -v 4194304;ulimit -t 100; /planner/src/search-mercury/downward ipc seq-agl-mercury < /home/simbachiu/rail-planning/domain1/2-half-optimized/output
Run command: python2.7 /planner/src/models/joinFile.py /home/simbachiu/rail-planning/domain1/2-half-optimized
Run command: java -cp /planner/src/models/weka.jar -Xms256m -Xmx1024m weka.filters.unsupervised.attribute.Remove -R 1-3,18,20,65,78-79,119-120 -i /home/simbachiu/rail-planning/domain1/2-half-optimized/global_features.arff -o /home/simbachiu/rail-planning/domain1/2-half-optimized/global_features_simply.arff
Features 45.0 seconds

Features and parser took 48.0 seconds

Run command: java -Xms256m -Xmx1024m -cp /planner/src/models/weka.jar weka.classifiers.meta.RotationForest -l /planner/src/models/meta.RotationForest.model -T /home/simbachiu/rail-planning/domain1/2-half-optimized/global_features_simply.arff -p 113 > /home/simbachiu/rail-planning/domain1/2-half-optimized/outputModel
   

Run command: python2.7 /planner/src/models/parseWekaOutputFile.py /home/simbachiu/rail-planning/domain1/2-half-optimized/outputModel /home/simbachiu/rail-planning/domain1/2-half-optimized/listPlanner
Model 3.0 seconds

Main portfolio runs 51.0 seconds

**** PRINT PLANNERS SELECTED **** 
bfs-f 56
mercury 56
probe 56
jasper 56
fdss-2 56
**** END PLANNERS SELECTED **** 
Select the planners 0.000175952911377 seconds

Time took 52.0 seconds


Original_Domain: /home/simbachiu/rail-planning/domain1/2-half-optimized/domain1.pddl
Original_Problem: /home/simbachiu/rail-planning/domain1/2-half-optimized/problem2.pddl
Modified_Domain: /home/simbachiu/rail-planning/domain1/2-half-optimized/domain_ready.txt
Modified_Problem: /home/simbachiu/rail-planning/domain1/2-half-optimized/problem_ready.txt
Original_Plan_file: re.out
Plans folder: /home/simbachiu/rail-planning/domain1/2-half-optimized



****************************************************
*** Planner_path: /planner/src/bfs-f/plan TimeOut: 56 ***
****************************************************


Run command: python2.7 /planner/src/parser/clean_plans.py /home/simbachiu/rail-planning/domain1/2-half-optimized no_cleaned_result.result cleaned_result.result /home/simbachiu/rail-planning/domain1/2-half-optimized/domain1.pddl /home/simbachiu/rail-planning/domain1/2-half-optimized/problem2.pddl -1
Planner /planner/src/bfs-f/plan run 5 seconds



****************************************************
*** Planner_path: /planner/src/mercury/plan TimeOut: 56 ***1. Running translator
Second argument is a file name: use two translator arguments.
Parsing...
Parsing: [0.190s CPU, 0.195s wall-clock]
Normalizing task... [0.040s CPU, 0.040s wall-clock]
Instantiating...
Generating Datalog program... [0.020s CPU, 0.021s wall-clock]
Normalizing Datalog program...
Normalizing Datalog program: [0.060s CPU, 0.063s wall-clock]
Preparing model... [0.050s CPU, 0.045s wall-clock]
Generated 837 rules.
Computing model... [0.060s CPU, 0.061s wall-clock]
338 relevant atoms
0 auxiliary atoms
338 final queue length
871 total queue pushes
Completing instantiation... [0.050s CPU, 0.053s wall-clock]
Instantiating: [0.240s CPU, 0.243s wall-clock]
Computing fact groups...
Finding invariants...
143 initial candidates
Finding invariants: [11.830s CPU, 11.830s wall-clock]
Checking invariant weight... [0.020s CPU, 0.027s wall-clock]
Instantiating groups... [0.010s CPU, 0.003s wall-clock]
Collecting mutex groups... [0.000s CPU, 0.001s wall-clock]
Choosing groups...
20 uncovered facts
Choosing groups: [0.010s CPU, 0.006s wall-clock]
Building translation key... [0.000s CPU, 0.001s wall-clock]
Computing fact groups: [11.870s CPU, 11.874s wall-clock]
Building STRIPS to SAS dictionary... [0.000s CPU, 0.000s wall-clock]
Building dictionary for full mutex groups... [0.000s CPU, 0.004s wall-clock]
Building mutex information...
Building mutex information: [0.010s CPU, 0.006s wall-clock]
Translating task...
Processing axioms...
Simplifying axioms... [0.000s CPU, 0.000s wall-clock]
Processing axioms: [0.000s CPU, 0.003s wall-clock]
Translating task: [0.040s CPU, 0.040s wall-clock]
0 implied effects removed
0 effect conditions simplified
0 implied preconditions added
Detecting unreachable propositions...
0 operators removed
27 propositions removed
Detecting unreachable propositions: [0.010s CPU, 0.009s wall-clock]
Translator variables: 45
Translator derived variables: 0
Translator facts: 161
Translator goal facts: 1
Translator mutex groups: 203
Translator total mutex groups size: 1493
Translator operators: 184
Translator axioms: 0
Translator task size: 4006
Translator peak memory: 309748 KB
Writing output... [0.030s CPU, 0.034s wall-clock]
Done! [12.430s CPU, 12.447s wall-clock]

2. Running preprocessor
Building causal graph...
The causal graph is not acyclic.
45 variables of 45 necessary
143 of 203 mutex groups necessary.
184 of 184 operators necessary.
0 of 0 axiom rules necessary.
Building domain transition graphs...
solveable in poly time 0
Building successor generator...
Preprocessor facts: 161
Preprocessor derived variables: 0
Preprocessor task size: 3607
Writing output...
done


3. Running search
/planner/src/mercury/src/search/downward < output ipc seq-sat-mercury --plan-file /home/simbachiu/rail-planning/domain1/2-half-optimized/no_cleaned_result.result
Dispatcher selected state size 1.
This is a nonunit task.
Simplifying transitions... done!
Initializing Exploration...
Generating landmarks using the RPG/SAS+ approach
approx. reasonable orders
approx. obedient reasonable orders
Removed 0 reasonable or obedient reasonable orders
Landmarks generation time: 0.00799806s
Discovered 45 landmarks, of which 0 are disjunctive and 0 are conjunctive 
251 edges
Initializing landmarks count heuristic...
21 initial landmarks, 1 goal landmarks
Initializing Exploration...
Generating landmarks using the RPG/SAS+ approach
approx. reasonable orders
approx. obedient reasonable orders
Removed 0 reasonable or obedient reasonable orders
Landmarks generation time: 0.0279982s
Discovered 45 landmarks, of which 0 are disjunctive and 0 are conjunctive 
263 edges
Initializing landmarks count heuristic...
21 initial landmarks, 1 goal landmarks
Starting search: lazy_greedy(list(hrb, hlm1), preferred = list(hrb, hlm1), cost_type = 1, reopen_closed = false)
Conducting lazy best first search, (real) bound = 2147483647
Initializing Red-Black Relaxation heuristic...
Running A* instead of Dijkstra. Using the distances ignoring outside conditions for heuristic estimates.
Preferred operators (if used) are set from relaxed plan
Conflict costs are estimated
Initializing FF heuristic...
Initializing additive heuristic...
Simplifying 904 unary operators... done! [904 unary operators]
Initializing extended DTGs
Adding 184 operators to extended DTGs
Checking invertibility...
Done checking invertibility
No invertible variables - running FF heuristic!
---------------------------------------------------------------------------------------
Switch from bucket-based to heap-based queue at key = 196, num_pushes = 176
Best heuristic value: 22/24 [g=0, 1 evaluated, 0 expanded, t=0.06s]
Best heuristic value: 21/23 [g=1, 2 evaluated, 1 expanded, t=0.06s]
Best heuristic value: 21/21 [g=2, 3 evaluated, 2 expanded, t=0.06s]
Best heuristic value: 21/20 [g=3, 4 evaluated, 3 expanded, t=0.06s]
Best heuristic value: 21/18 [g=4, 5 evaluated, 4 expanded, t=0.06s]
Best heuristic value: 20/17 [g=5, 6 evaluated, 5 expanded, t=0.06s]
Best heuristic value: 20/16 [g=6, 7 evaluated, 6 expanded, t=0.06s]
Best heuristic value: 19/15 [g=7, 8 evaluated, 7 expanded, t=0.06s]
Best heuristic value: 19/14 [g=8, 9 evaluated, 8 expanded, t=0.06s]
Best heuristic value: 19/13 [g=9, 10 evaluated, 9 expanded, t=0.06s]
Best heuristic value: 19/11 [g=10, 11 evaluated, 10 expanded, t=0.06s]
Best heuristic value: 17/9 [g=11, 12 evaluated, 11 expanded, t=0.06s]
Best heuristic value: 17/8 [g=12, 13 evaluated, 12 expanded, t=0.06s]
Best heuristic value: 17/7 [g=13, 24 evaluated, 21 expanded, t=0.06s]
Best heuristic value: 14/5 [g=14, 44 evaluated, 36 expanded, t=0.06s]
Best heuristic value: 13/5 [g=15, 46 evaluated, 38 expanded, t=0.06s]
Best heuristic value: 12/4 [g=16, 47 evaluated, 39 expanded, t=0.06s]
Best heuristic value: 11/4 [g=17, 48 evaluated, 40 expanded, t=0.06s]
Best heuristic value: 9/3 [g=18, 49 evaluated, 41 expanded, t=0.06s]
Best heuristic value: 8/2 [g=21, 54 evaluated, 44 expanded, t=0.06s]
Best heuristic value: 6/1 [g=22, 55 evaluated, 45 expanded, t=0.06s]
Best heuristic value: 5/1 [g=23, 56 evaluated, 46 expanded, t=0.06s]
Best heuristic value: 3/1 [g=24, 57 evaluated, 47 expanded, t=0.06s]
Best heuristic value: 2/1 [g=25, 59 evaluated, 49 expanded, t=0.06s]
Best heuristic value: 1/1 [g=26, 60 evaluated, 50 expanded, t=0.06s]
Solution found!
Actual search time: 0s [t=0.06s]
move-on-arrival-to-switch_---_train1_---_v1_---_t0_---_t0-___-0  (1)
move-from-switch-to-track_---_train1_---_t0_---_t3_---_t4_---_track1-___-1  (1)
move-on-arrival-to-switch_---_train2_---_v2_---_v1_---_t0-___-0  (1)
move-from-switch-to-track_---_train2_---_t0_---_t5_---_t6_---_track2-___-1  (1)
move-on-arrival-to-switch_---_train3_---_v3_---_v2_---_t0-___-0  (1)
move-from-switch-to-track_---_train3_---_t0_---_t0_---_t5_---_track2-___-1  (1)
move-on-arrival-to-switch_---_train4_---_v4_---_v3_---_t0-___-0  (1)
move-from-switch-to-track_---_train4_---_t0_---_t2_---_t3_---_track1-___-1  (1)
move-on-arrival-to-switch_---_train5_---_v5_---_v4_---_t0-___-0  (1)
move-from-switch-to-track_---_train5_---_t0_---_t1_---_t2_---_track1-___-1  (1)
move-on-arrival-to-switch_---_train6_---_v6_---_v5_---_t0-___-0  (1)
move-from-switch-to-track_---_train6_---_t0_---_t0_---_t1_---_track1-___-1  (1)
move-from-track-to-switch_---_train3_---_t5_---_t0_---_t0_---_track2-___-0  (1)
move-to-departure_---_train3_---_t0_---_v5_---_v6-___-0  (1)
move-from-track-to-switch_---_train2_---_t6_---_t5_---_t0_---_track2-___-0  (1)
move-to-departure_---_train2_---_t0_---_v4_---_v5-___-0  (1)
move-from-track-to-switch_---_train6_---_t1_---_t0_---_t0_---_track1-___-0  (1)
move-to-departure_---_train6_---_t0_---_v3_---_v4-___-0  (1)
move-from-track-to-switch_---_train5_---_t2_---_t1_---_t0_---_track1-___-0  (1)
move-from-switch-to-track_---_train5_---_t0_---_t5_---_t6_---_track2-___-0  (1)
move-from-track-to-switch_---_train4_---_t3_---_t2_---_t0_---_track1-___-0  (1)
move-to-departure_---_train4_---_t0_---_v2_---_v3-___-0  (1)
move-from-track-to-switch_---_train1_---_t4_---_t3_---_t0_---_track1-___-0  (1)
move-to-departure_---_train1_---_t0_---_v1_---_v2-___-0  (1)
move-from-track-to-switch_---_train5_---_t6_---_t5_---_t0_---_track2-___-0  (1)
move-to-departure_---_train5_---_t0_---_t0_---_v1-___-0  (1)
reach-goal-5-___-0  (0)
Plan length: 27 step(s).
Plan cost: 26
Initial state h value: 22/24.
Expanded 51 state(s).
Reopened 0 state(s).
Evaluated 61 state(s).
Evaluations: 122
Generated 86 state(s).
Dead ends: 9 state(s).
Best solution cost so far: 26
Solution found - keep searching
Starting search: lazy_greedy(list(hrb, hlm2), preferred = list(hrb, hlm2), reopen_closed = false)
Conducting lazy best first search, (real) bound = 26
Best heuristic value: 22/47 [g=0, 1 evaluated, 0 expanded, t=0.06s]
Best heuristic value: 21/44 [g=1, 2 evaluated, 1 expanded, t=0.06s]
Best heuristic value: 21/41 [g=2, 3 evaluated, 2 expanded, t=0.06s]
Best heuristic value: 21/38 [g=3, 4 evaluated, 3 expanded, t=0.06s]
Best heuristic value: 21/35 [g=4, 5 evaluated, 4 expanded, t=0.06s]
Best heuristic value: 20/32 [g=5, 6 evaluated, 5 expanded, t=0.06s]
Best heuristic value: 20/31 [g=6, 7 evaluated, 6 expanded, t=0.06s]
Best heuristic value: 19/28 [g=7, 8 evaluated, 7 expanded, t=0.06s]
Best heuristic value: 19/27 [g=8, 9 evaluated, 8 expanded, t=0.06s]
Best heuristic value: 19/24 [g=9, 10 evaluated, 9 expanded, t=0.06s]
Best heuristic value: 19/21 [g=10, 11 evaluated, 10 expanded, t=0.08s]
Best heuristic value: 17/17 [g=11, 12 evaluated, 11 expanded, t=0.08s]
Best heuristic value: 17/15 [g=12, 13 evaluated, 12 expanded, t=0.08s]
Best heuristic value: 17/13 [g=13, 24 evaluated, 21 expanded, t=0.08s]
Best heuristic value: 14/9 [g=14, 44 evaluated, 36 expanded, t=0.08s]
Best heuristic value: 13/9 [g=15, 46 evaluated, 38 expanded, t=0.08s]
Best heuristic value: 12/7 [g=16, 47 evaluated, 39 expanded, t=0.08s]
Best heuristic value: 11/7 [g=17, 48 evaluated, 40 expanded, t=0.08s]
Best heuristic value: 9/5 [g=18, 49 evaluated, 41 expanded, t=0.08s]
Best heuristic value: 8/3 [g=21, 54 evaluated, 44 expanded, t=0.08s]
Best heuristic value: 6/1 [g=22, 55 evaluated, 45 expanded, t=0.08s]
Best heuristic value: 5/1 [g=23, 56 evaluated, 46 expanded, t=0.08s]
Best heuristic value: 3/1 [g=24, 57 evaluated, 47 expanded, t=0.08s]
Best heuristic value: 2/1 [g=25, 59 evaluated, 49 expanded, t=0.08s]
Completely explored state space -- no solution!
Actual search time: 0.02s [t=0.08s]
Initial state h value: 22/47.
Expanded 199 state(s).
Reopened 0 state(s).
Evaluated 245 state(s).
Evaluations: 490
Generated 340 state(s).
Dead ends: 46 state(s).
Best solution cost so far: 26
No solution found - keep searching
Starting search: lazy_wastar(list(hrb, hlm2), preferred = list(hrb, hlm2), w = 5)
Conducting lazy best first search, (real) bound = 26
Best heuristic value: 22/47 [g=0, 1 evaluated, 0 expanded, t=0.08s]
Best heuristic value: 21/44 [g=1, 2 evaluated, 1 expanded, t=0.08s]
Best heuristic value: 21/41 [g=2, 3 evaluated, 2 expanded, t=0.08s]
Best heuristic value: 21/38 [g=3, 4 evaluated, 3 expanded, t=0.08s]
Best heuristic value: 21/35 [g=4, 5 evaluated, 4 expanded, t=0.08s]
Best heuristic value: 20/32 [g=5, 6 evaluated, 5 expanded, t=0.08s]
Best heuristic value: 20/31 [g=6, 7 evaluated, 6 expanded, t=0.08s]
Best heuristic value: 19/28 [g=7, 8 evaluated, 7 expanded, t=0.08s]
Best heuristic value: 19/27 [g=8, 9 evaluated, 8 expanded, t=0.08s]
Best heuristic value: 19/24 [g=9, 10 evaluated, 9 expanded, t=0.08s]
Best heuristic value: 19/21 [g=10, 11 evaluated, 10 expanded, t=0.08s]
Best heuristic value: 17/17 [g=11, 12 evaluated, 11 expanded, t=0.08s]
Best heuristic value: 17/15 [g=12, 13 evaluated, 12 expanded, t=0.08s]
Best heuristic value: 17/13 [g=13, 24 evaluated, 21 expanded, t=0.08s]
Best heuristic value: 14/9 [g=14, 44 evaluated, 36 expanded, t=0.08s]
Best heuristic value: 13/9 [g=15, 46 evaluated, 38 expanded, t=0.08s]
Best heuristic value: 12/7 [g=16, 47 evaluated, 39 expanded, t=0.08s]
Best heuristic value: 11/7 [g=17, 48 evaluated, 40 expanded, t=0.08s]
Best heuristic value: 9/5 [g=18, 49 evaluated, 41 expanded, t=0.08s]
Best heuristic value: 8/3 [g=21, 54 evaluated, 44 expanded, t=0.08s]
Best heuristic value: 6/1 [g=22, 55 evaluated, 45 expanded, t=0.08s]
Best heuristic value: 5/1 [g=23, 56 evaluated, 46 expanded, t=0.08s]
Best heuristic value: 3/1 [g=24, 57 evaluated, 47 expanded, t=0.08s]
Best heuristic value: 2/1 [g=25, 59 evaluated, 49 expanded, t=0.08s]
Completely explored state space -- no solution!
Actual search time: 0.02s [t=0.1s]
Initial state h value: 22/47.
Expanded 199 state(s).
Reopened 0 state(s).
Evaluated 245 state(s).
Evaluations: 490
Generated 340 state(s).
Dead ends: 46 state(s).
Best solution cost so far: 26
No solution found - keep searching
Starting search: lazy_wastar(list(hrb, hlm2), preferred = list(hrb, hlm2), w = 3)
Conducting lazy best first search, (real) bound = 26
Best heuristic value: 22/47 [g=0, 1 evaluated, 0 expanded, t=0.1s]
Best heuristic value: 21/44 [g=1, 2 evaluated, 1 expanded, t=0.1s]
Best heuristic value: 21/41 [g=2, 3 evaluated, 2 expanded, t=0.1s]
Best heuristic value: 21/38 [g=3, 4 evaluated, 3 expanded, t=0.1s]
Best heuristic value: 21/35 [g=4, 5 evaluated, 4 expanded, t=0.1s]
Best heuristic value: 20/32 [g=5, 6 evaluated, 5 expanded, t=0.1s]
Best heuristic value: 20/31 [g=6, 7 evaluated, 6 expanded, t=0.1s]
Best heuristic value: 19/28 [g=7, 8 evaluated, 7 expanded, t=0.1s]
Best heuristic value: 19/27 [g=8, 9 evaluated, 8 expanded, t=0.1s]
Best heuristic value: 19/24 [g=9, 10 evaluated, 9 expanded, t=0.1s]
Best heuristic value: 19/21 [g=10, 11 evaluated, 10 expanded, t=0.1s]
Best heuristic value: 17/17 [g=11, 12 evaluated, 11 expanded, t=0.1s]
Best heuristic value: 17/15 [g=12, 13 evaluated, 12 expanded, t=0.1s]
Best heuristic value: 17/13 [g=13, 39 evaluated, 34 expanded, t=0.1s]
Best heuristic value: 14/9 [g=14, 52 evaluated, 44 expanded, t=0.1s]
Best heuristic value: 13/9 [g=15, 54 evaluated, 46 expanded, t=0.1s]
Best heuristic value: 12/7 [g=16, 55 evaluated, 47 expanded, t=0.1s]
Best heuristic value: 11/7 [g=17, 56 evaluated, 48 expanded, t=0.1s]
Best heuristic value: 9/5 [g=18, 57 evaluated, 49 expanded, t=0.1s]
Best heuristic value: 8/3 [g=21, 62 evaluated, 52 expanded, t=0.1s]
Best heuristic value: 6/1 [g=22, 63 evaluated, 53 expanded, t=0.1s]
Best heuristic value: 5/1 [g=23, 64 evaluated, 54 expanded, t=0.1s]
Best heuristic value: 3/1 [g=24, 65 evaluated, 55 expanded, t=0.1s]
Best heuristic value: 2/1 [g=25, 67 evaluated, 57 expanded, t=0.1s]
Completely explored state space -- no solution!
Actual search time: 0.02s [t=0.12s]
Initial state h value: 22/47.
Expanded 199 state(s).
Reopened 0 state(s).
Evaluated 245 state(s).
Evaluations: 490
Generated 340 state(s).
Dead ends: 46 state(s).
Best solution cost so far: 26
No solution found - keep searching
Starting search: lazy_wastar(list(hrb, hlm2), preferred = list(hrb, hlm2), w = 2)
Conducting lazy best first search, (real) bound = 26
Best heuristic value: 22/47 [g=0, 1 evaluated, 0 expanded, t=0.12s]
Best heuristic value: 21/44 [g=1, 2 evaluated, 1 expanded, t=0.12s]
Best heuristic value: 21/41 [g=2, 3 evaluated, 2 expanded, t=0.12s]
Best heuristic value: 21/38 [g=3, 4 evaluated, 3 expanded, t=0.12s]
Best heuristic value: 21/35 [g=4, 5 evaluated, 4 expanded, t=0.12s]
Best heuristic value: 20/32 [g=5, 6 evaluated, 5 expanded, t=0.12s]
Best heuristic value: 20/31 [g=6, 7 evaluated, 6 expanded, t=0.12s]
Best heuristic value: 19/28 [g=7, 8 evaluated, 7 expanded, t=0.12s]
Best heuristic value: 19/27 [g=8, 9 evaluated, 8 expanded, t=0.12s]
Best heuristic value: 19/24 [g=9, 10 evaluated, 9 expanded, t=0.12s]
Best heuristic value: 19/21 [g=10, 11 evaluated, 10 expanded, t=0.12s]
Best heuristic value: 17/17 [g=11, 12 evaluated, 11 expanded, t=0.12s]
Best heuristic value: 17/15 [g=12, 13 evaluated, 12 expanded, t=0.12s]
Best heuristic value: 17/13 [g=13, 42 evaluated, 37 expanded, t=0.12s]
Best heuristic value: 14/9 [g=14, 56 evaluated, 48 expanded, t=0.12s]
Best heuristic value: 13/9 [g=15, 58 evaluated, 50 expanded, t=0.12s]
Best heuristic value: 12/7 [g=16, 59 evaluated, 51 expanded, t=0.12s]
Best heuristic value: 11/7 [g=17, 60 evaluated, 52 expanded, t=0.12s]
Best heuristic value: 9/5 [g=18, 61 evaluated, 53 expanded, t=0.12s]
Best heuristic value: 8/3 [g=21, 66 evaluated, 56 expanded, t=0.12s]
Best heuristic value: 6/1 [g=22, 67 evaluated, 57 expanded, t=0.12s]
Best heuristic value: 5/1 [g=23, 68 evaluated, 58 expanded, t=0.12s]
Best heuristic value: 3/1 [g=24, 69 evaluated, 59 expanded, t=0.12s]
Best heuristic value: 2/1 [g=25, 71 evaluated, 61 expanded, t=0.12s]
Completely explored state space -- no solution!
Actual search time: 0.02s [t=0.14s]
Initial state h value: 22/47.
Expanded 199 state(s).
Reopened 0 state(s).
Evaluated 245 state(s).
Evaluations: 490
Generated 340 state(s).
Dead ends: 46 state(s).
Best solution cost so far: 26
No solution found - keep searching
Starting search: lazy_wastar(list(hrb, hlm2), preferred = list(hrb, hlm2), w = 1)
Conducting lazy best first search, (real) bound = 26
Best heuristic value: 22/47 [g=0, 1 evaluated, 0 expanded, t=0.14s]
Best heuristic value: 21/44 [g=1, 2 evaluated, 1 expanded, t=0.14s]
Best heuristic value: 21/41 [g=2, 3 evaluated, 2 expanded, t=0.14s]
Best heuristic value: 21/38 [g=3, 4 evaluated, 3 expanded, t=0.14s]
Best heuristic value: 21/35 [g=4, 5 evaluated, 4 expanded, t=0.14s]
Best heuristic value: 20/32 [g=5, 6 evaluated, 5 expanded, t=0.14s]
Best heuristic value: 20/31 [g=6, 7 evaluated, 6 expanded, t=0.14s]
Best heuristic value: 19/28 [g=7, 8 evaluated, 7 expanded, t=0.14s]
Best heuristic value: 19/27 [g=8, 9 evaluated, 8 expanded, t=0.14s]
Best heuristic value: 19/24 [g=9, 10 evaluated, 9 expanded, t=0.14s]
Best heuristic value: 19/21 [g=10, 11 evaluated, 10 expanded, t=0.14s]
Best heuristic value: 17/17 [g=11, 12 evaluated, 11 expanded, t=0.14s]
Best heuristic value: 17/15 [g=12, 13 evaluated, 12 expanded, t=0.14s]
Best heuristic value: 17/13 [g=13, 42 evaluated, 37 expanded, t=0.14s]
Best heuristic value: 14/9 [g=14, 68 evaluated, 59 expanded, t=0.14s]
Best heuristic value: 13/9 [g=15, 70 evaluated, 61 expanded, t=0.14s]
Best heuristic value: 12/7 [g=16, 71 evaluated, 62 expanded, t=0.14s]
Best heuristic value: 11/7 [g=17, 72 evaluated, 63 expanded, t=0.14s]
Best heuristic value: 9/5 [g=18, 73 evaluated, 64 expanded, t=0.14s]
Best heuristic value: 8/3 [g=21, 124 evaluated, 104 expanded, t=0.14s]
Best heuristic value: 5/1 [g=22, 125 evaluated, 105 expanded, t=0.14s]
Best heuristic value: 3/1 [g=24, 128 evaluated, 108 expanded, t=0.14s]
Best heuristic value: 2/1 [g=25, 129 evaluated, 109 expanded, t=0.14s]
Completely explored state space -- no solution!
Actual search time: 0s [t=0.14s]
Initial state h value: 22/47.
Expanded 199 state(s).
Reopened 0 state(s).
Evaluated 245 state(s).
Evaluations: 490
Generated 340 state(s).
Dead ends: 46 state(s).
Best solution cost so far: 26
No solution found - keep searching
Actual search time: 0.08s [t=0.14s]
Cumulative statistics:
Expanded 1046 state(s).
Reopened 0 state(s).
Evaluated 1286 state(s).
Evaluations: 2572
Generated 1786 state(s).
Dead ends: 0 state(s).
Search time: 0.08s
Total time: 0.14s
Solution found.
Peak memory: 4828 KB



plans_folder: /home/simbachiu/rail-planning/domain1/2-half-optimized
input_name: no_cleaned_result.result
output_name: cleaned_result.result
original_domain: /home/simbachiu/rail-planning/domain1/2-half-optimized/domain1.pddl
original_problem: /home/simbachiu/rail-planning/domain1/2-half-optimized/problem2.pddl
best cost found: -1




Se han encontrado 1 ficheros de solucion:

input_plan: /home/simbachiu/rail-planning/domain1/2-half-optimized/no_cleaned_result.result.1
output_plan: /home/simbachiu/rail-planning/domain1/2-half-optimized/cleaned_result.result.1



WARNING: plan /home/simbachiu/rail-planning/domain1/2-half-optimized/cleaned_result.result.1 is a wrong plan file or the plan cost is equal to -1, so we remove it
 --- OK.
Fluents=143
Operators=199

================================================
;; PROBE searching...
================================================
[0] [1] [2] [3] [4] [5] [6] [7] [8] [9] [10] [11] [12] [13] [14] [15] [16] [17] [18] [19] [20] [21] [22] [23] [24] [25] [26] 
================================================
;; SOLUTION 1
;;	 Plan cost: 26.000000, steps: 27
;;	 Time: 0.011
================================================

================================================
;; WA*, h_add_RP, w = 5.000, bound = 26.000
================================================
;; Minimum h value: 21.000
;; Minimum h value: 20.000
;; Minimum h value: 19.000
;; Minimum h value: 18.000
;; Minimum h value: 17.000
;; Minimum h value: 16.000
;; Minimum h value: 15.000
;; Minimum h value: 1.000
;; Total nodes evaluated: 13342
;; Total nodes expanded: 13341, generated: 14280

================================================
;; Could not solve problem after 0.301
 sec.


plans_folder: /home/simbachiu/rail-planning/domain1/2-half-optimized
input_name: no_cleaned_result.result
output_name: cleaned_result.result
original_domain: /home/simbachiu/rail-planning/domain1/2-half-optimized/domain1.pddl
original_problem: /home/simbachiu/rail-planning/domain1/2-half-optimized/problem2.pddl
best cost found: -1




Se han encontrado 1 ficheros de solucion:

input_plan: /home/simbachiu/rail-planning/domain1/2-half-optimized/no_cleaned_result.result.1
output_plan: /home/simbachiu/rail-planning/domain1/2-half-optimized/cleaned_result.result.1



WARNING: plan /home/simbachiu/rail-planning/domain1/2-half-optimized/cleaned_result.result.1 is a wrong plan file or the plan cost is equal to -1, so we remove it
Skip the translate
2. Running preprocessor
Failed to match magic word 'begin_metric'.
Got 'begin_version'.
Skip the translate
2. Running preprocessor
Building causal graph...
The causal graph is not acyclic.
45 variables of 45 necessary
143 of 203 mutex groups necessary.
184 of 184 operators necessary.
0 of 0 axiom rules necessary.
Building domain transition graphs...
solveable in poly time 0
Building successor generator...
Preprocessor facts: 161
Preprocessor derived variables: 0
Preprocessor task size: 3607
Writing output...
done

End Running preprocessor
3. Running search
Dispatcher selected state size 1.
This is a nonunit task.
External time limit: 56
Internal time limit: 56
External memory limit: 7470305280
Internal memory limit: 7417876480
WARNING! elapsed_time not found -- assuming full time available.
remaining time at start: 56.0
g bound: infinity
next plan number: 1
remaining time: 55.97
config 0: relative time 330, remaining 1595
args: ['/planner/src/fdss-2/../search/downward-1', '--heuristic', 'h=ff(cost_type=1)', '--search', 'eager_greedy(h,preferred=h,cost_type=1,bound=infinity)', '--plan-file', '/home/simbachiu/rail-planning/domain1/2-half-optimized/no_cleaned_result.result.1']
timeout: 11.58
Simplifying transitions... done!
Conducting best first search without reopening closed nodes, (real) bound = 2147483647
Initializing FF heuristic...
Initializing additive heuristic...
Simplifying 904 unary operators... done! [904 unary operators]
Switch from bucket-based to heap-based queue at key = 196, num_pushes = 176
Best heuristic value: 22 [g=0, 1 evaluated, 0 expanded, t=0.02s]
Best heuristic value: 21 [g=1, 2 evaluated, 1 expanded, t=0.02s]
Best heuristic value: 20 [g=5, 8 evaluated, 5 expanded, t=0.02s]
Best heuristic value: 19 [g=7, 11 evaluated, 7 expanded, t=0.02s]
Best heuristic value: 18 [g=10, 15 evaluated, 10 expanded, t=0.02s]
Best heuristic value: 17 [g=11, 16 evaluated, 11 expanded, t=0.02s]
Best heuristic value: 14 [g=14, 92 evaluated, 72 expanded, t=0.02s]
Best heuristic value: 13 [g=15, 93 evaluated, 73 expanded, t=0.02s]
Best heuristic value: 12 [g=16, 95 evaluated, 74 expanded, t=0.02s]
Best heuristic value: 11 [g=17, 96 evaluated, 75 expanded, t=0.02s]
Best heuristic value: 9 [g=18, 98 evaluated, 76 expanded, t=0.02s]
Best heuristic value: 8 [g=21, 102 evaluated, 79 expanded, t=0.02s]
Best heuristic value: 7 [g=22, 103 evaluated, 80 expanded, t=0.02s]
Best heuristic value: 6 [g=22, 104 evaluated, 80 expanded, t=0.02s]
Best heuristic value: 5 [g=23, 105 evaluated, 81 expanded, t=0.02s]
Best heuristic value: 3 [g=24, 108 evaluated, 82 expanded, t=0.02s]
Best heuristic value: 2 [g=25, 109 evaluated, 83 expanded, t=0.02s]
Best heuristic value: 1 [g=26, 111 evaluated, 84 expanded, t=0.02s]
Best heuristic value: 0 [g=27, 112 evaluated, 85 expanded, t=0.02s]
Solution found!
Actual search time: 0s [t=0.02s]
move-on-arrival-to-switch_---_train1_---_v1_---_t0_---_t0-___-0  (1)
move-from-switch-to-track_---_train1_---_t0_---_t3_---_t4_---_track1-___-1  (1)
move-on-arrival-to-switch_---_train2_---_v2_---_v1_---_t0-___-0  (1)
move-from-switch-to-track_---_train2_---_t0_---_t5_---_t6_---_track2-___-1  (1)
move-on-arrival-to-switch_---_train3_---_v3_---_v2_---_t0-___-0  (1)
move-from-switch-to-track_---_train3_---_t0_---_t0_---_t5_---_track2-___-1  (1)
move-on-arrival-to-switch_---_train4_---_v4_---_v3_---_t0-___-0  (1)
move-from-switch-to-track_---_train4_---_t0_---_t2_---_t3_---_track1-___-1  (1)
move-on-arrival-to-switch_---_train5_---_v5_---_v4_---_t0-___-0  (1)
move-from-switch-to-track_---_train5_---_t0_---_t1_---_t2_---_track1-___-1  (1)
move-on-arrival-to-switch_---_train6_---_v6_---_v5_---_t0-___-0  (1)
move-from-switch-to-track_---_train6_---_t0_---_t0_---_t1_---_track1-___-1  (1)
move-from-track-to-switch_---_train3_---_t5_---_t0_---_t0_---_track2-___-0  (1)
move-to-departure_---_train3_---_t0_---_v5_---_v6-___-0  (1)
move-from-track-to-switch_---_train2_---_t6_---_t5_---_t0_---_track2-___-0  (1)
move-to-departure_---_train2_---_t0_---_v4_---_v5-___-0  (1)
move-from-track-to-switch_---_train6_---_t1_---_t0_---_t0_---_track1-___-0  (1)
move-to-departure_---_train6_---_t0_---_v3_---_v4-___-0  (1)
move-from-track-to-switch_---_train5_---_t2_---_t1_---_t0_---_track1-___-0  (1)
move-from-switch-to-track_---_train5_---_t0_---_t5_---_t6_---_track2-___-0  (1)
move-from-track-to-switch_---_train4_---_t3_---_t2_---_t0_---_track1-___-0  (1)
move-to-departure_---_train4_---_t0_---_v2_---_v3-___-0  (1)
move-from-track-to-switch_---_train1_---_t4_---_t3_---_t0_---_track1-___-0  (1)
move-to-departure_---_train1_---_t0_---_v1_---_v2-___-0  (1)
move-from-track-to-switch_---_train5_---_t6_---_t5_---_t0_---_track2-___-0  (1)
move-to-departure_---_train5_---_t0_---_t0_---_v1-___-0  (1)
reach-goal-5-___-0  (0)
Plan length: 27 step(s).
Plan cost: 26
Initial state h value: 22.
Expanded 86 state(s).
Reopened 0 state(s).
Evaluated 112 state(s).
Evaluations: 197
Generated 135 state(s).
Dead ends: 17 state(s).
Search space hash size: 112
Search space hash bucket count: 193
Search time: 0s
Total time: 0.02s
Solution found.
Peak memory: 4624 KB
returncode: 0

g bound: 26
next plan number: 2
remaining time: 55.91
config 0: relative time 330, remaining 1595
args: ['/planner/src/fdss-2/../search/downward-1', '--heuristic', 'h=ff(cost_type=2)', '--search', 'eager_greedy(h,preferred=h,cost_type=0,bound=26)', '--plan-file', '/home/simbachiu/rail-planning/domain1/2-half-optimized/no_cleaned_result.result.2']
timeout: 11.57
Simplifying transitions... done!
Conducting best first search without reopening closed nodes, (real) bound = 26
Initializing FF heuristic...
Initializing additive heuristic...
Simplifying 904 unary operators... done! [904 unary operators]
Switch from bucket-based to heap-based queue at key = 204, num_pushes = 158
Best heuristic value: 43 [g=0, 1 evaluated, 0 expanded, t=0.02s]
Best heuristic value: 41 [g=1, 2 evaluated, 1 expanded, t=0.02s]
Best heuristic value: 39 [g=5, 8 evaluated, 5 expanded, t=0.02s]
Best heuristic value: 37 [g=7, 11 evaluated, 7 expanded, t=0.02s]
Best heuristic value: 35 [g=10, 15 evaluated, 10 expanded, t=0.02s]
Best heuristic value: 33 [g=11, 16 evaluated, 11 expanded, t=0.02s]
Best heuristic value: 27 [g=14, 92 evaluated, 72 expanded, t=0.02s]
Best heuristic value: 25 [g=15, 93 evaluated, 73 expanded, t=0.02s]
Best heuristic value: 23 [g=16, 95 evaluated, 74 expanded, t=0.02s]
Best heuristic value: 21 [g=17, 96 evaluated, 75 expanded, t=0.02s]
Best heuristic value: 17 [g=18, 98 evaluated, 76 expanded, t=0.02s]
Best heuristic value: 15 [g=21, 102 evaluated, 79 expanded, t=0.02s]
Best heuristic value: 13 [g=22, 103 evaluated, 80 expanded, t=0.02s]
Best heuristic value: 11 [g=22, 104 evaluated, 80 expanded, t=0.02s]
Best heuristic value: 9 [g=23, 105 evaluated, 81 expanded, t=0.02s]
Best heuristic value: 5 [g=24, 108 evaluated, 82 expanded, t=0.02s]
Best heuristic value: 3 [g=25, 109 evaluated, 83 expanded, t=0.02s]
Completely explored state space -- no solution!
Actual search time: 0.02s [t=0.04s]
Initial state h value: 43.
Expanded 199 state(s).
Reopened 0 state(s).
Evaluated 245 state(s).
Evaluations: 444
Generated 328 state(s).
Dead ends: 46 state(s).
Search space hash size: 245
Search space hash bucket count: 389
Search time: 0.02s
Total time: 0.04s
Search stopped without finding a solution.
Peak memory: 4624 KB
returncode: 5

Build final config.
Abort portfolio and run final config.
g bound: 26
next plan number: 2
remaining time: 55.86
config 0: relative time 1, remaining 1
args: ['/planner/src/fdss-2/../search/downward-1', '--heuristic', 'h=ff(cost_type=2)', '--search', 'iterated([eager(single(sum([g(),weight(h,5)])),preferred=h,cost_type=0),eager(single(sum([g(),weight(h,3)])),preferred=h,cost_type=0),eager(single(sum([g(),weight(h,2)])),preferred=h,cost_type=0),eager(single(sum([g(),weight(h,1)])),preferred=h,cost_type=0)],bound=26,repeat_last=true,plan_counter=1)', '--plan-file', '/home/simbachiu/rail-planning/domain1/2-half-optimized/no_cleaned_result.result']
timeout: 55.86
Simplifying transitions... done!
Starting search: eager(single(sum(list(g, weight(h, 5)))), preferred = h, cost_type = 0)
Conducting best first search without reopening closed nodes, (real) bound = 26
Initializing FF heuristic...
Initializing additive heuristic...
Simplifying 904 unary operators... done! [904 unary operators]
Switch from bucket-based to heap-based queue at key = 204, num_pushes = 158
Best heuristic value: 43 [g=0, 1 evaluated, 0 expanded, t=0.02s]
Best heuristic value: 41 [g=1, 2 evaluated, 1 expanded, t=0.02s]
Best heuristic value: 39 [g=5, 8 evaluated, 5 expanded, t=0.02s]
Best heuristic value: 37 [g=7, 11 evaluated, 7 expanded, t=0.02s]
Best heuristic value: 35 [g=10, 18 evaluated, 12 expanded, t=0.02s]
Best heuristic value: 33 [g=11, 19 evaluated, 13 expanded, t=0.02s]
Best heuristic value: 27 [g=14, 100 evaluated, 79 expanded, t=0.02s]
Best heuristic value: 25 [g=15, 101 evaluated, 80 expanded, t=0.02s]
Best heuristic value: 23 [g=16, 103 evaluated, 81 expanded, t=0.02s]
Best heuristic value: 21 [g=17, 104 evaluated, 82 expanded, t=0.02s]
Best heuristic value: 17 [g=18, 106 evaluated, 83 expanded, t=0.02s]
Best heuristic value: 15 [g=21, 110 evaluated, 86 expanded, t=0.02s]
Best heuristic value: 13 [g=22, 111 evaluated, 87 expanded, t=0.02s]
Best heuristic value: 11 [g=22, 112 evaluated, 87 expanded, t=0.02s]
Best heuristic value: 9 [g=23, 113 evaluated, 88 expanded, t=0.02s]
Best heuristic value: 5 [g=24, 116 evaluated, 89 expanded, t=0.02s]
Best heuristic value: 3 [g=25, 117 evaluated, 90 expanded, t=0.02s]
Completely explored state space -- no solution!
Actual search time: 0.02s [t=0.04s]
Initial state h value: 43.
Expanded 199 state(s).
Reopened 0 state(s).
Evaluated 245 state(s).
Evaluations: 444
Generated 328 state(s).
Dead ends: 46 state(s).
Search space hash size: 245
Search space hash bucket count: 389
No solution found - stop searching
Actual search time: 0.02s [t=0.04s]
Cumulative statistics:
Expanded 199 state(s).
Reopened 0 state(s).
Evaluated 245 state(s).
Evaluations: 444
Generated 328 state(s).
Dead ends: 0 state(s).
Search time: 0.02s
Total time: 0.04s
Search stopped without finding a solution.
Peak memory: 4632 KB
returncode: 5

Exit codes: [0, 5, 5]
run_portfolio /planner/src/fdss-2/../search/downward-seq-sat-fdss-2.py --plan-file /home/simbachiu/rail-planning/domain1/2-half-optimized/no_cleaned_result.result



plans_folder: /home/simbachiu/rail-planning/domain1/2-half-optimized
input_name: no_cleaned_result.result
output_name: cleaned_result.result
original_domain: /home/simbachiu/rail-planning/domain1/2-half-optimized/domain1.pddl
original_problem: /home/simbachiu/rail-planning/domain1/2-half-optimized/problem2.pddl
best cost found: -1




Se han encontrado 1 ficheros de solucion:

input_plan: /home/simbachiu/rail-planning/domain1/2-half-optimized/no_cleaned_result.result.1
output_plan: /home/simbachiu/rail-planning/domain1/2-half-optimized/cleaned_result.result.1



WARNING: plan /home/simbachiu/rail-planning/domain1/2-half-optimized/cleaned_result.result.1 is a wrong plan file or the plan cost is equal to -1, so we remove it
Skip the translate
2. Running preprocessor
Failed to match magic word 'begin_metric'.
Got 'begin_version'.
1. Running translator
Second argument is a file name: use two translator arguments.
Parsing...
Parsing: [0.010s CPU, 0.007s wall-clock]
Normalizing task... [0.000s CPU, 0.003s wall-clock]
Instantiating...
Generating Datalog program... [0.000s CPU, 0.003s wall-clock]
Normalizing Datalog program...
Trivial rules: Converted to facts.
Normalizing Datalog program: [0.020s CPU, 0.012s wall-clock]
Preparing model... [0.000s CPU, 0.007s wall-clock]
Generated 64 rules.
Computing model... [0.130s CPU, 0.121s wall-clock]
387 relevant atoms
640 auxiliary atoms
1027 final queue length
1399 total queue pushes
Completing instantiation... [0.070s CPU, 0.066s wall-clock]
Instantiating: [0.220s CPU, 0.210s wall-clock]
Computing fact groups...
Finding invariants...
15 initial candidates
Finding invariants: [0.020s CPU, 0.024s wall-clock]
Checking invariant weight... [0.000s CPU, 0.001s wall-clock]
Instantiating groups... [0.000s CPU, 0.002s wall-clock]
Collecting mutex groups... [0.000s CPU, 0.000s wall-clock]
Choosing groups...
45 uncovered facts
Choosing groups: [0.000s CPU, 0.001s wall-clock]
Building translation key... [0.000s CPU, 0.002s wall-clock]
Computing fact groups: [0.030s CPU, 0.035s wall-clock]
Building STRIPS to SAS dictionary... [0.000s CPU, 0.000s wall-clock]
Building dictionary for full mutex groups... [0.000s CPU, 0.001s wall-clock]
Building mutex information...
Building mutex information: [0.000s CPU, 0.001s wall-clock]
Translating task...
Processing axioms...
Simplifying axioms... [0.000s CPU, 0.001s wall-clock]
Processing axioms: [0.010s CPU, 0.006s wall-clock]
Translating task: [0.090s CPU, 0.083s wall-clock]
0 implied effects removed
0 effect conditions simplified
0 implied preconditions added
Detecting unreachable propositions...
0 operators removed
11 propositions removed
Detecting unreachable propositions: [0.010s CPU, 0.012s wall-clock]
Translator variables: 50
Translator derived variables: 6
Translator facts: 171
Translator goal facts: 5
Translator mutex groups: 20
Translator total mutex groups size: 176
Translator operators: 180
Translator axioms: 8
Translator task size: 2322
Translator peak memory: 99588 KB
Writing output... [0.060s CPU, 0.064s wall-clock]
Done! [0.420s CPU, 0.418s wall-clock]

2. Running preprocessor
Building causal graph...
The causal graph is not acyclic.
50 variables of 50 necessary
13 of 20 mutex groups necessary.
180 of 180 operators necessary.
8 of 8 axiom rules necessary.
Building domain transition graphs...
solveable in poly time 0
Building successor generator...
Preprocessor facts: 171
Preprocessor derived variables: 6
Preprocessor task size: 2237
Writing output...
done


3. Running search
/planner/src/mercury/src/search/downward < output ipc seq-sat-mercury --plan-file /home/simbachiu/rail-planning/domain1/2-half-optimized/cleaned_result.result
Dispatcher selected state size 1.
This is a unit task.
Simplifying transitions... done!
Initializing Exploration...
Generating landmarks using the RPG/SAS+ approach
approx. reasonable orders
approx. obedient reasonable orders
Removed 0 reasonable or obedient reasonable orders
Landmarks generation time: 0.00799988s
Discovered 56 landmarks, of which 1 are disjunctive and 0 are conjunctive 
360 edges
Initializing landmarks count heuristic...
26 initial landmarks, 5 goal landmarks
Starting search: lazy_greedy(list(hrb, hlm), preferred = list(hrb, hlm))
Conducting lazy best first search, (real) bound = 2147483647
Initializing Red-Black Relaxation heuristic...
Peak memory: 4144 KB


task contains conditional effects. turning off state domination.

 --- OK.
 Match tree built with 160 nodes.

PDDL problem description loaded: 
	Domain: DOMAIN1
	Problem: PROBLEM2
	#Actions: 160
	#Fluents: 143
Landmarks found: 24
Starting search with BFS(novel,land,h_add)...
--[4294967295 / 39783]--
--[88 / 39783]--
--[88 / 20325]--
--[88 / 11873]--
--[88 / 10969]--
--[88 / 5631]--
--[88 / 2633]--
--[88 / 2125]--
--[88 / 1139]--
--[88 / 531]--
--[88 / 313]--
--[88 / 265]--
--[88 / 179]--
--[88 / 175]--
--[88 / 131]--
--[88 / 99]--
--[88 / 71]--
--[88 / 47]--
--[88 / 25]--
--[88 / 21]--
--[88 / 7]--
--[88 / 3]--
--[88 / 1]--
--[88 / 0]--
Total time: 0.007988
Nodes generated during search: 81
Nodes expanded during search: 54
Plan found with cost: 27
BFS search completed in 0.007988 secs


task contains conditional effects. turning off state domination.

 --- OK.
 Match tree built with 160 nodes.

PDDL problem description loaded: 
	Domain: DOMAIN1
	Problem: PROBLEM2
	#Actions: 160
	#Fluents: 143
Landmarks found: 1
Starting search with IW (time budget is 60 secs)...
Try allocate size: 0.00111719 MB
Try allocate size: 0.00111719 MB

Caption
{#goals, #UNnachieved,  #Achieved} -> IW(max_w)

{1/1/0}:IW(1) -> [2][3][4][5][6][7][8][9][10][11][12][13]Try allocate size: 0.159758 MB

{1/1/0}:IW(2) -> [2][3][4][5][6][7][8][9][10][11][12][13][14][15][16][17][18][19][20][21][22][23][24][25][26][27]Try allocate size: 22.8454 MB

{1/1/0}:IW(3) -> [2][3][4][5][6][7][8][9][10][11][12][13][14][15][16][17][18][19][20][21][22][23][24][25][26][27][28]Try allocate size: 0.00111719 MB
Plan found with cost: -nan
Total time: 0.401205
Nodes generated during search: 3645
Nodes expanded during search: 3422
IW search completed in 0.401205 secs

****************************************************


Run command: python2.7 /planner/src/parser/clean_plans.py /home/simbachiu/rail-planning/domain1/2-half-optimized no_cleaned_result.result cleaned_result.result /home/simbachiu/rail-planning/domain1/2-half-optimized/domain1.pddl /home/simbachiu/rail-planning/domain1/2-half-optimized/problem2.pddl -1
Planner /planner/src/mercury/plan run 15 seconds



****************************************************
*** Planner_path: /planner/src/probe/plan TimeOut: 56 ***
****************************************************


Run command: python2.7 /planner/src/parser/clean_plans.py /home/simbachiu/rail-planning/domain1/2-half-optimized no_cleaned_result.result cleaned_result.result /home/simbachiu/rail-planning/domain1/2-half-optimized/domain1.pddl /home/simbachiu/rail-planning/domain1/2-half-optimized/problem2.pddl -1
Planner /planner/src/probe/plan run 5 seconds



****************************************************
*** Planner_path: /planner/src/jasper/plan TimeOut: 56 ***
****************************************************


Planner /planner/src/jasper/plan run 5 seconds



****************************************************
*** Planner_path: /planner/src/fdss-2/plan TimeOut: 56 ***
****************************************************


Run command: python2.7 /planner/src/parser/clean_plans.py /home/simbachiu/rail-planning/domain1/2-half-optimized no_cleaned_result.result cleaned_result.result /home/simbachiu/rail-planning/domain1/2-half-optimized/domain1.pddl /home/simbachiu/rail-planning/domain1/2-half-optimized/problem2.pddl -1
Planner /planner/src/fdss-2/plan run 5 seconds

Main portfolio runs 87.0 seconds

jasper 193
mercury 193
bfs-f 193
siw 193

Original_Domain: /home/simbachiu/rail-planning/domain1/2-half-optimized/domain1.pddl
Original_Problem: /home/simbachiu/rail-planning/domain1/2-half-optimized/problem2.pddl
Modified_Domain: /home/simbachiu/rail-planning/domain1/2-half-optimized/domain_ready.txt
Modified_Problem: /home/simbachiu/rail-planning/domain1/2-half-optimized/problem_ready.txt
Original_Plan_file: re.out
Plans folder: /home/simbachiu/rail-planning/domain1/2-half-optimized



****************************************************
*** Planner_path: /planner/src/jasper/plan TimeOut: 193 ***
****************************************************


Planner /planner/src/jasper/plan run 5 seconds



****************************************************
*** Planner_path: /planner/src/mercury/plan TimeOut: 193 ***
****************************************************


Planner /planner/src/mercury/plan run 5 seconds



****************************************************
*** Planner_path: /planner/src/bfs-f/plan TimeOut: 193 ***
****************************************************


Name: /home/simbachiu/rail-planning/domain1/2-half-optimized/cleaned_result.result
ERROR: Plan /home/simbachiu/rail-planning/domain1/2-half-optimized/cleaned_result.result is not valid or the plan cost is equal to -1, therefore we remove it
Planner /planner/src/bfs-f/plan run 5 seconds



****************************************************
*** Planner_path: /planner/src/siw/plan TimeOut: 193 ***
****************************************************


Name: /home/simbachiu/rail-planning/domain1/2-half-optimized/cleaned_result.result
ERROR: Plan /home/simbachiu/rail-planning/domain1/2-half-optimized/cleaned_result.result is not valid or the plan cost is equal to -1, therefore we remove it
Planner /planner/src/siw/plan run 5 seconds

Main portfolio plus default planner run 107.0 seconds (in total)

*** Planner List ***

jasper 173
mercury 173
bfs-f 173

Original_Domain: /home/simbachiu/rail-planning/domain1/2-half-optimized/domain1.pddl
Original_Problem: /home/simbachiu/rail-planning/domain1/2-half-optimized/problem2.pddl
Modified_Domain: /home/simbachiu/rail-planning/domain1/2-half-optimized/domain_ready.txt
Modified_Problem: /home/simbachiu/rail-planning/domain1/2-half-optimized/problem_ready.txt
Original_Plan_file: re.out
Plans folder: /home/simbachiu/rail-planning/domain1/2-half-optimize/home/simbachiu/rail-planning/domain1/2-half-optimized/output.sas
Skip the translate
2. Running preprocessor
Building causal graph...
The causal graph is not acyclic.
50 variables of 50 necessary
13 of 20 mutex groups necessary.
180 of 180 operators necessary.
8 of 8 axiom rules necessary.
Building domain transition graphs...
solveable in poly time 0
Building successor generator...
Preprocessor facts: 171
Preprocessor derived variables: 6
Preprocessor task size: 2237
Writing output...
done

End Running preprocessor
3. Running search
Dispatcher selected state size 1.
This is a unit task.
Simplifying transitions... done!
Initializing Exploration...
Generating landmarks using the RPG/SAS+ approach
approx. reasonable orders
approx. obedient reasonable orders
Removed 0 reasonable or obedient reasonable orders
Landmarks generation time: 0.0111377s
Discovered 56 landmarks, of which 1 are disjunctive and 0 are conjunctive 
359 edges
Initializing LAMA-FF Synergy Object
Initializing landmarks count heuristic...
26 initial landmarks, 5 goal landmarks
Starting search: lazy_greedy(list(hff, hlm), preferred = list(hff, hlm))
Conducting lazy best first search, (real) bound = 2147483647
Switch from bucket-based to heap-based queue at key = 195, num_pushes = 181
Best heuristic value: 24/21 [g=0, 1 evaluated, 0 expanded, t=0.02s]
Best heuristic value: 23/20 [g=1, 2 evaluated, 1 expanded, t=0.02s]
Best heuristic value: 21/20 [g=2, 3 evaluated, 2 expanded, t=0.02s]
Best heuristic value: 20/20 [g=3, 4 evaluated, 3 expanded, t=0.02s]
Best heuristic value: 18/20 [g=4, 6 evaluated, 5 expanded, t=0.02s]
Best heuristic value: 17/19 [g=5, 7 evaluated, 6 expanded, t=0.02s]
Best heuristic value: 16/19 [g=6, 8 evaluated, 7 expanded, t=0.02s]
Best heuristic value: 15/18 [g=7, 9 evaluated, 8 expanded, t=0.02s]
Best heuristic value: 14/18 [g=8, 10 evaluated, 9 expanded, t=0.02s]
Best heuristic value: 13/18 [g=9, 11 evaluated, 10 expanded, t=0.02s]
Best heuristic value: 11/18 [g=10, 13 evaluated, 12 expanded, t=0.02s]
Best heuristic value: 9/17 [g=11, 14 evaluated, 13 expanded, t=0.02s]
Best heuristic value: 9/16 [g=12, 15 evaluated, 14 expanded, t=0.02s]
Best heuristic value: 8/16 [g=13, 16 evaluated, 15 expanded, t=0.02s]
Best heuristic value: 7/15 [g=13, 18 evaluated, 16 expanded, t=0.02s]
Best heuristic value: 6/13 [g=14, 99 evaluated, 80 expanded, t=0.02s]
Best heuristic value: 5/13 [g=15, 100 evaluated, 81 expanded, t=0.02s]
Best heuristic value: 5/12 [g=15, 102 evaluated, 82 expanded, t=0.02s]
Best heuristic value: 4/11 [g=16, 103 evaluated, 83 expanded, t=0.02s]
Best heuristic value: 4/10 [g=17, 104 evaluated, 84 expanded, t=0.02s]
Best heuristic value: 2/8 [g=18, 105 evaluated, 85 expanded, t=0.02s]
Best heuristic value: 2/7 [g=19, 106 evaluated, 86 expanded, t=0.02s]
Best heuristic value: 1/6 [g=21, 173 evaluated, 140 expanded, t=0.04s]
Best heuristic value: 1/4 [g=22, 174 evaluated, 141 expanded, t=0.04s]
Best heuristic value: 0/3 [g=23, 175 evaluated, 142 expanded, t=0.04s]
Best heuristic value: 0/2 [g=24, 176 evaluated, 143 expanded, t=0.04s]
Best heuristic value: 0/1 [g=25, 177 evaluated, 144 expanded, t=0.04s]
Solution found!
Actual search time: 0.02s [t=0.04s]
move-on-arrival-to-switch train1 v1 t0 t0 (1)
move-from-switch-to-track train1 t0 t3 t4 track1 (1)
move-on-arrival-to-switch train2 v2 v1 t0 (1)
move-from-switch-to-track train2 t0 t5 t6 track2 (1)
move-on-arrival-to-switch train3 v3 v2 t0 (1)
move-from-switch-to-track train3 t0 t0 t5 track2 (1)
move-on-arrival-to-switch train4 v4 v3 t0 (1)
move-from-switch-to-track train4 t0 t2 t3 track1 (1)
move-on-arrival-to-switch train5 v5 v4 t0 (1)
move-from-switch-to-track train5 t0 t1 t2 track1 (1)
move-on-arrival-to-switch train6 v6 v5 t0 (1)
move-from-switch-to-track train6 t0 t0 t1 track1 (1)
move-from-track-to-switch train3 t5 t0 t0 track2 (1)
move-to-departure train3 t0 v5 v6 (1)
move-from-track-to-switch train2 t6 t5 t0 track2 (1)
move-to-departure train2 t0 v4 v5 (1)
move-from-track-to-switch train6 t1 t0 t0 track1 (1)
move-to-departure train6 t0 v3 v4 (1)
move-from-track-to-switch train5 t2 t1 t0 track1 (1)
move-from-switch-to-track train5 t0 t5 t6 track2 (1)
move-from-track-to-switch train4 t3 t2 t0 track1 (1)
move-to-departure train4 t0 v2 v3 (1)
move-from-track-to-switch train1 t4 t3 t0 track1 (1)
move-to-departure train1 t0 v1 v2 (1)
move-from-track-to-switch train5 t6 t5 t0 track2 (1)
move-to-departure train5 t0 t0 v1 (1)
Plan length: 26 step(s).
Plan cost: 26
Initial state h value: 24/21.
Expanded 145 state(s).
Reopened 0 state(s).
Evaluated 178 state(s).
Evaluations: 356
Generated 228 state(s).
Dead ends: 32 state(s).
Best solution cost so far: 26
Solution found - keep searching
Starting search: lazy_wastar(list(hff, hlm), preferred = list(hff, hlm), w = 5)
Conducting lazy best first search, (real) bound = 26
Best heuristic value: 24/21 [g=0, 1 evaluated, 0 expanded, t=0.04s]
Best heuristic value: 23/20 [g=1, 2 evaluated, 1 expanded, t=0.04s]
Best heuristic value: 21/20 [g=2, 3 evaluated, 2 expanded, t=0.04s]
Best heuristic value: 20/20 [g=3, 4 evaluated, 3 expanded, t=0.04s]
Best heuristic value: 18/20 [g=4, 6 evaluated, 5 expanded, t=0.04s]
Best heuristic value: 17/19 [g=5, 7 evaluated, 6 expanded, t=0.04s]
Best heuristic value: 16/19 [g=6, 8 evaluated, 7 expanded, t=0.04s]
Best heuristic value: 15/18 [g=7, 9 evaluated, 8 expanded, t=0.04s]
Best heuristic value: 14/18 [g=8, 10 evaluated, 9 expanded, t=0.04s]
Best heuristic value: 13/18 [g=9, 11 evaluated, 10 expanded, t=0.04s]
Best heuristic value: 11/18 [g=10, 13 evaluated, 12 expanded, t=0.04s]
Best heuristic value: 9/17 [g=11, 14 evaluated, 13 expanded, t=0.04s]
Best heuristic value: 9/16 [g=12, 15 evaluated, 14 expanded, t=0.04s]
Best heuristic value: 8/16 [g=13, 16 evaluated, 15 expanded, t=0.04s]
Best heuristic value: 7/15 [g=13, 18 evaluated, 16 expanded, t=0.04s]
Best heuristic value: 6/13 [g=14, 99 evaluated, 80 expanded, t=0.04s]
Best heuristic value: 5/13 [g=15, 100 evaluated, 81 expanded, t=0.04s]
Best heuristic value: 5/12 [g=15, 102 evaluated, 82 expanded, t=0.04s]
Best heuristic value: 4/11 [g=16, 103 evaluated, 83 expanded, t=0.04s]
Best heuristic value: 4/10 [g=17, 104 evaluated, 84 expanded, t=0.04s]
Best heuristic value: 2/8 [g=18, 105 evaluated, 85 expanded, t=0.04s]
Best heuristic value: 2/7 [g=19, 106 evaluated, 86 expanded, t=0.04s]
Best heuristic value: 1/6 [g=21, 173 evaluated, 140 expanded, t=0.06s]
Best heuristic value: 1/4 [g=22, 174 evaluated, 141 expanded, t=0.06s]
Best heuristic value: 0/3 [g=23, 175 evaluated, 142 expanded, t=0.06s]
Best heuristic value: 0/2 [g=24, 176 evaluated, 143 expanded, t=0.06s]
Best heuristic value: 0/1 [g=25, 177 evaluated, 144 expanded, t=0.06s]
Completely explored state space -- no solution!
Actual search time: 0.02s [t=0.06s]
Initial state h value: 24/21.
Expanded 199 state(s).
Reopened 0 state(s).
Evaluated 245 state(s).
Evaluations: 490
Generated 340 state(s).
Dead ends: 46 state(s).
Best solution cost so far: 26
No solution found - keep searching
Starting search: lazy_wastar(list(hff, hlm), preferred = list(hff, hlm), w = 3)
Conducting lazy best first search, (real) bound = 26
Best heuristic value: 24/21 [g=0, 1 evaluated, 0 expanded, t=0.06s]
Best heuristic value: 23/20 [g=1, 2 evaluated, 1 expanded, t=0.06s]
Best heuristic value: 21/20 [g=2, 3 evaluated, 2 expanded, t=0.06s]
Best heuristic value: 20/20 [g=3, 4 evaluated, 3 expanded, t=0.06s]
Best heuristic value: 18/20 [g=4, 6 evaluated, 5 expanded, t=0.06s]
Best heuristic value: 17/19 [g=5, 7 evaluated, 6 expanded, t=0.06s]
Best heuristic value: 16/19 [g=6, 8 evaluated, 7 expanded, t=0.06s]
Best heuristic value: 15/18 [g=7, 9 evaluated, 8 expanded, t=0.06s]
Best heuristic value: 14/18 [g=8, 10 evaluated, 9 expanded, t=0.06s]
Best heuristic value: 13/18 [g=9, 11 evaluated, 10 expanded, t=0.06s]
Best heuristic value: 11/18 [g=10, 13 evaluated, 12 expanded, t=0.06s]
Best heuristic value: 9/17 [g=11, 15 evaluated, 14 expanded, t=0.06s]
Best heuristic value: 9/16 [g=12, 16 evaluated, 15 expanded, t=0.06s]
Best heuristic value: 8/16 [g=13, 17 evaluated, 16 expanded, t=0.06s]
Best heuristic value: 7/15 [g=13, 19 evaluated, 17 expanded, t=0.06s]
Best heuristic value: 6/13 [g=14, 99 evaluated, 80 expanded, t=0.06s]
Best heuristic value: 5/13 [g=15, 100 evaluated, 81 expanded, t=0.06s]
Best heuristic value: 5/12 [g=15, 102 evaluated, 82 expanded, t=0.06s]
Best heuristic value: 4/11 [g=16, 103 evaluated, 83 expanded, t=0.06s]
Best heuristic value: 4/10 [g=17, 104 evaluated, 84 expanded, t=0.06s]
Best heuristic value: 2/8 [g=18, 105 evaluated, 85 expanded, t=0.06s]
Best heuristic value: 2/7 [g=19, 106 evaluated, 86 expanded, t=0.06s]
Best heuristic value: 1/6 [g=21, 173 evaluated, 140 expanded, t=0.08s]
Best heuristic value: 1/4 [g=22, 174 evaluated, 141 expanded, t=0.08s]
Best heuristic value: 0/3 [g=23, 175 evaluated, 142 expanded, t=0.08s]
Best heuristic value: 0/2 [g=24, 176 evaluated, 143 expanded, t=0.08s]
Best heuristic value: 0/1 [g=25, 177 evaluated, 144 expanded, t=0.08s]
Completely explored state space -- no solution!
Actual search time: 0.02s [t=0.08s]
Initial state h value: 24/21.
Expanded 199 state(s).
Reopened 0 state(s).
Evaluated 245 state(s).
Evaluations: 490
Generated 340 state(s).
Dead ends: 46 state(s).
Best solution cost so far: 26
No solution found - keep searching
Starting search: lazy_wastar(list(hff, hlm), preferred = list(hff, hlm), w = 2)
Conducting lazy best first search, (real) bound = 26
Best heuristic value: 24/21 [g=0, 1 evaluated, 0 expanded, t=0.08s]
Best heuristic value: 23/20 [g=1, 2 evaluated, 1 expanded, t=0.08s]
Best heuristic value: 21/20 [g=2, 3 evaluated, 2 expanded, t=0.08s]
Best heuristic value: 20/20 [g=3, 4 evaluated, 3 expanded, t=0.08s]
Best heuristic value: 18/20 [g=4, 6 evaluated, 5 expanded, t=0.08s]
Best heuristic value: 17/19 [g=5, 7 evaluated, 6 expanded, t=0.08s]
Best heuristic value: 16/19 [g=6, 9 evaluated, 8 expanded, t=0.08s]
Best heuristic value: 15/18 [g=7, 10 evaluated, 9 expanded, t=0.08s]
Best heuristic value: 14/18 [g=8, 12 evaluated, 11 expanded, t=0.08s]
Best heuristic value: 13/18 [g=9, 13 evaluated, 12 expanded, t=0.08s]
Best heuristic value: 11/18 [g=10, 15 evaluated, 14 expanded, t=0.08s]
Best heuristic value: 9/17 [g=11, 16 evaluated, 15 expanded, t=0.08s]
Best heuristic value: 9/16 [g=12, 18 evaluated, 17 expanded, t=0.08s]
Best heuristic value: 8/16 [g=13, 20 evaluated, 19 expanded, t=0.08s]
Best heuristic value: 7/15 [g=13, 23 evaluated, 21 expanded, t=0.08s]
Best heuristic value: 6/13 [g=14, 114 evaluated, 95 expanded, t=0.08s]
Best heuristic value: 5/13 [g=15, 115 evaluated, 96 expanded, t=0.08s]
Best heuristic value: 5/12 [g=15, 117 evaluated, 97 expanded, t=0.08s]
Best heuristic value: 4/11 [g=16, 118 evaluated, 98 expanded, t=0.08s]
Best heuristic value: 4/10 [g=17, 119 evaluated, 99 expanded, t=0.08s]
Best heuristic value: 2/8 [g=18, 120 evaluated, 100 expanded, t=0.08s]
Best heuristic value: 2/7 [g=19, 121 evaluated, 101 expanded, t=0.08s]
Best heuristic value: 1/6 [g=21, 173 evaluated, 140 expanded, t=0.1s]
Best heuristic value: 1/4 [g=22, 174 evaluated, 141 expanded, t=0.1s]
Best heuristic value: 0/3 [g=23, 175 evaluated, 142 expanded, t=0.1s]
Best heuristic value: 0/2 [g=24, 176 evaluated, 143 expanded, t=0.1s]
Best heuristic value: 0/1 [g=25, 177 evaluated, 144 expanded, t=0.1s]
Completely explored state space -- no solution!
Actual search time: 0.02s [t=0.1s]
Initial state h value: 24/21.
Expanded 199 state(s).
Reopened 0 state(s).
Evaluated 245 state(s).
Evaluations: 490
Generated 340 state(s).
Dead ends: 46 state(s).
Best solution cost so far: 26
No solution found - keep searching
Starting search: lazy_wastar(list(hff, hlm), preferred = list(hff, hlm), w = 1)
Conducting lazy best first search, (real) bound = 26
Best heuristic value: 24/21 [g=0, 1 evaluated, 0 expanded, t=0.1s]
Best heuristic value: 23/20 [g=1, 2 evaluated, 1 expanded, t=0.1s]
Best heuristic value: 21/20 [g=2, 3 evaluated, 2 expanded, t=0.1s]
Best heuristic value: 20/20 [g=3, 4 evaluated, 3 expanded, t=0.1s]
Best heuristic value: 18/20 [g=4, 6 evaluated, 5 expanded, t=0.1s]
Best heuristic value: 17/19 [g=5, 7 evaluated, 6 expanded, t=0.1s]
Best heuristic value: 16/19 [g=6, 8 evaluated, 7 expanded, t=0.1s]
Best heuristic value: 15/18 [g=7, 12 evaluated, 11 expanded, t=0.1s]
Best heuristic value: 14/18 [g=8, 17 evaluated, 16 expanded, t=0.1s]
Best heuristic value: 13/18 [g=9, 26 evaluated, 25 expanded, t=0.1s]
Best heuristic value: 11/18 [g=10, 35 evaluated, 34 expanded, t=0.1s]
Best heuristic value: 9/17 [g=11, 36 evaluated, 35 expanded, t=0.1s]
Best heuristic value: 9/16 [g=12, 38 evaluated, 37 expanded, t=0.1s]
Best heuristic value: 8/16 [g=13, 68 evaluated, 67 expanded, t=0.1s]
Best heuristic value: 7/15 [g=13, 92 evaluated, 90 expanded, t=0.1s]
Best heuristic value: 6/13 [g=14, 121 evaluated, 108 expanded, t=0.1s]
Best heuristic value: 5/13 [g=15, 122 evaluated, 109 expanded, t=0.1s]
Best heuristic value: 5/12 [g=15, 123 evaluated, 110 expanded, t=0.1s]
Best heuristic value: 4/11 [g=16, 124 evaluated, 111 expanded, t=0.1s]
Best heuristic value: 4/10 [g=17, 126 evaluated, 112 expanded, t=0.1s]
Best heuristic value: 2/8 [g=18, 127 evaluated, 113 expanded, t=0.1s]
Best heuristic value: 2/7 [g=19, 128 evaluated, 114 expanded, t=0.1s]
Best heuristic value: 1/6 [g=21, 176 evaluated, 142 expanded, t=0.12s]
Best heuristic value: 1/4 [g=22, 177 evaluated, 143 expanded, t=0.12s]
Best heuristic value: 0/3 [g=23, 178 evaluated, 144 expanded, t=0.12s]
Best heuristic value: 0/2 [g=24, 180 evaluated, 146 expanded, t=0.12s]
Best heuristic value: 0/1 [g=25, 181 evaluated, 147 expanded, t=0.12s]
Completely explored state space -- no solution!
Actual search time: 0.02s [t=0.12s]
Initial state h value: 24/21.
Expanded 199 state(s).
Reopened 0 state(s).
Evaluated 245 state(s).
Evaluations: 490
Generated 340 state(s).
Dead ends: 46 state(s).
Best solution cost so far: 26
No solution found - keep searching
Actual search time: 0.1s [t=0.12s]
Cumulative statistics:
Expanded 941 state(s).
Reopened 0 state(s).
Evaluated 1158 state(s).
Evaluations: 2316
Generated 1588 state(s).
Dead ends: 0 state(s).
Search time: 0.1s
Total time: 0.12s
Solution found.
Peak memory: 4756 KB



plans_folder: /home/simbachiu/rail-planning/domain1/2-half-optimized
input_name: no_cleaned_result.result
output_name: cleaned_result.result
original_domain: /home/simbachiu/rail-planning/domain1/2-half-optimized/domain1.pddl
original_problem: /home/simbachiu/rail-planning/domain1/2-half-optimized/problem2.pddl
best cost found: -1




Se han encontrado 1 ficheros de solucion:

input_plan: /home/simbachiu/rail-planning/domain1/2-half-optimized/no_cleaned_result.result.1
output_plan: /home/simbachiu/rail-planning/domain1/2-half-optimized/cleaned_result.result.1



WARNING: plan /home/simbachiu/rail-planning/domain1/2-half-optimized/cleaned_result.result.1 is a wrong plan file or the plan cost is equal to -1, so we remove it
1. Running translator
Parsing... [0.050s CPU, 0.049s wall-clock]
Instantiating...
Normalizing task... [0.000s CPU, 0.008s wall-clock]
Generating Datalog program... [0.010s CPU, 0.006s wall-clock]
Normalizing Datalog program...
Normalizing Datalog program: [0.010s CPU, 0.013s wall-clock]
Preparing model... [0.020s CPU, 0.014s wall-clock]
Generated 837 rules.
Computing model... [0.000s CPU, 0.006s wall-clock]
338 relevant atoms
0 auxiliary atoms
338 final queue length
871 total queue pushes
Completing instantiation... [0.020s CPU, 0.015s wall-clock]
Instantiating: [0.060s CPU, 0.064s wall-clock]
Computing fact groups...
Finding invariants... 143 initial candidates
[7.130s CPU, 7.136s wall-clock]
Checking invariant weight... [0.010s CPU, 0.003s wall-clock]
Instantiating groups... [0.000s CPU, 0.002s wall-clock]
Collecting mutex groups... [0.000s CPU, 0.000s wall-clock]
Choosing groups...
17 uncovered facts
Choosing groups: [0.000s CPU, 0.002s wall-clock]
Building translation key... [0.000s CPU, 0.000s wall-clock]
Computing fact groups: [7.140s CPU, 7.145s wall-clock]
Building STRIPS to SAS dictionary... [0.000s CPU, 0.000s wall-clock]
Building dictionary for full mutex groups... [0.000s CPU, 0.001s wall-clock]
Translating task...
Processing axioms...
Simplifying axioms... [0.000s CPU, 0.000s wall-clock]
Processing axioms: [0.000s CPU, 0.001s wall-clock]
Translating task: [0.010s CPU, 0.012s wall-clock]
0 implied effects removed
0 effect conditions simplified
0 implied preconditions added
Building mutex information... [0.010s CPU, 0.002s wall-clock]
Detecting unreachable propositions...
0 operators removed
28 propositions removed
Detecting unreachable propositions: [0.000s CPU, 0.002s wall-clock]
Writing translation key... [0.000s CPU, 0.000s wall-clock]
Writing mutex key... [0.000s CPU, 0.002s wall-clock]
Writing output... [0.000s CPU, 0.001s wall-clock]
Done! [7.270s CPU, 7.281s wall-clock]
2. Running preprocessor
Building causal graph...
The causal graph is not acyclic.
48 variables of 49 necessary
186 of 186 operators necessary.
0 of 0 axiom rules necessary.
Building domain transition graphs...
solveable in poly time 0
Building successor generator...
Writing output...
done

3. Running search
Simplifying transitions... done!
Initializing HSP/FF heuristic...
Reading invariants from file...
done
Generating landmarks using the RPG/SAS+ approach
approx. reasonable orders
approx. obedient reasonable orders
Removed 5 reasonable or obedient reasonable orders
Generated 42 landmarks, of which 0 are disjunctive
          333 edges
18 initial landmarks, 1 goal landmarks
Landmarks generation time: 0.04 seconds
Randomizing search (where applicable), with seed: 2011
Search iteration 1
Using the following heuristic(s):
FF heuristic with preferred operators
Landmark heuristic with preferred operators
Initializing HSP/FF heuristic...
Initializing landmarks count heuristic...
Conducting best first search.
Best heuristic value: 47/43 [expanded 1 state(s)]
Best heuristic value: 44/41 [expanded 2 state(s)]
Best heuristic value: 41/41 [expanded 3 state(s)]
Best heuristic value: 38/41 [expanded 4 state(s)]
Best heuristic value: 35/41 [expanded 6 state(s)]
Best heuristic value: 32/39 [expanded 7 state(s)]
Best heuristic value: 31/39 [expanded 8 state(s)]
Best heuristic value: 28/37 [expanded 9 state(s)]
Best heuristic value: 27/37 [expanded 10 state(s)]
Best heuristic value: 27/35 [expanded 11 state(s)]
Best heuristic value: 27/33 [expanded 14 state(s)]
Best heuristic value: 27/31 [expanded 16 state(s)]
Best heuristic value: 26/31 [expanded 29 state(s)]
Best heuristic value: 26/27 [expanded 30 state(s)]
Best heuristic value: 26/25 [expanded 32 state(s)]
Best heuristic value: 26/21 [expanded 33 state(s)]
Best heuristic value: 26/17 [expanded 35 state(s)]
Best heuristic value: 26/15 [expanded 36 state(s)]
Best heuristic value: 22/15 [expanded 56 state(s)]
Best heuristic value: 22/13 [expanded 85 state(s)]
Best heuristic value: 22/9 [expanded 87 state(s)]
Best heuristic value: 22/5 [expanded 92 state(s)]
Best heuristic value: 22/3 [expanded 94 state(s)]
Best heuristic value: 22/1 [expanded 95 state(s)]
Goal reached but Landmark heuristic != 0
LM heuristic was 32 - returning zero
Solution found!
move-on-arrival-to-switch_---_train1_---_v1_---_t0_---_t0-___-0  (1)
move-from-switch-to-track_---_train1_---_t0_---_t3_---_t4_---_track1-___-1  (1)
move-on-arrival-to-switch_---_train2_---_v2_---_v1_---_t0-___-0  (1)
move-from-switch-to-track_---_train2_---_t0_---_t5_---_t6_---_track2-___-1  (1)
move-on-arrival-to-switch_---_train3_---_v3_---_v2_---_t0-___-0  (1)
move-from-switch-to-track_---_train3_---_t0_---_t0_---_t5_---_track2-___-1  (1)
move-on-arrival-to-switch_---_train4_---_v4_---_v3_---_t0-___-0  (1)
move-from-switch-to-track_---_train4_---_t0_---_t2_---_t3_---_track1-___-1  (1)
move-on-arrival-to-switch_---_train5_---_v5_---_v4_---_t0-___-0  (1)
move-from-switch-to-track_---_train5_---_t0_---_t1_---_t2_---_track1-___-1  (1)
move-on-arrival-to-switch_---_train6_---_v6_---_v5_---_t0-___-0  (1)
move-from-switch-to-track_---_train6_---_t0_---_t0_---_t1_---_track1-___-1  (1)
move-from-track-to-switch_---_train3_---_t5_---_t0_---_t0_---_track2-___-0  (1)
move-to-departure_---_train3_---_t0_---_v5_---_v6-___-0  (1)
move-from-track-to-switch_---_train2_---_t6_---_t5_---_t0_---_track2-___-0  (1)
move-to-departure_---_train2_---_t0_---_v4_---_v5-___-0  (1)
move-from-track-to-switch_---_train6_---_t1_---_t0_---_t0_---_track1-___-0  (1)
move-to-departure_---_train6_---_t0_---_v3_---_v4-___-0  (1)
move-from-track-to-switch_---_train5_---_t2_---_t1_---_t0_---_track1-___-0  (1)
move-from-switch-to-track_---_train5_---_t0_---_t5_---_t6_---_track2-___-0  (1)
move-from-track-to-switch_---_train4_---_t3_---_t2_---_t0_---_track1-___-0  (1)
move-to-departure_---_train4_---_t0_---_v2_---_v3-___-0  (1)
move-from-track-to-switch_---_train1_---_t4_---_t3_---_t0_---_track1-___-0  (1)
move-to-departure_---_train1_---_t0_---_v1_---_v2-___-0  (1)
move-from-track-to-switch_---_train5_---_t6_---_t5_---_t0_---_track2-___-0  (1)
move-to-departure_---_train5_---_t0_---_t0_---_v1-___-0  (1)
reach-goal-5-___-0  (0)
Plan length: 27 step(s), cost: 26.
Expanded 97 state(s).
Generated 133 state(s).
Search time: 0.01 seconds
Total time: 0.05 seconds
Search iteration 2
Using the following heuristic(s):
FF heuristic with preferred operators
Landmark heuristic with preferred operators
Initializing landmarks count heuristic...
Conducting weighted A* search, weight is 5, bound is 26.
Best heuristic value: 47/43 [expanded 1 state(s)]
Best heuristic value: 44/41 [expanded 2 state(s)]
Best heuristic value: 41/41 [expanded 3 state(s)]
Best heuristic value: 38/41 [expanded 4 state(s)]
Best heuristic value: 35/41 [expanded 6 state(s)]
Best heuristic value: 32/39 [expanded 7 state(s)]
Best heuristic value: 31/39 [expanded 8 state(s)]
Best heuristic value: 28/37 [expanded 9 state(s)]
Best heuristic value: 27/37 [expanded 10 state(s)]
Best heuristic value: 27/35 [expanded 11 state(s)]
Best heuristic value: 27/33 [expanded 13 state(s)]
Best heuristic value: 27/31 [expanded 14 state(s)]
Best heuristic value: 26/31 [expanded 29 state(s)]
Best heuristic value: 26/29 [expanded 30 state(s)]
Best heuristic value: 26/25 [expanded 32 state(s)]
Best heuristic value: 26/23 [expanded 33 state(s)]
Best heuristic value: 26/21 [expanded 34 state(s)]
Best heuristic value: 26/17 [expanded 35 state(s)]
Best heuristic value: 26/15 [expanded 41 state(s)]
Best heuristic value: 26/11 [expanded 43 state(s)]
Best heuristic value: 26/9 [expanded 47 state(s)]
Best heuristic value: 26/5 [expanded 48 state(s)]
Best heuristic value: 26/3 [expanded 50 state(s)]
Best heuristic value: 22/3 [expanded 64 state(s)]
Completely explored state space -- no solution!
Expanded 245 state(s).
Generated 340 state(s).
Search time: 0.04 seconds
Total time: 0.09 seconds


plans_folder: /home/simbachiu/rail-planning/domain1/2-half-optimized
input_name: no_cleaned_result.result
output_name: cleaned_result.result
original_domain: /home/simbachiu/rail-planning/domain1/2-half-optimized/domain1.pddl
original_problem: /home/simbachiu/rail-planning/domain1/2-half-optimized/problem2.pddl
best cost found: -1




Se han encontrado 1 ficheros de solucion:

input_plan: /home/simbachiu/rail-planning/domain1/2-half-optimized/no_cleaned_result.result.1
output_plan: /home/simbachiu/rail-planning/domain1/2-half-optimized/cleaned_result.result.1



WARNING: plan /home/simbachiu/rail-planning/domain1/2-half-optimized/cleaned_result.result.1 is a wrong plan file or the plan cost is equal to -1, so we remove it
1. Running translator
Parsing... [0.050s CPU, 0.049s wall-clock]
Instantiating...
Normalizing task... [0.010s CPU, 0.008s wall-clock]
Generating Datalog program... [0.000s CPU, 0.006s wall-clock]
Normalizing Datalog program...
Normalizing Datalog program: [0.020s CPU, 0.013s wall-clock]
Preparing model... [0.010s CPU, 0.014s wall-clock]
Generated 837 rules.
Computing model... [0.010s CPU, 0.006s wall-clock]
338 relevant atoms
0 auxiliary atoms
338 final queue length
871 total queue pushes
Completing instantiation... [0.010s CPU, 0.015s wall-clock]
Instantiating: [0.060s CPU, 0.064s wall-clock]
Computing fact groups...
Finding invariants... 143 initial candidates
[7.180s CPU, 7.185s wall-clock]
Checking invariant weight... [0.000s CPU, 0.003s wall-clock]
Instantiating groups... [0.000s CPU, 0.001s wall-clock]
Collecting mutex groups... [0.000s CPU, 0.000s wall-clock]
Choosing groups...
39 uncovered facts
Choosing groups: [0.000s CPU, 0.002s wall-clock]
Building translation key... [0.000s CPU, 0.000s wall-clock]
Computing fact groups: [7.190s CPU, 7.194s wall-clock]
Building STRIPS to SAS dictionary... [0.000s CPU, 0.000s wall-clock]
Building dictionary for full mutex groups... [0.000s CPU, 0.001s wall-clock]
Translating task...
Processing axioms...
Simplifying axioms... [0.000s CPU, 0.000s wall-clock]
Processing axioms: [0.000s CPU, 0.001s wall-clock]
Translating task: [0.010s CPU, 0.013s wall-clock]
0 implied effects removed
0 effect conditions simplified
0 implied preconditions added
Building mutex information... [0.000s CPU, 0.002s wall-clock]
Detecting unreachable propositions...
0 operators removed
19 propositions removed
Detecting unreachable propositions: [0.010s CPU, 0.003s wall-clock]
Writing translation key... [0.000s CPU, 0.000s wall-clock]
Writing mutex key... [0.000s CPU, 0.002s wall-clock]
Writing output... [0.000s CPU, 0.001s wall-clock]
Done! [7.320s CPU, 7.330s wall-clock]
2. Running preprocessor
Building causal graph...
The causal graph is not acyclic.
65 variables of 66 necessary
189 of 189 operators necessary.
0 of 0 axiom rules necessary.
Building domain transition graphs...
solveable in poly time 0
Building successor generator...
Writing output...
done

3. Running search
MRW Param 0:
Walk Type: MHA
Heuristic: FD FF
Step Type: STATE
Extending Rate: 1.5
Length Walk: 10
Alpha: 0.9
Extending Period: 0.1
Walk Bias Temp: 10
Num Walks: 2000
Jump Length: 10
Max Steps: 7
Bounding Factor: 0.9
Deepening: true
Tie-breaking: false
Conservative Steps: false
solution_bounding: g_prunning
Length STDev: 0


MRW Param 1:
Walk Type: MDA
Heuristic: FD FF
Step Type: STATE
Extending Rate: 2
Length Walk: 1
Alpha: 0.9
Extending Period: 0.1
Walk Bias Temp: 0.5
Num Walks: 2000
Jump Length: 1
Max Steps: 7
Bounding Factor: 0.9
Deepening: true
Tie-breaking: false
Conservative Steps: false
solution_bounding: g_prunning
Length STDev: 0


MRW Param 2:
Walk Type: MHA
Heuristic: FD FF
Step Type: STATE
Extending Rate: 1.5
Length Walk: 1
Alpha: 0.9
Extending Period: 0.1
Walk Bias Temp: 10
Num Walks: 2000
Jump Length: 1
Max Steps: 7
Bounding Factor: 0.9
Deepening: true
Tie-breaking: false
Conservative Steps: false
solution_bounding: g_prunning
Length STDev: 0


Shared MRW Parameters: SMART
	Pool Size: 50
	Activation Level: 50
Iterative search: true
UCB Constant Value: 0.5
Use Aras: true
regression graph: true
	Aras Memory Limit: 2000000
	Aras Time Limit: NONE
seed: 2011
Simplifying transitions... done!
UCB Constant: 0.5
Initializing HSP/FF heuristic...
Simplifying 777 unary operators... done! [777 unary operators]
MRW ...
Initial heuristic value from heuristic Plan Validated
Total time: 0.04s
cost: 38.
build regression graph: true
Initial plan size: 39 Initial plan cost: 38
After action elimination Plan size: 27 plan cost: 26
Plan Validated
Total time: 0.04s
cost: 26.
Plan Validated
Step: 0 n: 1000 Plan_size: 27 Plan_cost: 26 Iteration_Time: 0.12s Total_Time: 0.16s Size: 14409 Number_goals: 2 Memory usage: 7443
Plan Validated
Step: 1 n: 2000 Plan_size: 27 Plan_cost: 26 Iteration_Time: 0.17s Total_Time: 0.33s Size: 22913 Number_goals: 2 Memory usage: 11569
Plan Validated
Step: 2 n: 4000 Plan_size: 27 Plan_cost: 26 Iteration_Time: 0.26s Total_Time: 0.59s Size: 33356 Number_goals: 2 Memory usage: 17158
Plan Validated
Step: 3 n: 8000 Plan_size: 27 Plan_cost: 26 Iteration_Time: 0.37s Total_Time: 0.96s Size: 43959 Number_goals: 4 Memory usage: 22683
Plan Validated
Step: 4 n: 16000 Plan_size: 27 Plan_cost: 26 Iteration_Time: 0.57s Total_Time: 1.53s Size: 73309 Number_goals: 4 Memory usage: 38345
Plan Validated
Step: 5 n: 32000 Plan_size: 27 Plan_cost: 26 Iteration_Time: 0.87s Total_Time: 2.4s Size: 142863 Number_goals: 4 Memory usage: 75837


plans_folder: /home/simbachiu/rail-planning/domain1/2-half-optimized
input_name: no_cleaned_result.result
output_name: cleaned_result.result
original_domain: /home/simbachiu/rail-planning/domain1/2-half-optimized/domain1.pddl
original_problem: /home/simbachiu/rail-planning/domain1/2-half-optimized/problem2.pddl
best cost found: -1




Se han encontrado 2 ficheros de solucion:

input_plan: /home/simbachiu/rail-planning/domain1/2-half-optimized/no_cleaned_result.result.1
input_plan: /home/simbachiu/rail-planning/domain1/2-half-optimized/no_cleaned_result.result.2
output_plan: /home/simbachiu/rail-planning/domain1/2-half-optimized/cleaned_result.result.1
output_plan: /home/simbachiu/rail-planning/domain1/2-half-optimized/cleaned_result.result.2



WARNING: plan /home/simbachiu/rail-planning/domain1/2-half-optimized/cleaned_result.result.1 is a wrong plan file or the plan cost is equal to -1, so we remove it
WARNING: plan /home/simbachiu/rail-planning/domain1/2-half-optimized/cleaned_result.result.2 is a wrong plan file or the plan cost is equal to -1, so we remove it
Plan Validated
Step: 6 n: 64000 Plan_size: 27 Plan_cost: 26 Iteration_Time: 1.17s Total_Time: 3.57s Size: 211921 Number_goals: 4 Memory usage: 116102
Plan Validated
Step: 7 n: 128000 Plan_size: 27 Plan_cost: 26 Iteration_Time: 1.3s Total_Time: 4.87s Size: 272863 Number_goals: 4 Memory usage: 147159
Plan Validated
Step: 8 n: 256000 Plan_size: 27 Plan_cost: 26 Iteration_Time: 1.89s Total_Time: 6.76s Size: 272863 Number_goals: 4 Memory usage: 147159
Neighborhood graph does not grow any more
Plan Validated
build regression graph: true
Initial plan size: 35 Initial plan cost: 34
After action elimination Plan size: 27 plan cost: 26
Plan Validated
Plan Validated
Step: 0 n: 1000 Plan_size: 27 Plan_cost: 26 Iteration_Time: 0.07s Total_Time: 7.06s Size: 13901 Number_goals: 2 Memory usage: 7082
Plan Validated
Step: 1 n: 2000 Plan_size: 27 Plan_cost: 26 Iteration_Time: 0.09s Total_Time: 7.15s Size: 19966 Number_goals: 2 Memory usage: 10139
Plan Validated
Step: 2 n: 4000 Plan_size: 27 Plan_cost: 26 Iteration_Time: 0.13s Total_Time: 7.28s Size: 30046 Number_goals: 2 Memory usage: 15565
Plan Validated
Step: 3 n: 8000 Plan_size: 27 Plan_cost: 26 Iteration_Time: 0.19s Total_Time: 7.47s Size: 40881 Number_goals: 4 Memory usage: 21168
Plan Validated
Step: 4 n: 16000 Plan_size: 27 Plan_cost: 26 Iteration_Time: 0.37s Total_Time: 7.84s Size: 94955 Number_goals: 4 Memory usage: 49457
Plan Validated
Step: 5 n: 32000 Plan_size: 27 Plan_cost: 26 Iteration_Time: 0.6s Total_Time: 8.44s Size: 138115 Number_goals: 4 Memory usage: 73560
Plan Validated
Step: 6 n: 64000 Plan_size: 27 Plan_cost: 26 Iteration_Time: 1.08s Total_Time: 9.52s Size: 221725 Number_goals: 4 Memory usage: 121384
Plan Validated
Step: 7 n: 128000 Plan_size: 27 Plan_cost: 26 Iteration_Time: 1.25s Total_Time: 10.77s Size: 282667 Number_goals: 4 Memory usage: 154607
Plan Validated
Step: 8 n: 256000 Plan_size: 27 Plan_cost: 26 Iteration_Time: 1.25s Total_Time: 12.02s Size: 282667 Number_goals: 4 Memory usage: 154607
Neighborhood graph does not grow any more
Plan Validated
build regression graph: true
Initial plan size: 31 Initial plan cost: 30
After action elimination Plan size: 27 plan cost: 26
Plan Validated
Plan Validated
Step: 0 n: 1000 Plan_size: 27 Plan_cost: 26 Iteration_Time: 0.06s Total_Time: 12.3s Size: 14409 Number_goals: 2 Memory usage: 7442
Plan Validated
Step: 1 n: 2000 Plan_size: 27 Plan_cost: 26 Iteration_Time: 0.11s Total_Time: 12.41s Size: 22913 Number_goals: 2 Memory usage: 11569
Plan Validated
Step: 2 n: 4000 Plan_size: 27 Plan_cost: 26 Iteration_Time: 0.14s Total_Time: 12.55s Size: 33356 Number_goals: 2 Memory usage: 17174
Plan Validated
Step: 3 n: 8000 Plan_size: 27 Plan_cost: 26 Iteration_Time: 0.21s Total_Time: 12.76s Size: 43959 Number_goals: 4 Memory usage: 22708
Plan Validated
Step: 4 n: 16000 Plan_size: 27 Plan_cost: 26 Iteration_Time: 0.33s Total_Time: 13.09s Size: 73309 Number_goals: 4 Memory usage: 38423
Plan Validated
Step: 5 n: 32000 Plan_size: 27 Plan_cost: 26 Iteration_Time: 0.6s Total_Time: 13.69s Size: 142863 Number_goals: 4 Memory usage: 75865
Plan Validated
Step: 6 n: 64000 Plan_size: 27 Plan_cost: 26 Iteration_Time: 1.09s Total_Time: 14.78s Size: 211921 Number_goals: 4 Memory usage: 115860
Plan Validated
Step: 7 n: 128000 Plan_size: 27 Plan_cost: 26 Iteration_Time: 1.1s Total_Time: 15.88s Size: 222410 Number_goals: 4 Memory usage: 122615
Plan Validated
Step: 8 n: 256000 Plan_size: 27 Plan_cost: 26 Iteration_Time: 1.15s Total_Time: 17.03s Size: 222410 Number_goals: 4 Memory usage: 122615
Neighborhood graph does not grow any more
Plan Validated
build regression graph: true
Initial plan size: 29 Initial plan cost: 28
After action elimination Plan size: 27 plan cost: 26
Plan Validated
Plan Validated
Step: 0 n: 1000 Plan_size: 27 Plan_cost: 26 Iteration_Time: 0.06s Total_Time: 17.31s Size: 14409 Number_goals: 2 Memory usage: 7442
Plan Validated
Step: 1 n: 2000 Plan_size: 27 Plan_cost: 26 Iteration_Time: 0.1s Total_Time: 17.41s Size: 22913 Number_goals: 2 Memory usage: 11569
Plan Validated
Step: 2 n: 4000 Plan_size: 27 Plan_cost: 26 Iteration_Time: 0.16s Total_Time: 17.57s Size: 33356 Number_goals: 2 Memory usage: 17174
Plan Validated
Step: 3 n: 8000 Plan_size: 27 Plan_cost: 26 Iteration_Time: 0.21s Total_Time: 17.78s Size: 43959 Number_goals: 4 Memory usage: 22708
Plan Validated
Step: 4 n: 16000 Plan_size: 27 Plan_cost: 26 Iteration_Time: 0.34s Total_Time: 18.12s Size: 73309 Number_goals: 4 Memory usage: 38423
Plan Validated
Step: 5 n: 32000 Plan_size: 27 Plan_cost: 26 Iteration_Time: 0.61s Total_Time: 18.73s Size: 142863 Number_goals: 4 Memory usage: 75865
Plan Validated
Step: 6 n: 64000 Plan_size: 27 Plan_cost: 26 Iteration_Time: 1.08s Total_Time: 19.81s Size: 211921 Number_goals: 4 Memory usage: 115860
Plan Validated
Step: 7 n: 128000 Plan_size: 27 Plan_cost: 26 Iteration_Time: 1.15s Total_Time: 20.96s Size: 222410 Number_goals: 4 Memory usage: 122615
Plan Validated
Step: 8 n: 256000 Plan_size: 27 Plan_cost: 26 Iteration_Time: 1.12s Total_Time: 22.08s Size: 222410 Number_goals: 4 Memory usage: 122615
Neighborhood graph does not grow any more
Plan Validated
build regression graph: true
Initial plan size: 27 Initial plan cost: 26
After action elimination Plan size: 27 plan cost: 26
Plan Validated
Plan Validated
Step: 0 n: 1000 Plan_size: 27 Plan_cost: 26 Iteration_Time: 0.06s Total_Time: 22.38s Size: 13901 Number_goals: 2 Memory usage: 7077
Plan Validated
Step: 1 n: 2000 Plan_size: 27 Plan_cost: 26 Iteration_Time: 0.09s Total_Time: 22.47s Size: 19966 Number_goals: 2 Memory usage: 10139
Plan Validated
Step: 2 n: 4000 Plan_size: 27 Plan_cost: 26 Iteration_Time: 0.13s Total_Time: 22.6s Size: 30046 Number_goals: 2 Memory usage: 15565
Plan Validated
Step: 3 n: 8000 Plan_size: 27 Plan_cost: 26 Iteration_Time: 0.19s Total_Time: 22.79s Size: 40881 Number_goals: 4 Memory usage: 21168
Plan Validated
Step: 4 n: 16000 Plan_size: 27 Plan_cost: 26 Iteration_Time: 0.36s Total_Time: 23.15s Size: 94955 Number_goals: 4 Memory usage: 49457
Plan Validated
Step: 5 n: 32000 Plan_size: 27 Plan_cost: 26 Iteration_Time: 0.6s Total_Time: 23.75s Size: 138115 Number_goals: 4 Memory usage: 73560
Plan Validated
Step: 6 n: 64000 Plan_size: 27 Plan_cost: 26 Iteration_Time: 1.09s Total_Time: 24.84s Size: 221725 Number_goals: 4 Memory usage: 121384
Plan Validated
Step: 7 n: 128000 Plan_size: 27 Plan_cost: 26 Iteration_Time: 1.28s Total_Time: 26.12s Size: 282667 Number_goals: 4 Memory usage: 154607
Plan Validated
Step: 8 n: 256000 Plan_size: 27 Plan_cost: 26 Iteration_Time: 1.3s Total_Time: 27.42s Size: 282667 Number_goals: 4 Memory usage: 154607
Neighborhood graph does not grow any more
d



****************************************************
*** Planner_path: /planner/src/lama-2011/plan TimeOut: 56 ***
****************************************************


Run command: python2.7 /planner/src/parser/clean_plans.py /home/simbachiu/rail-planning/domain1/2-half-optimized no_cleaned_result.result cleaned_result.result /home/simbachiu/rail-planning/domain1/2-half-optimized/domain1.pddl /home/simbachiu/rail-planning/domain1/2-half-optimized/problem2.pddl -1
Planner /planner/src/lama-2011/plan run 5 seconds



****************************************************
*** Planner_path: /planner/src/lamar/plan TimeOut: 56 ***
****************************************************


Run command: python2.7 /planner/src/parser/clean_plans.py /home/simbachiu/rail-planning/domain1/2-half-optimized no_cleaned_result.result cleaned_result.result /home/simbachiu/rail-planning/domain1/2-half-optimized/domain1.pddl /home/simbachiu/rail-planning/domain1/2-half-optimized/problem2.pddl -1
Planner /planner/src/lamar/plan run 10 seconds



****************************************************
*** Planner_path: /planner/src/arvand/plan TimeOut: 56 ***
****************************************************


Run command: python2.7 /planner/src/parser/clean_plans.py /home/simbachiu/rail-planning/domain1/2-half-optimized no_cleaned_result.result cleaned_result.result /home/simbachiu/rail-planning/domain1/2-half-optimized/domain1.pddl /home/simbachiu/rail-planning/domain1/2-half-optimized/problem2.pddl -1
c aborting children with SIGTERM...
c children found: [589834, 589843]
Planner /planner/src/arvand/plan run 65 seconds

Main portfolio runs 187.0 seconds

-------------------- END --------------------
