$ /data/ipc2018/solvers/sat/team2/planner.img domain1.pddl problem2.pddl re.out
INFO     Running translator.
INFO     translator inputs: ['domain1.pddl', 'problem2.pddl']
INFO     translator arguments: []
Parsing...
Parsing: [0.010s CPU, 0.006s wall-clock]
Normalizing task... [0.000s CPU, 0.001s wall-clock]
Instantiating...
Generating Datalog program... [0.000s CPU, 0.001s wall-clock]
Normalizing Datalog program...
Trivial rules: Converted to facts.
Normalizing Datalog program: [0.010s CPU, 0.005s wall-clock]
Preparing model... [0.000s CPU, 0.002s wall-clock]
Generated 60 rules.
Computing model... [0.020s CPU, 0.019s wall-clock]
444 relevant atoms
879 auxiliary atoms
1323 final queue length
1671 total queue pushes
Completing instantiation... [0.010s CPU, 0.015s wall-clock]
Instantiating: [0.040s CPU, 0.043s wall-clock]
Computing fact groups...
Finding invariants...
10 initial candidates
Finding invariants: [0.010s CPU, 0.008s wall-clock]
Checking invariant weight... [0.000s CPU, 0.000s wall-clock]
Instantiating groups... [0.000s CPU, 0.001s wall-clock]
Collecting mutex groups... [0.000s CPU, 0.000s wall-clock]
Choosing groups...
37 uncovered facts
Choosing groups: [0.000s CPU, 0.001s wall-clock]
Building translation key... [0.000s CPU, 0.000s wall-clock]
Computing fact groups: [0.010s CPU, 0.011s wall-clock]
Building STRIPS to SAS dictionary... [0.000s CPU, 0.000s wall-clock]
Building dictionary for full mutex groups... [0.000s CPU, 0.000s wall-clock]
Building mutex information...
Building mutex information: [0.010s CPU, 0.000s wall-clock]
Translating task...
Processing axioms...
Simplifying axioms... [0.000s CPU, 0.000s wall-clock]
Processing axioms: [0.000s CPU, 0.002s wall-clock]
Translating task: [0.010s CPU, 0.017s wall-clock]
216 effect conditions simplified
0 implied preconditions added
Detecting unreachable propositions...
0 operators removed
6 propositions removed
Detecting unreachable propositions: [0.010s CPU, 0.003s wall-clock]
Translator variables: 43
Translator derived variables: 6
Translator facts: 152
Translator goal facts: 5
Translator mutex groups: 19
Translator total mutex groups size: 169
Translator operators: 204
Translator axioms: 8
Translator task size: 1791
Translator peak memory: 26056 KB
Writing output... [0.000s CPU, 0.004s wall-clock]
Done! [0.090s CPU, 0.087s wall-clock]
INFO     Running preprocessor.
INFO     preprocessor input: output.sas
INFO     preprocessor arguments: ['--h2-time-limit', '30']
Building causal graph...
The causal graph is not acyclic.
31 variables of 43 necessary
13 of 19 mutex groups necessary.
204 of 204 operators necessary.
8 of 8 axiom rules necessary.
Disabling h2 analysis because it does not currently support axioms
Building domain transition graphs...
solveable in poly time 0
Building successor generator...
Preprocessor variables: 31
Preprocessor facts: 128
Preprocessor derived variables: 6
Preprocessor operators: 204
Preprocessor mutex groups: 13
Preprocessor task size: 1653
Writing output...
done
INFO     Running search.
INFO     search input: output
INFO     search executable: /planner/src/search/downward-release
INFO     search portfolio: /planner/src/driver/portfolios/seq_sat_ds.py
External time limits: -1, -1
No timeout has been set for the portfolio so we take the default of 1800s.
Internal time limit: 1800
External memory limits: -1, -1
Internal memory limit: 8000000000
remaining time at start: 1799.65
remaining time: 1799.65
config 0: relative time 100, remaining 1800
g bound: infinity
next plan number: 1
args: ['/planner/src/search/downward-release', '--decoupling', 'fork(search_type=sat, pruning=cost_frontier(irrelevance=TRANSITIONS), max_leaf_size=1000000)', '--heuristic', 'hff=ff(cost_type=one)', '--search', 'lazy_greedy(hff, preferred=hff, cost_type=one, bound=infinity)', '--internal-previous-portfolio-plans', '0', '--internal-plan-file', 're.out']
timeout: 99.98 -> (100, 101)
using frontier pruning method
performing irrelevance analysis in leaf factors
performing decoupled satisficing search
maximum leaf factor size 1000000
using fork factoring profile
reading input... [t=0.01s]
Simplifying transitions... done!
done reading input! [t=0.01s]
building causal graph...done! [t=0.01s]
Heuristic does not support axioms!
Terminating.
Tried to use unsupported feature.
Peak memory: 4800 KB
returncode: 3

remaining time: 1799.59
config 1: relative time 1000, remaining 1700
g bound: infinity
next plan number: 1
args: ['/planner/src/search/downward-release', '--decoupling', 'portfolio(fallback_on_abstain=true, overwrite_options=true, choose_max_leaves=true,          factorings=[fork(search_type=sat, max_leaf_size=1000000), ifork(search_type=sat, max_leaf_size=1000000), incarcs(search_type=sat, max_leaf_size=100000)])', '--heuristic', 'hff=ff(cost_type=one)', '--search', 'lazy_greedy(hff, preferred=hff, cost_type=one, bound=infinity, symmetry=symmetry_state_pruning(lex_prices=false, lex_num_states=false, lex_goal_cost=false))', '--internal-previous-portfolio-plans', '0', '--internal-plan-file', 're.out']
timeout: 1058.58 -> (1059, 1060)
performing decoupled satisficing search
maximum leaf factor size 1000000
using default pruning method: BasicPruning
using fork factoring profile
performing decoupled satisficing search
maximum leaf factor size 1000000
using default pruning method: BasicPruning
using inverted-fork factoring profile
performing decoupled satisficing search
maximum leaf factor size 100000
using default pruning method: BasicPruning
using incident-arcs factoring profile
performing Star Decoupled A* search
using default pruning method: BasicPruning
using factoring portfolio
reading input... [t=0s]
Simplifying transitions... done!
done reading input! [t=0s]
building causal graph...done! [t=0s]
Heuristic does not support axioms!
Terminating.
Tried to use unsupported feature.
Peak memory: 4800 KB
returncode: 3

remaining time: 1799.58
config 2: relative time 700, remaining 700
g bound: infinity
next plan number: 1
args: ['/planner/src/search/downward-release', '--heuristic', 'hlm1,hff1=lm_ff_syn(lm_rhw(reasonable_orders=true,                           lm_cost_type=one,cost_type=one))', '--search', 'lazy_greedy([hff1,hlm1],preferred=[hff1,hlm1], cost_type=one, reopen_closed=false, bound=infinity)', '--internal-previous-portfolio-plans', '0', '--internal-plan-file', 're.out']
timeout: 1799.58 -> (1800, 1801)
reading input... [t=0s]
Simplifying transitions... done!
done reading input! [t=0s]
building causal graph...done! [t=0s]
Variables: 31
Bytes per state: 8
done! [t=0s]
done initalizing global data [t=0s]
Initializing Exploration...
Generating landmarks using the RPG/SAS+ approach
approx. reasonable orders
approx. obedient reasonable orders
Removed 0 reasonable or obedient reasonable orders
Landmarks generation time: 0.00734703s
Discovered 65 landmarks, of which 0 are disjunctive and 0 are conjunctive
442 edges
Initializing LAMA-FF Synergy Object
Initializing landmarks count heuristic...
24 initial landmarks, 5 goal landmarks
Conducting lazy best first search, (real) bound = 2147483647
Best heuristic value: 36/34 [g=0, 1 evaluated, 0 expanded, t=0.01s, 5352 KB]
Best heuristic value: 35/34 [g=1, 2 evaluated, 1 expanded, t=0.01s, 5352 KB]
Switch from bucket-based to heap-based queue at key = 142, num_pushes = 127
Best heuristic value: 33/34 [g=2, 3 evaluated, 2 expanded, t=0.01s, 5352 KB]
Best heuristic value: 32/34 [g=3, 6 evaluated, 5 expanded, t=0.01s, 5352 KB]
Best heuristic value: 31/34 [g=4, 9 evaluated, 8 expanded, t=0.01s, 5352 KB]
Best heuristic value: 29/34 [g=5, 10 evaluated, 9 expanded, t=0.01s, 5352 KB]
Best heuristic value: 28/34 [g=7, 21 evaluated, 20 expanded, t=0.01s, 5352 KB]
Best heuristic value: 27/34 [g=8, 27 evaluated, 26 expanded, t=0.01s, 5352 KB]
Best heuristic value: 25/34 [g=10, 31 evaluated, 30 expanded, t=0.01s, 5352 KB]
Best heuristic value: 24/34 [g=12, 39 evaluated, 38 expanded, t=0.02s, 5352 KB]
Best heuristic value: 23/34 [g=13, 42 evaluated, 41 expanded, t=0.02s, 5352 KB]
Best heuristic value: 22/34 [g=14, 46 evaluated, 45 expanded, t=0.02s, 5352 KB]
Best heuristic value: 20/34 [g=16, 56 evaluated, 55 expanded, t=0.02s, 5352 KB]
Best heuristic value: 20/33 [g=9, 59 evaluated, 58 expanded, t=0.02s, 5352 KB]
Best heuristic value: 19/33 [g=18, 65 evaluated, 64 expanded, t=0.02s, 5352 KB]
Best heuristic value: 18/32 [g=19, 70 evaluated, 69 expanded, t=0.02s, 5352 KB]
Best heuristic value: 16/31 [g=20, 73 evaluated, 72 expanded, t=0.02s, 5352 KB]
Best heuristic value: 15/31 [g=21, 76 evaluated, 75 expanded, t=0.02s, 5352 KB]
Best heuristic value: 15/30 [g=21, 78 evaluated, 77 expanded, t=0.02s, 5352 KB]
Best heuristic value: 14/30 [g=22, 79 evaluated, 78 expanded, t=0.02s, 5352 KB]
Best heuristic value: 13/30 [g=23, 83 evaluated, 82 expanded, t=0.02s, 5352 KB]
Best heuristic value: 13/29 [g=22, 85 evaluated, 84 expanded, t=0.02s, 5352 KB]
Best heuristic value: 11/29 [g=24, 86 evaluated, 85 expanded, t=0.02s, 5352 KB]
Best heuristic value: 10/29 [g=25, 90 evaluated, 89 expanded, t=0.02s, 5352 KB]
Best heuristic value: 9/29 [g=26, 93 evaluated, 92 expanded, t=0.02s, 5352 KB]
Best heuristic value: 7/29 [g=29, 101 evaluated, 100 expanded, t=0.02s, 5352 KB]
Best heuristic value: 6/29 [g=30, 106 evaluated, 105 expanded, t=0.02s, 5352 KB]
Best heuristic value: 5/29 [g=35, 115 evaluated, 114 expanded, t=0.02s, 5352 KB]
Best heuristic value: 4/29 [g=38, 127 evaluated, 126 expanded, t=0.02s, 5352 KB]
Best heuristic value: 4/28 [g=41, 137 evaluated, 136 expanded, t=0.02s, 5352 KB]
Best heuristic value: 4/27 [g=42, 142 evaluated, 141 expanded, t=0.02s, 5352 KB]
Best heuristic value: 4/26 [g=44, 155 evaluated, 154 expanded, t=0.02s, 5352 KB]
Best heuristic value: 4/25 [g=45, 156 evaluated, 155 expanded, t=0.02s, 5352 KB]
Best heuristic value: 4/24 [g=47, 165 evaluated, 164 expanded, t=0.02s, 5352 KB]
Best heuristic value: 4/22 [g=48, 167 evaluated, 166 expanded, t=0.03s, 5352 KB]
Best heuristic value: 4/21 [g=49, 169 evaluated, 168 expanded, t=0.03s, 5352 KB]
Best heuristic value: 4/20 [g=54, 200 evaluated, 199 expanded, t=0.03s, 5352 KB]
Best heuristic value: 4/19 [g=55, 201 evaluated, 200 expanded, t=0.03s, 5352 KB]
Best heuristic value: 4/18 [g=61, 267 evaluated, 266 expanded, t=0.03s, 5476 KB]
Best heuristic value: 4/17 [g=62, 268 evaluated, 267 expanded, t=0.03s, 5476 KB]
Best heuristic value: 4/16 [g=57, 582 evaluated, 579 expanded, t=0.06s, 5608 KB]
Best heuristic value: 4/13 [g=63, 629 evaluated, 626 expanded, t=0.06s, 5608 KB]
Best heuristic value: 4/12 [g=64, 631 evaluated, 628 expanded, t=0.06s, 5608 KB]
Best heuristic value: 4/11 [g=64, 1624 evaluated, 1615 expanded, t=0.13s, 6000 KB]
Best heuristic value: 4/10 [g=66, 12157 evaluated, 12096 expanded, t=0.9s, 10420 KB]
Best heuristic value: 4/9 [g=78, 13647 evaluated, 13575 expanded, t=1.01s, 11132 KB]
Best heuristic value: 3/9 [g=82, 13693 evaluated, 13620 expanded, t=1.02s, 11132 KB]
Best heuristic value: 2/9 [g=44, 57760 evaluated, 57597 expanded, t=3.44s, 19516 KB]
Best heuristic value: 1/9 [g=46, 57764 evaluated, 57601 expanded, t=3.44s, 19516 KB]
Best heuristic value: 1/8 [g=67, 57815 evaluated, 57652 expanded, t=3.44s, 19516 KB]
Best heuristic value: 1/7 [g=68, 57821 evaluated, 57658 expanded, t=3.44s, 19516 KB]
Best heuristic value: 0/5 [g=69, 57824 evaluated, 57661 expanded, t=3.44s, 19516 KB]
Best heuristic value: 0/3 [g=71, 57827 evaluated, 57664 expanded, t=3.44s, 19516 KB]
Best heuristic value: 0/2 [g=72, 57828 evaluated, 57665 expanded, t=3.44s, 19516 KB]
Best heuristic value: 0/1 [g=73, 57829 evaluated, 57666 expanded, t=3.44s, 19516 KB]
Solution found!
Actual search time: 3.43s [t=3.44s]
move-on-arrival train1 v1 t0 (1)
move-to-track train1 t0 t1 track1 (1)
move-on-arrival train2 v2 v1 (1)
move-on-arrival train2 v1 t0 (1)
move-to-track train2 t0 t5 track2 (1)
move-on-arrival train3 v3 v2 (1)
move-on-arrival train3 v2 v1 (1)
move-from-track train1 t1 t0 track1 (1)
move-on-arrival train4 v4 v3 (1)
move-on-arrival train4 v3 v2 (1)
move-on-arrival train5 v5 v4 (1)
move-on-arrival train5 v4 v3 (1)
move-on-arrival train6 v6 v5 (1)
move-to-track train1 t0 t1 track1 (1)
move-along-track train1 t1 t2 track1 (1)
move-on-arrival train3 v1 t0 (1)
move-on-arrival train4 v2 v1 (1)
move-on-arrival train5 v3 v2 (1)
move-on-arrival train6 v5 v4 (1)
move-along-track train1 t2 t1 track1 (1)
move-along-track train2 t5 t6 track2 (1)
move-to-track train3 t0 t5 track2 (1)
move-on-arrival train4 v1 t0 (1)
move-along-track train1 t1 t2 track1 (1)
move-to-track train4 t0 t1 track1 (1)
move-on-arrival train5 v2 v1 (1)
move-on-arrival train6 v4 v3 (1)
move-on-arrival train6 v3 v2 (1)
move-on-arrival train5 v1 t0 (1)
move-on-arrival train6 v2 v1 (1)
move-along-track train1 t2 t3 track1 (1)
move-along-track train4 t1 t2 track1 (1)
move-to-track train5 t0 t1 track1 (1)
move-on-arrival train6 v1 t0 (1)
move-along-track train1 t3 t4 track1 (1)
move-along-track train4 t2 t3 track1 (1)
move-along-track train5 t1 t2 track1 (1)
move-to-track train6 t0 t1 track1 (1)
move-from-track train3 t5 t0 track2 (1)
move-to-departure train3 t0 v1 (1)
move-to-departure train3 v1 v2 (1)
move-to-departure train3 v2 v3 (1)
move-to-departure train3 v3 v4 (1)
move-to-departure train3 v4 v5 (1)
move-to-departure train3 v5 v6 (1)
move-along-track train2 t6 t5 track2 (1)
move-from-track train2 t5 t0 track2 (1)
move-to-departure train2 t0 v1 (1)
move-to-departure train2 v1 v2 (1)
move-to-departure train2 v2 v3 (1)
move-to-departure train2 v3 v4 (1)
move-to-departure train2 v4 v5 (1)
move-from-track train6 t1 t0 track1 (1)
move-to-departure train6 t0 v1 (1)
move-along-track train5 t2 t1 track1 (1)
move-along-track train4 t3 t2 track1 (1)
move-from-track train5 t1 t0 track1 (1)
move-along-track train1 t4 t3 track1 (1)
move-along-track train4 t2 t1 track1 (1)
move-to-track train5 t0 t5 track2 (1)
move-along-track train1 t3 t2 track1 (1)
move-from-track train4 t1 t0 track1 (1)
move-along-track train1 t2 t1 track1 (1)
move-to-departure train6 v1 v2 (1)
move-to-departure train4 t0 v1 (1)
move-to-departure train6 v2 v3 (1)
move-to-departure train4 v1 v2 (1)
move-to-departure train6 v3 v4 (1)
move-to-departure train4 v2 v3 (1)
move-from-track train1 t1 t0 track1 (1)
move-to-departure train1 t0 v1 (1)
move-to-departure train1 v1 v2 (1)
move-from-track train5 t5 t0 track2 (1)
move-to-departure train5 t0 v1 (1)
Plan length: 74 step(s).
Plan cost: 74
Initial state h value: 36/34.
Expanded 57668 state(s).
Reopened 0 state(s).
Evaluated 57831 state(s).
Evaluations: 115662
Generated 332929 state(s).
Dead ends: 162 state(s).
Number of registered states: 57831
Search time: 3.43s
Total time: 3.44s
Solution found.
Peak memory: 19516 KB
returncode: 0

plan manager: found new plan with cost 74
Abort portfolio and run final config.
remaining time: 1796.13
config 0: relative time 1, remaining 1
g bound: 74
next plan number: 2
args: ['/planner/src/search/downward-release', '--heuristic', 'hlm,hff=lm_ff_syn(lm_rhw(reasonable_orders=true,                         lm_cost_type=one,cost_type=one))', '--search', 'iterated([\n                     lazy_greedy([hff,hlm],preferred=[hff,hlm],\n                                 cost_type=one,reopen_closed=false),\n                     lazy_greedy([hff,hlm],preferred=[hff,hlm],\n                                 reopen_closed=false),\n                     lazy_wastar([hff,hlm],preferred=[hff,hlm],w=5),\n                     lazy_wastar([hff,hlm],preferred=[hff,hlm],w=3),\n                     lazy_wastar([hff,hlm],preferred=[hff,hlm],w=2),\n                     lazy_wastar([hff,hlm],preferred=[hff,hlm],w=1)\n                     ],repeat_last=true,continue_on_fail=true, bound=74)', '--internal-previous-portfolio-plans', '1', '--internal-plan-file', 're.out']
timeout: 1796.13 -> (1797, 1798)
reading input... [t=0s]
Simplifying transitions... done!
done reading input! [t=0.01s]
building causal graph...done! [t=0.01s]
Variables: 31
Bytes per state: 8
done! [t=0.01s]
done initalizing global data [t=0.01s]
Initializing Exploration...
Generating landmarks using the RPG/SAS+ approach
approx. reasonable orders
approx. obedient reasonable orders
Removed 0 reasonable or obedient reasonable orders
Landmarks generation time: 0.00800137s
Discovered 65 landmarks, of which 0 are disjunctive and 0 are conjunctive
442 edges
Initializing LAMA-FF Synergy Object
Initializing landmarks count heuristic...
24 initial landmarks, 5 goal landmarks
Starting search: lazy_greedy(list(hff, hlm), preferred = list(hff, hlm), cost_type = one, reopen_closed = false)
Conducting lazy best first search, (real) bound = 74
Best heuristic value: 36/34 [g=0, 1 evaluated, 0 expanded, t=0.01s, 5372 KB]
Best heuristic value: 35/34 [g=1, 2 evaluated, 1 expanded, t=0.01s, 5372 KB]
Switch from bucket-based to heap-based queue at key = 142, num_pushes = 127
Best heuristic value: 33/34 [g=2, 3 evaluated, 2 expanded, t=0.01s, 5372 KB]
Best heuristic value: 32/34 [g=3, 6 evaluated, 5 expanded, t=0.02s, 5372 KB]
Best heuristic value: 31/34 [g=4, 9 evaluated, 8 expanded, t=0.02s, 5372 KB]
Best heuristic value: 29/34 [g=5, 10 evaluated, 9 expanded, t=0.02s, 5372 KB]
Best heuristic value: 28/34 [g=7, 21 evaluated, 20 expanded, t=0.02s, 5372 KB]
Best heuristic value: 27/34 [g=8, 27 evaluated, 26 expanded, t=0.02s, 5372 KB]
Best heuristic value: 25/34 [g=10, 31 evaluated, 30 expanded, t=0.02s, 5372 KB]
Best heuristic value: 24/34 [g=12, 39 evaluated, 38 expanded, t=0.02s, 5372 KB]
Best heuristic value: 23/34 [g=13, 42 evaluated, 41 expanded, t=0.02s, 5372 KB]
Best heuristic value: 22/34 [g=14, 46 evaluated, 45 expanded, t=0.02s, 5372 KB]
Best heuristic value: 20/34 [g=16, 56 evaluated, 55 expanded, t=0.02s, 5372 KB]
Best heuristic value: 20/33 [g=9, 59 evaluated, 58 expanded, t=0.02s, 5372 KB]
Best heuristic value: 19/33 [g=18, 65 evaluated, 64 expanded, t=0.02s, 5372 KB]
Best heuristic value: 18/32 [g=19, 70 evaluated, 69 expanded, t=0.02s, 5372 KB]
Best heuristic value: 16/31 [g=20, 73 evaluated, 72 expanded, t=0.02s, 5372 KB]
Best heuristic value: 15/31 [g=21, 76 evaluated, 75 expanded, t=0.02s, 5372 KB]
Best heuristic value: 15/30 [g=21, 78 evaluated, 77 expanded, t=0.02s, 5372 KB]
Best heuristic value: 14/30 [g=22, 79 evaluated, 78 expanded, t=0.02s, 5372 KB]
Best heuristic value: 13/30 [g=23, 83 evaluated, 82 expanded, t=0.02s, 5372 KB]
Best heuristic value: 13/29 [g=22, 85 evaluated, 84 expanded, t=0.02s, 5372 KB]
Best heuristic value: 11/29 [g=24, 86 evaluated, 85 expanded, t=0.02s, 5372 KB]
Best heuristic value: 10/29 [g=25, 90 evaluated, 89 expanded, t=0.02s, 5372 KB]
Best heuristic value: 9/29 [g=26, 93 evaluated, 92 expanded, t=0.02s, 5372 KB]
Best heuristic value: 7/29 [g=29, 101 evaluated, 100 expanded, t=0.02s, 5372 KB]
Best heuristic value: 6/29 [g=30, 106 evaluated, 105 expanded, t=0.02s, 5372 KB]
Best heuristic value: 5/29 [g=35, 115 evaluated, 114 expanded, t=0.02s, 5372 KB]
Best heuristic value: 4/29 [g=38, 127 evaluated, 126 expanded, t=0.02s, 5372 KB]
Best heuristic value: 4/28 [g=41, 137 evaluated, 136 expanded, t=0.02s, 5372 KB]
Best heuristic value: 4/27 [g=42, 142 evaluated, 141 expanded, t=0.02s, 5372 KB]
Best heuristic value: 4/26 [g=44, 155 evaluated, 154 expanded, t=0.02s, 5372 KB]
Best heuristic value: 4/25 [g=45, 156 evaluated, 155 expanded, t=0.02s, 5372 KB]
Best heuristic value: 4/24 [g=47, 165 evaluated, 164 expanded, t=0.02s, 5372 KB]
Best heuristic value: 4/22 [g=48, 167 evaluated, 166 expanded, t=0.02s, 5372 KB]
Best heuristic value: 4/21 [g=49, 169 evaluated, 168 expanded, t=0.02s, 5372 KB]
Best heuristic value: 4/20 [g=54, 200 evaluated, 199 expanded, t=0.03s, 5372 KB]
Best heuristic value: 4/19 [g=55, 201 evaluated, 200 expanded, t=0.03s, 5372 KB]
Best heuristic value: 4/18 [g=61, 267 evaluated, 266 expanded, t=0.03s, 5504 KB]
Best heuristic value: 4/17 [g=62, 268 evaluated, 267 expanded, t=0.03s, 5504 KB]
Best heuristic value: 4/16 [g=57, 582 evaluated, 579 expanded, t=0.06s, 5636 KB]
Best heuristic value: 4/13 [g=63, 629 evaluated, 626 expanded, t=0.06s, 5636 KB]
Best heuristic value: 4/12 [g=64, 631 evaluated, 628 expanded, t=0.06s, 5636 KB]
Best heuristic value: 4/11 [g=64, 1623 evaluated, 1615 expanded, t=0.14s, 6020 KB]
Best heuristic value: 4/10 [g=66, 11039 evaluated, 11000 expanded, t=0.84s, 9932 KB]
Best heuristic value: 3/10 [g=72, 17658 evaluated, 17607 expanded, t=1.34s, 12340 KB]
Best heuristic value: 2/10 [g=44, 48533 evaluated, 48469 expanded, t=3.05s, 16804 KB]
Best heuristic value: 1/10 [g=46, 48537 evaluated, 48473 expanded, t=3.05s, 16804 KB]
Best heuristic value: 1/9 [g=65, 48577 evaluated, 48513 expanded, t=3.05s, 16804 KB]
Best heuristic value: 1/8 [g=67, 48588 evaluated, 48524 expanded, t=3.05s, 16804 KB]
Best heuristic value: 1/7 [g=68, 48594 evaluated, 48530 expanded, t=3.05s, 16804 KB]
Best heuristic value: 0/5 [g=69, 48597 evaluated, 48533 expanded, t=3.05s, 16804 KB]
Best heuristic value: 0/3 [g=71, 48600 evaluated, 48536 expanded, t=3.05s, 16804 KB]
Best heuristic value: 0/2 [g=72, 48601 evaluated, 48537 expanded, t=3.05s, 16804 KB]
Best heuristic value: 0/1 [g=73, 48602 evaluated, 48538 expanded, t=3.05s, 16804 KB]
Solution found!
Actual search time: 9.13s [t=9.14s]
move-on-arrival train1 v1 t0 (1)
move-to-track train1 t0 t5 track2 (1)
move-on-arrival train2 v2 v1 (1)
move-on-arrival train2 v1 t0 (1)
move-on-arrival train3 v3 v2 (1)
move-on-arrival train3 v2 v1 (1)
move-on-arrival train4 v4 v3 (1)
move-on-arrival train4 v3 v2 (1)
move-on-arrival train5 v5 v4 (1)
move-on-arrival train5 v4 v3 (1)
move-on-arrival train6 v6 v5 (1)
move-to-track train2 t0 t1 track1 (1)
move-on-arrival train3 v1 t0 (1)
move-along-track train1 t5 t6 track2 (1)
move-on-arrival train4 v2 v1 (1)
move-on-arrival train5 v3 v2 (1)
move-on-arrival train6 v5 v4 (1)
move-to-track train3 t0 t5 track2 (1)
move-on-arrival train6 v4 v3 (1)
move-on-arrival train4 v1 t0 (1)
move-on-arrival train5 v2 v1 (1)
move-on-arrival train6 v3 v2 (1)
move-along-track train2 t1 t2 track1 (1)
move-to-track train4 t0 t1 track1 (1)
move-on-arrival train5 v1 t0 (1)
move-on-arrival train6 v2 v1 (1)
move-along-track train2 t2 t3 track1 (1)
move-along-track train4 t1 t2 track1 (1)
move-to-track train5 t0 t1 track1 (1)
move-on-arrival train6 v1 t0 (1)
move-along-track train2 t3 t4 track1 (1)
move-along-track train4 t2 t3 track1 (1)
move-along-track train5 t1 t2 track1 (1)
move-to-track train6 t0 t1 track1 (1)
move-from-track train3 t5 t0 track2 (1)
move-to-departure train3 t0 v1 (1)
move-to-departure train3 v1 v2 (1)
move-to-departure train3 v2 v3 (1)
move-to-departure train3 v3 v4 (1)
move-to-departure train3 v4 v5 (1)
move-to-departure train3 v5 v6 (1)
move-along-track train1 t6 t5 track2 (1)
move-from-track train1 t5 t0 track2 (1)
move-to-departure train1 t0 v1 (1)
move-to-departure train1 v1 v2 (1)
move-to-departure train1 v2 v3 (1)
move-to-departure train1 v3 v4 (1)
move-to-departure train1 v4 v5 (1)
move-from-track train6 t1 t0 track1 (1)
move-to-departure train6 t0 v1 (1)
move-along-track train5 t2 t1 track1 (1)
move-along-track train4 t3 t2 track1 (1)
move-from-track train5 t1 t0 track1 (1)
move-along-track train2 t4 t3 track1 (1)
move-along-track train4 t2 t1 track1 (1)
move-to-track train5 t0 t5 track2 (1)
move-along-track train2 t3 t2 track1 (1)
move-from-track train4 t1 t0 track1 (1)
move-along-track train2 t2 t1 track1 (1)
move-to-departure train6 v1 v2 (1)
move-to-departure train4 t0 v1 (1)
move-to-departure train6 v2 v3 (1)
move-to-departure train4 v1 v2 (1)
move-to-departure train6 v3 v4 (1)
move-to-departure train4 v2 v3 (1)
move-from-track train2 t1 t0 track1 (1)
move-to-departure train2 t0 v1 (1)
move-to-departure train2 v1 v2 (1)
move-from-track train5 t5 t0 track2 (1)
move-to-departure train5 t0 v1 (1)
Plan length: 70 step(s).
Plan cost: 70
Initial state h value: 36/34.
Expanded 166556 state(s).
Reopened 0 state(s).
Evaluated 166626 state(s).
Evaluations: 333252
Generated 1028264 state(s).
Dead ends: 69 state(s).
Number of registered states: 166626
Best solution cost so far: 70
Solution found - keep searching
Starting search: lazy_greedy(list(hff, hlm), preferred = list(hff, hlm), reopen_closed = false)
Conducting lazy best first search, (real) bound = 70
Best heuristic value: 36/34 [g=0, 1 evaluated, 0 expanded, t=9.14s, 45184 KB]
Best heuristic value: 35/34 [g=1, 2 evaluated, 1 expanded, t=9.14s, 45184 KB]
Best heuristic value: 33/34 [g=2, 3 evaluated, 2 expanded, t=9.14s, 45184 KB]
Best heuristic value: 32/34 [g=3, 6 evaluated, 5 expanded, t=9.14s, 45184 KB]
Best heuristic value: 31/34 [g=4, 9 evaluated, 8 expanded, t=9.14s, 45184 KB]
Best heuristic value: 29/34 [g=5, 10 evaluated, 9 expanded, t=9.14s, 45184 KB]
Best heuristic value: 28/34 [g=7, 21 evaluated, 20 expanded, t=9.14s, 45184 KB]
Best heuristic value: 27/34 [g=8, 27 evaluated, 26 expanded, t=9.14s, 45184 KB]
Best heuristic value: 25/34 [g=10, 31 evaluated, 30 expanded, t=9.14s, 45184 KB]
Best heuristic value: 24/34 [g=12, 39 evaluated, 38 expanded, t=9.14s, 45316 KB]
Best heuristic value: 23/34 [g=13, 42 evaluated, 41 expanded, t=9.14s, 45316 KB]
Best heuristic value: 22/34 [g=14, 46 evaluated, 45 expanded, t=9.14s, 45316 KB]
Best heuristic value: 20/34 [g=16, 56 evaluated, 55 expanded, t=9.14s, 45316 KB]
Best heuristic value: 20/33 [g=9, 59 evaluated, 58 expanded, t=9.14s, 45316 KB]
Best heuristic value: 19/33 [g=18, 65 evaluated, 64 expanded, t=9.14s, 45316 KB]
Best heuristic value: 18/32 [g=19, 70 evaluated, 69 expanded, t=9.14s, 45316 KB]
Best heuristic value: 16/31 [g=20, 73 evaluated, 72 expanded, t=9.14s, 45316 KB]
Best heuristic value: 15/31 [g=21, 76 evaluated, 75 expanded, t=9.14s, 45316 KB]
Best heuristic value: 15/30 [g=21, 78 evaluated, 77 expanded, t=9.14s, 45316 KB]
Best heuristic value: 14/30 [g=22, 79 evaluated, 78 expanded, t=9.14s, 45316 KB]
Best heuristic value: 13/30 [g=23, 83 evaluated, 82 expanded, t=9.14s, 45316 KB]
Best heuristic value: 13/29 [g=22, 85 evaluated, 84 expanded, t=9.14s, 45316 KB]
Best heuristic value: 11/29 [g=24, 86 evaluated, 85 expanded, t=9.14s, 45316 KB]
Best heuristic value: 10/29 [g=25, 90 evaluated, 89 expanded, t=9.14s, 45316 KB]
Best heuristic value: 9/29 [g=26, 93 evaluated, 92 expanded, t=9.14s, 45316 KB]
Best heuristic value: 7/29 [g=29, 101 evaluated, 100 expanded, t=9.14s, 45316 KB]
Best heuristic value: 6/29 [g=30, 106 evaluated, 105 expanded, t=9.14s, 45316 KB]
Best heuristic value: 5/29 [g=35, 115 evaluated, 114 expanded, t=9.14s, 45316 KB]
Best heuristic value: 4/29 [g=38, 127 evaluated, 126 expanded, t=9.14s, 45316 KB]
Best heuristic value: 4/28 [g=41, 137 evaluated, 136 expanded, t=9.14s, 45316 KB]
Best heuristic value: 4/27 [g=42, 142 evaluated, 141 expanded, t=9.14s, 45316 KB]
Best heuristic value: 4/26 [g=44, 155 evaluated, 154 expanded, t=9.15s, 45316 KB]
Best heuristic value: 4/25 [g=45, 156 evaluated, 155 expanded, t=9.15s, 45316 KB]
Best heuristic value: 4/24 [g=47, 165 evaluated, 164 expanded, t=9.15s, 45316 KB]
Best heuristic value: 4/22 [g=48, 167 evaluated, 166 expanded, t=9.15s, 45316 KB]
Best heuristic value: 4/21 [g=49, 169 evaluated, 168 expanded, t=9.15s, 45316 KB]
Best heuristic value: 4/20 [g=54, 200 evaluated, 199 expanded, t=9.15s, 45316 KB]
Best heuristic value: 4/19 [g=55, 201 evaluated, 200 expanded, t=9.15s, 45316 KB]
Best heuristic value: 4/18 [g=61, 267 evaluated, 266 expanded, t=9.15s, 45316 KB]
Best heuristic value: 4/17 [g=62, 268 evaluated, 267 expanded, t=9.15s, 45316 KB]
Best heuristic value: 4/16 [g=57, 582 evaluated, 579 expanded, t=9.16s, 45448 KB]
Best heuristic value: 4/13 [g=63, 629 evaluated, 626 expanded, t=9.16s, 45448 KB]
Best heuristic value: 4/12 [g=64, 631 evaluated, 628 expanded, t=9.16s, 45448 KB]
Best heuristic value: 4/11 [g=64, 1580 evaluated, 1577 expanded, t=9.24s, 45712 KB]
Best heuristic value: 4/10 [g=66, 10872 evaluated, 10868 expanded, t=9.95s, 48088 KB]
Best heuristic value: 3/10 [g=68, 18559 evaluated, 18547 expanded, t=10.52s, 49540 KB]
Best heuristic value: 2/10 [g=44, 41216 evaluated, 41203 expanded, t=11.9s, 49808 KB]
Best heuristic value: 1/10 [g=46, 41220 evaluated, 41207 expanded, t=11.9s, 49808 KB]
Best heuristic value: 1/9 [g=65, 41260 evaluated, 41247 expanded, t=11.9s, 49808 KB]
Best heuristic value: 1/8 [g=67, 41271 evaluated, 41258 expanded, t=11.9s, 49808 KB]
Best heuristic value: 1/7 [g=68, 41277 evaluated, 41264 expanded, t=11.9s, 49808 KB]
Best heuristic value: 0/5 [g=69, 41280 evaluated, 41267 expanded, t=11.9s, 49808 KB]
Best heuristic value: 0/3 [g=67, 142365 evaluated, 142352 expanded, t=16.35s, 53420 KB]
Best heuristic value: 0/2 [g=68, 142366 evaluated, 142353 expanded, t=16.35s, 53420 KB]
Best heuristic value: 0/1 [g=69, 142367 evaluated, 142354 expanded, t=16.35s, 53420 KB]
Completely explored state space -- no solution!
Actual search time: 25.26s [t=34.4s]
Initial state h value: 36/34.
Expanded 469500 state(s).
Reopened 0 state(s).
Evaluated 469525 state(s).
Evaluations: 939050
Generated 2931904 state(s).
Dead ends: 25 state(s).
Number of registered states: 490889
Best solution cost so far: 70
No solution found - keep searching
Starting search: lazy_wastar(list(hff, hlm), preferred = list(hff, hlm), w = 5)
Conducting lazy best first search, (real) bound = 70
Best heuristic value: 36/34 [g=0, 1 evaluated, 0 expanded, t=34.41s, 121588 KB]
Best heuristic value: 35/34 [g=1, 2 evaluated, 1 expanded, t=34.41s, 121588 KB]
Best heuristic value: 33/34 [g=2, 3 evaluated, 2 expanded, t=34.41s, 121588 KB]
Best heuristic value: 32/34 [g=3, 6 evaluated, 5 expanded, t=34.41s, 121588 KB]
Best heuristic value: 31/34 [g=4, 9 evaluated, 8 expanded, t=34.41s, 121588 KB]
Best heuristic value: 29/34 [g=5, 10 evaluated, 9 expanded, t=34.41s, 121588 KB]
Best heuristic value: 28/34 [g=7, 21 evaluated, 20 expanded, t=34.41s, 121588 KB]
Best heuristic value: 27/34 [g=8, 27 evaluated, 26 expanded, t=34.41s, 121588 KB]
Best heuristic value: 25/34 [g=10, 31 evaluated, 30 expanded, t=34.41s, 121588 KB]
Best heuristic value: 24/34 [g=12, 40 evaluated, 39 expanded, t=34.41s, 121588 KB]
Best heuristic value: 23/34 [g=13, 43 evaluated, 42 expanded, t=34.41s, 121588 KB]
Best heuristic value: 22/34 [g=14, 49 evaluated, 48 expanded, t=34.41s, 121588 KB]
Best heuristic value: 20/34 [g=16, 58 evaluated, 57 expanded, t=34.41s, 121588 KB]
Best heuristic value: 19/33 [g=18, 67 evaluated, 66 expanded, t=34.41s, 121588 KB]
Best heuristic value: 18/32 [g=19, 71 evaluated, 70 expanded, t=34.41s, 121588 KB]
Best heuristic value: 16/31 [g=20, 77 evaluated, 76 expanded, t=34.41s, 121588 KB]
Best heuristic value: 15/31 [g=21, 81 evaluated, 80 expanded, t=34.41s, 121588 KB]
Best heuristic value: 14/31 [g=22, 84 evaluated, 83 expanded, t=34.41s, 121588 KB]
Best heuristic value: 13/31 [g=23, 86 evaluated, 85 expanded, t=34.41s, 121588 KB]
Best heuristic value: 11/31 [g=24, 89 evaluated, 88 expanded, t=34.41s, 121588 KB]
Best heuristic value: 10/31 [g=25, 91 evaluated, 90 expanded, t=34.41s, 121588 KB]
Best heuristic value: 9/31 [g=26, 94 evaluated, 93 expanded, t=34.41s, 121588 KB]
Best heuristic value: 9/30 [g=21, 96 evaluated, 95 expanded, t=34.41s, 121588 KB]
Best heuristic value: 9/29 [g=22, 100 evaluated, 99 expanded, t=34.41s, 121588 KB]
Best heuristic value: 7/29 [g=29, 101 evaluated, 100 expanded, t=34.41s, 121588 KB]
Best heuristic value: 6/29 [g=30, 108 evaluated, 107 expanded, t=34.41s, 121588 KB]
Best heuristic value: 5/29 [g=35, 119 evaluated, 118 expanded, t=34.41s, 121588 KB]
Best heuristic value: 4/29 [g=38, 133 evaluated, 132 expanded, t=34.42s, 121588 KB]
Best heuristic value: 4/28 [g=41, 145 evaluated, 144 expanded, t=34.42s, 121588 KB]
Best heuristic value: 4/27 [g=42, 177 evaluated, 176 expanded, t=34.42s, 121588 KB]
Best heuristic value: 4/26 [g=43, 277 evaluated, 276 expanded, 6 reopened, t=34.42s, 121588 KB]
Best heuristic value: 4/25 [g=44, 311 evaluated, 310 expanded, 10 reopened, t=34.42s, 121588 KB]
Best heuristic value: 4/24 [g=45, 313 evaluated, 312 expanded, 10 reopened, t=34.42s, 121588 KB]
Best heuristic value: 4/23 [g=47, 322 evaluated, 321 expanded, 10 reopened, t=34.42s, 121588 KB]
Best heuristic value: 4/22 [g=48, 324 evaluated, 323 expanded, 10 reopened, t=34.42s, 121588 KB]
Best heuristic value: 4/21 [g=50, 333 evaluated, 332 expanded, 12 reopened, t=34.42s, 121588 KB]
Best heuristic value: 4/20 [g=51, 335 evaluated, 334 expanded, 12 reopened, t=34.42s, 121588 KB]
Best heuristic value: 4/19 [g=55, 349 evaluated, 348 expanded, 12 reopened, t=34.42s, 121588 KB]
Best heuristic value: 4/18 [g=57, 356 evaluated, 355 expanded, 12 reopened, t=34.42s, 121588 KB]
Best heuristic value: 4/16 [g=58, 359 evaluated, 358 expanded, 12 reopened, t=34.42s, 121588 KB]
Best heuristic value: 4/12 [g=63, 392 evaluated, 391 expanded, 14 reopened, t=34.43s, 121588 KB]
Best heuristic value: 4/11 [g=64, 394 evaluated, 393 expanded, 14 reopened, t=34.43s, 121588 KB]
Best heuristic value: 4/10 [g=66, 4723 evaluated, 4721 expanded, 403 reopened, t=34.6s, 121588 KB]
Best heuristic value: 3/10 [g=41, 64564 evaluated, 64548 expanded, 16580 reopened, t=37.25s, 123832 KB]
Best heuristic value: 2/10 [g=42, 64567 evaluated, 64551 expanded, 16580 reopened, t=37.25s, 123832 KB]
Best heuristic value: 1/10 [g=45, 64575 evaluated, 64559 expanded, 16580 reopened, t=37.25s, 123832 KB]
Best heuristic value: 0/10 [g=68, 64663 evaluated, 64647 expanded, 16580 reopened, t=37.25s, 123832 KB]
Best heuristic value: 0/9 [g=63, 65115 evaluated, 65099 expanded, 16590 reopened, t=37.26s, 123832 KB]
Best heuristic value: 0/8 [g=65, 65122 evaluated, 65106 expanded, 16590 reopened, t=37.26s, 123832 KB]
Best heuristic value: 0/7 [g=66, 65128 evaluated, 65112 expanded, 16590 reopened, t=37.26s, 123832 KB]
Best heuristic value: 0/5 [g=67, 65132 evaluated, 65116 expanded, 16590 reopened, t=37.26s, 123832 KB]
Best heuristic value: 0/3 [g=69, 65138 evaluated, 65122 expanded, 16590 reopened, t=37.26s, 123832 KB]
Best heuristic value: 0/2 [g=68, 178894 evaluated, 178866 expanded, 76135 reopened, t=42.19s, 135732 KB]
Best heuristic value: 0/1 [g=69, 178895 evaluated, 178867 expanded, 76135 reopened, t=42.19s, 135732 KB]
Completely explored state space -- no solution!
Actual search time: 61.28s [t=95.68s]
Initial state h value: 36/34.
Expanded 1243336 state(s).
Reopened 697940 state(s).
Evaluated 1243439 state(s).
Evaluations: 2486878
Generated 7666160 state(s).
Dead ends: 103 state(s).
Number of registered states: 545934
Best solution cost so far: 70
No solution found - keep searching
Starting search: lazy_wastar(list(hff, hlm), preferred = list(hff, hlm), w = 3)
Conducting lazy best first search, (real) bound = 70
Best heuristic value: 36/34 [g=0, 1 evaluated, 0 expanded, t=95.69s, 198420 KB]
Best heuristic value: 35/34 [g=1, 2 evaluated, 1 expanded, t=95.69s, 198420 KB]
Best heuristic value: 33/34 [g=2, 3 evaluated, 2 expanded, t=95.69s, 198420 KB]
Best heuristic value: 32/34 [g=3, 6 evaluated, 5 expanded, t=95.69s, 198420 KB]
Best heuristic value: 31/34 [g=4, 9 evaluated, 8 expanded, t=95.69s, 198420 KB]
Best heuristic value: 29/34 [g=5, 10 evaluated, 9 expanded, t=95.69s, 198420 KB]
Best heuristic value: 28/34 [g=7, 21 evaluated, 20 expanded, t=95.69s, 198420 KB]
Best heuristic value: 27/34 [g=8, 27 evaluated, 26 expanded, t=95.69s, 198420 KB]
Best heuristic value: 25/34 [g=10, 31 evaluated, 30 expanded, t=95.69s, 198420 KB]
Best heuristic value: 24/34 [g=12, 40 evaluated, 39 expanded, t=95.69s, 198420 KB]
Best heuristic value: 23/34 [g=13, 43 evaluated, 42 expanded, t=95.69s, 198420 KB]
Best heuristic value: 22/34 [g=14, 49 evaluated, 48 expanded, t=95.69s, 198420 KB]
Best heuristic value: 20/34 [g=16, 58 evaluated, 57 expanded, t=95.69s, 198420 KB]
Best heuristic value: 19/33 [g=18, 67 evaluated, 66 expanded, t=95.69s, 198420 KB]
Best heuristic value: 18/32 [g=19, 71 evaluated, 70 expanded, t=95.69s, 198420 KB]
Best heuristic value: 16/31 [g=20, 77 evaluated, 76 expanded, t=95.69s, 198420 KB]
Best heuristic value: 15/31 [g=21, 81 evaluated, 80 expanded, t=95.69s, 198420 KB]
Best heuristic value: 14/31 [g=22, 84 evaluated, 83 expanded, t=95.69s, 198420 KB]
Best heuristic value: 13/31 [g=23, 86 evaluated, 85 expanded, t=95.69s, 198420 KB]
Best heuristic value: 11/31 [g=24, 89 evaluated, 88 expanded, t=95.69s, 198420 KB]
Best heuristic value: 10/31 [g=25, 91 evaluated, 90 expanded, t=95.69s, 198420 KB]
Best heuristic value: 9/31 [g=26, 94 evaluated, 93 expanded, t=95.69s, 198420 KB]
Best heuristic value: 7/31 [g=29, 98 evaluated, 97 expanded, t=95.69s, 198420 KB]
Best heuristic value: 6/31 [g=30, 105 evaluated, 104 expanded, t=95.69s, 198420 KB]
Best heuristic value: 5/31 [g=35, 131 evaluated, 130 expanded, t=95.69s, 198420 KB]
Best heuristic value: 4/31 [g=38, 158 evaluated, 157 expanded, 2 reopened, t=95.69s, 198420 KB]
Best heuristic value: 4/30 [g=39, 159 evaluated, 158 expanded, 2 reopened, t=95.69s, 198420 KB]
Best heuristic value: 4/29 [g=40, 170 evaluated, 169 expanded, 2 reopened, t=95.69s, 198420 KB]
Best heuristic value: 4/28 [g=41, 197 evaluated, 196 expanded, 3 reopened, t=95.7s, 198420 KB]
Best heuristic value: 4/27 [g=42, 268 evaluated, 267 expanded, 11 reopened, t=95.7s, 198420 KB]
Best heuristic value: 4/26 [g=43, 386 evaluated, 385 expanded, 29 reopened, t=95.7s, 198420 KB]
Best heuristic value: 4/25 [g=44, 495 evaluated, 494 expanded, 45 reopened, t=95.71s, 198420 KB]
Best heuristic value: 4/24 [g=45, 686 evaluated, 685 expanded, 67 reopened, t=95.71s, 198420 KB]
Best heuristic value: 3/24 [g=39, 864 evaluated, 863 expanded, 88 reopened, t=95.72s, 198420 KB]
Best heuristic value: 2/24 [g=40, 868 evaluated, 867 expanded, 88 reopened, t=95.72s, 198420 KB]
Best heuristic value: 1/24 [g=42, 878 evaluated, 877 expanded, 89 reopened, t=95.72s, 198420 KB]
Best heuristic value: 1/23 [g=45, 896 evaluated, 895 expanded, 91 reopened, t=95.72s, 198420 KB]
Best heuristic value: 1/22 [g=46, 954 evaluated, 953 expanded, 102 reopened, t=95.72s, 198420 KB]
Best heuristic value: 1/21 [g=47, 1019 evaluated, 1018 expanded, 111 reopened, t=95.73s, 198420 KB]
Best heuristic value: 1/20 [g=49, 1030 evaluated, 1029 expanded, 111 reopened, t=95.73s, 198420 KB]
Best heuristic value: 1/19 [g=50, 1034 evaluated, 1033 expanded, 111 reopened, t=95.73s, 198420 KB]
Best heuristic value: 1/18 [g=52, 1038 evaluated, 1037 expanded, 111 reopened, t=95.73s, 198420 KB]
Best heuristic value: 1/16 [g=53, 1039 evaluated, 1038 expanded, 111 reopened, t=95.73s, 198420 KB]
Best heuristic value: 1/14 [g=57, 1059 evaluated, 1058 expanded, 111 reopened, t=95.73s, 198420 KB]
Best heuristic value: 1/12 [g=62, 1097 evaluated, 1096 expanded, 116 reopened, t=95.73s, 198420 KB]
Best heuristic value: 1/11 [g=63, 1099 evaluated, 1098 expanded, 117 reopened, t=95.73s, 198420 KB]
Best heuristic value: 0/11 [g=66, 1105 evaluated, 1104 expanded, 118 reopened, t=95.73s, 198420 KB]
Best heuristic value: 0/10 [g=63, 1816 evaluated, 1812 expanded, 207 reopened, t=95.76s, 198420 KB]
Best heuristic value: 0/7 [g=64, 1818 evaluated, 1814 expanded, 207 reopened, t=95.76s, 198420 KB]
Best heuristic value: 0/6 [g=65, 1819 evaluated, 1815 expanded, 207 reopened, t=95.76s, 198420 KB]
Best heuristic value: 0/5 [g=65, 2100 evaluated, 2096 expanded, 265 reopened, t=95.77s, 198420 KB]
Best heuristic value: 0/3 [g=67, 2104 evaluated, 2100 expanded, 266 reopened, t=95.77s, 198420 KB]
Best heuristic value: 0/2 [g=68, 2106 evaluated, 2102 expanded, 266 reopened, t=95.77s, 198420 KB]
Best heuristic value: 0/1 [g=69, 2107 evaluated, 2103 expanded, 266 reopened, t=95.77s, 198420 KB]
Completely explored state space -- no solution!
Actual search time: 44.88s [t=140.56s]
Initial state h value: 36/34.
Expanded 823025 state(s).
Reopened 277629 state(s).
Evaluated 823128 state(s).
Evaluations: 1646256
Generated 5048236 state(s).
Dead ends: 103 state(s).
Number of registered states: 545934
Best solution cost so far: 70
No solution found - keep searching
Starting search: lazy_wastar(list(hff, hlm), preferred = list(hff, hlm), w = 2)
Conducting lazy best first search, (real) bound = 70
Best heuristic value: 36/34 [g=0, 1 evaluated, 0 expanded, t=140.56s, 252556 KB]
Best heuristic value: 35/34 [g=1, 2 evaluated, 1 expanded, t=140.56s, 252556 KB]
Best heuristic value: 33/34 [g=2, 3 evaluated, 2 expanded, t=140.56s, 252556 KB]
Best heuristic value: 32/34 [g=3, 6 evaluated, 5 expanded, t=140.56s, 252556 KB]
Best heuristic value: 31/34 [g=4, 9 evaluated, 8 expanded, t=140.56s, 252556 KB]
Best heuristic value: 29/34 [g=5, 10 evaluated, 9 expanded, t=140.56s, 252556 KB]
Best heuristic value: 28/34 [g=7, 21 evaluated, 20 expanded, t=140.56s, 252556 KB]
Best heuristic value: 27/34 [g=8, 27 evaluated, 26 expanded, t=140.56s, 252556 KB]
Best heuristic value: 25/34 [g=10, 33 evaluated, 32 expanded, t=140.56s, 252556 KB]
Best heuristic value: 24/34 [g=12, 41 evaluated, 40 expanded, t=140.56s, 252556 KB]
Best heuristic value: 23/34 [g=13, 46 evaluated, 45 expanded, t=140.56s, 252556 KB]
Best heuristic value: 22/34 [g=14, 50 evaluated, 49 expanded, t=140.56s, 252556 KB]
Best heuristic value: 22/33 [g=14, 55 evaluated, 54 expanded, t=140.56s, 252556 KB]
Best heuristic value: 20/33 [g=16, 62 evaluated, 61 expanded, t=140.56s, 252556 KB]
Best heuristic value: 19/33 [g=18, 71 evaluated, 70 expanded, t=140.56s, 252556 KB]
Best heuristic value: 18/32 [g=19, 76 evaluated, 75 expanded, t=140.56s, 252556 KB]
Best heuristic value: 16/31 [g=20, 81 evaluated, 80 expanded, t=140.56s, 252556 KB]
Best heuristic value: 15/31 [g=21, 84 evaluated, 83 expanded, t=140.56s, 252556 KB]
Best heuristic value: 14/31 [g=22, 87 evaluated, 86 expanded, t=140.56s, 252556 KB]
Best heuristic value: 13/31 [g=23, 89 evaluated, 88 expanded, t=140.56s, 252556 KB]
Best heuristic value: 11/31 [g=24, 92 evaluated, 91 expanded, t=140.56s, 252556 KB]
Best heuristic value: 10/31 [g=25, 94 evaluated, 93 expanded, t=140.56s, 252556 KB]
Best heuristic value: 9/31 [g=26, 96 evaluated, 95 expanded, t=140.56s, 252556 KB]
Best heuristic value: 7/31 [g=29, 106 evaluated, 105 expanded, t=140.56s, 252556 KB]
Best heuristic value: 6/31 [g=30, 111 evaluated, 110 expanded, t=140.56s, 252556 KB]
Best heuristic value: 5/31 [g=35, 142 evaluated, 141 expanded, t=140.57s, 252556 KB]
Best heuristic value: 4/31 [g=38, 201 evaluated, 200 expanded, 4 reopened, t=140.57s, 252556 KB]
Best heuristic value: 4/30 [g=39, 202 evaluated, 201 expanded, 4 reopened, t=140.57s, 252556 KB]
Best heuristic value: 4/29 [g=40, 237 evaluated, 236 expanded, 7 reopened, t=140.57s, 252556 KB]
Best heuristic value: 4/28 [g=41, 308 evaluated, 307 expanded, 14 reopened, t=140.57s, 252556 KB]
Best heuristic value: 4/27 [g=42, 407 evaluated, 406 expanded, 19 reopened, t=140.58s, 252556 KB]
Best heuristic value: 4/26 [g=43, 593 evaluated, 592 expanded, 29 reopened, t=140.58s, 252556 KB]
Best heuristic value: 4/25 [g=44, 771 evaluated, 770 expanded, 41 reopened, t=140.59s, 252556 KB]
Best heuristic value: 3/25 [g=39, 1534 evaluated, 1533 expanded, 99 reopened, t=140.62s, 252556 KB]
Best heuristic value: 2/25 [g=40, 1537 evaluated, 1536 expanded, 99 reopened, t=140.62s, 252556 KB]
Best heuristic value: 1/25 [g=42, 1546 evaluated, 1545 expanded, 99 reopened, t=140.62s, 252556 KB]
Best heuristic value: 1/24 [g=44, 1554 evaluated, 1553 expanded, 99 reopened, t=140.62s, 252556 KB]
Best heuristic value: 1/23 [g=45, 1586 evaluated, 1585 expanded, 99 reopened, t=140.62s, 252556 KB]
Best heuristic value: 1/22 [g=46, 1738 evaluated, 1737 expanded, 107 reopened, t=140.63s, 252556 KB]
Best heuristic value: 1/21 [g=47, 2086 evaluated, 2085 expanded, 121 reopened, t=140.64s, 252556 KB]
Best heuristic value: 1/20 [g=48, 3000 evaluated, 2999 expanded, 200 reopened, t=140.68s, 252556 KB]
Best heuristic value: 1/19 [g=50, 5665 evaluated, 5664 expanded, 420 reopened, t=140.78s, 252556 KB]
Best heuristic value: 1/18 [g=51, 5670 evaluated, 5669 expanded, 420 reopened, t=140.78s, 252556 KB]
Best heuristic value: 1/17 [g=53, 5676 evaluated, 5675 expanded, 420 reopened, t=140.78s, 252556 KB]
Best heuristic value: 1/16 [g=54, 5677 evaluated, 5676 expanded, 420 reopened, t=140.78s, 252556 KB]
Best heuristic value: 1/15 [g=56, 5684 evaluated, 5683 expanded, 420 reopened, t=140.78s, 252556 KB]
Best heuristic value: 1/13 [g=58, 5692 evaluated, 5691 expanded, 420 reopened, t=140.78s, 252556 KB]
Best heuristic value: 1/11 [g=59, 5694 evaluated, 5693 expanded, 420 reopened, t=140.78s, 252556 KB]
Best heuristic value: 1/10 [g=63, 5707 evaluated, 5706 expanded, 420 reopened, t=140.78s, 252556 KB]
Best heuristic value: 1/7 [g=64, 5708 evaluated, 5707 expanded, 420 reopened, t=140.78s, 252556 KB]
Best heuristic value: 1/6 [g=65, 5709 evaluated, 5708 expanded, 420 reopened, t=140.78s, 252556 KB]
Best heuristic value: 0/6 [g=68, 5714 evaluated, 5713 expanded, 420 reopened, t=140.78s, 252556 KB]
Best heuristic value: 0/5 [g=65, 7049 evaluated, 7046 expanded, 467 reopened, t=140.84s, 252556 KB]
Best heuristic value: 0/3 [g=67, 7053 evaluated, 7050 expanded, 467 reopened, t=140.84s, 252556 KB]
Best heuristic value: 0/2 [g=68, 7054 evaluated, 7051 expanded, 467 reopened, t=140.84s, 252556 KB]
Best heuristic value: 0/1 [g=69, 7055 evaluated, 7052 expanded, 467 reopened, t=140.84s, 252556 KB]
Completely explored state space -- no solution!
Actual search time: 35.18s [t=175.74s]
Initial state h value: 36/34.
Expanded 620497 state(s).
Reopened 75101 state(s).
Evaluated 620600 state(s).
Evaluations: 1241200
Generated 3781017 state(s).
Dead ends: 103 state(s).
Number of registered states: 545934
Best solution cost so far: 70
No solution found - keep searching
Starting search: lazy_wastar(list(hff, hlm), preferred = list(hff, hlm), w = 1)
Conducting lazy best first search, (real) bound = 70
Best heuristic value: 36/34 [g=0, 1 evaluated, 0 expanded, t=175.74s, 252556 KB]
Best heuristic value: 35/34 [g=1, 2 evaluated, 1 expanded, t=175.74s, 252556 KB]
Best heuristic value: 33/34 [g=2, 3 evaluated, 2 expanded, t=175.74s, 252556 KB]
Best heuristic value: 32/34 [g=3, 6 evaluated, 5 expanded, t=175.74s, 252556 KB]
Best heuristic value: 31/34 [g=4, 10 evaluated, 9 expanded, t=175.74s, 252556 KB]
Best heuristic value: 29/34 [g=5, 15 evaluated, 14 expanded, t=175.74s, 252556 KB]
Best heuristic value: 28/34 [g=7, 32 evaluated, 31 expanded, t=175.74s, 252556 KB]
Best heuristic value: 27/34 [g=8, 43 evaluated, 42 expanded, t=175.74s, 252556 KB]
Best heuristic value: 27/33 [g=8, 51 evaluated, 50 expanded, t=175.74s, 252556 KB]
Best heuristic value: 25/33 [g=10, 90 evaluated, 89 expanded, t=175.74s, 252556 KB]
Best heuristic value: 25/32 [g=10, 125 evaluated, 124 expanded, t=175.75s, 252556 KB]
Best heuristic value: 24/32 [g=12, 132 evaluated, 131 expanded, t=175.75s, 252556 KB]
Best heuristic value: 23/32 [g=12, 151 evaluated, 150 expanded, t=175.75s, 252556 KB]
Best heuristic value: 22/32 [g=13, 155 evaluated, 154 expanded, t=175.75s, 252556 KB]
Best heuristic value: 21/32 [g=14, 162 evaluated, 161 expanded, t=175.75s, 252556 KB]
Best heuristic value: 19/32 [g=16, 209 evaluated, 208 expanded, t=175.75s, 252556 KB]
Best heuristic value: 19/31 [g=11, 245 evaluated, 244 expanded, t=175.75s, 252556 KB]
Best heuristic value: 18/31 [g=19, 454 evaluated, 453 expanded, t=175.76s, 252556 KB]
Best heuristic value: 17/31 [g=19, 542 evaluated, 541 expanded, t=175.76s, 252556 KB]
Best heuristic value: 17/30 [g=20, 545 evaluated, 544 expanded, t=175.76s, 252556 KB]
Best heuristic value: 16/30 [g=20, 559 evaluated, 558 expanded, 1 reopened, t=175.76s, 252556 KB]
Best heuristic value: 15/30 [g=21, 563 evaluated, 562 expanded, 1 reopened, t=175.76s, 252556 KB]
Best heuristic value: 14/30 [g=22, 567 evaluated, 566 expanded, 1 reopened, t=175.76s, 252556 KB]
Best heuristic value: 14/29 [g=22, 571 evaluated, 570 expanded, 1 reopened, t=175.76s, 252556 KB]
Best heuristic value: 13/29 [g=23, 573 evaluated, 572 expanded, 1 reopened, t=175.76s, 252556 KB]
Best heuristic value: 11/29 [g=24, 575 evaluated, 574 expanded, 1 reopened, t=175.76s, 252556 KB]
Best heuristic value: 10/29 [g=25, 577 evaluated, 576 expanded, 1 reopened, t=175.76s, 252556 KB]
Best heuristic value: 9/29 [g=26, 579 evaluated, 578 expanded, 1 reopened, t=175.76s, 252556 KB]
Best heuristic value: 8/29 [g=28, 719 evaluated, 718 expanded, 5 reopened, t=175.77s, 252556 KB]
Best heuristic value: 7/29 [g=29, 724 evaluated, 723 expanded, 5 reopened, t=175.77s, 252556 KB]
Best heuristic value: 6/29 [g=30, 728 evaluated, 727 expanded, 5 reopened, t=175.77s, 252556 KB]
Best heuristic value: 5/29 [g=35, 4398 evaluated, 4397 expanded, 188 reopened, t=175.9s, 252556 KB]
Best heuristic value: 4/29 [g=38, 8061 evaluated, 8060 expanded, 328 reopened, t=176.04s, 252556 KB]
Best heuristic value: 3/29 [g=39, 8584 evaluated, 8583 expanded, 347 reopened, t=176.06s, 252556 KB]
Best heuristic value: 2/29 [g=40, 8739 evaluated, 8738 expanded, 356 reopened, t=176.06s, 252556 KB]
Best heuristic value: 2/28 [g=41, 8780 evaluated, 8779 expanded, 359 reopened, t=176.06s, 252556 KB]
Best heuristic value: 2/27 [g=41, 8781 evaluated, 8780 expanded, 359 reopened, t=176.06s, 252556 KB]
Best heuristic value: 2/26 [g=42, 9856 evaluated, 9855 expanded, 382 reopened, t=176.11s, 252556 KB]
Best heuristic value: 1/26 [g=42, 9858 evaluated, 9857 expanded, 382 reopened, t=176.11s, 252556 KB]
Best heuristic value: 1/25 [g=43, 10049 evaluated, 10048 expanded, 385 reopened, t=176.11s, 252556 KB]
Best heuristic value: 1/24 [g=44, 10930 evaluated, 10929 expanded, 398 reopened, t=176.15s, 252556 KB]
Best heuristic value: 1/23 [g=45, 30394 evaluated, 30393 expanded, 5642 reopened, t=176.95s, 252556 KB]
Best heuristic value: 1/22 [g=46, 33508 evaluated, 33507 expanded, 5785 reopened, t=177.1s, 252556 KB]
Best heuristic value: 1/21 [g=47, 33509 evaluated, 33508 expanded, 5785 reopened, t=177.1s, 252556 KB]
Best heuristic value: 1/20 [g=49, 34806 evaluated, 34805 expanded, 5785 reopened, t=177.15s, 252556 KB]
Best heuristic value: 1/19 [g=50, 35602 evaluated, 35601 expanded, 5785 reopened, t=177.18s, 252556 KB]
Best heuristic value: 1/18 [g=50, 35775 evaluated, 35774 expanded, 5785 reopened, t=177.19s, 252556 KB]
Best heuristic value: 1/17 [g=51, 35776 evaluated, 35775 expanded, 5785 reopened, t=177.19s, 252556 KB]
Best heuristic value: 1/16 [g=53, 35802 evaluated, 35801 expanded, 5785 reopened, t=177.19s, 252556 KB]
Best heuristic value: 1/15 [g=53, 35825 evaluated, 35824 expanded, 5785 reopened, t=177.19s, 252556 KB]
Best heuristic value: 1/14 [g=54, 35826 evaluated, 35825 expanded, 5785 reopened, t=177.19s, 252556 KB]
Best heuristic value: 1/13 [g=56, 35857 evaluated, 35856 expanded, 5785 reopened, t=177.19s, 252556 KB]
Best heuristic value: 1/12 [g=57, 35873 evaluated, 35872 expanded, 5785 reopened, t=177.2s, 252556 KB]
Best heuristic value: 1/11 [g=58, 35883 evaluated, 35882 expanded, 5785 reopened, t=177.2s, 252556 KB]
Best heuristic value: 1/10 [g=59, 35891 evaluated, 35890 expanded, 5785 reopened, t=177.2s, 252556 KB]
Best heuristic value: 1/9 [g=60, 35903 evaluated, 35902 expanded, 5785 reopened, t=177.2s, 252556 KB]
Best heuristic value: 1/8 [g=62, 40989 evaluated, 40988 expanded, 5785 reopened, t=177.42s, 252556 KB]
Best heuristic value: 0/8 [g=48, 47415 evaluated, 47414 expanded, 5913 reopened, t=177.7s, 252556 KB]
Best heuristic value: 0/7 [g=63, 53040 evaluated, 53039 expanded, 6202 reopened, t=177.97s, 252556 KB]
Best heuristic value: 0/6 [g=64, 56883 evaluated, 56882 expanded, 6290 reopened, t=178.14s, 252556 KB]
Best heuristic value: 0/5 [g=65, 56885 evaluated, 56884 expanded, 6290 reopened, t=178.14s, 252556 KB]
Best heuristic value: 0/3 [g=67, 58966 evaluated, 58965 expanded, 6295 reopened, t=178.23s, 252556 KB]
Best heuristic value: 0/2 [g=68, 58967 evaluated, 58966 expanded, 6295 reopened, t=178.23s, 252556 KB]
Best heuristic value: 0/1 [g=69, 58969 evaluated, 58968 expanded, 6295 reopened, t=178.23s, 252556 KB]
Completely explored state space -- no solution!
Actual search time: 30.55s [t=206.29s]
Initial state h value: 36/34.
Expanded 559499 state(s).
Reopened 14103 state(s).
Evaluated 559602 state(s).
Evaluations: 1119204
Generated 3425129 state(s).
Dead ends: 103 state(s).
Number of registered states: 545934
Best solution cost so far: 70
No solution found - keep searching
Actual search time: 206.28s [t=206.29s]
Cumulative statistics:
Expanded 3882413 state(s).
Reopened 1064773 state(s).
Evaluated 3882920 state(s).
Evaluations: 7765840
Generated 23880710 state(s).
Dead ends: 0 state(s).
Search time: 206.28s
Total time: 206.29s
Solution found.
Peak memory: 252556 KB
returncode: 0

plan manager: found new plan with cost 70
Exit codes: [3, 3, 0, 0]
Error: Unexpected exit codes: [3]