['/planner/fast-downward.py', '--build', 'release64', '--plan-file', 're.out', '--transform-task', 'preprocess', '../../domain1.pddl', '../../problem2.pddl', '--if-unit-cost', '--heuristic', 'hrb=RB(dag=greedy_level, extract_plan=true)', '--heuristic', 'hn=novelty(eval=hrb)', '--heuristic', 'hlm=lmcount(lm_rhw(reasonable_orders=true,lm_cost_type=ONE))', '--search', 'iterated([\n                lazy(open=alt([tiebreaking([hn, hrb]), single(hrb,pref_only=true), single(hlm), single(hlm,pref_only=true)], boost=1000),preferred=[hrb,hlm]),\n                lazy_wastar([hrb,hlm],preferred=[hrb,hlm],w=5),\n                lazy_wastar([hrb,hlm],preferred=[hrb,hlm],w=3),\n                lazy_wastar([hrb,hlm],preferred=[hrb,hlm],w=2),\n                lazy_wastar([hrb,hlm],preferred=[hrb,hlm],w=1)\n                ], bound=infinity, repeat_last=true, continue_on_fail=true)', '--if-non-unit-cost', '--heuristic', 'hrb1=RB(dag=greedy_level, extract_plan=true, transform=adapt_costs(one))', '--heuristic', 'hn=novelty(eval=hrb1)', '--heuristic', 'hlm1=lmcount(lm_rhw(reasonable_orders=true,lm_cost_type=one),transform=adapt_costs(one))', '--heuristic', 'hrb2=RB(dag=greedy_level, extract_plan=true, transform=adapt_costs(plusone))', '--heuristic', 'hlm2=lmcount(lm_rhw(reasonable_orders=true,lm_cost_type=plusone),transform=adapt_costs(plusone))', '--search', 'iterated([\n                lazy(open=alt([tiebreaking([hn, hrb1]), single(hrb1,pref_only=true), single(hlm1), single(hlm1,pref_only=true)], boost=1000), preferred=[hrb1,hlm1],\n                            cost_type=one,reopen_closed=false),\n                lazy_greedy([hrb2,hlm2],preferred=[hrb2,hlm2],\n                            reopen_closed=false),\n                lazy_wastar([hrb2,hlm2],preferred=[hrb2,hlm2],w=5),\n                lazy_wastar([hrb2,hlm2],preferred=[hrb2,hlm2],w=3),\n                lazy_wastar([hrb2,hlm2],preferred=[hrb2,hlm2],w=2),\n                lazy_wastar([hrb2,hlm2],preferred=[hrb2,hlm2],w=1)\n                ], bound=infinity, repeat_last=true, continue_on_fail=true)', '--always']
Deleting existing plans
INFO     Running translator.
INFO     translator input: ['../../domain1.pddl', '../../problem2.pddl']
INFO     translator arguments: []
INFO     translator time limit: None
INFO     translator memory limit: None
INFO     callstring: /usr/bin/python /planner/builds/release64/bin/translate/translate.py ../../domain1.pddl ../../problem2.pddl
Parsing...
Command '['/usr/bin/python', '/planner/builds/release64/bin/translate/translate.py', '../../domain1.pddl', '../../problem2.pddl']' returned non-zero exit status 1
INFO     Running translator.
INFO     translator input: ['../../domain1.pddl', '../../problem2.pddl']
INFO     translator arguments: []
INFO     translator time limit: None
INFO     translator memory limit: None
INFO     callstring: /usr/bin/python /planner/builds/release64/bin/translate/translate.py ../../domain1.pddl ../../problem2.pddl
Parsing...
Command '['/usr/bin/python', '/planner/builds/release64/bin/translate/translate.py', '../../domain1.pddl', '../../problem2.pddl']' returned non-zero exit status 1
Error running with transform-task option, trying without
best cost: infinity
number of previous plans: 0
['/planner/fast-downward.py', '--build', 'release64', '--plan-file', 're.out', 'output.sas', '--if-unit-cost', '--heuristic', 'hrb=RB(dag=greedy_level, extract_plan=true)', '--heuristic', 'hn=novelty(eval=hrb)', '--heuristic', 'hlm=lmcount(lm_rhw(reasonable_orders=true,lm_cost_type=ONE))', '--search', 'iterated([\n                lazy(open=alt([tiebreaking([hn, hrb]), single(hrb,pref_only=true), single(hlm), single(hlm,pref_only=true)], boost=1000),preferred=[hrb,hlm]),\n                lazy_wastar([hrb,hlm],preferred=[hrb,hlm],w=5),\n                lazy_wastar([hrb,hlm],preferred=[hrb,hlm],w=3),\n                lazy_wastar([hrb,hlm],preferred=[hrb,hlm],w=2),\n                lazy_wastar([hrb,hlm],preferred=[hrb,hlm],w=1)\n                ], bound=infinity, repeat_last=true, continue_on_fail=true)', '--if-non-unit-cost', '--heuristic', 'hrb1=RB(dag=greedy_level, extract_plan=true, transform=adapt_costs(one))', '--heuristic', 'hn=novelty(eval=hrb1)', '--heuristic', 'hlm1=lmcount(lm_rhw(reasonable_orders=true,lm_cost_type=one),transform=adapt_costs(one))', '--heuristic', 'hrb2=RB(dag=greedy_level, extract_plan=true, transform=adapt_costs(plusone))', '--heuristic', 'hlm2=lmcount(lm_rhw(reasonable_orders=true,lm_cost_type=plusone),transform=adapt_costs(plusone))', '--search', 'iterated([\n                lazy(open=alt([tiebreaking([hn, hrb1]), single(hrb1,pref_only=true), single(hlm1), single(hlm1,pref_only=true)], boost=1000), preferred=[hrb1,hlm1],\n                            cost_type=one,reopen_closed=false),\n                lazy_greedy([hrb2,hlm2],preferred=[hrb2,hlm2],\n                            reopen_closed=false),\n                lazy_wastar([hrb2,hlm2],preferred=[hrb2,hlm2],w=5),\n                lazy_wastar([hrb2,hlm2],preferred=[hrb2,hlm2],w=3),\n                lazy_wastar([hrb2,hlm2],preferred=[hrb2,hlm2],w=2),\n                lazy_wastar([hrb2,hlm2],preferred=[hrb2,hlm2],w=1)\n                ], bound=infinity, repeat_last=true, continue_on_fail=true)', '--always']
