Straring problem8 with setting 0 at 2023-06-21 01:33:24.685

ff: parsing domain file
domain 'TUSD' defined
 ... done.
ff: parsing problem file
problem 'PROBLEM8' defined
 ... done.



ff: search configuration is Enforced Hill-Climbing, if that fails then best-first search.
Metric is plan length.
NO COST MINIMIZATION (and no cost-minimizing relaxed plans).

Cueing down from goal distance:   27 into depth [1][2][3]
                                  23            [1][2]
                                  20            [1][2]
                                  19            [1][2][3][4][5][6]
                                  15            [1][2]
                                  13            [1][2]
                                  11            [1][2]
                                   9            [1]
                                   7            [1]
                                   6            [1] --- pruning stopped --- [1][2][3][4][5][6][7][8][9][10][11][12][13]

Enforced Hill-climbing failed !
switching to Best-first Search now.


advancing to goal distance:   27
                              23
                              22-e Execution of problem8 with setting 0 stopped at 2023-06-21 02:03:24.699
Total time elapsed = 00:30:00.014000000
