Straring problem7c with setting 4 at 2023-06-21 00:05:16.960

ff: parsing domain file
domain 'TUSD' defined
 ... done.
ff: parsing problem file
problem 'PROBLEM7' defined
 ... done.


warning: numeric precondition. turning cost-minimizing relaxed plans OFF.

ff: search configuration is A*epsilon with weight 5.
Metric is ((1.00*[RF7](COST)) - () + 0.00)
COST MINIMIZATION DONE (WITHOUT cost-minimizing relaxed plans).

Advancing to goal distance:   55
                              54
                              48
                              19
                              18
                              17
                              13
                              11
                               9
                               7-e Execution of problem7c with setting 4 stopped at 2023-06-21 00:35:16.984
Total time elapsed = 00:30:00.024000000
