INFO     Running translator.
INFO     translator inputs: ['../../domain1.pddl', '../../problem2.pddl']
INFO     translator arguments: []
Parsing...
Parsing: [0.010s CPU, 0.003s wall-clock]
Normalizing task... [0.000s CPU, 0.001s wall-clock]
Instantiating...
Generating Datalog program... [0.000s CPU, 0.001s wall-clock]
Normalizing Datalog program...
Trivial rules: Converted to facts.
Normalizing Datalog program: [0.000s CPU, 0.004s wall-clock]
Preparing model... [0.000s CPU, 0.002s wall-clock]
Generated 49 rules.
Computing model... [0.020s CPU, 0.022s wall-clock]
669 relevant atoms
454 auxiliary atoms
1123 final queue length
3192 total queue pushes
Completing instantiation... [0.060s CPU, 0.059s wall-clock]
Instantiating: [0.080s CPU, 0.088s wall-clock]
Computing fact groups...
Finding invariants...
15 initial candidates
Finding invariants: [0.020s CPU, 0.011s wall-clock]
Checking invariant weight... [0.000s CPU, 0.000s wall-clock]
Instantiating groups... [0.000s CPU, 0.001s wall-clock]
Collecting mutex groups... [0.000s CPU, 0.000s wall-clock]
Choosing groups...
52 uncovered facts
Choosing groups: [0.000s CPU, 0.001s wall-clock]
Building translation key... [0.000s CPU, 0.000s wall-clock]
Computing fact groups: [0.020s CPU, 0.015s wall-clock]
Building STRIPS to SAS dictionary... [0.000s CPU, 0.000s wall-clock]
Building dictionary for full mutex groups... [0.000s CPU, 0.000s wall-clock]
Building mutex information...
Building mutex information: [0.000s CPU, 0.000s wall-clock]
Translating task...
Processing axioms...
Simplifying axioms... [0.000s CPU, 0.000s wall-clock]
Processing axioms: [0.000s CPU, 0.004s wall-clock]
Translating task: [0.070s CPU, 0.066s wall-clock]
1512 effect conditions simplified
0 implied preconditions added
Detecting unreachable propositions...
0 operators removed
14 propositions removed
Detecting unreachable propositions: [0.010s CPU, 0.013s wall-clock]
Translator variables: 54
Translator derived variables: 6
Translator facts: 168
Translator goal facts: 5
Translator mutex groups: 18
Translator total mutex groups size: 156
Translator operators: 432
Translator axioms: 8
Translator task size: 6569
Translator peak memory: 29780 KB
Writing output... [0.010s CPU, 0.013s wall-clock]
Done! [0.200s CPU, 0.204s wall-clock]
INFO     Running preprocessor.
INFO     preprocessor input: output.sas
INFO     preprocessor arguments: ['--h2-time-limit', '30']
Building causal graph...
The causal graph is not acyclic.
54 variables of 54 necessary
12 of 18 mutex groups necessary.
432 of 432 operators necessary.
8 of 8 axiom rules necessary.
Disabling h2 analysis because it does not currently support axioms
Building domain transition graphs...
solveable in poly time 0
Building successor generator...
Preprocessor variables: 54
Preprocessor facts: 168
Preprocessor derived variables: 6
Preprocessor operators: 432
Preprocessor mutex groups: 12
Preprocessor task size: 6497
Writing output...
done
INFO     Running search.
INFO     search input: output
INFO     search executable: /planner/src/search/downward-release
INFO     search portfolio: /planner/src/driver/portfolios/seq_sat_ds.py
External time limits: -1, -1
Internal time limit: 1800
External memory limits: -1, -1
Internal memory limit: 8000000000
remaining time at start: 1799.44
remaining time: 1799.44
config 0: relative time 100, remaining 1800
g bound: infinity
next plan number: 1
args: ['/planner/src/search/downward-release', '--decoupling', 'fork(search_type=sat, pruning=cost_frontier(irrelevance=TRANSITIONS), max_leaf_size=1000000)', '--heuristic', 'hff=ff(cost_type=one)', '--search', 'lazy_greedy(hff, preferred=hff, cost_type=one, bound=infinity)', '--internal-previous-portfolio-plans', '0', '--internal-plan-file', 're.out']
timeout: 99.97 -> (100, 101)
using frontier pruning method
performing irrelevance analysis in leaf factors
performing decoupled satisficing search
maximum leaf factor size 1000000
using fork factoring profile
reading input... [t=0.01s]
Simplifying transitions... done!
done reading input! [t=0.06s]
building causal graph...done! [t=0.07s]
Peak memory: 6316 KB
returncode: 3

remaining time: 1799.34
config 1: relative time 1000, remaining 1700
g bound: infinity
next plan number: 1
args: ['/planner/src/search/downward-release', '--decoupling', 'portfolio(fallback_on_abstain=true, overwrite_options=true, choose_max_leaves=true,          factorings=[fork(search_type=sat, max_leaf_size=1000000), ifork(search_type=sat, max_leaf_size=1000000), incarcs(search_type=sat, max_leaf_size=100000)])', '--heuristic', 'hff=ff(cost_type=one)', '--search', 'lazy_greedy(hff, preferred=hff, cost_type=one, bound=infinity, symmetry=symmetry_state_pruning(lex_prices=false, lex_num_states=false, lex_goal_cost=false))', '--internal-previous-portfolio-plans', '0', '--internal-plan-file', 're.out']
timeout: 1058.44 -> (1059, 1060)
performing decoupled satisficing search
maximum leaf factor size 1000000
using default pruning method: BasicPruning
using fork factoring profile
performing decoupled satisficing search
maximum leaf factor size 1000000
using default pruning method: BasicPruning
using inverted-fork factoring profile
performing decoupled satisficing search
maximum leaf factor size 100000
using default pruning method: BasicPruning
using incident-arcs factoring profile
performing Star Decoupled A* search
using default pruning method: BasicPruning
using factoring portfolio
reading input... [t=0s]
Simplifying transitions... done!
done reading input! [t=0.05s]
building causal graph...done! [t=0.06s]
Peak memory: 6316 KB
returncode: 3

remaining time: 1799.27
config 2: relative time 700, remaining 700
g bound: infinity
next plan number: 1
args: ['/planner/src/search/downward-release', '--heuristic', 'hlm1,hff1=lm_ff_syn(lm_rhw(reasonable_orders=true,                           lm_cost_type=one,cost_type=one))', '--search', 'lazy_greedy([hff1,hlm1],preferred=[hff1,hlm1], cost_type=one, reopen_closed=false, bound=infinity)', '--internal-previous-portfolio-plans', '0', '--internal-plan-file', 're.out']
timeout: 1799.27 -> (1800, 1801)
reading input... [t=0s]
Simplifying transitions... done!
done reading input! [t=0.06s]
building causal graph...done! [t=0.06s]
Variables: 54
Bytes per state: 12
done! [t=0.06s]
done initalizing global data [t=0.06s]
Initializing Exploration...
Generating landmarks using the RPG/SAS+ approach
approx. reasonable orders
approx. obedient reasonable orders
Removed 0 reasonable or obedient reasonable orders
Landmarks generation time: 0.0274207s
Discovered 54 landmarks, of which 5 are disjunctive and 0 are conjunctive 
253 edges
Initializing LAMA-FF Synergy Object
Initializing landmarks count heuristic...
27 initial landmarks, 5 goal landmarks
Conducting lazy best first search, (real) bound = 2147483647
Best heuristic value: 21/11 [g=0, 1 evaluated, 0 expanded, t=0.09s, 7236 KB]
Best heuristic value: 18/10 [g=1, 2 evaluated, 1 expanded, t=0.09s, 7236 KB]
Best heuristic value: 17/10 [g=2, 3 evaluated, 2 expanded, t=0.09s, 7236 KB]
Best heuristic value: 13/10 [g=3, 4 evaluated, 3 expanded, t=0.09s, 7236 KB]
Best heuristic value: 10/10 [g=4, 6 evaluated, 5 expanded, t=0.09s, 7236 KB]
Best heuristic value: 8/10 [g=5, 8 evaluated, 7 expanded, t=0.09s, 7236 KB]
Best heuristic value: 7/10 [g=6, 9 evaluated, 8 expanded, t=0.09s, 7236 KB]
Best heuristic value: 5/10 [g=9, 18 evaluated, 17 expanded, t=0.09s, 7236 KB]
Best heuristic value: 4/10 [g=12, 33 evaluated, 32 expanded, t=0.09s, 7236 KB]
Best heuristic value: 4/9 [g=17, 51 evaluated, 50 expanded, t=0.1s, 7236 KB]
Best heuristic value: 3/9 [g=18, 66 evaluated, 65 expanded, t=0.1s, 7236 KB]
Best heuristic value: 2/9 [g=20, 69 evaluated, 68 expanded, t=0.1s, 7236 KB]
Best heuristic value: 1/9 [g=21, 72 evaluated, 71 expanded, t=0.1s, 7236 KB]
Best heuristic value: 1/8 [g=24, 76 evaluated, 75 expanded, t=0.1s, 7236 KB]
Best heuristic value: 1/7 [g=27, 92 evaluated, 91 expanded, t=0.11s, 7236 KB]
Best heuristic value: 1/4 [g=33, 130 evaluated, 129 expanded, t=0.11s, 7236 KB]
Best heuristic value: 0/2 [g=34, 133 evaluated, 132 expanded, t=0.11s, 7236 KB]
Best heuristic value: 0/1 [g=35, 134 evaluated, 133 expanded, t=0.11s, 7236 KB]
Solution found!
Actual search time: 0.03s [t=0.12s]
move-from-arrival-to-track train1 v1 t0 t3 t4 track1 (1)
move-from-arrival-to-track train2 v2 v1 t2 t3 track1 (1)
move-from-arrival-to-track train3 v3 v2 t1 t2 track1 (1)
move-from-arrival-to-track train4 v4 v3 t0 t1 track1 (1)
move-from-arrival-to-track train5 v5 v4 t5 t6 track2 (1)
move-from-arrival-to-track train6 v6 v5 t0 t5 track2 (1)
move-from-track-to-departure train6 t5 t0 v5 v6 track2 (1)
move-from-track-to-departure train4 t1 t0 v4 v5 track1 (1)
move-from-track-to-departure train5 t6 t5 v3 v4 track2 (1)
move-from-arrival-to-track train5 v4 v3 t0 t1 track1 (1)
move-from-arrival-to-track train4 v5 v4 t5 t6 track2 (1)
move-from-track-to-departure train5 t1 t0 v4 v5 track1 (1)
move-from-track-to-departure train3 t2 t1 v3 v4 track1 (1)
move-from-track-to-departure train4 t6 t5 v2 v3 track2 (1)
move-from-arrival-to-track train4 v3 v2 t1 t2 track1 (1)
move-from-arrival-to-track train3 v4 v3 t0 t1 track1 (1)
move-from-arrival-to-track train5 v5 v4 t5 t6 track2 (1)
move-from-arrival-to-track train6 v6 v5 t0 t5 track2 (1)
move-from-track-to-departure train3 t1 t0 v5 v6 track1 (1)
move-from-track-to-departure train4 t2 t1 v4 v5 track1 (1)
move-from-track-to-departure train6 t5 t0 v3 v4 track2 (1)
move-from-track-to-departure train2 t3 t2 v2 v3 track1 (1)
move-from-track-to-departure train1 t4 t3 v1 v2 track1 (1)
move-from-track-to-departure train5 t6 t5 t0 v1 track2 (1)
move-from-arrival-to-track train5 v1 t0 t3 t4 track1 (1)
move-from-arrival-to-track train1 v2 v1 t2 t3 track1 (1)
move-from-arrival-to-track train2 v3 v2 t5 t6 track2 (1)
move-from-arrival-to-track train6 v4 v3 t1 t2 track1 (1)
move-from-arrival-to-track train4 v5 v4 t0 t1 track1 (1)
move-from-track-to-departure train2 t6 t5 v4 v5 track2 (1)
move-from-track-to-departure train4 t1 t0 v3 v4 track1 (1)
move-from-arrival-to-track train4 v4 v3 t5 t6 track2 (1)
move-from-track-to-departure train6 t2 t1 v3 v4 track1 (1)
move-from-track-to-departure train4 t6 t5 v2 v3 track2 (1)
move-from-track-to-departure train1 t3 t2 v1 v2 track1 (1)
move-from-track-to-departure train5 t4 t3 t0 v1 track1 (1)
Plan length: 36 step(s).
Plan cost: 36
Initial state h value: 21/11.
Expanded 134 state(s).
Reopened 0 state(s).
Evaluated 135 state(s).
Evaluations: 270
Generated 399 state(s).
Dead ends: 0 state(s).
Number of registered states: 135
Search time: 0.03s
Total time: 0.12s
Solution found.
Peak memory: 7236 KB
returncode: 0

plan manager: found new plan with cost 36
Abort portfolio and run final config.
remaining time: 1799.15
config 0: relative time 1, remaining 1
g bound: 36
next plan number: 2
args: ['/planner/src/search/downward-release', '--heuristic', 'hlm,hff=lm_ff_syn(lm_rhw(reasonable_orders=true,                         lm_cost_type=one,cost_type=one))', '--search', 'iterated([\n                     lazy_greedy([hff,hlm],preferred=[hff,hlm],\n                                 cost_type=one,reopen_closed=false),\n                     lazy_greedy([hff,hlm],preferred=[hff,hlm],\n                                 reopen_closed=false),\n                     lazy_wastar([hff,hlm],preferred=[hff,hlm],w=5),\n                     lazy_wastar([hff,hlm],preferred=[hff,hlm],w=3),\n                     lazy_wastar([hff,hlm],preferred=[hff,hlm],w=2),\n                     lazy_wastar([hff,hlm],preferred=[hff,hlm],w=1)\n                     ],repeat_last=true,continue_on_fail=true, bound=36)', '--internal-previous-portfolio-plans', '1', '--internal-plan-file', 're.out']
timeout: 1799.15 -> (1800, 1801)
reading input... [t=0s]
Simplifying transitions... done!
done reading input! [t=0.05s]
building causal graph...done! [t=0.06s]
Variables: 54
Bytes per state: 12
done! [t=0.06s]
done initalizing global data [t=0.06s]
Initializing Exploration...
Generating landmarks using the RPG/SAS+ approach
approx. reasonable orders
approx. obedient reasonable orders
Removed 0 reasonable or obedient reasonable orders
Landmarks generation time: 0.0239849s
Discovered 54 landmarks, of which 5 are disjunctive and 0 are conjunctive 
253 edges
Initializing LAMA-FF Synergy Object
Initializing landmarks count heuristic...
27 initial landmarks, 5 goal landmarks
Starting search: lazy_greedy(list(hff, hlm), preferred = list(hff, hlm), cost_type = one, reopen_closed = false)
Conducting lazy best first search, (real) bound = 36
Best heuristic value: 21/11 [g=0, 1 evaluated, 0 expanded, t=0.08s, 7236 KB]
Best heuristic value: 18/10 [g=1, 2 evaluated, 1 expanded, t=0.08s, 7236 KB]
Best heuristic value: 17/10 [g=2, 3 evaluated, 2 expanded, t=0.08s, 7236 KB]
Best heuristic value: 13/10 [g=3, 4 evaluated, 3 expanded, t=0.08s, 7236 KB]
Best heuristic value: 10/10 [g=4, 6 evaluated, 5 expanded, t=0.08s, 7236 KB]
Best heuristic value: 8/10 [g=5, 8 evaluated, 7 expanded, t=0.08s, 7236 KB]
Best heuristic value: 7/10 [g=6, 9 evaluated, 8 expanded, t=0.08s, 7236 KB]
Best heuristic value: 5/10 [g=9, 18 evaluated, 17 expanded, t=0.08s, 7236 KB]
Best heuristic value: 4/10 [g=12, 33 evaluated, 32 expanded, t=0.08s, 7236 KB]
Best heuristic value: 4/9 [g=17, 51 evaluated, 50 expanded, t=0.09s, 7236 KB]
Best heuristic value: 3/9 [g=18, 66 evaluated, 65 expanded, t=0.09s, 7236 KB]
Best heuristic value: 2/9 [g=20, 69 evaluated, 68 expanded, t=0.09s, 7236 KB]
Best heuristic value: 1/9 [g=21, 72 evaluated, 71 expanded, t=0.09s, 7236 KB]
Best heuristic value: 1/8 [g=24, 76 evaluated, 75 expanded, t=0.09s, 7236 KB]
Best heuristic value: 1/7 [g=27, 92 evaluated, 91 expanded, t=0.1s, 7236 KB]
Best heuristic value: 1/4 [g=33, 130 evaluated, 129 expanded, t=0.1s, 7236 KB]
Best heuristic value: 0/2 [g=34, 133 evaluated, 132 expanded, t=0.1s, 7236 KB]
Best heuristic value: 0/1 [g=35, 134 evaluated, 133 expanded, t=0.1s, 7236 KB]
Solution found!
Actual search time: 0.04s [t=0.12s]
move-from-arrival-to-track train1 v1 t0 t3 t4 track1 (1)
move-from-arrival-to-track train2 v2 v1 t2 t3 track1 (1)
move-from-arrival-to-track train3 v3 v2 t1 t2 track1 (1)
move-from-arrival-to-track train4 v4 v3 t0 t1 track1 (1)
move-from-arrival-to-track train5 v5 v4 t5 t6 track2 (1)
move-from-arrival-to-track train6 v6 v5 t0 t5 track2 (1)
move-from-track-to-departure train6 t5 t0 v5 v6 track2 (1)
move-from-track-to-departure train4 t1 t0 v4 v5 track1 (1)
move-from-track-to-departure train5 t6 t5 v3 v4 track2 (1)
move-from-arrival-to-track train5 v4 v3 t0 t1 track1 (1)
move-from-arrival-to-track train4 v5 v4 t5 t6 track2 (1)
move-from-track-to-departure train5 t1 t0 v4 v5 track1 (1)
move-from-track-to-departure train3 t2 t1 v3 v4 track1 (1)
move-from-track-to-departure train4 t6 t5 v2 v3 track2 (1)
move-from-arrival-to-track train4 v3 v2 t1 t2 track1 (1)
move-from-arrival-to-track train3 v4 v3 t0 t1 track1 (1)
move-from-arrival-to-track train5 v5 v4 t5 t6 track2 (1)
move-from-arrival-to-track train6 v6 v5 t0 t5 track2 (1)
move-from-track-to-departure train3 t1 t0 v5 v6 track1 (1)
move-from-track-to-departure train4 t2 t1 v4 v5 track1 (1)
move-from-track-to-departure train6 t5 t0 v3 v4 track2 (1)
move-from-track-to-departure train2 t3 t2 v2 v3 track1 (1)
move-from-arrival-to-track train2 v3 v2 t0 t5 track2 (1)
move-from-arrival-to-track train6 v4 v3 t2 t3 track1 (1)
move-from-arrival-to-track train4 v5 v4 t1 t2 track1 (1)
move-from-track-to-departure train2 t5 t0 v4 v5 track2 (1)
move-from-track-to-departure train4 t2 t1 v3 v4 track1 (1)
move-from-arrival-to-track train4 v4 v3 t0 t5 track2 (1)
move-from-track-to-departure train6 t3 t2 v3 v4 track1 (1)
move-from-track-to-departure train4 t5 t0 v2 v3 track2 (1)
move-from-track-to-departure train1 t4 t3 v1 v2 track1 (1)
move-from-track-to-departure train5 t6 t5 t0 v1 track2 (1)
Plan length: 32 step(s).
Plan cost: 32
Initial state h value: 21/11.
Expanded 202 state(s).
Reopened 0 state(s).
Evaluated 203 state(s).
Evaluations: 406
Generated 622 state(s).
Dead ends: 0 state(s).
Number of registered states: 203
Best solution cost so far: 32
Solution found - keep searching
Starting search: lazy_greedy(list(hff, hlm), preferred = list(hff, hlm), reopen_closed = false)
Conducting lazy best first search, (real) bound = 32
Best heuristic value: 21/11 [g=0, 1 evaluated, 0 expanded, t=0.12s, 7368 KB]
Best heuristic value: 18/10 [g=1, 2 evaluated, 1 expanded, t=0.12s, 7368 KB]
Best heuristic value: 17/10 [g=2, 3 evaluated, 2 expanded, t=0.13s, 7368 KB]
Best heuristic value: 13/10 [g=3, 4 evaluated, 3 expanded, t=0.13s, 7368 KB]
Best heuristic value: 10/10 [g=4, 6 evaluated, 5 expanded, t=0.13s, 7368 KB]
Best heuristic value: 8/10 [g=5, 8 evaluated, 7 expanded, t=0.13s, 7368 KB]
Best heuristic value: 7/10 [g=6, 9 evaluated, 8 expanded, t=0.13s, 7368 KB]
Best heuristic value: 5/10 [g=9, 18 evaluated, 17 expanded, t=0.13s, 7368 KB]
Best heuristic value: 4/10 [g=12, 33 evaluated, 32 expanded, t=0.13s, 7368 KB]
Best heuristic value: 4/9 [g=17, 51 evaluated, 50 expanded, t=0.13s, 7368 KB]
Best heuristic value: 3/9 [g=18, 66 evaluated, 65 expanded, t=0.14s, 7368 KB]
Best heuristic value: 2/9 [g=20, 69 evaluated, 68 expanded, t=0.14s, 7368 KB]
Best heuristic value: 1/9 [g=21, 72 evaluated, 71 expanded, t=0.14s, 7368 KB]
Best heuristic value: 1/8 [g=24, 76 evaluated, 75 expanded, t=0.14s, 7368 KB]
Best heuristic value: 1/7 [g=27, 92 evaluated, 91 expanded, t=0.14s, 7368 KB]
Best heuristic value: 1/6 [g=26, 131 evaluated, 130 expanded, t=0.15s, 7368 KB]
Best heuristic value: 1/4 [g=29, 137 evaluated, 136 expanded, t=0.15s, 7368 KB]
Best heuristic value: 0/2 [g=30, 140 evaluated, 139 expanded, t=0.15s, 7368 KB]
Best heuristic value: 0/1 [g=31, 141 evaluated, 140 expanded, t=0.15s, 7368 KB]
Solution found!
Actual search time: 0.19s [t=0.31s]
move-from-arrival-to-track train1 v1 t0 t3 t4 track1 (1)
move-from-arrival-to-track train2 v2 v1 t2 t3 track1 (1)
move-from-arrival-to-track train3 v3 v2 t1 t2 track1 (1)
move-from-arrival-to-track train4 v4 v3 t0 t1 track1 (1)
move-from-arrival-to-track train5 v5 v4 t5 t6 track2 (1)
move-from-arrival-to-track train6 v6 v5 t0 t5 track2 (1)
move-from-track-to-departure train6 t5 t0 v5 v6 track2 (1)
move-from-track-to-departure train4 t1 t0 v4 v5 track1 (1)
move-from-arrival-to-track train4 v5 v4 t0 t5 track2 (1)
move-from-track-to-departure train3 t2 t1 v4 v5 track1 (1)
move-from-track-to-departure train2 t3 t2 v3 v4 track1 (1)
move-from-track-to-departure train4 t5 t0 v2 v3 track2 (1)
move-from-track-to-departure train1 t4 t3 v1 v2 track1 (1)
move-from-track-to-departure train5 t6 t5 t0 v1 track2 (1)
move-from-arrival-to-track train5 v1 t0 t3 t4 track1 (1)
move-from-arrival-to-track train1 v2 v1 t2 t3 track1 (1)
move-from-arrival-to-track train4 v3 v2 t1 t2 track1 (1)
move-from-arrival-to-track train2 v4 v3 t5 t6 track2 (1)
move-from-arrival-to-track train3 v5 v4 t0 t1 track1 (1)
move-from-arrival-to-track train6 v6 v5 t0 t5 track2 (1)
move-from-track-to-departure train3 t1 t0 v5 v6 track1 (1)
move-from-track-to-departure train6 t5 t0 v4 v5 track2 (1)
move-from-arrival-to-track train6 v5 v4 t0 t1 track1 (1)
move-from-track-to-departure train2 t6 t5 v4 v5 track2 (1)
move-from-track-to-departure train6 t1 t0 v3 v4 track1 (1)
move-from-track-to-departure train4 t2 t1 v2 v3 track1 (1)
move-from-track-to-departure train1 t3 t2 v1 v2 track1 (1)
move-from-track-to-departure train5 t4 t3 t0 v1 track1 (1)
Plan length: 28 step(s).
Plan cost: 28
Initial state h value: 21/11.
Expanded 928 state(s).
Reopened 0 state(s).
Evaluated 929 state(s).
Evaluations: 1858
Generated 2870 state(s).
Dead ends: 0 state(s).
Number of registered states: 980
Best solution cost so far: 28
Solution found - keep searching
Starting search: lazy_wastar(list(hff, hlm), preferred = list(hff, hlm), w = 5)
Conducting lazy best first search, (real) bound = 28
Best heuristic value: 21/11 [g=0, 1 evaluated, 0 expanded, t=0.31s, 7636 KB]
Best heuristic value: 18/10 [g=1, 2 evaluated, 1 expanded, t=0.31s, 7636 KB]
Best heuristic value: 17/10 [g=2, 3 evaluated, 2 expanded, t=0.31s, 7636 KB]
Best heuristic value: 13/10 [g=3, 4 evaluated, 3 expanded, t=0.31s, 7636 KB]
Best heuristic value: 10/10 [g=4, 6 evaluated, 5 expanded, t=0.31s, 7636 KB]
Best heuristic value: 8/10 [g=5, 8 evaluated, 7 expanded, t=0.31s, 7636 KB]
Best heuristic value: 7/10 [g=6, 9 evaluated, 8 expanded, t=0.31s, 7636 KB]
Best heuristic value: 5/10 [g=9, 21 evaluated, 20 expanded, t=0.31s, 7636 KB]
Best heuristic value: 4/10 [g=9, 56 evaluated, 55 expanded, t=0.32s, 7636 KB]
Best heuristic value: 4/9 [g=10, 57 evaluated, 56 expanded, t=0.32s, 7636 KB]
Best heuristic value: 4/8 [g=8, 146 evaluated, 145 expanded, 1 reopened, t=0.34s, 7636 KB]
Best heuristic value: 1/5 [g=9, 147 evaluated, 146 expanded, 1 reopened, t=0.34s, 7636 KB]
Best heuristic value: 1/4 [g=11, 150 evaluated, 149 expanded, 1 reopened, t=0.34s, 7636 KB]
Best heuristic value: 1/2 [g=12, 151 evaluated, 150 expanded, 1 reopened, t=0.34s, 7636 KB]
Best heuristic value: 0/1 [g=13, 152 evaluated, 151 expanded, 1 reopened, t=0.34s, 7636 KB]
Solution found!
Actual search time: 0.03s [t=0.34s]
move-from-arrival-to-track train1 v1 t0 t3 t4 track1 (1)
move-from-arrival-to-track train2 v2 v1 t5 t6 track2 (1)
move-from-arrival-to-track train3 v3 v2 t0 t5 track2 (1)
move-from-arrival-to-track train4 v4 v3 t2 t3 track1 (1)
move-from-arrival-to-track train5 v5 v4 t1 t2 track1 (1)
move-from-arrival-to-track train6 v6 v5 t0 t1 track1 (1)
move-from-track-to-departure train3 t5 t0 v5 v6 track2 (1)
move-from-track-to-departure train2 t6 t5 v4 v5 track2 (1)
move-from-track-to-departure train6 t1 t0 v3 v4 track1 (1)
move-from-track-to-departure train5 t2 t1 v2 v3 track1 (1)
move-from-arrival-to-track train5 v3 v2 t5 t6 track2 (1)
move-from-track-to-departure train4 t3 t2 v2 v3 track1 (1)
move-from-track-to-departure train1 t4 t3 v1 v2 track1 (1)
move-from-track-to-departure train5 t6 t5 t0 v1 track2 (1)
Plan length: 14 step(s).
Plan cost: 14
Initial state h value: 21/11.
Expanded 152 state(s).
Reopened 1 state(s).
Evaluated 153 state(s).
Evaluations: 306
Generated 422 state(s).
Dead ends: 0 state(s).
Number of registered states: 999
Best solution cost so far: 14
Solution found - keep searching
Starting search: lazy_wastar(list(hff, hlm), preferred = list(hff, hlm), w = 3)
Conducting lazy best first search, (real) bound = 14
Best heuristic value: 21/11 [g=0, 1 evaluated, 0 expanded, t=0.34s, 7768 KB]
Best heuristic value: 18/10 [g=1, 2 evaluated, 1 expanded, t=0.34s, 7768 KB]
Best heuristic value: 17/10 [g=2, 3 evaluated, 2 expanded, t=0.34s, 7768 KB]
Best heuristic value: 13/10 [g=3, 4 evaluated, 3 expanded, t=0.34s, 7768 KB]
Best heuristic value: 10/10 [g=4, 6 evaluated, 5 expanded, t=0.34s, 7768 KB]
Best heuristic value: 8/10 [g=5, 8 evaluated, 7 expanded, t=0.34s, 7768 KB]
Best heuristic value: 7/10 [g=6, 9 evaluated, 8 expanded, t=0.34s, 7768 KB]
Best heuristic value: 5/10 [g=9, 21 evaluated, 20 expanded, t=0.34s, 7768 KB]
Best heuristic value: 4/10 [g=9, 55 evaluated, 54 expanded, 1 reopened, t=0.34s, 7768 KB]
Best heuristic value: 4/9 [g=10, 56 evaluated, 55 expanded, 1 reopened, t=0.34s, 7768 KB]
Best heuristic value: 3/9 [g=11, 106 evaluated, 105 expanded, 1 reopened, t=0.35s, 7768 KB]
Best heuristic value: 3/8 [g=10, 118 evaluated, 117 expanded, 1 reopened, t=0.36s, 7768 KB]
Best heuristic value: 1/5 [g=9, 143 evaluated, 142 expanded, 1 reopened, t=0.36s, 7768 KB]
Best heuristic value: 1/4 [g=11, 146 evaluated, 145 expanded, 1 reopened, t=0.36s, 7768 KB]
Best heuristic value: 1/2 [g=12, 147 evaluated, 146 expanded, 1 reopened, t=0.36s, 7768 KB]
Best heuristic value: 0/1 [g=13, 148 evaluated, 147 expanded, 1 reopened, t=0.36s, 7768 KB]
Completely explored state space -- no solution!
Actual search time: 0.42s [t=0.76s]
Initial state h value: 21/11.
Expanded 2095 state(s).
Reopened 76 state(s).
Evaluated 2095 state(s).
Evaluations: 4190
Generated 6307 state(s).
Dead ends: 0 state(s).
Number of registered states: 2640
Best solution cost so far: 14
No solution found - keep searching
Starting search: lazy_wastar(list(hff, hlm), preferred = list(hff, hlm), w = 2)
Conducting lazy best first search, (real) bound = 14
Best heuristic value: 21/11 [g=0, 1 evaluated, 0 expanded, t=0.76s, 8172 KB]
Best heuristic value: 18/10 [g=1, 2 evaluated, 1 expanded, t=0.76s, 8172 KB]
Best heuristic value: 17/10 [g=2, 3 evaluated, 2 expanded, t=0.76s, 8172 KB]
Best heuristic value: 13/10 [g=3, 4 evaluated, 3 expanded, t=0.76s, 8172 KB]
Best heuristic value: 10/10 [g=4, 6 evaluated, 5 expanded, t=0.76s, 8172 KB]
Best heuristic value: 8/10 [g=5, 8 evaluated, 7 expanded, t=0.76s, 8172 KB]
Best heuristic value: 7/10 [g=6, 9 evaluated, 8 expanded, t=0.76s, 8172 KB]
Best heuristic value: 4/8 [g=8, 66 evaluated, 65 expanded, t=0.78s, 8172 KB]
Best heuristic value: 1/5 [g=9, 67 evaluated, 66 expanded, t=0.78s, 8172 KB]
Best heuristic value: 1/4 [g=11, 70 evaluated, 69 expanded, t=0.78s, 8172 KB]
Best heuristic value: 1/2 [g=12, 71 evaluated, 70 expanded, t=0.78s, 8172 KB]
Best heuristic value: 0/1 [g=13, 72 evaluated, 71 expanded, t=0.78s, 8172 KB]
Completely explored state space -- no solution!
Actual search time: 0.42s [t=1.18s]
Initial state h value: 21/11.
Expanded 2087 state(s).
Reopened 68 state(s).
Evaluated 2087 state(s).
Evaluations: 4174
Generated 6285 state(s).
Dead ends: 0 state(s).
Number of registered states: 2640
Best solution cost so far: 14
No solution found - keep searching
Starting search: lazy_wastar(list(hff, hlm), preferred = list(hff, hlm), w = 1)
Conducting lazy best first search, (real) bound = 14
Best heuristic value: 21/11 [g=0, 1 evaluated, 0 expanded, t=1.18s, 8172 KB]
Best heuristic value: 18/10 [g=1, 2 evaluated, 1 expanded, t=1.18s, 8172 KB]
Best heuristic value: 17/10 [g=2, 3 evaluated, 2 expanded, t=1.18s, 8172 KB]
Best heuristic value: 13/10 [g=3, 6 evaluated, 5 expanded, t=1.18s, 8172 KB]
Best heuristic value: 10/10 [g=4, 7 evaluated, 6 expanded, t=1.19s, 8172 KB]
Best heuristic value: 8/10 [g=5, 8 evaluated, 7 expanded, t=1.19s, 8172 KB]
Best heuristic value: 7/10 [g=6, 10 evaluated, 9 expanded, t=1.19s, 8172 KB]
Best heuristic value: 6/10 [g=8, 34 evaluated, 33 expanded, t=1.19s, 8172 KB]
Best heuristic value: 4/8 [g=8, 82 evaluated, 81 expanded, t=1.2s, 8172 KB]
Best heuristic value: 1/5 [g=9, 83 evaluated, 82 expanded, t=1.2s, 8172 KB]
Best heuristic value: 1/4 [g=11, 89 evaluated, 88 expanded, t=1.2s, 8172 KB]
Best heuristic value: 1/2 [g=12, 90 evaluated, 89 expanded, t=1.2s, 8172 KB]
Best heuristic value: 0/1 [g=13, 91 evaluated, 90 expanded, t=1.2s, 8172 KB]
Completely explored state space -- no solution!
Actual search time: 0.42s [t=1.6s]
Initial state h value: 21/11.
Expanded 2074 state(s).
Reopened 55 state(s).
Evaluated 2074 state(s).
Evaluations: 4148
Generated 6242 state(s).
Dead ends: 0 state(s).
Number of registered states: 2640
Best solution cost so far: 14
No solution found - keep searching
Actual search time: 1.52s [t=1.6s]
Cumulative statistics:
Expanded 7538 state(s).
Reopened 200 state(s).
Evaluated 7541 state(s).
Evaluations: 15082
Generated 22748 state(s).
Dead ends: 0 state(s).
Search time: 1.52s
Total time: 1.6s
Solution found.
Peak memory: 8304 KB
returncode: 0

plan manager: found new plan with cost 32
plan manager: found new plan with cost 28
plan manager: found new plan with cost 14
Exit codes: [3, 3, 0, 0]
Error: Unexpected exit codes: [3]
Command '['run-portfolio', '/planner/src/driver/portfolios/seq_sat_ds.py']' returned non-zero exit status 3
