Plan found with cost: -nan
1. (MOVE-ON-ARRIVAL TRAIN1 V1 T0)
2. (MOVE-TO-TRACK TRAIN1 T0 T1 TRACK1)
3. (MOVE-ON-ARRIVAL TRAIN2 V2 V1)
4. (MOVE-ON-ARRIVAL TRAIN2 V1 T0)
5. (MOVE-TO-TRACK TRAIN2 T0 T7 TRACK2)
6. (MOVE-ON-ARRIVAL TRAIN3 V3 V2)
7. (MOVE-ON-ARRIVAL TRAIN3 V2 V1)
8. (MOVE-ON-ARRIVAL TRAIN3 V1 T0)
9. (MOVE-TO-TRACK TRAIN3 T0 T10 TRACK3)
10. (MOVE-ON-ARRIVAL TRAIN4 V4 V3)
11. (MOVE-ON-ARRIVAL TRAIN4 V3 V2)
12. (MOVE-ON-ARRIVAL TRAIN4 V2 V1)
13. (MOVE-ON-ARRIVAL TRAIN4 V1 T0)
14. (MOVE-TO-TRACK TRAIN4 T0 T6 TRACK1)
15. (MOVE-ALONG-TRACK TRAIN1 T1 T2 TRACK1)
16. (MOVE-ON-ARRIVAL TRAIN5 V5 V4)
17. (MOVE-ON-ARRIVAL TRAIN5 V4 V3)
18. (MOVE-ON-ARRIVAL TRAIN5 V3 V2)
19. (MOVE-ON-ARRIVAL TRAIN5 V2 V1)
20. (MOVE-ON-ARRIVAL TRAIN5 V1 T0)
21. (MOVE-TO-TRACK TRAIN5 T0 T1 TRACK1)
22. (MOVE-ALONG-TRACK TRAIN3 T10 T11 TRACK3)
23. (MOVE-ON-ARRIVAL TRAIN6 V6 V5)
24. (MOVE-ON-ARRIVAL TRAIN6 V5 V4)
25. (MOVE-ON-ARRIVAL TRAIN6 V4 V3)
26. (MOVE-ON-ARRIVAL TRAIN6 V3 V2)
27. (MOVE-ON-ARRIVAL TRAIN6 V2 V1)
28. (MOVE-ON-ARRIVAL TRAIN6 V1 T0)
29. (MOVE-TO-TRACK TRAIN6 T0 T10 TRACK3)
30. (MOVE-ALONG-TRACK TRAIN2 T7 T8 TRACK2)
31. (MOVE-ON-ARRIVAL TRAIN7 V7 V6)
32. (MOVE-ON-ARRIVAL TRAIN7 V6 V5)
33. (MOVE-ON-ARRIVAL TRAIN7 V5 V4)
34. (MOVE-ON-ARRIVAL TRAIN7 V4 V3)
35. (MOVE-ON-ARRIVAL TRAIN7 V3 V2)
36. (MOVE-ON-ARRIVAL TRAIN7 V2 V1)
37. (MOVE-ON-ARRIVAL TRAIN7 V1 T0)
38. (MOVE-TO-TRACK TRAIN7 T0 T7 TRACK2)
39. (MOVE-ALONG-TRACK TRAIN4 T6 T5 TRACK1)
40. (MOVE-ON-ARRIVAL TRAIN8 V8 V7)
41. (MOVE-ON-ARRIVAL TRAIN8 V7 V6)
42. (MOVE-ON-ARRIVAL TRAIN8 V6 V5)
43. (MOVE-ON-ARRIVAL TRAIN8 V5 V4)
44. (MOVE-ON-ARRIVAL TRAIN8 V4 V3)
45. (MOVE-ON-ARRIVAL TRAIN8 V3 V2)
46. (MOVE-ON-ARRIVAL TRAIN8 V2 V1)
47. (MOVE-ON-ARRIVAL TRAIN8 V1 T0)
48. (MOVE-TO-TRACK TRAIN8 T0 T6 TRACK1)
49. (MOVE-ALONG-TRACK TRAIN4 T5 T4 TRACK1)
50. (MOVE-ALONG-TRACK TRAIN8 T6 T5 TRACK1)
51. (MOVE-ON-ARRIVAL TRAIN9 V9 V8)
52. (MOVE-ON-ARRIVAL TRAIN9 V8 V7)
53. (MOVE-ON-ARRIVAL TRAIN9 V7 V6)
54. (MOVE-ON-ARRIVAL TRAIN9 V6 V5)
55. (MOVE-ON-ARRIVAL TRAIN9 V5 V4)
56. (MOVE-ON-ARRIVAL TRAIN9 V4 V3)
57. (MOVE-ON-ARRIVAL TRAIN9 V3 V2)
58. (MOVE-ON-ARRIVAL TRAIN9 V2 V1)
59. (MOVE-ON-ARRIVAL TRAIN9 V1 T0)
60. (MOVE-TO-TRACK TRAIN9 T0 T6 TRACK1)
61. (MOVE-ALONG-TRACK TRAIN1 T2 T3 TRACK1)
62. (MOVE-ALONG-TRACK TRAIN5 T1 T2 TRACK1)
63. (MOVE-ON-ARRIVAL TRAIN10 V10 V9)
64. (MOVE-ON-ARRIVAL TRAIN10 V9 V8)
65. (MOVE-ON-ARRIVAL TRAIN10 V8 V7)
66. (MOVE-ON-ARRIVAL TRAIN10 V7 V6)
67. (MOVE-ON-ARRIVAL TRAIN10 V6 V5)
68. (MOVE-ON-ARRIVAL TRAIN10 V5 V4)
69. (MOVE-ON-ARRIVAL TRAIN10 V4 V3)
70. (MOVE-ON-ARRIVAL TRAIN10 V3 V2)
71. (MOVE-ON-ARRIVAL TRAIN10 V2 V1)
72. (MOVE-ON-ARRIVAL TRAIN10 V1 T0)
73. (MOVE-TO-TRACK TRAIN10 T0 T1 TRACK1)
74. (MOVE-FROM-TRACK-TO-DEPARTURE TRAIN10 T1 T0 TRACK1)
75. (MOVE-ALONG-TRACK TRAIN5 T2 T1 TRACK1)
76. (MOVE-ALONG-TRACK TRAIN1 T3 T2 TRACK1)
77. (MOVE-ALONG-TRACK TRAIN4 T4 T3 TRACK1)
78. (MOVE-ALONG-TRACK TRAIN8 T5 T4 TRACK1)
79. (MOVE-ALONG-TRACK TRAIN9 T6 T5 TRACK1)
80. (MOVE-TO-TRACK TRAIN10 T0 T6 TRACK1)
81. (MOVE-FROM-TRACK-TO-DEPARTURE TRAIN5 T1 T0 TRACK1)
82. (MOVE-TO-DEPARTURE TRAIN5 T0 V1)
83. (MOVE-TO-DEPARTURE TRAIN5 V1 V2)
84. (MOVE-TO-DEPARTURE TRAIN5 V2 V3)
85. (MOVE-TO-DEPARTURE TRAIN5 V3 V4)
86. (MOVE-TO-DEPARTURE TRAIN5 V4 V5)
87. (MOVE-TO-DEPARTURE TRAIN5 V5 V6)
88. (MOVE-TO-DEPARTURE TRAIN5 V6 V7)
89. (MOVE-TO-DEPARTURE TRAIN5 V7 V8)
90. (MOVE-TO-DEPARTURE TRAIN5 V8 V9)
91. (MOVE-TO-DEPARTURE TRAIN5 V9 V10)
92. (MOVE-ALONG-TRACK TRAIN1 T2 T1 TRACK1)
93. (MOVE-FROM-TRACK-TO-DEPARTURE TRAIN1 T1 T0 TRACK1)
94. (MOVE-ALONG-TRACK TRAIN4 T3 T2 TRACK1)
95. (MOVE-ALONG-TRACK TRAIN4 T2 T1 TRACK1)
96. (MOVE-ALONG-TRACK TRAIN3 T11 T12 TRACK3)
97. (MOVE-ALONG-TRACK TRAIN6 T10 T11 TRACK3)
98. (MOVE-TO-TRACK TRAIN1 T0 T10 TRACK3)
99. (MOVE-FROM-TRACK-TO-DEPARTURE TRAIN4 T1 T0 TRACK1)
100. (MOVE-TO-DEPARTURE TRAIN4 T0 V1)
101. (MOVE-TO-DEPARTURE TRAIN4 V1 V2)
102. (MOVE-TO-DEPARTURE TRAIN4 V2 V3)
103. (MOVE-TO-DEPARTURE TRAIN4 V3 V4)
104. (MOVE-TO-DEPARTURE TRAIN4 V4 V5)
105. (MOVE-TO-DEPARTURE TRAIN4 V5 V6)
106. (MOVE-TO-DEPARTURE TRAIN4 V6 V7)
107. (MOVE-TO-DEPARTURE TRAIN4 V7 V8)
108. (MOVE-TO-DEPARTURE TRAIN4 V8 V9)
109. (MOVE-FROM-TRACK-TO-DEPARTURE TRAIN10 T6 T0 TRACK1)
110. (MOVE-TO-TRACK TRAIN10 T0 T1 TRACK1)
111. (MOVE-FROM-TRACK-TO-DEPARTURE TRAIN1 T10 T0 TRACK3)
112. (MOVE-TO-TRACK TRAIN1 T0 T6 TRACK1)
113. (MOVE-ALONG-TRACK TRAIN6 T11 T10 TRACK3)
114. (MOVE-ALONG-TRACK TRAIN3 T12 T11 TRACK3)
115. (MOVE-ALONG-TRACK TRAIN10 T1 T2 TRACK1)
116. (MOVE-FROM-TRACK-TO-DEPARTURE TRAIN6 T10 T0 TRACK3)
117. (MOVE-ALONG-TRACK TRAIN3 T11 T10 TRACK3)
118. (MOVE-ALONG-TRACK TRAIN10 T2 T3 TRACK1)
119. (MOVE-TO-TRACK TRAIN6 T0 T1 TRACK1)
120. (MOVE-ALONG-TRACK TRAIN10 T3 T2 TRACK1)
121. (MOVE-FROM-TRACK-TO-DEPARTURE TRAIN3 T10 T0 TRACK3)
122. (MOVE-TO-DEPARTURE TRAIN3 T0 V1)
123. (MOVE-TO-DEPARTURE TRAIN3 V1 V2)
124. (MOVE-TO-DEPARTURE TRAIN3 V2 V3)
125. (MOVE-TO-DEPARTURE TRAIN3 V3 V4)
126. (MOVE-TO-DEPARTURE TRAIN3 V4 V5)
127. (MOVE-TO-DEPARTURE TRAIN3 V5 V6)
128. (MOVE-TO-DEPARTURE TRAIN3 V6 V7)
129. (MOVE-TO-DEPARTURE TRAIN3 V7 V8)
130. (MOVE-FROM-TRACK-TO-DEPARTURE TRAIN7 T7 T0 TRACK2)
131. (MOVE-ALONG-TRACK TRAIN2 T8 T7 TRACK2)
132. (MOVE-TO-TRACK TRAIN7 T0 T10 TRACK3)
133. (MOVE-FROM-TRACK-TO-DEPARTURE TRAIN2 T7 T0 TRACK2)
134. (MOVE-TO-DEPARTURE TRAIN2 T0 V1)
135. (MOVE-TO-DEPARTURE TRAIN2 V1 V2)
136. (MOVE-TO-DEPARTURE TRAIN2 V2 V3)
137. (MOVE-TO-DEPARTURE TRAIN2 V3 V4)
138. (MOVE-TO-DEPARTURE TRAIN2 V4 V5)
139. (MOVE-TO-DEPARTURE TRAIN2 V5 V6)
140. (MOVE-TO-DEPARTURE TRAIN2 V6 V7)
141. (MOVE-FROM-TRACK-TO-DEPARTURE TRAIN1 T6 T0 TRACK1)
142. (MOVE-TO-DEPARTURE TRAIN1 T0 V1)
143. (MOVE-TO-DEPARTURE TRAIN1 V1 V2)
144. (MOVE-TO-DEPARTURE TRAIN1 V2 V3)
145. (MOVE-TO-DEPARTURE TRAIN1 V3 V4)
146. (MOVE-TO-DEPARTURE TRAIN1 V4 V5)
147. (MOVE-TO-DEPARTURE TRAIN1 V5 V6)
148. (MOVE-FROM-TRACK-TO-DEPARTURE TRAIN6 T1 T0 TRACK1)
149. (MOVE-ALONG-TRACK TRAIN10 T2 T1 TRACK1)
150. (MOVE-TO-TRACK TRAIN6 T0 T7 TRACK2)
151. (MOVE-FROM-TRACK-TO-DEPARTURE TRAIN10 T1 T0 TRACK1)
152. (MOVE-TO-DEPARTURE TRAIN10 T0 V1)
153. (MOVE-TO-DEPARTURE TRAIN10 V1 V2)
154. (MOVE-TO-DEPARTURE TRAIN10 V2 V3)
155. (MOVE-TO-DEPARTURE TRAIN10 V3 V4)
156. (MOVE-TO-DEPARTURE TRAIN10 V4 V5)
157. (MOVE-ALONG-TRACK TRAIN9 T5 T6 TRACK1)
158. (MOVE-FROM-TRACK-TO-DEPARTURE TRAIN9 T6 T0 TRACK1)
159. (MOVE-TO-DEPARTURE TRAIN9 T0 V1)
160. (MOVE-TO-DEPARTURE TRAIN9 V1 V2)
161. (MOVE-TO-DEPARTURE TRAIN9 V2 V3)
162. (MOVE-TO-DEPARTURE TRAIN9 V3 V4)
163. (MOVE-ALONG-TRACK TRAIN8 T4 T5 TRACK1)
164. (MOVE-ALONG-TRACK TRAIN8 T5 T6 TRACK1)
165. (MOVE-FROM-TRACK-TO-DEPARTURE TRAIN8 T6 T0 TRACK1)
166. (MOVE-TO-DEPARTURE TRAIN8 T0 V1)
167. (MOVE-TO-DEPARTURE TRAIN8 V1 V2)
168. (MOVE-TO-DEPARTURE TRAIN8 V2 V3)
169. (MOVE-FROM-TRACK-TO-DEPARTURE TRAIN7 T10 T0 TRACK3)
170. (MOVE-TO-DEPARTURE TRAIN7 T0 V1)
171. (MOVE-TO-DEPARTURE TRAIN7 V1 V2)
172. (MOVE-FROM-TRACK-TO-DEPARTURE TRAIN6 T7 T0 TRACK2)
173. (MOVE-TO-DEPARTURE TRAIN6 T0 V1)
Time: 1.33751
Generated: 48614
Expanded: 42318
Total time: 1.33751
Nodes generated during search: 48615
Nodes expanded during search: 42318
Nodes pruned by bound: 269474
Average ef. width: 1.5
Max ef. width: 2
