Plan found with cost: 60
1. (MOVE-ON-ARRIVAL TRAIN1 V1 T0)
2. (MOVE-TO-TRACK TRAIN1 T0 T1 TRACK1)
3. (MOVE-ON-ARRIVAL TRAIN2 V2 V1)
4. (MOVE-ON-ARRIVAL TRAIN2 V1 T0)
5. (MOVE-TO-TRACK TRAIN2 T0 T5 TRACK1)
6. (MOVE-ALONG-TRACK TRAIN1 T1 T2 TRACK1)
7. (MOVE-ON-ARRIVAL TRAIN3 V3 V2)
8. (MOVE-ON-ARRIVAL TRAIN3 V2 V1)
9. (MOVE-ON-ARRIVAL TRAIN3 V1 T0)
10. (MOVE-TO-TRACK TRAIN3 T0 T1 TRACK1)
11. (MOVE-ALONG-TRACK TRAIN2 T5 T4 TRACK1)
12. (MOVE-ON-ARRIVAL TRAIN4 V4 V3)
13. (MOVE-ON-ARRIVAL TRAIN4 V3 V2)
14. (MOVE-ON-ARRIVAL TRAIN4 V2 V1)
15. (MOVE-ON-ARRIVAL TRAIN4 V1 T0)
16. (MOVE-TO-TRACK TRAIN4 T0 T5 TRACK1)
17. (MOVE-ALONG-TRACK TRAIN2 T4 T3 TRACK1)
18. (MOVE-ALONG-TRACK TRAIN4 T5 T4 TRACK1)
19. (MOVE-ON-ARRIVAL TRAIN5 V5 V4)
20. (MOVE-ON-ARRIVAL TRAIN5 V4 V3)
21. (MOVE-ON-ARRIVAL TRAIN5 V3 V2)
22. (MOVE-ON-ARRIVAL TRAIN5 V2 V1)
23. (MOVE-ON-ARRIVAL TRAIN5 V1 T0)
24. (MOVE-TO-TRACK TRAIN5 T0 T5 TRACK1)
25. (MOVE-FROM-TRACK-TO-DEPARTURE TRAIN5 T5 T0 TRACK1)
26. (MOVE-ALONG-TRACK TRAIN4 T4 T5 TRACK1)
27. (MOVE-ALONG-TRACK TRAIN2 T3 T4 TRACK1)
28. (MOVE-ALONG-TRACK TRAIN1 T2 T3 TRACK1)
29. (MOVE-ALONG-TRACK TRAIN3 T1 T2 TRACK1)
30. (MOVE-TO-TRACK TRAIN5 T0 T1 TRACK1)
31. (MOVE-FROM-TRACK-TO-DEPARTURE TRAIN4 T5 T0 TRACK1)
32. (MOVE-ALONG-TRACK TRAIN2 T4 T5 TRACK1)
33. (MOVE-ALONG-TRACK TRAIN1 T3 T4 TRACK1)
34. (MOVE-ALONG-TRACK TRAIN3 T2 T3 TRACK1)
35. (MOVE-ALONG-TRACK TRAIN5 T1 T2 TRACK1)
36. (MOVE-TO-TRACK TRAIN4 T0 T1 TRACK1)
37. (MOVE-FROM-TRACK-TO-DEPARTURE TRAIN2 T5 T0 TRACK1)
38. (MOVE-TO-DEPARTURE TRAIN2 T0 V1)
39. (MOVE-TO-DEPARTURE TRAIN2 V1 V2)
40. (MOVE-TO-DEPARTURE TRAIN2 V2 V3)
41. (MOVE-TO-DEPARTURE TRAIN2 V3 V4)
42. (MOVE-TO-DEPARTURE TRAIN2 V4 V5)
43. (MOVE-ALONG-TRACK TRAIN1 T4 T5 TRACK1)
44. (MOVE-FROM-TRACK-TO-DEPARTURE TRAIN1 T5 T0 TRACK1)
45. (MOVE-TO-DEPARTURE TRAIN1 T0 V1)
46. (MOVE-TO-DEPARTURE TRAIN1 V1 V2)
47. (MOVE-TO-DEPARTURE TRAIN1 V2 V3)
48. (MOVE-TO-DEPARTURE TRAIN1 V3 V4)
49. (MOVE-FROM-TRACK-TO-DEPARTURE TRAIN4 T1 T0 TRACK1)
50. (MOVE-TO-DEPARTURE TRAIN4 T0 V1)
51. (MOVE-TO-DEPARTURE TRAIN4 V1 V2)
52. (MOVE-TO-DEPARTURE TRAIN4 V2 V3)
53. (MOVE-ALONG-TRACK TRAIN3 T3 T4 TRACK1)
54. (MOVE-ALONG-TRACK TRAIN3 T4 T5 TRACK1)
55. (MOVE-FROM-TRACK-TO-DEPARTURE TRAIN3 T5 T0 TRACK1)
56. (MOVE-TO-DEPARTURE TRAIN3 T0 V1)
57. (MOVE-TO-DEPARTURE TRAIN3 V1 V2)
58. (MOVE-ALONG-TRACK TRAIN5 T2 T1 TRACK1)
59. (MOVE-FROM-TRACK-TO-DEPARTURE TRAIN5 T1 T0 TRACK1)
60. (MOVE-TO-DEPARTURE TRAIN5 T0 V1)
Time: 0.00492
Generated: 426
Expanded: 336
Total time: 0.004932
Nodes generated during search: 427
Nodes expanded during search: 336
Nodes pruned by bound: 398
Average ef. width: 1.3
Max ef. width: 2
