Plan found with cost: 44
1. (MOVE-ON-ARRIVAL TRAIN1 V1 T0)
2. (MOVE-TO-TRACK TRAIN1 T0 T1 TRACK1)
3. (MOVE-ON-ARRIVAL TRAIN4 V4 T0)
4. (MOVE-TO-TRACK TRAIN4 T0 T4 TRACK2)
5. (MOVE-ALONG-TRACK TRAIN4 T4 T5 TRACK2)
6. (MOVE-ON-ARRIVAL TRAIN5 V5 V4)
7. (MOVE-ON-ARRIVAL TRAIN5 V4 T0)
8. (MOVE-TO-TRACK TRAIN5 T0 T4 TRACK2)
9. (MOVE-ALONG-TRACK TRAIN1 T1 T2 TRACK1)
10. (MOVE-ON-ARRIVAL TRAIN2 V2 V1)
11. (MOVE-ON-ARRIVAL TRAIN2 V1 T0)
12. (MOVE-TO-TRACK TRAIN2 T0 T1 TRACK1)
13. (MOVE-ON-ARRIVAL TRAIN3 V3 V2)
14. (MOVE-ALONG-TRACK TRAIN4 T5 T6 TRACK2)
15. (MOVE-ALONG-TRACK TRAIN5 T4 T5 TRACK2)
16. (MOVE-ON-ARRIVAL TRAIN3 V2 V1)
17. (MOVE-ON-ARRIVAL TRAIN3 V1 T0)
18. (MOVE-TO-TRACK TRAIN3 T0 T4 TRACK2)
19. (MOVE-FROM-TRACK-TO-DEPARTURE TRAIN3 T4 T0 TRACK2)
20. (MOVE-ALONG-TRACK TRAIN5 T5 T4 TRACK2)
21. (MOVE-ALONG-TRACK TRAIN1 T2 T3 TRACK1)
22. (MOVE-ALONG-TRACK TRAIN2 T1 T2 TRACK1)
23. (MOVE-TO-TRACK TRAIN3 T0 T1 TRACK1)
24. (MOVE-FROM-TRACK-TO-DEPARTURE TRAIN5 T4 T0 TRACK2)
25. (MOVE-TO-DEPARTURE TRAIN5 T0 V1)
26. (MOVE-TO-DEPARTURE TRAIN5 V1 V2)
27. (MOVE-TO-DEPARTURE TRAIN5 V2 V3)
28. (MOVE-FROM-TRACK-TO-DEPARTURE TRAIN3 T1 T0 TRACK1)
29. (MOVE-TO-DEPARTURE TRAIN3 T0 V1)
30. (MOVE-TO-DEPARTURE TRAIN3 V1 V2)
31. (MOVE-ALONG-TRACK TRAIN4 T6 T5 TRACK2)
32. (MOVE-ALONG-TRACK TRAIN4 T5 T4 TRACK2)
33. (MOVE-FROM-TRACK-TO-DEPARTURE TRAIN4 T4 T0 TRACK2)
34. (MOVE-TO-DEPARTURE TRAIN4 T0 V1)
35. (MOVE-ALONG-TRACK TRAIN2 T2 T1 TRACK1)
36. (MOVE-FROM-TRACK-TO-DEPARTURE TRAIN2 T1 T0 TRACK1)
37. (MOVE-TO-TRACK TRAIN2 T0 T4 TRACK2)
38. (MOVE-ALONG-TRACK TRAIN1 T3 T2 TRACK1)
39. (MOVE-ALONG-TRACK TRAIN1 T2 T1 TRACK1)
40. (MOVE-FROM-TRACK-TO-DEPARTURE TRAIN1 T1 T0 TRACK1)
41. (MOVE-TO-DEPARTURE TRAIN1 T0 V4)
42. (MOVE-TO-DEPARTURE TRAIN1 V4 V5)
43. (MOVE-FROM-TRACK-TO-DEPARTURE TRAIN2 T4 T0 TRACK2)
44. (MOVE-TO-DEPARTURE TRAIN2 T0 V4)
Time: 0.009168
Generated: 731
Expanded: 562
Total time: 0.009179
Nodes generated during search: 732
Nodes expanded during search: 562
Nodes pruned by bound: 910
Average ef. width: 1.5
Max ef. width: 2
