Plan found with cost: 46
1. (MOVE-ON-ARRIVAL TRAIN1 V1 T0)
2. (MOVE-TO-TRACK TRAIN1 T0 T1 TRACK1)
3. (MOVE-ON-ARRIVAL TRAIN2 V2 V1)
4. (MOVE-ON-ARRIVAL TRAIN2 V1 T0)
5. (MOVE-TO-TRACK TRAIN2 T0 T4 TRACK2)
6. (MOVE-ON-ARRIVAL TRAIN3 V3 V2)
7. (MOVE-ON-ARRIVAL TRAIN3 V2 V1)
8. (MOVE-ON-ARRIVAL TRAIN3 V1 T0)
9. (MOVE-TO-TRACK TRAIN3 T0 T3 TRACK1)
10. (MOVE-ALONG-TRACK TRAIN3 T3 T2 TRACK1)
11. (MOVE-ON-ARRIVAL TRAIN4 V4 V3)
12. (MOVE-ON-ARRIVAL TRAIN4 V3 V2)
13. (MOVE-ON-ARRIVAL TRAIN4 V2 V1)
14. (MOVE-ON-ARRIVAL TRAIN4 V1 T0)
15. (MOVE-TO-TRACK TRAIN4 T0 T3 TRACK1)
16. (MOVE-ON-ARRIVAL TRAIN5 V5 V4)
17. (MOVE-ON-ARRIVAL TRAIN5 V4 V3)
18. (MOVE-ON-ARRIVAL TRAIN5 V3 V2)
19. (MOVE-ALONG-TRACK TRAIN2 T4 T5 TRACK2)
20. (MOVE-ON-ARRIVAL TRAIN5 V2 V1)
21. (MOVE-ON-ARRIVAL TRAIN5 V1 T0)
22. (MOVE-TO-TRACK TRAIN5 T0 T4 TRACK2)
23. (MOVE-FROM-TRACK-TO-DEPARTURE TRAIN1 T1 T0 TRACK1)
24. (MOVE-TO-DEPARTURE TRAIN1 T0 V1)
25. (MOVE-TO-DEPARTURE TRAIN1 V1 V2)
26. (MOVE-TO-DEPARTURE TRAIN1 V2 V3)
27. (MOVE-TO-DEPARTURE TRAIN1 V3 V4)
28. (MOVE-TO-DEPARTURE TRAIN1 V4 V5)
29. (MOVE-ALONG-TRACK TRAIN3 T2 T1 TRACK1)
30. (MOVE-FROM-TRACK-TO-DEPARTURE TRAIN3 T1 T0 TRACK1)
31. (MOVE-TO-DEPARTURE TRAIN3 T0 V1)
32. (MOVE-TO-DEPARTURE TRAIN3 V1 V2)
33. (MOVE-TO-DEPARTURE TRAIN3 V2 V3)
34. (MOVE-TO-DEPARTURE TRAIN3 V3 V4)
35. (MOVE-FROM-TRACK-TO-DEPARTURE TRAIN5 T4 T0 TRACK2)
36. (MOVE-TO-TRACK TRAIN5 T0 T1 TRACK1)
37. (MOVE-ALONG-TRACK TRAIN2 T5 T4 TRACK2)
38. (MOVE-FROM-TRACK-TO-DEPARTURE TRAIN2 T4 T0 TRACK2)
39. (MOVE-TO-DEPARTURE TRAIN2 T0 V1)
40. (MOVE-TO-DEPARTURE TRAIN2 V1 V2)
41. (MOVE-TO-DEPARTURE TRAIN2 V2 V3)
42. (MOVE-FROM-TRACK-TO-DEPARTURE TRAIN4 T3 T0 TRACK1)
43. (MOVE-TO-DEPARTURE TRAIN4 T0 V1)
44. (MOVE-TO-DEPARTURE TRAIN4 V1 V2)
45. (MOVE-FROM-TRACK-TO-DEPARTURE TRAIN5 T1 T0 TRACK1)
46. (MOVE-TO-DEPARTURE TRAIN5 T0 V1)
Time: 0.007012
Generated: 670
Expanded: 514
Total time: 0.007025
Nodes generated during search: 671
Nodes expanded during search: 514
Nodes pruned by bound: 887
Average ef. width: 1.3
Max ef. width: 2
