Plan found with cost: -nan
1. (MOVE-ON-ARRIVAL TRAIN1 V1 T0)
2. (MOVE-TO-TRACK TRAIN1 T0 T1 TRACK1)
3. (MOVE-ON-ARRIVAL TRAIN5 V5 T0)
4. (MOVE-TO-TRACK TRAIN5 T0 T5 TRACK2)
5. (MOVE-ALONG-TRACK TRAIN5 T5 T6 TRACK2)
6. (MOVE-ON-ARRIVAL TRAIN6 V6 V5)
7. (MOVE-ON-ARRIVAL TRAIN6 V5 T0)
8. (MOVE-TO-TRACK TRAIN6 T0 T5 TRACK2)
9. (MOVE-ALONG-TRACK TRAIN1 T1 T2 TRACK1)
10. (MOVE-ON-ARRIVAL TRAIN2 V2 V1)
11. (MOVE-ON-ARRIVAL TRAIN2 V1 T0)
12. (MOVE-TO-TRACK TRAIN2 T0 T1 TRACK1)
13. (MOVE-ALONG-TRACK TRAIN5 T6 T7 TRACK2)
14. (MOVE-ALONG-TRACK TRAIN6 T5 T6 TRACK2)
15. (MOVE-ON-ARRIVAL TRAIN7 V7 V6)
16. (MOVE-ON-ARRIVAL TRAIN7 V6 V5)
17. (MOVE-ON-ARRIVAL TRAIN7 V5 T0)
18. (MOVE-TO-TRACK TRAIN7 T0 T5 TRACK2)
19. (MOVE-ALONG-TRACK TRAIN1 T2 T3 TRACK1)
20. (MOVE-ALONG-TRACK TRAIN2 T1 T2 TRACK1)
21. (MOVE-ON-ARRIVAL TRAIN3 V3 V2)
22. (MOVE-ON-ARRIVAL TRAIN3 V2 V1)
23. (MOVE-ON-ARRIVAL TRAIN3 V1 T0)
24. (MOVE-TO-TRACK TRAIN3 T0 T1 TRACK1)
25. (MOVE-ON-ARRIVAL TRAIN8 V8 V7)
26. (MOVE-ON-ARRIVAL TRAIN8 V7 V6)
27. (MOVE-ALONG-TRACK TRAIN5 T7 T8 TRACK2)
28. (MOVE-ALONG-TRACK TRAIN6 T6 T7 TRACK2)
29. (MOVE-ALONG-TRACK TRAIN7 T5 T6 TRACK2)
30. (MOVE-ON-ARRIVAL TRAIN8 V6 V5)
31. (MOVE-ON-ARRIVAL TRAIN8 V5 T0)
32. (MOVE-TO-TRACK TRAIN8 T0 T5 TRACK2)
33. (MOVE-ON-ARRIVAL TRAIN4 V4 V3)
34. (MOVE-ON-ARRIVAL TRAIN4 V3 V2)
35. (MOVE-ALONG-TRACK TRAIN1 T3 T4 TRACK1)
36. (MOVE-ALONG-TRACK TRAIN2 T2 T3 TRACK1)
37. (MOVE-ALONG-TRACK TRAIN3 T1 T2 TRACK1)
38. (MOVE-ON-ARRIVAL TRAIN4 V2 V1)
39. (MOVE-ON-ARRIVAL TRAIN4 V1 T0)
40. (MOVE-TO-TRACK TRAIN4 T0 T1 TRACK1)
41. (MOVE-FROM-TRACK-TO-DEPARTURE TRAIN8 T5 T0 TRACK2)
42. (MOVE-TO-DEPARTURE TRAIN8 T0 V1)
43. (MOVE-TO-DEPARTURE TRAIN8 V1 V2)
44. (MOVE-TO-DEPARTURE TRAIN8 V2 V3)
45. (MOVE-TO-DEPARTURE TRAIN8 V3 V4)
46. (MOVE-ALONG-TRACK TRAIN7 T6 T5 TRACK2)
47. (MOVE-FROM-TRACK-TO-DEPARTURE TRAIN7 T5 T0 TRACK2)
48. (MOVE-TO-DEPARTURE TRAIN7 T0 V1)
49. (MOVE-TO-DEPARTURE TRAIN7 V1 V2)
50. (MOVE-TO-DEPARTURE TRAIN7 V2 V3)
51. (MOVE-ALONG-TRACK TRAIN6 T7 T6 TRACK2)
52. (MOVE-ALONG-TRACK TRAIN6 T6 T5 TRACK2)
53. (MOVE-FROM-TRACK-TO-DEPARTURE TRAIN6 T5 T0 TRACK2)
54. (MOVE-TO-DEPARTURE TRAIN6 T0 V1)
55. (MOVE-TO-DEPARTURE TRAIN6 V1 V2)
56. (MOVE-ALONG-TRACK TRAIN5 T8 T7 TRACK2)
57. (MOVE-ALONG-TRACK TRAIN5 T7 T6 TRACK2)
58. (MOVE-ALONG-TRACK TRAIN5 T6 T5 TRACK2)
59. (MOVE-FROM-TRACK-TO-DEPARTURE TRAIN5 T5 T0 TRACK2)
60. (MOVE-TO-DEPARTURE TRAIN5 T0 V1)
61. (MOVE-FROM-TRACK-TO-DEPARTURE TRAIN4 T1 T0 TRACK1)
62. (MOVE-ALONG-TRACK TRAIN3 T2 T1 TRACK1)
63. (MOVE-TO-TRACK TRAIN4 T0 T5 TRACK2)
64. (MOVE-FROM-TRACK-TO-DEPARTURE TRAIN3 T1 T0 TRACK1)
65. (MOVE-ALONG-TRACK TRAIN4 T5 T6 TRACK2)
66. (MOVE-TO-TRACK TRAIN3 T0 T5 TRACK2)
67. (MOVE-ALONG-TRACK TRAIN2 T3 T2 TRACK1)
68. (MOVE-ALONG-TRACK TRAIN4 T6 T7 TRACK2)
69. (MOVE-ALONG-TRACK TRAIN1 T4 T3 TRACK1)
70. (MOVE-ALONG-TRACK TRAIN2 T2 T1 TRACK1)
71. (MOVE-ALONG-TRACK TRAIN1 T3 T2 TRACK1)
72. (MOVE-FROM-TRACK-TO-DEPARTURE TRAIN2 T1 T0 TRACK1)
73. (MOVE-ALONG-TRACK TRAIN1 T2 T1 TRACK1)
74. (MOVE-ALONG-TRACK TRAIN3 T5 T6 TRACK2)
75. (MOVE-TO-TRACK TRAIN2 T0 T5 TRACK2)
76. (MOVE-FROM-TRACK-TO-DEPARTURE TRAIN1 T1 T0 TRACK1)
77. (MOVE-TO-DEPARTURE TRAIN1 T0 V5)
78. (MOVE-TO-DEPARTURE TRAIN1 V5 V6)
79. (MOVE-TO-DEPARTURE TRAIN1 V6 V7)
80. (MOVE-TO-DEPARTURE TRAIN1 V7 V8)
81. (MOVE-FROM-TRACK-TO-DEPARTURE TRAIN2 T5 T0 TRACK2)
82. (MOVE-TO-DEPARTURE TRAIN2 T0 V5)
83. (MOVE-TO-DEPARTURE TRAIN2 V5 V6)
84. (MOVE-TO-DEPARTURE TRAIN2 V6 V7)
85. (MOVE-ALONG-TRACK TRAIN3 T6 T5 TRACK2)
86. (MOVE-FROM-TRACK-TO-DEPARTURE TRAIN3 T5 T0 TRACK2)
87. (MOVE-TO-DEPARTURE TRAIN3 T0 V5)
88. (MOVE-TO-DEPARTURE TRAIN3 V5 V6)
89. (MOVE-ALONG-TRACK TRAIN4 T7 T6 TRACK2)
90. (MOVE-ALONG-TRACK TRAIN4 T6 T5 TRACK2)
91. (MOVE-FROM-TRACK-TO-DEPARTURE TRAIN4 T5 T0 TRACK2)
92. (MOVE-TO-DEPARTURE TRAIN4 T0 V5)
Time: 0.292765
Generated: 4047
Expanded: 3482
Total time: 0.292779
Nodes generated during search: 4048
Nodes expanded during search: 3482
Nodes pruned by bound: 3008
Average ef. width: 1.5
Max ef. width: 3
