Plan found with cost: -nan
1. (MOVE-ON-ARRIVAL TRAIN1 V1 T0)
2. (MOVE-TO-LIFO-TRACK TRAIN1 T0 T11 T15 T14 TRACK3)
3. (MOVE-ON-ARRIVAL TRAIN2 V2 V1)
4. (MOVE-ON-ARRIVAL TRAIN2 V1 T0)
5. (MOVE-TO-LIFO-TRACK TRAIN2 T0 T11 T14 T13 TRACK3)
6. (MOVE-ON-ARRIVAL TRAIN3 V3 V2)
7. (MOVE-ON-ARRIVAL TRAIN3 V2 V1)
8. (MOVE-ON-ARRIVAL TRAIN3 V1 T0)
9. (MOVE-TO-LIFO-TRACK TRAIN3 T0 T11 T13 T12 TRACK3)
10. (MOVE-ON-ARRIVAL TRAIN4 V4 V3)
11. (MOVE-ON-ARRIVAL TRAIN4 V3 V2)
12. (MOVE-ON-ARRIVAL TRAIN4 V2 V1)
13. (MOVE-ON-ARRIVAL TRAIN4 V1 T0)
14. (MOVE-TO-LIFO-TRACK TRAIN4 T0 T11 T12 T11 TRACK3)
15. (MOVE-ON-ARRIVAL TRAIN5 V5 V4)
16. (MOVE-ON-ARRIVAL TRAIN5 V4 V3)
17. (MOVE-ON-ARRIVAL TRAIN5 V3 V2)
18. (MOVE-ON-ARRIVAL TRAIN5 V2 V1)
19. (MOVE-ON-ARRIVAL TRAIN5 V1 T0)
20. (MOVE-TO-LIFO-TRACK TRAIN5 T0 T11 T11 T0 TRACK3)
21. (MOVE-ON-ARRIVAL TRAIN6 V6 V5)
22. (MOVE-ON-ARRIVAL TRAIN6 V5 V4)
23. (MOVE-ON-ARRIVAL TRAIN6 V4 V3)
24. (MOVE-ON-ARRIVAL TRAIN6 V3 V2)
25. (MOVE-ON-ARRIVAL TRAIN6 V2 V1)
26. (MOVE-ON-ARRIVAL TRAIN6 V1 T0)
27. (MOVE-TO-LIFO-TRACK TRAIN6 T0 T1 T5 T4 TRACK1)
28. (MOVE-ON-ARRIVAL TRAIN7 V7 V6)
29. (MOVE-ON-ARRIVAL TRAIN7 V6 V5)
30. (MOVE-ON-ARRIVAL TRAIN7 V5 V4)
31. (MOVE-ON-ARRIVAL TRAIN7 V4 V3)
32. (MOVE-ON-ARRIVAL TRAIN7 V3 V2)
33. (MOVE-ON-ARRIVAL TRAIN7 V2 V1)
34. (MOVE-ON-ARRIVAL TRAIN7 V1 T0)
35. (MOVE-TO-LIFO-TRACK TRAIN7 T0 T1 T4 T3 TRACK1)
36. (MOVE-ON-ARRIVAL TRAIN8 V8 V7)
37. (MOVE-ON-ARRIVAL TRAIN8 V7 V6)
38. (MOVE-ON-ARRIVAL TRAIN8 V6 V5)
39. (MOVE-ON-ARRIVAL TRAIN8 V5 V4)
40. (MOVE-ON-ARRIVAL TRAIN8 V4 V3)
41. (MOVE-ON-ARRIVAL TRAIN8 V3 V2)
42. (MOVE-ON-ARRIVAL TRAIN8 V2 V1)
43. (MOVE-ON-ARRIVAL TRAIN8 V1 T0)
44. (MOVE-TO-LIFO-TRACK TRAIN8 T0 T1 T3 T2 TRACK1)
45. (MOVE-ON-ARRIVAL TRAIN9 V9 V8)
46. (MOVE-ON-ARRIVAL TRAIN9 V8 V7)
47. (MOVE-ON-ARRIVAL TRAIN9 V7 V6)
48. (MOVE-ON-ARRIVAL TRAIN9 V6 V5)
49. (MOVE-ON-ARRIVAL TRAIN9 V5 V4)
50. (MOVE-ON-ARRIVAL TRAIN9 V4 V3)
51. (MOVE-ON-ARRIVAL TRAIN9 V3 V2)
52. (MOVE-ON-ARRIVAL TRAIN9 V2 V1)
53. (MOVE-ON-ARRIVAL TRAIN9 V1 T0)
54. (MOVE-TO-LIFO-TRACK TRAIN9 T0 T1 T2 T1 TRACK1)
55. (MOVE-ON-ARRIVAL TRAIN10 V10 V9)
56. (MOVE-ON-ARRIVAL TRAIN10 V9 V8)
57. (MOVE-ON-ARRIVAL TRAIN10 V8 V7)
58. (MOVE-ON-ARRIVAL TRAIN10 V7 V6)
59. (MOVE-ON-ARRIVAL TRAIN10 V6 V5)
60. (MOVE-ON-ARRIVAL TRAIN10 V5 V4)
61. (MOVE-ON-ARRIVAL TRAIN10 V4 V3)
62. (MOVE-ON-ARRIVAL TRAIN10 V3 V2)
63. (MOVE-ON-ARRIVAL TRAIN10 V2 V1)
64. (MOVE-ON-ARRIVAL TRAIN10 V1 T0)
65. (MOVE-TO-LIFO-TRACK TRAIN10 T0 T1 T1 T0 TRACK1)
66. (MOVE-ALONG-LIFO-TRACK TRAIN1 T15 T11 T0 TRACK3)
67. (MOVE-FROM-TRACK-TO-DEPARTURE TRAIN1 T11 T0 TRACK3)
68. (MOVE-TO-DEPARTURE2 TRAIN1 T0 V1)
69. (MOVE-TO-DEPARTURE2 TRAIN1 V1 V2)
70. (MOVE-TO-DEPARTURE2 TRAIN1 V2 V3)
71. (MOVE-TO-DEPARTURE2 TRAIN1 V3 V4)
72. (MOVE-TO-DEPARTURE2 TRAIN1 V4 V5)
73. (MOVE-TO-DEPARTURE2 TRAIN1 V5 V6)
74. (MOVE-TO-DEPARTURE2 TRAIN1 V6 V7)
75. (MOVE-TO-DEPARTURE2 TRAIN1 V7 V8)
76. (MOVE-TO-DEPARTURE2 TRAIN1 V8 V9)
77. (MOVE-TO-DEPARTURE2 TRAIN1 V9 V10)
78. (MOVE-FROM-TRACK-TO-DEPARTURE TRAIN5 T11 T0 TRACK3)
79. (MOVE-TO-DEPARTURE2 TRAIN5 T0 V1)
80. (MOVE-TO-DEPARTURE2 TRAIN5 V1 V2)
81. (MOVE-TO-DEPARTURE2 TRAIN5 V2 V3)
82. (MOVE-TO-DEPARTURE2 TRAIN5 V3 V4)
83. (MOVE-TO-DEPARTURE2 TRAIN5 V4 V5)
84. (MOVE-TO-DEPARTURE2 TRAIN5 V5 V6)
85. (MOVE-TO-DEPARTURE2 TRAIN5 V6 V7)
86. (MOVE-TO-DEPARTURE2 TRAIN5 V7 V8)
87. (MOVE-TO-DEPARTURE2 TRAIN5 V8 V9)
88. (MOVE-ALONG-LIFO-TRACK TRAIN3 T13 T11 T0 TRACK3)
89. (MOVE-FROM-TRACK-TO-DEPARTURE TRAIN3 T11 T0 TRACK3)
90. (MOVE-TO-DEPARTURE2 TRAIN3 T0 V1)
91. (MOVE-TO-DEPARTURE2 TRAIN3 V1 V2)
92. (MOVE-TO-DEPARTURE2 TRAIN3 V2 V3)
93. (MOVE-TO-DEPARTURE2 TRAIN3 V3 V4)
94. (MOVE-TO-DEPARTURE2 TRAIN3 V4 V5)
95. (MOVE-TO-DEPARTURE2 TRAIN3 V5 V6)
96. (MOVE-TO-DEPARTURE2 TRAIN3 V6 V7)
97. (MOVE-TO-DEPARTURE2 TRAIN3 V7 V8)
98. (MOVE-ALONG-TRACK TRAIN4 T12 T11 TRACK3)
99. (MOVE-FROM-TRACK-TO-DEPARTURE TRAIN4 T11 T0 TRACK3)
100. (MOVE-TO-DEPARTURE2 TRAIN4 T0 V1)
101. (MOVE-TO-DEPARTURE2 TRAIN4 V1 V2)
102. (MOVE-TO-DEPARTURE2 TRAIN4 V2 V3)
103. (MOVE-TO-DEPARTURE2 TRAIN4 V3 V4)
104. (MOVE-TO-DEPARTURE2 TRAIN4 V4 V5)
105. (MOVE-TO-DEPARTURE2 TRAIN4 V5 V6)
106. (MOVE-TO-DEPARTURE2 TRAIN4 V6 V7)
107. (MOVE-FROM-TRACK-TO-DEPARTURE TRAIN10 T1 T0 TRACK1)
108. (MOVE-TO-DEPARTURE2 TRAIN10 T0 V1)
109. (MOVE-TO-DEPARTURE2 TRAIN10 V1 V2)
110. (MOVE-TO-DEPARTURE2 TRAIN10 V2 V3)
111. (MOVE-TO-DEPARTURE2 TRAIN10 V3 V4)
112. (MOVE-TO-DEPARTURE2 TRAIN10 V4 V5)
113. (MOVE-TO-DEPARTURE2 TRAIN10 V5 V6)
114. (MOVE-ALONG-LIFO-TRACK TRAIN2 T14 T11 T0 TRACK3)
115. (MOVE-FROM-TRACK-TO-DEPARTURE TRAIN2 T11 T0 TRACK3)
116. (MOVE-TO-DEPARTURE2 TRAIN2 T0 V1)
117. (MOVE-TO-DEPARTURE2 TRAIN2 V1 V2)
118. (MOVE-TO-DEPARTURE2 TRAIN2 V2 V3)
119. (MOVE-TO-DEPARTURE2 TRAIN2 V3 V4)
120. (MOVE-TO-DEPARTURE2 TRAIN2 V4 V5)
121. (MOVE-ALONG-LIFO-TRACK TRAIN7 T4 T1 T0 TRACK1)
122. (MOVE-FROM-TRACK-TO-DEPARTURE TRAIN7 T1 T0 TRACK1)
123. (MOVE-TO-DEPARTURE2 TRAIN7 T0 V1)
124. (MOVE-TO-DEPARTURE2 TRAIN7 V1 V2)
125. (MOVE-TO-DEPARTURE2 TRAIN7 V2 V3)
126. (MOVE-TO-DEPARTURE2 TRAIN7 V3 V4)
127. (MOVE-ALONG-LIFO-TRACK TRAIN8 T3 T1 T0 TRACK1)
128. (MOVE-FROM-TRACK-TO-DEPARTURE TRAIN8 T1 T0 TRACK1)
129. (MOVE-TO-DEPARTURE2 TRAIN8 T0 V1)
130. (MOVE-TO-DEPARTURE2 TRAIN8 V1 V2)
131. (MOVE-TO-DEPARTURE2 TRAIN8 V2 V3)
132. (MOVE-ALONG-LIFO-TRACK TRAIN6 T5 T1 T0 TRACK1)
133. (MOVE-FROM-TRACK-TO-DEPARTURE TRAIN6 T1 T0 TRACK1)
134. (MOVE-TO-DEPARTURE2 TRAIN6 T0 V1)
135. (MOVE-TO-DEPARTURE2 TRAIN6 V1 V2)
136. (MOVE-ALONG-TRACK TRAIN9 T2 T1 TRACK1)
137. (MOVE-FROM-TRACK-TO-DEPARTURE TRAIN9 T1 T0 TRACK1)
138. (MOVE-TO-DEPARTURE2 TRAIN9 T0 V1)
Time: 0.064034
Generated: 1856
Expanded: 1737
Total time: 0.0640411
Nodes generated during search: 1857
Nodes expanded during search: 1737
Nodes pruned by bound: 66230
Average ef. width: 1
Max ef. width: 1
