Plan found with cost: -nan
1. (MOVE-ON-ARRIVAL TRAIN1 V1 T0)
2. (MOVE-TO-TRACK TRAIN1 T0 T6 TRACK1)
3. (MOVE-ON-ARRIVAL TRAIN2 V2 V1)
4. (MOVE-ON-ARRIVAL TRAIN2 V1 T0)
5. (MOVE-TO-TRACK TRAIN2 T0 T1 TRACK1)
6. (MOVE-ON-ARRIVAL TRAIN3 V3 V2)
7. (MOVE-ON-ARRIVAL TRAIN3 V2 V1)
8. (MOVE-ON-ARRIVAL TRAIN3 V1 T0)
9. (MOVE-TO-LIFO-TRACK TRAIN3 T0 T10 T12 T11 TRACK3)
10. (MOVE-ON-ARRIVAL TRAIN4 V4 V3)
11. (MOVE-ON-ARRIVAL TRAIN4 V3 V2)
12. (MOVE-ON-ARRIVAL TRAIN4 V2 V1)
13. (MOVE-ON-ARRIVAL TRAIN4 V1 T0)
14. (MOVE-TO-LIFO-TRACK TRAIN4 T0 T10 T11 T10 TRACK3)
15. (MOVE-ON-ARRIVAL TRAIN5 V5 V4)
16. (MOVE-ON-ARRIVAL TRAIN5 V4 V3)
17. (MOVE-ON-ARRIVAL TRAIN5 V3 V2)
18. (MOVE-ON-ARRIVAL TRAIN5 V2 V1)
19. (MOVE-ON-ARRIVAL TRAIN5 V1 T0)
20. (MOVE-TO-LIFO-TRACK TRAIN5 T0 T10 T10 T0 TRACK3)
21. (MOVE-ON-ARRIVAL TRAIN6 V6 V5)
22. (MOVE-ON-ARRIVAL TRAIN6 V5 V4)
23. (MOVE-ON-ARRIVAL TRAIN6 V4 V3)
24. (MOVE-ON-ARRIVAL TRAIN6 V3 V2)
25. (MOVE-ON-ARRIVAL TRAIN6 V2 V1)
26. (MOVE-ON-ARRIVAL TRAIN6 V1 T0)
27. (MOVE-TO-LIFO-TRACK TRAIN6 T0 T7 T9 T8 TRACK2)
28. (MOVE-ON-ARRIVAL TRAIN7 V7 V6)
29. (MOVE-ON-ARRIVAL TRAIN7 V6 V5)
30. (MOVE-ON-ARRIVAL TRAIN7 V5 V4)
31. (MOVE-ON-ARRIVAL TRAIN7 V4 V3)
32. (MOVE-ON-ARRIVAL TRAIN7 V3 V2)
33. (MOVE-ON-ARRIVAL TRAIN7 V2 V1)
34. (MOVE-ON-ARRIVAL TRAIN7 V1 T0)
35. (MOVE-TO-LIFO-TRACK TRAIN7 T0 T7 T8 T7 TRACK2)
36. (MOVE-ON-ARRIVAL TRAIN8 V8 V7)
37. (MOVE-ON-ARRIVAL TRAIN8 V7 V6)
38. (MOVE-ON-ARRIVAL TRAIN8 V6 V5)
39. (MOVE-ON-ARRIVAL TRAIN8 V5 V4)
40. (MOVE-ON-ARRIVAL TRAIN8 V4 V3)
41. (MOVE-ON-ARRIVAL TRAIN8 V3 V2)
42. (MOVE-ON-ARRIVAL TRAIN8 V2 V1)
43. (MOVE-ON-ARRIVAL TRAIN8 V1 T0)
44. (MOVE-TO-LIFO-TRACK TRAIN8 T0 T7 T7 T0 TRACK2)
45. (MOVE-ALONG-TRACK TRAIN1 T6 T5 TRACK1)
46. (MOVE-ON-ARRIVAL TRAIN9 V9 V8)
47. (MOVE-ON-ARRIVAL TRAIN9 V8 V7)
48. (MOVE-ON-ARRIVAL TRAIN9 V7 V6)
49. (MOVE-ON-ARRIVAL TRAIN9 V6 V5)
50. (MOVE-ON-ARRIVAL TRAIN9 V5 V4)
51. (MOVE-ON-ARRIVAL TRAIN9 V4 V3)
52. (MOVE-ON-ARRIVAL TRAIN9 V3 V2)
53. (MOVE-ON-ARRIVAL TRAIN9 V2 V1)
54. (MOVE-ON-ARRIVAL TRAIN9 V1 T0)
55. (MOVE-TO-TRACK TRAIN9 T0 T6 TRACK1)
56. (MOVE-ALONG-TRACK TRAIN2 T1 T2 TRACK1)
57. (MOVE-ON-ARRIVAL TRAIN10 V10 V9)
58. (MOVE-ON-ARRIVAL TRAIN10 V9 V8)
59. (MOVE-ON-ARRIVAL TRAIN10 V8 V7)
60. (MOVE-ON-ARRIVAL TRAIN10 V7 V6)
61. (MOVE-ON-ARRIVAL TRAIN10 V6 V5)
62. (MOVE-ON-ARRIVAL TRAIN10 V5 V4)
63. (MOVE-ON-ARRIVAL TRAIN10 V4 V3)
64. (MOVE-ON-ARRIVAL TRAIN10 V3 V2)
65. (MOVE-ON-ARRIVAL TRAIN10 V2 V1)
66. (MOVE-ON-ARRIVAL TRAIN10 V1 T0)
67. (MOVE-TO-TRACK TRAIN10 T0 T1 TRACK1)
68. (MOVE-FROM-TRACK-TO-DEPARTURE TRAIN5 T10 T0 TRACK3)
69. (MOVE-TO-DEPARTURE2 TRAIN5 T0 V1)
70. (MOVE-TO-DEPARTURE2 TRAIN5 V1 V2)
71. (MOVE-TO-DEPARTURE2 TRAIN5 V2 V3)
72. (MOVE-TO-DEPARTURE2 TRAIN5 V3 V4)
73. (MOVE-TO-DEPARTURE2 TRAIN5 V4 V5)
74. (MOVE-TO-DEPARTURE2 TRAIN5 V5 V6)
75. (MOVE-TO-DEPARTURE2 TRAIN5 V6 V7)
76. (MOVE-TO-DEPARTURE2 TRAIN5 V7 V8)
77. (MOVE-TO-DEPARTURE2 TRAIN5 V8 V9)
78. (MOVE-TO-DEPARTURE2 TRAIN5 V9 V10)
79. (MOVE-ALONG-TRACK TRAIN4 T11 T10 TRACK3)
80. (MOVE-FROM-TRACK-TO-DEPARTURE TRAIN4 T10 T0 TRACK3)
81. (MOVE-TO-DEPARTURE2 TRAIN4 T0 V1)
82. (MOVE-TO-DEPARTURE2 TRAIN4 V1 V2)
83. (MOVE-TO-DEPARTURE2 TRAIN4 V2 V3)
84. (MOVE-TO-DEPARTURE2 TRAIN4 V3 V4)
85. (MOVE-TO-DEPARTURE2 TRAIN4 V4 V5)
86. (MOVE-TO-DEPARTURE2 TRAIN4 V5 V6)
87. (MOVE-TO-DEPARTURE2 TRAIN4 V6 V7)
88. (MOVE-TO-DEPARTURE2 TRAIN4 V7 V8)
89. (MOVE-TO-DEPARTURE2 TRAIN4 V8 V9)
90. (MOVE-ALONG-LIFO-TRACK TRAIN3 T12 T10 T0 TRACK3)
91. (MOVE-FROM-TRACK-TO-DEPARTURE TRAIN3 T10 T0 TRACK3)
92. (MOVE-TO-DEPARTURE2 TRAIN3 T0 V1)
93. (MOVE-TO-DEPARTURE2 TRAIN3 V1 V2)
94. (MOVE-TO-DEPARTURE2 TRAIN3 V2 V3)
95. (MOVE-TO-DEPARTURE2 TRAIN3 V3 V4)
96. (MOVE-TO-DEPARTURE2 TRAIN3 V4 V5)
97. (MOVE-TO-DEPARTURE2 TRAIN3 V5 V6)
98. (MOVE-TO-DEPARTURE2 TRAIN3 V6 V7)
99. (MOVE-TO-DEPARTURE2 TRAIN3 V7 V8)
100. (MOVE-ALONG-LIFO-TRACK TRAIN2 T2 T1 T0 TRACK1)
101. (MOVE-FROM-TRACK-TO-DEPARTURE TRAIN2 T1 T0 TRACK1)
102. (MOVE-TO-DEPARTURE2 TRAIN2 T0 V1)
103. (MOVE-TO-DEPARTURE2 TRAIN2 V1 V2)
104. (MOVE-TO-DEPARTURE2 TRAIN2 V2 V3)
105. (MOVE-TO-DEPARTURE2 TRAIN2 V3 V4)
106. (MOVE-TO-DEPARTURE2 TRAIN2 V4 V5)
107. (MOVE-TO-DEPARTURE2 TRAIN2 V5 V6)
108. (MOVE-TO-DEPARTURE2 TRAIN2 V6 V7)
109. (MOVE-ALONG-LIFO-TRACK TRAIN1 T5 T1 T0 TRACK1)
110. (MOVE-FROM-TRACK-TO-DEPARTURE TRAIN1 T1 T0 TRACK1)
111. (MOVE-TO-DEPARTURE2 TRAIN1 T0 V1)
112. (MOVE-TO-DEPARTURE2 TRAIN1 V1 V2)
113. (MOVE-TO-DEPARTURE2 TRAIN1 V2 V3)
114. (MOVE-TO-DEPARTURE2 TRAIN1 V3 V4)
115. (MOVE-TO-DEPARTURE2 TRAIN1 V4 V5)
116. (MOVE-TO-DEPARTURE2 TRAIN1 V5 V6)
117. (MOVE-FROM-TRACK-TO-DEPARTURE TRAIN10 T1 T0 TRACK1)
118. (MOVE-TO-DEPARTURE2 TRAIN10 T0 V1)
119. (MOVE-TO-DEPARTURE2 TRAIN10 V1 V2)
120. (MOVE-TO-DEPARTURE2 TRAIN10 V2 V3)
121. (MOVE-TO-DEPARTURE2 TRAIN10 V3 V4)
122. (MOVE-TO-DEPARTURE2 TRAIN10 V4 V5)
123. (MOVE-FROM-TRACK-TO-DEPARTURE TRAIN9 T6 T0 TRACK1)
124. (MOVE-TO-DEPARTURE2 TRAIN9 T0 V1)
125. (MOVE-TO-DEPARTURE2 TRAIN9 V1 V2)
126. (MOVE-TO-DEPARTURE2 TRAIN9 V2 V3)
127. (MOVE-TO-DEPARTURE2 TRAIN9 V3 V4)
128. (MOVE-FROM-TRACK-TO-DEPARTURE TRAIN8 T7 T0 TRACK2)
129. (MOVE-TO-DEPARTURE2 TRAIN8 T0 V1)
130. (MOVE-TO-DEPARTURE2 TRAIN8 V1 V2)
131. (MOVE-TO-DEPARTURE2 TRAIN8 V2 V3)
132. (MOVE-ALONG-TRACK TRAIN7 T8 T7 TRACK2)
133. (MOVE-FROM-TRACK-TO-DEPARTURE TRAIN7 T7 T0 TRACK2)
134. (MOVE-TO-DEPARTURE2 TRAIN7 T0 V1)
135. (MOVE-TO-DEPARTURE2 TRAIN7 V1 V2)
136. (MOVE-ALONG-LIFO-TRACK TRAIN6 T9 T7 T0 TRACK2)
137. (MOVE-FROM-TRACK-TO-DEPARTURE TRAIN6 T7 T0 TRACK2)
138. (MOVE-TO-DEPARTURE2 TRAIN6 T0 V1)
Time: 2.02269
Generated: 25694
Expanded: 25079
Total time: 2.0227
Nodes generated during search: 25695
Nodes expanded during search: 25079
Nodes pruned by bound: 1178858
Average ef. width: 1.1
Max ef. width: 2
