Plan found with cost: -nan
1. (MOVE-ON-ARRIVAL TRAIN1 V1 T0)
2. (MOVE-TO-TRACK TRAIN1 T0 T10 TRACK1)
3. (MOVE-ON-ARRIVAL TRAIN2 V2 V1)
4. (MOVE-ON-ARRIVAL TRAIN2 V1 T0)
5. (MOVE-TO-TRACK TRAIN2 T0 T1 TRACK1)
6. (MOVE-ALONG-TRACK TRAIN1 T10 T9 TRACK1)
7. (MOVE-ON-ARRIVAL TRAIN3 V3 V2)
8. (MOVE-ON-ARRIVAL TRAIN3 V2 V1)
9. (MOVE-ON-ARRIVAL TRAIN3 V1 T0)
10. (MOVE-TO-TRACK TRAIN3 T0 T10 TRACK1)
11. (MOVE-ALONG-TRACK TRAIN2 T1 T2 TRACK1)
12. (MOVE-ON-ARRIVAL TRAIN4 V4 V3)
13. (MOVE-ON-ARRIVAL TRAIN4 V3 V2)
14. (MOVE-ON-ARRIVAL TRAIN4 V2 V1)
15. (MOVE-ON-ARRIVAL TRAIN4 V1 T0)
16. (MOVE-TO-TRACK TRAIN4 T0 T1 TRACK1)
17. (MOVE-ON-ARRIVAL TRAIN5 V5 V4)
18. (MOVE-ON-ARRIVAL TRAIN5 V4 V3)
19. (MOVE-ON-ARRIVAL TRAIN5 V3 V2)
20. (MOVE-ALONG-LIFO-TRACK TRAIN4 T1 T1 T0 TRACK1)
21. (MOVE-ON-ARRIVAL TRAIN5 V2 V1)
22. (MOVE-ON-ARRIVAL TRAIN5 V1 T0)
23. (MOVE-TO-TRACK TRAIN5 T0 T1 TRACK1)
24. (MOVE-ON-ARRIVAL TRAIN6 V6 V5)
25. (MOVE-ON-ARRIVAL TRAIN6 V5 V4)
26. (MOVE-ON-ARRIVAL TRAIN6 V4 V3)
27. (MOVE-ON-ARRIVAL TRAIN6 V3 V2)
28. (MOVE-ALONG-LIFO-TRACK TRAIN5 T1 T1 T0 TRACK1)
29. (MOVE-ON-ARRIVAL TRAIN6 V2 V1)
30. (MOVE-ON-ARRIVAL TRAIN6 V1 T0)
31. (MOVE-TO-TRACK TRAIN6 T0 T1 TRACK1)
32. (MOVE-ON-ARRIVAL TRAIN7 V7 V6)
33. (MOVE-ON-ARRIVAL TRAIN7 V6 V5)
34. (MOVE-ON-ARRIVAL TRAIN7 V5 V4)
35. (MOVE-ON-ARRIVAL TRAIN7 V4 V3)
36. (MOVE-ON-ARRIVAL TRAIN7 V3 V2)
37. (MOVE-ALONG-LIFO-TRACK TRAIN6 T1 T1 T0 TRACK1)
38. (MOVE-ON-ARRIVAL TRAIN7 V2 V1)
39. (MOVE-ON-ARRIVAL TRAIN7 V1 T0)
40. (MOVE-TO-TRACK TRAIN7 T0 T1 TRACK1)
41. (MOVE-ON-ARRIVAL TRAIN8 V8 V7)
42. (MOVE-ON-ARRIVAL TRAIN8 V7 V6)
43. (MOVE-ON-ARRIVAL TRAIN8 V6 V5)
44. (MOVE-ON-ARRIVAL TRAIN8 V5 V4)
45. (MOVE-ON-ARRIVAL TRAIN8 V4 V3)
46. (MOVE-ON-ARRIVAL TRAIN8 V3 V2)
47. (MOVE-ALONG-LIFO-TRACK TRAIN7 T1 T1 T0 TRACK1)
48. (MOVE-ON-ARRIVAL TRAIN8 V2 V1)
49. (MOVE-ON-ARRIVAL TRAIN8 V1 T0)
50. (MOVE-TO-TRACK TRAIN8 T0 T1 TRACK1)
51. (MOVE-ON-ARRIVAL TRAIN9 V9 V8)
52. (MOVE-ON-ARRIVAL TRAIN9 V8 V7)
53. (MOVE-ON-ARRIVAL TRAIN9 V7 V6)
54. (MOVE-ON-ARRIVAL TRAIN9 V6 V5)
55. (MOVE-ON-ARRIVAL TRAIN9 V5 V4)
56. (MOVE-ON-ARRIVAL TRAIN9 V4 V3)
57. (MOVE-ON-ARRIVAL TRAIN9 V3 V2)
58. (MOVE-ALONG-LIFO-TRACK TRAIN8 T1 T1 T0 TRACK1)
59. (MOVE-ON-ARRIVAL TRAIN9 V2 V1)
60. (MOVE-ON-ARRIVAL TRAIN9 V1 T0)
61. (MOVE-TO-TRACK TRAIN9 T0 T1 TRACK1)
62. (MOVE-ON-ARRIVAL TRAIN10 V10 V9)
63. (MOVE-ON-ARRIVAL TRAIN10 V9 V8)
64. (MOVE-ON-ARRIVAL TRAIN10 V8 V7)
65. (MOVE-ON-ARRIVAL TRAIN10 V7 V6)
66. (MOVE-ON-ARRIVAL TRAIN10 V6 V5)
67. (MOVE-ON-ARRIVAL TRAIN10 V5 V4)
68. (MOVE-ON-ARRIVAL TRAIN10 V4 V3)
69. (MOVE-ON-ARRIVAL TRAIN10 V3 V2)
70. (MOVE-ALONG-LIFO-TRACK TRAIN9 T1 T1 T0 TRACK1)
71. (MOVE-ON-ARRIVAL TRAIN10 V2 V1)
72. (MOVE-ON-ARRIVAL TRAIN10 V1 T0)
73. (MOVE-TO-TRACK TRAIN10 T0 T1 TRACK1)
74. (MOVE-FROM-TRACK-TO-DEPARTURE TRAIN5 T1 T0 TRACK1)
75. (MOVE-TO-DEPARTURE2 TRAIN5 T0 V1)
76. (MOVE-TO-DEPARTURE2 TRAIN5 V1 V2)
77. (MOVE-TO-DEPARTURE2 TRAIN5 V2 V3)
78. (MOVE-TO-DEPARTURE2 TRAIN5 V3 V4)
79. (MOVE-TO-DEPARTURE2 TRAIN5 V4 V5)
80. (MOVE-TO-DEPARTURE2 TRAIN5 V5 V6)
81. (MOVE-TO-DEPARTURE2 TRAIN5 V6 V7)
82. (MOVE-TO-DEPARTURE2 TRAIN5 V7 V8)
83. (MOVE-TO-DEPARTURE2 TRAIN5 V8 V9)
84. (MOVE-TO-DEPARTURE2 TRAIN5 V9 V10)
85. (MOVE-FROM-TRACK-TO-DEPARTURE TRAIN4 T1 T0 TRACK1)
86. (MOVE-TO-DEPARTURE2 TRAIN4 T0 V1)
87. (MOVE-TO-DEPARTURE2 TRAIN4 V1 V2)
88. (MOVE-TO-DEPARTURE2 TRAIN4 V2 V3)
89. (MOVE-TO-DEPARTURE2 TRAIN4 V3 V4)
90. (MOVE-TO-DEPARTURE2 TRAIN4 V4 V5)
91. (MOVE-TO-DEPARTURE2 TRAIN4 V5 V6)
92. (MOVE-TO-DEPARTURE2 TRAIN4 V6 V7)
93. (MOVE-TO-DEPARTURE2 TRAIN4 V7 V8)
94. (MOVE-TO-DEPARTURE2 TRAIN4 V8 V9)
95. (MOVE-FROM-TRACK-TO-DEPARTURE TRAIN3 T10 T0 TRACK1)
96. (MOVE-TO-DEPARTURE2 TRAIN3 T0 V1)
97. (MOVE-TO-DEPARTURE2 TRAIN3 V1 V2)
98. (MOVE-TO-DEPARTURE2 TRAIN3 V2 V3)
99. (MOVE-TO-DEPARTURE2 TRAIN3 V3 V4)
100. (MOVE-TO-DEPARTURE2 TRAIN3 V4 V5)
101. (MOVE-TO-DEPARTURE2 TRAIN3 V5 V6)
102. (MOVE-TO-DEPARTURE2 TRAIN3 V6 V7)
103. (MOVE-TO-DEPARTURE2 TRAIN3 V7 V8)
104. (MOVE-ALONG-TRACK TRAIN2 T2 T1 TRACK1)
105. (MOVE-FROM-TRACK-TO-DEPARTURE TRAIN2 T1 T0 TRACK1)
106. (MOVE-TO-DEPARTURE2 TRAIN2 T0 V1)
107. (MOVE-TO-DEPARTURE2 TRAIN2 V1 V2)
108. (MOVE-TO-DEPARTURE2 TRAIN2 V2 V3)
109. (MOVE-TO-DEPARTURE2 TRAIN2 V3 V4)
110. (MOVE-TO-DEPARTURE2 TRAIN2 V4 V5)
111. (MOVE-TO-DEPARTURE2 TRAIN2 V5 V6)
112. (MOVE-TO-DEPARTURE2 TRAIN2 V6 V7)
113. (MOVE-ALONG-TRACK TRAIN1 T9 T10 TRACK1)
114. (MOVE-FROM-TRACK-TO-DEPARTURE TRAIN1 T10 T0 TRACK1)
115. (MOVE-TO-DEPARTURE2 TRAIN1 T0 V1)
116. (MOVE-TO-DEPARTURE2 TRAIN1 V1 V2)
117. (MOVE-TO-DEPARTURE2 TRAIN1 V2 V3)
118. (MOVE-TO-DEPARTURE2 TRAIN1 V3 V4)
119. (MOVE-TO-DEPARTURE2 TRAIN1 V4 V5)
120. (MOVE-TO-DEPARTURE2 TRAIN1 V5 V6)
121. (MOVE-FROM-TRACK-TO-DEPARTURE TRAIN10 T1 T0 TRACK1)
122. (MOVE-TO-DEPARTURE2 TRAIN10 T0 V1)
123. (MOVE-TO-DEPARTURE2 TRAIN10 V1 V2)
124. (MOVE-TO-DEPARTURE2 TRAIN10 V2 V3)
125. (MOVE-TO-DEPARTURE2 TRAIN10 V3 V4)
126. (MOVE-TO-DEPARTURE2 TRAIN10 V4 V5)
127. (MOVE-FROM-TRACK-TO-DEPARTURE TRAIN9 T1 T0 TRACK1)
128. (MOVE-TO-DEPARTURE2 TRAIN9 T0 V1)
129. (MOVE-TO-DEPARTURE2 TRAIN9 V1 V2)
130. (MOVE-TO-DEPARTURE2 TRAIN9 V2 V3)
131. (MOVE-TO-DEPARTURE2 TRAIN9 V3 V4)
132. (MOVE-FROM-TRACK-TO-DEPARTURE TRAIN8 T1 T0 TRACK1)
133. (MOVE-TO-DEPARTURE2 TRAIN8 T0 V1)
134. (MOVE-TO-DEPARTURE2 TRAIN8 V1 V2)
135. (MOVE-TO-DEPARTURE2 TRAIN8 V2 V3)
136. (MOVE-FROM-TRACK-TO-DEPARTURE TRAIN7 T1 T0 TRACK1)
137. (MOVE-TO-DEPARTURE2 TRAIN7 T0 V1)
138. (MOVE-TO-DEPARTURE2 TRAIN7 V1 V2)
139. (MOVE-FROM-TRACK-TO-DEPARTURE TRAIN6 T1 T0 TRACK1)
140. (MOVE-TO-DEPARTURE2 TRAIN6 T0 V1)
Time: 5.75066
Generated: 41115
Expanded: 39296
Total time: 5.75067
Nodes generated during search: 41116
Nodes expanded during search: 39296
Nodes pruned by bound: 3238939
Average ef. width: 1.4
Max ef. width: 2
