Plan found with cost: 17
1. (MOVE-ON-ARRIVAL TRAIN1 V1 T0)
2. (MOVE-TO-TRACK TRAIN1 T0 T4 TRACK1)
3. (MOVE-ON-ARRIVAL TRAIN3 V3 T0)
4. (MOVE-TO-TRACK TRAIN3 T0 T1 TRACK1)
5. (MOVE-ALONG-TRACK TRAIN3 T1 T2 TRACK1)
6. (MOVE-ON-ARRIVAL TRAIN2 V2 V1)
7. (MOVE-ON-ARRIVAL TRAIN2 V1 T0)
8. (MOVE-TO-TRACK TRAIN2 T0 T1 TRACK1)
9. (MOVE-FROM-TRACK-TO-DEPARTURE TRAIN1 T4 T0 TRACK1)
10. (MOVE-TO-DEPARTURE TRAIN1 T0 V3)
11. (MOVE-ALONG-TRACK TRAIN3 T2 T3 TRACK1)
12. (MOVE-ALONG-TRACK TRAIN3 T3 T4 TRACK1)
13. (MOVE-FROM-TRACK-TO-DEPARTURE TRAIN3 T4 T0 TRACK1)
14. (MOVE-TO-DEPARTURE TRAIN3 T0 V1)
15. (MOVE-TO-DEPARTURE TRAIN3 V1 V2)
16. (MOVE-FROM-TRACK-TO-DEPARTURE TRAIN2 T1 T0 TRACK1)
17. (MOVE-TO-DEPARTURE TRAIN2 T0 V1)
Time: 0.000837
Generated: 90
Expanded: 56
Total time: 0.000848
Nodes generated during search: 91
Nodes expanded during search: 56
Nodes pruned by bound: 58
Average ef. width: 1.16667
Max ef. width: 2
