Plan found with cost: 22
1. (MOVE-ON-ARRIVAL TRAIN1 V1 T0)
2. (MOVE-TO-TRACK TRAIN1 T0 T1 TRACK1)
3. (MOVE-ON-ARRIVAL TRAIN2 V2 V1)
4. (MOVE-ON-ARRIVAL TRAIN2 V1 T0)
5. (MOVE-TO-TRACK TRAIN2 T0 T4 TRACK2)
6. (MOVE-ALONG-TRACK TRAIN2 T4 T5 TRACK2)
7. (MOVE-ON-ARRIVAL TRAIN3 V3 V2)
8. (MOVE-ON-ARRIVAL TRAIN3 V2 V1)
9. (MOVE-ON-ARRIVAL TRAIN3 V1 T0)
10. (MOVE-TO-TRACK TRAIN3 T0 T4 TRACK2)
11. (MOVE-FROM-TRACK-TO-DEPARTURE TRAIN1 T1 T0 TRACK1)
12. (MOVE-TO-DEPARTURE TRAIN1 T0 V1)
13. (MOVE-TO-DEPARTURE TRAIN1 V1 V2)
14. (MOVE-TO-DEPARTURE TRAIN1 V2 V3)
15. (MOVE-FROM-TRACK-TO-DEPARTURE TRAIN3 T4 T0 TRACK2)
16. (MOVE-TO-TRACK TRAIN3 T0 T1 TRACK1)
17. (MOVE-ALONG-TRACK TRAIN2 T5 T4 TRACK2)
18. (MOVE-FROM-TRACK-TO-DEPARTURE TRAIN2 T4 T0 TRACK2)
19. (MOVE-TO-DEPARTURE TRAIN2 T0 V1)
20. (MOVE-TO-DEPARTURE TRAIN2 V1 V2)
21. (MOVE-FROM-TRACK-TO-DEPARTURE TRAIN3 T1 T0 TRACK1)
22. (MOVE-TO-DEPARTURE TRAIN3 T0 V1)
Time: 0.001541
Generated: 166
Expanded: 127
Total time: 0.001552
Nodes generated during search: 167
Nodes expanded during search: 127
Nodes pruned by bound: 105
Average ef. width: 1.33333
Max ef. width: 2
