Plan found with cost: 24
1. (MOVE-ON-ARRIVAL TRAIN1 V1 T0)
2. (MOVE-TO-TRACK TRAIN1 T0 T1 TRACK1)
3. (MOVE-ON-ARRIVAL TRAIN2 V2 V1)
4. (MOVE-ON-ARRIVAL TRAIN2 V1 T0)
5. (MOVE-TO-TRACK TRAIN2 T0 T3 TRACK1)
6. (MOVE-ALONG-TRACK TRAIN2 T3 T2 TRACK1)
7. (MOVE-ON-ARRIVAL TRAIN3 V3 V2)
8. (MOVE-ON-ARRIVAL TRAIN3 V2 V1)
9. (MOVE-ON-ARRIVAL TRAIN3 V1 T0)
10. (MOVE-TO-TRACK TRAIN3 T0 T3 TRACK1)
11. (MOVE-FROM-TRACK-TO-DEPARTURE TRAIN3 T3 T0 TRACK1)
12. (MOVE-ALONG-TRACK TRAIN2 T2 T3 TRACK1)
13. (MOVE-ALONG-TRACK TRAIN1 T1 T2 TRACK1)
14. (MOVE-TO-TRACK TRAIN3 T0 T1 TRACK1)
15. (MOVE-FROM-TRACK-TO-DEPARTURE TRAIN2 T3 T0 TRACK1)
16. (MOVE-TO-DEPARTURE TRAIN2 T0 V1)
17. (MOVE-TO-DEPARTURE TRAIN2 V1 V2)
18. (MOVE-TO-DEPARTURE TRAIN2 V2 V3)
19. (MOVE-FROM-TRACK-TO-DEPARTURE TRAIN3 T1 T0 TRACK1)
20. (MOVE-TO-DEPARTURE TRAIN3 T0 V1)
21. (MOVE-TO-DEPARTURE TRAIN3 V1 V2)
22. (MOVE-ALONG-TRACK TRAIN1 T2 T1 TRACK1)
23. (MOVE-FROM-TRACK-TO-DEPARTURE TRAIN1 T1 T0 TRACK1)
24. (MOVE-TO-DEPARTURE TRAIN1 T0 V1)
Time: 0.000835001
Generated: 78
Expanded: 62
Total time: 0.000845
Nodes generated during search: 79
Nodes expanded during search: 62
Nodes pruned by bound: 54
Average ef. width: 1.16667
Max ef. width: 2
