../../domain1.pddl ../../problem2.pddl re.out
4
/planner/src
1. Running translator
Second argument is a file name: use two translator arguments.
Parsing...
Parsing: [0.010s CPU, 0.005s wall-clock]
Normalizing task... [0.000s CPU, 0.001s wall-clock]
Prunable PDDL-operators: 0
Instantiating...
Generating Datalog program... [0.000s CPU, 0.001s wall-clock]
Normalizing Datalog program...
Trivial rules: Converted to facts.
Normalizing Datalog program: [0.010s CPU, 0.009s wall-clock]
Preparing model... [0.000s CPU, 0.002s wall-clock]
Generated 82 rules.
Computing model... [0.020s CPU, 0.021s wall-clock]
498 relevant atoms
895 auxiliary atoms
1393 final queue length
1808 total queue pushes
Completing instantiation... [0.020s CPU, 0.018s wall-clock]
Instantiating: [0.050s CPU, 0.052s wall-clock]
Computing fact groups...
Finding invariants...
12 initial candidates
Finding invariants: [0.010s CPU, 0.009s wall-clock]
Checking invariant weight... [0.000s CPU, 0.000s wall-clock]
Instantiating groups... [0.000s CPU, 0.001s wall-clock]
Collecting mutex groups... [0.000s CPU, 0.000s wall-clock]
Choosing groups...
24 uncovered facts
Choosing groups: [0.000s CPU, 0.001s wall-clock]
Building translation key... [0.000s CPU, 0.000s wall-clock]
Computing fact groups: [0.010s CPU, 0.013s wall-clock]
Building STRIPS to SAS dictionary... [0.000s CPU, 0.000s wall-clock]
Building dictionary for full mutex groups... [0.000s CPU, 0.000s wall-clock]
Building mutex information...
Building mutex information: [0.000s CPU, 0.000s wall-clock]
Translating task...
Processing axioms...
Simplifying axioms... [0.000s CPU, 0.000s wall-clock]
Processing axioms: [0.010s CPU, 0.002s wall-clock]
Translating task: [0.020s CPU, 0.018s wall-clock]
0 implied effects removed
12 effect conditions simplified
0 implied preconditions added
Detecting unreachable propositions...
0 operators removed
14 propositions removed
Detecting unreachable propositions: [0.000s CPU, 0.003s wall-clock]
Translator variables: 38
Translator derived variables: 6
Translator facts: 145
Translator mutex groups: 20
Translator total mutex groups size: 175
Translator operators: 246
Translator task size: 1983
Translator peak memory: 80248 KB
Writing output... [0.000s CPU, 0.004s wall-clock]
Done! [0.110s CPU, 0.105s wall-clock]

2. Running preprocessor
Building causal graph...
The causal graph is not acyclic.
26 variables of 38 necessary
6 of 20 mutex groups necessary.
246 of 246 operators necessary.
8 of 8 axiom rules necessary.
Axioms: h2 not used.
Ordering: 26
previous variable order: var13 - var14 - var15 - var16 - var20 - var17 - var18 - var19 - var4 - var6 - var3 - var2 - var5 - var1 - var0 - var12 - var7 - var11 - var8 - var10 - var9 - var25 - var23 - var21 - var22 - var24 - : 12497
New value: 3564
New value: 3226
new variable order: var22 - var4 - var3 - var2 - var6 - var1 - var5 - var0 - var13 - var17 - var7 - var15 - var14 - var18 - var16 - var19 - var8 - var9 - var10 - var11 - var12 - var20 - var23 - var21 - var25 - var24 - : 3226
Building domain transition graphs...
solveable in poly time 0
Building successor generator...
Preprocessor facts: 121
Preprocessor derived variables: 6
Preprocessor task size: 1814
Writing output...
Number of vars: 26
weighted 38
done


3. Running search
/planner/src/search/downward ipc-18 symple100000SAT --plan-file re.out
Dispatcher selected state size 1.
This is a nonunit task.
Simplifying transitions... done!
Peak memory: 6068 KB
