INFO     Running translator.
INFO     translator inputs: ['../../domain1.pddl', '../../problem2.pddl']
INFO     translator arguments: []
Parsing...
Parsing: [0.000s CPU, 0.013s wall-clock]
Normalizing task... [0.000s CPU, 0.001s wall-clock]
Instantiating...
Generating Datalog program... [0.000s CPU, 0.001s wall-clock]
Normalizing Datalog program...
Trivial rules: Converted to facts.
Normalizing Datalog program: [0.020s CPU, 0.010s wall-clock]
Preparing model... [0.000s CPU, 0.003s wall-clock]
Generated 89 rules.
Computing model... [0.040s CPU, 0.040s wall-clock]
789 relevant atoms
799 auxiliary atoms
1588 final queue length
3934 total queue pushes
Completing instantiation... [0.090s CPU, 0.096s wall-clock]
Instantiating: [0.150s CPU, 0.151s wall-clock]
Computing fact groups...
Finding invariants...
17 initial candidates
Finding invariants: [0.030s CPU, 0.023s wall-clock]
Checking invariant weight... [0.000s CPU, 0.000s wall-clock]
Instantiating groups... [0.000s CPU, 0.001s wall-clock]
Collecting mutex groups... [0.000s CPU, 0.000s wall-clock]
Choosing groups...
52 uncovered facts
Choosing groups: [0.000s CPU, 0.001s wall-clock]
Building translation key... [0.000s CPU, 0.001s wall-clock]
Computing fact groups: [0.030s CPU, 0.029s wall-clock]
Building STRIPS to SAS dictionary... [0.000s CPU, 0.000s wall-clock]
Building dictionary for full mutex groups... [0.000s CPU, 0.000s wall-clock]
Building mutex information...
Building mutex information: [0.000s CPU, 0.001s wall-clock]
Translating task...
Processing axioms...
Simplifying axioms... [0.000s CPU, 0.000s wall-clock]
Processing axioms: [0.010s CPU, 0.007s wall-clock]
Translating task: [0.120s CPU, 0.117s wall-clock]
1692 effect conditions simplified
0 implied preconditions added
Detecting unreachable propositions...
0 operators removed
0 axioms removed
13 propositions removed
Detecting unreachable propositions: [0.050s CPU, 0.047s wall-clock]
Translator variables: 56
Translator derived variables: 6
Translator facts: 182
Translator goal facts: 5
Translator mutex groups: 20
Translator total mutex groups size: 175
Translator operators: 534
Translator axioms: 8
Translator task size: 8674
Translator peak memory: 50976 KB
Writing output... [0.020s CPU, 0.020s wall-clock]
Done! [0.370s CPU, 0.384s wall-clock]
INFO     Running preprocessor.
INFO     preprocessor input: output.sas
INFO     preprocessor arguments: ['--h2_time_limit', '30']
Building causal graph...
The causal graph is not acyclic.
56 variables of 56 necessary
13 of 20 mutex groups necessary.
534 of 534 operators necessary.
8 of 8 axiom rules necessary.
Disabling h2 analysis because it does not currently support axioms
Preprocessor variables: 56
Preprocessor facts: 182
Preprocessor derived variables: 6
Preprocessor operators: 534
Preprocessor mutex groups: 13
Preprocessor task size: 8590
Writing output...
done
INFO     Running search.
INFO     search input: output
INFO     search portfolio: /planner/driver/portfolios/seq_sat_saarplan.py
External time limits: -1, -1
Internal time limit: 1800
External memory limits: -1, -1
Internal memory limit: 8000000000
remaining time at start: 1799.31
remaining time: 1799.31
config 0: relative time 100, remaining 1800
g bound: infinity
next plan number: 1
args: ['/planner/driver/../fast-downward-decoupled/search/downward-release', '--decoupling', 'fork(search_type=sat, pruning=cost_frontier(irrelevance=TRANSITIONS), max_leaf_size=1000000)', '--heuristic', 'hff=ff(cost_type=one)', '--search', 'lazy_greedy(hff, preferred=hff, cost_type=one, bound=infinity)', '--internal-previous-portfolio-plans', '0', '--internal-plan-file', 're.out']
timeout: 99.96 -> (100, 101)
using frontier pruning method
performing irrelevance analysis in leaf factors
performing decoupled satisficing search
maximum leaf factor size 1000000
using fork factoring profile
reading input... [t=0.00321668s]
done reading input! [t=0.0103061s]
Peak memory: 4096 KB
returncode: 3

remaining time: 1799.27
config 1: relative time 600, remaining 1700
g bound: infinity
next plan number: 1
args: ['/planner/driver/../fast-downward-decoupled/search/downward-release', '--decoupling', 'portfolio(fallback_on_abstain=true, overwrite_options=true, choose_max_leaves=true,          factorings=[fork(search_type=sat, max_leaf_size=1000000), ifork(search_type=sat, max_leaf_size=1000000), incarcs(search_type=sat, max_leaf_size=100000)])', '--heuristic', 'hff=ff(cost_type=one)', '--search', 'lazy_greedy(hff, preferred=hff, cost_type=one, bound=infinity, symmetry=symmetry_state_pruning(lex_prices=false, lex_num_states=false, lex_goal_cost=false))', '--internal-previous-portfolio-plans', '0', '--internal-plan-file', 're.out']
timeout: 635.04 -> (636, 637)
performing decoupled satisficing search
maximum leaf factor size 1000000
using default pruning method: BasicPruning
using fork factoring profile
performing decoupled satisficing search
maximum leaf factor size 1000000
using default pruning method: BasicPruning
using inverted-fork factoring profile
performing decoupled satisficing search
maximum leaf factor size 100000
using default pruning method: BasicPruning
using incident-arcs factoring profile
performing Star Decoupled A* search
using default pruning method: BasicPruning
using factoring portfolio
reading input... [t=0s]
done reading input! [t=0.00796939s]
Variables: 56
Bytes per state: 12
Building successor generator...done! [t=0.00796939s]
peak memory difference for root successor generator creation: 0 KB
time for root successor generation creation: 0s
done! [t=0.00796939s]
done initalizing global data [t=0.00796939s]
Creating symmetry graph stabilizing goal only and using orbit search.
Conducting lazy best first search, (real) bound = 2147483647
Initializing FF heuristic...
Initializing additive heuristic...
Simplifying 3902 unary operators... done! [3902 unary operators]
Best heuristic value: 19 [g=0, 1 evaluated, 0 expanded, t=0.011979s, 5804 KB]
Best heuristic value: 17 [g=1, 7 evaluated, 6 expanded, t=0.011979s, 5804 KB]
Best heuristic value: 16 [g=6, 22 evaluated, 21 expanded, t=0.0159618s, 5804 KB]
Best heuristic value: 15 [g=14, 98 evaluated, 94 expanded, t=0.0239642s, 5804 KB]
Best heuristic value: 13 [g=15, 103 evaluated, 99 expanded, t=0.0239642s, 5804 KB]
Best heuristic value: 12 [g=16, 104 evaluated, 100 expanded, t=0.0239642s, 5804 KB]
Best heuristic value: 9 [g=18, 108 evaluated, 104 expanded, t=0.0279515s, 5804 KB]
Best heuristic value: 8 [g=19, 109 evaluated, 105 expanded, t=0.0279515s, 5804 KB]
Best heuristic value: 7 [g=23, 380 evaluated, 355 expanded, t=0.0639334s, 5804 KB]
Best heuristic value: 5 [g=24, 381 evaluated, 356 expanded, t=0.0639334s, 5804 KB]
Best heuristic value: 3 [g=25, 382 evaluated, 357 expanded, t=0.0639334s, 5804 KB]
Best heuristic value: 2 [g=26, 384 evaluated, 359 expanded, t=0.0639334s, 5804 KB]
Best heuristic value: 1 [g=27, 385 evaluated, 360 expanded, t=0.0639334s, 5804 KB]
Solution found!
Actual search time: 0.055964s [t=0.0639334s]
move-from-arrival train1 v1 t0 t5 t6 track2 (1)
switch-to-next-train train1 train2 (1)
move-from-arrival train2 v2 v1 t3 t4 track1 (1)
switch-to-next-train train2 train3 (1)
move-from-arrival train3 v3 v2 t0 t5 track2 (1)
switch-to-next-train train3 train4 (1)
move-from-arrival train4 v4 v3 t2 t3 track1 (1)
switch-to-next-train train4 train5 (1)
move-from-arrival train5 v5 v4 t1 t2 track1 (1)
switch-to-next-train train5 train6 (1)
move-from-arrival train6 v6 v5 t0 t1 track1 (1)
switch-to-next-train train6 train3 (1)
move-to-departure train3 t5 t0 v5 v6 track2 (1)
switch-to-next-train train3 train1 (1)
move-to-departure train1 t6 t5 v4 v5 track2 (1)
switch-to-next-train train1 train2 (1)
switch-to-next-train train2 train6 (1)
move-to-departure train6 t1 t0 v3 v4 track1 (1)
switch-to-next-train train6 train2 (1)
switch-to-next-train train2 train5 (1)
move-from-track train5 t2 t1 t0 track1 (1)
move-to-track train5 t0 t5 t6 track2 (1)
switch-to-next-train train5 train4 (1)
move-to-departure train4 t3 t2 v2 v3 track1 (1)
switch-to-next-train train4 train2 (1)
move-to-departure train2 t4 t3 v1 v2 track1 (1)
switch-to-next-train train2 train5 (1)
move-to-departure train5 t6 t5 t0 v1 track2 (1)
Plan length: 28 step(s).
Plan cost: 28
Initial state h value: 19.
Expanded 361 state(s).
Reopened 0 state(s).
Evaluated 386 state(s).
Evaluations: 386
Generated 1936 state(s).
Dead ends: 24 state(s).
Number of registered states: 386
Search time: 0.055964s
Total time: 0.0639334s
Solution found.
Peak memory: 5804 KB
returncode: 0

plan manager: found new plan with cost 28
remaining time: 1799.2
config 2: relative time 1100, remaining 1100
g bound: 27
next plan number: 2
args: ['/planner/driver/../fast-downward-conjunctions/builds/release64clangpgonative/bin/downward', '--if-unit-cost', '--heuristic', 'hcff_normalcost=cff(seed=42, cache_estimates=false, cost_type=PLUSONE)', '--heuristic', 'hn_normalcost=novelty(cache_estimates=false)', '--heuristic', 'tmp_normalcost=novelty_linker(hcff_normalcost, [hn_normalcost])', '--heuristic', 'hlm_normalcost=lmcount(lm_rhw(reasonable_orders=true))', '--search', 'ipc18_iterated([grey_initial_state_search(grey_painting=all_prefer_inv, cost_type=PLUSONE),                            ehc_cn(hcff_normalcost, preferred=hcff_normalcost, novelty=hn_normalcost, seed=42, max_growth=8, max_time=500),                            lazy_iterated_weights_c([hcff_normalcost, hlm_normalcost], preferred=[hcff_normalcost], conjunctions_heuristic=hcff_normalcost,                                                    strategy=maintain_fixed_size_probabilistic(initial_removal_mode=UNTIL_BOUND, base_probability=0.02, target_growth_ratio=1.50))                           ], delete_after_phase_heuristics=[hn_normalcost, tmp_normalcost], delete_after_phase_phases=[1, 1], continue_on_fail=true, bound=27)', '--if-non-unit-cost', '--heuristic', 'hcff=cff(seed=42, cache_estimates=false, cost_type=ONE)', '--heuristic', 'hn=novelty(cache_estimates=false)', '--heuristic', 'tmp=novelty_linker(hcff, [hn])', '--heuristic', 'hcff_normalcost=cff(seed=42, cache_estimates=false, cost_type=PLUSONE)', '--heuristic', 'hn_normalcost=novelty(cache_estimates=false)', '--heuristic', 'tmp_normalcost=novelty_linker(hcff_normalcost, [hn_normalcost])', '--heuristic', 'hlm=lmcount(lm_rhw(reasonable_orders=true, lm_cost_type=ONE), cost_type=ONE)', '--heuristic', 'hlm_normalcost=lmcount(lm_rhw(reasonable_orders=true))', '--search', 'ipc18_iterated([grey_initial_state_search(grey_painting=all_prefer_inv, cost_type=ONE),                            ehc_cn(hcff, preferred=hcff, novelty=hn, seed=42, cost_type=ONE, max_growth=8, max_time=500),                            lazy_greedy_c([hcff, hlm], preferred=[hcff], conjunctions_heuristic=hcff,                                          strategy=maintain_fixed_size_probabilistic(initial_removal_mode=UNTIL_BOUND, base_probability=0.02, target_growth_ratio=1.50), cost_type=ONE),                            ehc_cn(hcff_normalcost, preferred=hcff_normalcost, novelty=hn_normalcost, seed=42, max_growth=8, max_time=100),                            lazy_iterated_weights_c([hcff_normalcost, hlm_normalcost], preferred=[hcff_normalcost], conjunctions_heuristic=hcff_normalcost,                                                    strategy=maintain_fixed_size_probabilistic(generate_initially=true, initial_removal_mode=UNTIL_BOUND, base_probability=0.02, target_growth_ratio=1.50))                           ], decision_point=1, skip_if_solved=[2], skip_if_failed=[3],                           delete_after_phase_heuristics=[hn, tmp, hcff, hlm, hn_normalcost, tmp_normalcost],                           delete_after_phase_phases=[1, 1, 2, 2, 3, 3], continue_on_fail=true, bound=27)', '--always', '--internal-previous-portfolio-plans', '1', '--internal-plan-file', 're.out']
timeout: 1799.20 -> (1800, 1801)
reading input... [t=0.00224059s]
done reading input! [t=0.0101735s]
packing state variables...done! [t=0.0101735s]
Variables: 56
FactPairs: 182
Bytes per state: 12
Building successor generator...done! [t=0.0101735s]
done initalizing global data [t=0.0101735s]
cross context: 1
best supporter function: h^Cadd
no relaxed plan extraction: 0
tie breaking: RANDOM
WARNING: task has axioms that are being ignored by the heuristic!
Initializing CFF heuristic...
The original task would have 3102 counters.
Finished hcff initialization, t = 0.00800454s
Initializing novelty heuristic...
Linking novelty heuristics to the conjunctions heuristic...
Initializing Exploration...
Initializing landmarks count heuristic...
Generating landmarks using the RPG/SAS+ approach
approx. reasonable orders
approx. obedient reasonable orders
Removed 0 reasonable or obedient reasonable orders
Landmarks generation time: 0.0279177s
Discovered 61 landmarks, of which 5 are disjunctive and 0 are conjunctive 
375 edges
Starting search: grey_initial_state_search(grey_painting = all_prefer_inv, cost_type = plusone)
Simplifying 3902 unary operators... done! [3902 unary operators]
Initializing additive heuristic...
Initializing Red-Black Relaxation heuristic...
Peak memory: 8960 KB
returncode: 3

remaining time: 1799.1
config 0: relative time 600, remaining 600
g bound: 28
next plan number: 2
args: ['/planner/driver/../fast-downward-decoupled/search/downward-release', '--decoupling', 'portfolio(fallback_on_abstain=true, overwrite_options=true, choose_max_leaves=true,          factorings=[fork(search_type=sat, max_leaf_size=1000000), ifork(search_type=sat, max_leaf_size=1000000), incarcs(search_type=sat, max_leaf_size=100000)])', '--heuristic', 'hff=ff(cost_type=one)', '--search', 'lazy_greedy(hff, preferred=hff, cost_type=one, bound=28, symmetry=symmetry_state_pruning(lex_prices=false, lex_num_states=false, lex_goal_cost=false))', '--internal-previous-portfolio-plans', '1', '--internal-plan-file', 're.out']
timeout: 1799.10 -> (1800, 1801)
performing decoupled satisficing search
maximum leaf factor size 1000000
using default pruning method: BasicPruning
using fork factoring profile
performing decoupled satisficing search
maximum leaf factor size 1000000
using default pruning method: BasicPruning
using inverted-fork factoring profile
performing decoupled satisficing search
maximum leaf factor size 100000
using default pruning method: BasicPruning
using incident-arcs factoring profile
performing Star Decoupled A* search
using default pruning method: BasicPruning
using factoring portfolio
reading input... [t=0s]
done reading input! [t=0.00540811s]
Variables: 56
Bytes per state: 12
Building successor generator...done! [t=0.00540811s]
peak memory difference for root successor generator creation: 0 KB
time for root successor generation creation: 0s
done! [t=0.00540811s]
done initalizing global data [t=0.00540811s]
Creating symmetry graph stabilizing goal only and using orbit search.
Conducting lazy best first search, (real) bound = 28
Initializing FF heuristic...
Initializing additive heuristic...
Simplifying 3902 unary operators... done! [3902 unary operators]
Best heuristic value: 19 [g=0, 1 evaluated, 0 expanded, t=0.0134108s, 5804 KB]
Best heuristic value: 17 [g=1, 7 evaluated, 6 expanded, t=0.0134108s, 5804 KB]
Best heuristic value: 16 [g=6, 22 evaluated, 21 expanded, t=0.0134108s, 5804 KB]
Best heuristic value: 15 [g=14, 98 evaluated, 94 expanded, t=0.0254088s, 5804 KB]
Best heuristic value: 13 [g=15, 103 evaluated, 99 expanded, t=0.0254088s, 5804 KB]
Best heuristic value: 12 [g=16, 104 evaluated, 100 expanded, t=0.0254088s, 5804 KB]
Best heuristic value: 9 [g=18, 108 evaluated, 104 expanded, t=0.0254088s, 5804 KB]
Best heuristic value: 8 [g=19, 109 evaluated, 105 expanded, t=0.0254088s, 5804 KB]
Best heuristic value: 7 [g=23, 380 evaluated, 355 expanded, t=0.0654092s, 5804 KB]
Best heuristic value: 5 [g=24, 381 evaluated, 356 expanded, t=0.0654092s, 5804 KB]
Best heuristic value: 3 [g=25, 382 evaluated, 357 expanded, t=0.0654092s, 5804 KB]
Best heuristic value: 2 [g=26, 384 evaluated, 359 expanded, t=0.0654092s, 5804 KB]
Best heuristic value: 1 [g=27, 385 evaluated, 360 expanded, t=0.0654092s, 5804 KB]
Completely explored state space -- no solution!
Actual search time: 0.11198s [t=0.12139s]
Initial state h value: 19.
Expanded 795 state(s).
Reopened 0 state(s).
Evaluated 837 state(s).
Evaluations: 837
Generated 4257 state(s).
Dead ends: 42 state(s).
Number of registered states: 837
Search time: 0.11198s
Total time: 0.12139s
Search stopped without finding a solution.
Peak memory: 5804 KB
returncode: 5

Exit codes: [3, 0, 3, 5]
Error: Unexpected exit codes: [3]
Command '['run-portfolio', '/planner/driver/portfolios/seq_sat_saarplan.py']' returned non-zero exit status 3
