0 : (move-from-arrival train1 v1 t0 t5 t6 track2)
1 : (switch-to-next-train train1 train2)
2 : (move-from-arrival train2 v2 v1 t3 t4 track1)
3 : (switch-to-next-train train2 train3)
4 : (move-from-arrival train3 v3 v2 t0 t5 track2)
5 : (switch-to-next-train train3 train4)
6 : (move-from-arrival train4 v4 v3 t2 t3 track1)
7 : (switch-to-next-train train4 train5)
8 : (move-from-arrival train5 v5 v4 t1 t2 track1)
9 : (switch-to-next-train train5 train6)
10 : (move-from-arrival train6 v6 v5 t0 t1 track1)
11 : (switch-to-next-train train6 train3)
12 : (move-to-departure train3 t5 t0 v5 v6 track2)
13 : (switch-to-next-train train3 train1)
14 : (move-to-departure train1 t6 t5 v4 v5 track2)
15 : (switch-to-next-train train1 train6)
16 : (move-from-track train6 t1 t0 t0 track1)
17 : (move-to-track train6 t0 t5 t6 track2)
18 : (switch-to-next-train train6 train5)
19 : (move-to-departure train5 t2 t1 v3 v4 track1)
20 : (switch-to-next-train train5 train4)
21 : (move-to-departure train4 t3 t2 v2 v3 track1)
22 : (switch-to-next-train train4 train2)
23 : (move-to-departure train2 t4 t3 v1 v2 track1)
24 : (switch-to-next-train train2 train6)
25 : (move-to-departure train6 t6 t5 t0 v1 track2)
26 : (switch-to-next-train train6 train1)
