Straring problem7c with setting 5 at 2023-06-21 01:35:50.797

ff: parsing domain file
domain 'TUSD' defined
 ... done.
ff: parsing problem file
problem 'PROBLEM7' defined
 ... done.


warning: numeric precondition. turning cost-minimizing relaxed plans OFF.

ff: search configuration is Enforced Hill-Climbing, then A*epsilon with weight 5.
Metric is ((1.00*[RF7](COST)) - () + 0.00)
COST MINIMIZATION DONE (WITHOUT cost-minimizing relaxed plans).

Cueing down from goal distance:   55 into depth [1][2]
                                  54            [1]
                                  48            [1][2]
                                  47            [1]
                                  20            [1][2]
                                  19            [1][2]
                                  17            [1][2]
                                  13            [1][2]
                                  11            [1][2][3]
                                   9            [1] --- pruning stopped --- [1][2][3][4][5][6][7][8][9][10][11][12][13][14][15][16][17][18][19][20][21]

Enforced Hill-climbing not successful.
Switching to A*epsilon now.

Advancing to goal distance:   55
                              54
                              48
                              19
                              18
                              17
                              13
                              11
                               9
                               7-e Execution of problem7c with setting 5 stopped at 2023-06-21 02:05:50.819
Total time elapsed = 00:30:00.022000000
