0 : (move-on-arrival train1 v1 t0)
1 : (move-on-arrival train2 v2 v1)
2 : (move-to-track train1 t0 t5 track2)
3 : (move-on-arrival train2 v1 t0)
4 : (move-on-arrival train3 v3 v2)
5 : (move-along-track train1 t5 t6 track2)
6 : (move-on-arrival train3 v2 v1)
7 : (move-on-arrival train4 v4 v3)
8 : (move-to-track train2 t0 t1 track1)
9 : (move-along-track train2 t1 t2 track1)
10 : (move-on-arrival train3 v1 t0)
11 : (move-on-arrival train4 v3 v2)
12 : (move-on-arrival train5 v5 v4)
13 : (move-along-track train2 t2 t3 track1)
14 : (move-on-arrival train4 v2 v1)
15 : (move-on-arrival train5 v4 v3)
16 : (move-on-arrival train6 v6 v5)
17 : (move-to-track train3 t0 t5 track2)
18 : (move-on-arrival train4 v1 t0)
19 : (move-on-arrival train5 v3 v2)
20 : (move-on-arrival train6 v5 v4)
21 : (move-along-track train2 t3 t4 track1)
22 : (move-on-arrival train5 v2 v1)
23 : (move-on-arrival train6 v4 v3)
24 : (move-to-track train4 t0 t1 track1)
25 : (move-along-track train4 t1 t2 track1)
26 : (move-on-arrival train5 v1 t0)
27 : (move-on-arrival train6 v3 v2)
28 : (move-along-track train4 t2 t3 track1)
29 : (move-on-arrival train6 v2 v1)
30 : (move-to-track train5 t0 t1 track1)
31 : (move-along-track train5 t1 t2 track1)
32 : (move-on-arrival train6 v1 t0)
33 : (move-to-track train6 t0 t1 track1)
34 : (move-from-track train3 t5 t0 track2)
35 : (move-along-track train1 t6 t5 track2)
36 : (move-to-departure train3 t0 v1)
37 : (move-from-track train1 t5 t0 track2)
38 : (move-to-departure train3 v1 v2)
39 : (move-to-departure train1 t0 v1)
40 : (move-to-departure train3 v2 v3)
41 : (move-from-track train6 t1 t0 track1)
42 : (move-to-departure train1 v1 v2)
43 : (move-to-departure train3 v3 v4)
44 : (move-along-track train5 t2 t1 track1)
45 : (move-to-departure train1 v2 v3)
46 : (move-to-departure train3 v4 v5)
47 : (move-to-track train6 t0 t5 track2)
48 : (move-along-track train4 t3 t2 track1)
49 : (move-along-track train6 t5 t6 track2)
50 : (move-from-track train5 t1 t0 track1)
51 : (move-to-departure train1 v3 v4)
52 : (move-along-track train2 t4 t3 track1)
53 : (move-along-track train4 t2 t1 track1)
54 : (move-to-departure train1 v4 v3)
55 : (move-to-departure train5 t0 v1)
56 : (move-along-track train2 t3 t2 track1)
57 : (move-from-track train4 t1 t0 track1)
58 : (move-to-departure train1 v3 v4)
59 : (move-to-departure train3 v5 v6)
60 : (move-to-departure train5 v1 v2)
61 : (move-along-track train2 t2 t1 track1)
62 : (move-to-departure train1 v4 v5)
63 : (move-to-departure train4 t0 v1)
64 : (move-to-departure train5 v2 v3)
65 : (move-from-track train2 t1 t0 track1)
66 : (move-to-departure train4 v1 v2)
67 : (move-to-departure train5 v3 v4)
68 : (move-along-track train6 t6 t5 track2)
69 : (move-to-departure train2 t0 v1)
70 : (move-to-departure train4 v2 v3)
71 : (move-from-track train6 t5 t0 track2)
72 : (move-to-departure train2 v1 v2)
73 : (move-to-departure train6 t0 v1)
