Plan found with cost: -nan
1. (MOVE-ON-ARRIVAL TRAIN1 V1 T0)
2. (MOVE-TO-TRACK TRAIN1 T0 T4 TRACK2)
3. (MOVE-ON-ARRIVAL TRAIN2 V2 V1)
4. (MOVE-ON-ARRIVAL TRAIN2 V1 T0)
5. (MOVE-TO-TRACK TRAIN2 T0 T1 TRACK1)
6. (MOVE-ON-ARRIVAL TRAIN3 V3 V2)
7. (MOVE-ON-ARRIVAL TRAIN3 V2 V1)
8. (MOVE-ON-ARRIVAL TRAIN3 V1 T0)
9. (MOVE-TO-TRACK TRAIN3 T0 T8 TRACK2)
10. (MOVE-ALONG-TRACK TRAIN1 T4 T5 TRACK2)
11. (MOVE-ON-ARRIVAL TRAIN4 V4 V3)
12. (MOVE-ON-ARRIVAL TRAIN4 V3 V2)
13. (MOVE-ON-ARRIVAL TRAIN4 V2 V1)
14. (MOVE-ON-ARRIVAL TRAIN4 V1 T0)
15. (MOVE-TO-TRACK TRAIN4 T0 T4 TRACK2)
16. (MOVE-ALONG-TRACK TRAIN3 T8 T7 TRACK2)
17. (MOVE-ON-ARRIVAL TRAIN5 V5 V4)
18. (MOVE-ON-ARRIVAL TRAIN5 V4 V3)
19. (MOVE-ON-ARRIVAL TRAIN5 V3 V2)
20. (MOVE-ON-ARRIVAL TRAIN5 V2 V1)
21. (MOVE-ON-ARRIVAL TRAIN5 V1 T0)
22. (MOVE-TO-TRACK TRAIN5 T0 T8 TRACK2)
23. (MOVE-ALONG-TRACK TRAIN2 T1 T2 TRACK1)
24. (MOVE-ON-ARRIVAL TRAIN6 V6 V5)
25. (MOVE-ON-ARRIVAL TRAIN6 V5 V4)
26. (MOVE-ON-ARRIVAL TRAIN6 V4 V3)
27. (MOVE-ON-ARRIVAL TRAIN6 V3 V2)
28. (MOVE-ON-ARRIVAL TRAIN6 V2 V1)
29. (MOVE-ON-ARRIVAL TRAIN6 V1 T0)
30. (MOVE-TO-TRACK TRAIN6 T0 T1 TRACK1)
31. (MOVE-FROM-TRACK-TO-DEPARTURE TRAIN4 T4 T0 TRACK2)
32. (MOVE-TO-DEPARTURE TRAIN4 T0 V1)
33. (MOVE-TO-DEPARTURE TRAIN4 V1 V2)
34. (MOVE-TO-DEPARTURE TRAIN4 V2 V3)
35. (MOVE-TO-DEPARTURE TRAIN4 V3 V4)
36. (MOVE-TO-DEPARTURE TRAIN4 V4 V5)
37. (MOVE-TO-DEPARTURE TRAIN4 V5 V6)
38. (MOVE-ALONG-TRACK TRAIN1 T5 T4 TRACK2)
39. (MOVE-FROM-TRACK-TO-DEPARTURE TRAIN1 T4 T0 TRACK2)
40. (MOVE-TO-DEPARTURE TRAIN1 T0 V1)
41. (MOVE-TO-DEPARTURE TRAIN1 V1 V2)
42. (MOVE-TO-DEPARTURE TRAIN1 V2 V3)
43. (MOVE-TO-DEPARTURE TRAIN1 V3 V4)
44. (MOVE-TO-DEPARTURE TRAIN1 V4 V5)
45. (MOVE-FROM-TRACK-TO-DEPARTURE TRAIN6 T1 T0 TRACK1)
46. (MOVE-TO-TRACK TRAIN6 T0 T4 TRACK2)
47. (MOVE-ALONG-TRACK TRAIN2 T2 T1 TRACK1)
48. (MOVE-FROM-TRACK-TO-DEPARTURE TRAIN2 T1 T0 TRACK1)
49. (MOVE-TO-DEPARTURE TRAIN2 T0 V1)
50. (MOVE-TO-DEPARTURE TRAIN2 V1 V2)
51. (MOVE-TO-DEPARTURE TRAIN2 V2 V3)
52. (MOVE-TO-DEPARTURE TRAIN2 V3 V4)
53. (MOVE-FROM-TRACK-TO-DEPARTURE TRAIN6 T4 T0 TRACK2)
54. (MOVE-TO-DEPARTURE TRAIN6 T0 V1)
55. (MOVE-TO-DEPARTURE TRAIN6 V1 V2)
56. (MOVE-TO-DEPARTURE TRAIN6 V2 V3)
57. (MOVE-FROM-TRACK-TO-DEPARTURE TRAIN5 T8 T0 TRACK2)
58. (MOVE-TO-DEPARTURE TRAIN5 T0 V1)
59. (MOVE-TO-DEPARTURE TRAIN5 V1 V2)
60. (MOVE-ALONG-TRACK TRAIN3 T7 T8 TRACK2)
61. (MOVE-FROM-TRACK-TO-DEPARTURE TRAIN3 T8 T0 TRACK2)
62. (MOVE-TO-DEPARTURE TRAIN3 T0 V1)
Time: 0.027569
Generated: 2372
Expanded: 1830
Total time: 0.027582
Nodes generated during search: 2373
Nodes expanded during search: 1830
Nodes pruned by bound: 5838
Average ef. width: 1.33333
Max ef. width: 2
