Plan found with cost: -nan
1. (MOVE-ON-ARRIVAL TRAIN1 V1 T0)
2. (MOVE-TO-TRACK TRAIN1 T0 T1 TRACK1)
3. (MOVE-ON-ARRIVAL TRAIN2 V2 V1)
4. (MOVE-ON-ARRIVAL TRAIN2 V1 T0)
5. (MOVE-TO-TRACK TRAIN2 T0 T7 TRACK2)
6. (MOVE-ON-ARRIVAL TRAIN3 V3 V2)
7. (MOVE-ON-ARRIVAL TRAIN3 V2 V1)
8. (MOVE-ON-ARRIVAL TRAIN3 V1 T0)
9. (MOVE-TO-TRACK TRAIN3 T0 T10 TRACK3)
10. (MOVE-ON-ARRIVAL TRAIN4 V4 V3)
11. (MOVE-ON-ARRIVAL TRAIN4 V3 V2)
12. (MOVE-ON-ARRIVAL TRAIN4 V2 V1)
13. (MOVE-ON-ARRIVAL TRAIN4 V1 T0)
14. (MOVE-TO-TRACK TRAIN4 T0 T6 TRACK1)
15. (MOVE-ALONG-TRACK TRAIN1 T1 T2 TRACK1)
16. (MOVE-ON-ARRIVAL TRAIN5 V5 V4)
17. (MOVE-ON-ARRIVAL TRAIN5 V4 V3)
18. (MOVE-ON-ARRIVAL TRAIN5 V3 V2)
19. (MOVE-ON-ARRIVAL TRAIN5 V2 V1)
20. (MOVE-ON-ARRIVAL TRAIN5 V1 T0)
21. (MOVE-TO-TRACK TRAIN5 T0 T1 TRACK1)
22. (MOVE-ALONG-TRACK TRAIN3 T10 T11 TRACK3)
23. (MOVE-ON-ARRIVAL TRAIN6 V6 V5)
24. (MOVE-ON-ARRIVAL TRAIN6 V5 V4)
25. (MOVE-ON-ARRIVAL TRAIN6 V4 V3)
26. (MOVE-ON-ARRIVAL TRAIN6 V3 V2)
27. (MOVE-ON-ARRIVAL TRAIN6 V2 V1)
28. (MOVE-ON-ARRIVAL TRAIN6 V1 T0)
29. (MOVE-TO-TRACK TRAIN6 T0 T10 TRACK3)
30. (MOVE-ALONG-TRACK TRAIN2 T7 T8 TRACK2)
31. (MOVE-ON-ARRIVAL TRAIN7 V7 V6)
32. (MOVE-ON-ARRIVAL TRAIN7 V6 V5)
33. (MOVE-ON-ARRIVAL TRAIN7 V5 V4)
34. (MOVE-ON-ARRIVAL TRAIN7 V4 V3)
35. (MOVE-ON-ARRIVAL TRAIN7 V3 V2)
36. (MOVE-ON-ARRIVAL TRAIN7 V2 V1)
37. (MOVE-ON-ARRIVAL TRAIN7 V1 T0)
38. (MOVE-TO-TRACK TRAIN7 T0 T7 TRACK2)
39. (MOVE-ALONG-TRACK TRAIN4 T6 T5 TRACK1)
40. (MOVE-ON-ARRIVAL TRAIN8 V8 V7)
41. (MOVE-ON-ARRIVAL TRAIN8 V7 V6)
42. (MOVE-ON-ARRIVAL TRAIN8 V6 V5)
43. (MOVE-ON-ARRIVAL TRAIN8 V5 V4)
44. (MOVE-ON-ARRIVAL TRAIN8 V4 V3)
45. (MOVE-ON-ARRIVAL TRAIN8 V3 V2)
46. (MOVE-ON-ARRIVAL TRAIN8 V2 V1)
47. (MOVE-ON-ARRIVAL TRAIN8 V1 T0)
48. (MOVE-TO-TRACK TRAIN8 T0 T6 TRACK1)
49. (MOVE-ALONG-TRACK TRAIN4 T5 T4 TRACK1)
50. (MOVE-ALONG-TRACK TRAIN8 T6 T5 TRACK1)
51. (MOVE-ON-ARRIVAL TRAIN9 V9 V8)
52. (MOVE-ON-ARRIVAL TRAIN9 V8 V7)
53. (MOVE-ON-ARRIVAL TRAIN9 V7 V6)
54. (MOVE-ON-ARRIVAL TRAIN9 V6 V5)
55. (MOVE-ON-ARRIVAL TRAIN9 V5 V4)
56. (MOVE-ON-ARRIVAL TRAIN9 V4 V3)
57. (MOVE-ON-ARRIVAL TRAIN9 V3 V2)
58. (MOVE-ON-ARRIVAL TRAIN9 V2 V1)
59. (MOVE-ON-ARRIVAL TRAIN9 V1 T0)
60. (MOVE-TO-TRACK TRAIN9 T0 T6 TRACK1)
61. (MOVE-ALONG-TRACK TRAIN1 T2 T3 TRACK1)
62. (MOVE-ALONG-TRACK TRAIN5 T1 T2 TRACK1)
63. (MOVE-ON-ARRIVAL TRAIN10 V10 V9)
64. (MOVE-ON-ARRIVAL TRAIN10 V9 V8)
65. (MOVE-ON-ARRIVAL TRAIN10 V8 V7)
66. (MOVE-ON-ARRIVAL TRAIN10 V7 V6)
67. (MOVE-ON-ARRIVAL TRAIN10 V6 V5)
68. (MOVE-ON-ARRIVAL TRAIN10 V5 V4)
69. (MOVE-ON-ARRIVAL TRAIN10 V4 V3)
70. (MOVE-ON-ARRIVAL TRAIN10 V3 V2)
71. (MOVE-ON-ARRIVAL TRAIN10 V2 V1)
72. (MOVE-ON-ARRIVAL TRAIN10 V1 T0)
73. (MOVE-TO-TRACK TRAIN10 T0 T1 TRACK1)
Time: 0.363618
Generated: 15652
Expanded: 12442
Total time: 0.363628
Nodes generated during search: 15653
Nodes expanded during search: 12442
Nodes pruned by bound: 104386
Average ef. width: 1.6
Max ef. width: 2
