../../domain1.pddl
../../problem2.pddl
re.out
/home/simbachiu/rail-planning/domain1/0-initial
Action cost: move-to-track | without_action_costs | 0
Action cost: move-from-track | without_action_costs | 0
Action cost: move-along-track | without_action_costs | 0
Action cost: move-to-departure | without_action_costs | 0
Action cost: move-on-arrival | without_action_costs | 0

/planner/src/parser
/home/simbachiu/rail-planning/domain1/0-initial

original_domain: /home/simbachiu/rail-planning/domain1/0-initial/domain1.pddl
domain_wac: /home/simbachiu/rail-planning/domain1/0-initial/domain_without_action_costs.txt
domain_wce: /home/simbachiu/rail-planning/domain1/0-initial/domain_wce.txt
domain_ready: /home/simbachiu/rail-planning/domain1/0-initial/domain_ready.txt

original_problem: /home/simbachiu/rail-planning/domain1/0-initial/problem2.pddl
problem_wac: /home/simbachiu/rail-planning/domain1/0-initial/problem_without_action_costs.txt
problem_wce: /home/simbachiu/rail-planning/domain1/0-initial/facts_wce.txt
problem_ready: /home/simbachiu/rail-planning/domain1/0-initial/problem_ready.txt

action_costs_domain_file: /home/simbachiu/rail-planning/domain1/0-initial/action_costs_from_domain_file.txt
action_costs_problem_file: /home/simbachiu/rail-planning/domain1/0-initial/action_costs_from_problem_file.txt



Action costs processed.


highest number of when per action: 0


El dominio original no tiene efectos condicionales, por lo tanto no es necesario realizar la compilacion.

Parsing...
Parsing: [0.010s CPU, 0.003s wall-clock]
Normalizing task... [0.000s CPU, 0.001s wall-clock]
Instantiating...
Generating Datalog program... [0.000s CPU, 0.001s wall-clock]
Normalizing Datalog program...
Trivial rules: Converted to facts.
Normalizing Datalog program: [0.010s CPU, 0.007s wall-clock]
Preparing model... [0.000s CPU, 0.002s wall-clock]
Generated 60 rules.
Computing model... [0.020s CPU, 0.021s wall-clock]
444 relevant atoms
879 auxiliary atoms
1323 final queue length
1671 total queue pushes
Completing instantiation... [0.020s CPU, 0.016s wall-clock]
Instantiating: [0.050s CPU, 0.047s wall-clock]
Computing fact groups...
Finding invariants...
10 initial candidates
Finding invariants: [0.010s CPU, 0.007s wall-clock]
Checking invariant weight... [0.000s CPU, 0.000s wall-clock]
Instantiating groups... [0.000s CPU, 0.001s wall-clock]
Collecting mutex groups... [0.000s CPU, 0.000s wall-clock]
Choosing groups...
37 uncovered facts
Choosing groups: [0.000s CPU, 0.001s wall-clock]
Building translation key... [0.000s CPU, 0.000s wall-clock]
Computing fact groups: [0.010s CPU, 0.011s wall-clock]
Building STRIPS to SAS dictionary... [0.000s CPU, 0.000s wall-clock]
Building dictionary for full mutex groups... [0.000s CPU, 0.000s wall-clock]
Building mutex information...
Building mutex information: [0.000s CPU, 0.000s wall-clock]
Translating task...
Processing axioms...
Simplifying axioms... [0.000s CPU, 0.000s wall-clock]
Processing axioms: [0.000s CPU, 0.002s wall-clock]
Translating task: [0.020s CPU, 0.018s wall-clock]
0 implied effects removed
216 effect conditions simplified
0 implied preconditions added
Detecting unreachable propositions...
0 operators removed
6 propositions removed
Detecting unreachable propositions: [0.000s CPU, 0.003s wall-clock]
/home/simbachiu/rail-planning/domain1/0-initial
************
8,21,0,5,879,0152,169
domain1,problem2,1,8,21,15,0,50,5,5,6,0,60,444,879,1323,1671,-1,-1,-1,0,216,0,43,6,152,19,169,204,1791
End the translate
Translator variables: 43
Translator derived variables: 6
Translator facts: 152
Translator mutex groups: 19
Translator total mutex groups size: 169
Translator operators: 204
Translator task size: 1791
Translator peak memory: 26080 KB
Writing output... [0.010s CPU, 0.004s wall-clock]
Done! [0.100s CPU, 0.090s wall-clock]
Building causal graph...
The causal graph is not acyclic.
31 variables of 43 necessary
13 of 19 mutex groups necessary.
204 of 204 operators necessary.
8 of 8 axiom rules necessary.
Building domain transition graphs...
solveable in poly time 0
Building successor generator...
Preprocessor facts: 128
Preprocessor derived variables: 6
Preprocessor task size: 1653
Writing output...
 esto  no me sale

statistics DTG
31,5, 313, 1306, 0.0990415, 4.17252, 42.129, 0.16129, 
15, 8.93548, 4.79203, 16, 8.93548, 5.51207, 198, 42.129, 37.3784,120, 40.5806, 39.1257
, 0, 0, 0, 6, 0.516129, 1.41127, 0, 0, 0, 6, 0.516129,1.41127,
128, 632, 1890, 0.334392, 0.202532, 1, 24, 7.40943, 0.0869058, 
24, 7.40943, 0.0869058, 72, 20.5931,0.260717, 72,20.5931, 0.0869058
--
31,0.16129, 4.79203, 8.93548, 198, 42.129,1.41127, 0,128, 632, 72
done


ff: parsing domain file
domain 'DOMAIN1' defined
 ... done.
ff: parsing problem file
problem 'PROBLEM2' defined
 ... done.


no metric specified. plan length assumed.

checking for cyclic := effects --- OK.

Evaluation function 1.000000*g(s) + 3.000000*h(s) where
 metric is plan length

 INITIAL STATE FEEATURES

 num_relevant_facts: 116 
 num_actions: 220 
 rp_fact_balance_min:  -6
 rp_fact_balance_avg:  0.060345
 rp_fact_balance_var:  0.853884
 rp_goal_balance_min:  1
 rp_goal_balance_avg:  1.000000
 rp_goal_balance_var:  0.000000

 Planning Graph Fact Serie:		 19 2 7 6 11 10 14 11 8 5 7 4 6 1
 Relaxed Plan Add Serie:		 0 2 6 6 8 8 12 8 8 4 6 2 4 1
 Relaxed Plan Del Serie:		 0 2 5 6 7 8 11 8 7 4 5 2 3 0
 Achieved Goal Serie:			 0 0 0 0 0 0 0 0 0 0 0 0 0 1
 Applicable Action Serie:		 1 3 8 11 16 18 21 15 10 8 8 6 88 0
 Unbalance Fact Serie:			 0 0 0 2 1 3 3 1 3 1 4 0 5 0
 Balance Fact Serie:			 19 4 11 8 14 11 19 14 14 7 10 4 6 1

 Num relevant ops: 220
balance Ratio: 9.305
Unbalance Ratio: 3.091
Balance Distorsion: 96
Balance Distorsion: 96
 h_ff: 32
 h_max: 13
 h_ffratio     2.46/home/simbachiu/rail-planning/domain1/0-initial
***

/home/simbachiu/rail-planning/domain1/0-initial/initfeature-info.txt

*******

initfeature-info.txt

Parsing... [0.010s CPU, 0.003s wall-clock]
Instantiating...
Normalizing task... [0.000s CPU, 0.001s wall-clock]
Generating Datalog program... [0.000s CPU, 0.001s wall-clock]
Normalizing Datalog program...
Trivial rules: Converted to facts.
Normalizing Datalog program: [0.000s CPU, 0.005s wall-clock]
Preparing model... [0.000s CPU, 0.001s wall-clock]
Generated 60 rules.
Computing model... [0.030s CPU, 0.020s wall-clock]
444 relevant atoms
879 auxiliary atoms
1323 final queue length
1671 total queue pushes
Completing instantiation... [0.010s CPU, 0.015s wall-clock]
Instantiating: [0.040s CPU, 0.043s wall-clock]
Computing fact groups...
Finding invariants...
10 initial candidates
Finding invariants: [0.010s CPU, 0.008s wall-clock]
Checking invariant weight... [0.000s CPU, 0.000s wall-clock]
Instantiating groups... [0.000s CPU, 0.001s wall-clock]
Collecting mutex groups... [0.000s CPU, 0.000s wall-clock]
Choosing groups...
37 uncovered facts
Choosing groups: [0.000s CPU, 0.001s wall-clock]
Building translation key... [0.000s CPU, 0.000s wall-clock]
Computing fact groups: [0.010s CPU, 0.010s wall-clock]
Building STRIPS to SAS dictionary... [0.000s CPU, 0.000s wall-clock]
Building dictionary for full mutex groups... [0.000s CPU, 0.000s wall-clock]
Building mutex information...
Building mutex information: [0.000s CPU, 0.001s wall-clock]
Translating task...
Processing axioms...
Simplifying axioms... [0.000s CPU, 0.000s wall-clock]
Processing axioms: [0.000s CPU, 0.001s wall-clock]
Translating task: [0.010s CPU, 0.013s wall-clock]
0 implied effects removed
12 effect conditions simplified
0 implied preconditions added
Detecting unreachable propositions...
0 operators removed
6 propositions removed
Detecting unreachable propositions: [0.010s CPU, 0.003s wall-clock]
Translator variables: 43
Translator derived variables: 6
Translator facts: 152
Translator mutex groups: 19
Translator total mutex groups size: 169
Translator operators: 204
Translator task size: 1791
/home/simbachiu/rail-planning/domain1/0-initial
************
Writing output... [0.000s CPU, 0.002s wall-clock]
Done! [0.080s CPU, 0.076s wall-clock]
Building causal graph...
The causal graph is not acyclic.
31 variables of 43 necessary
13 of 19 mutex groups necessary.
204 of 204 operators necessary.
8 of 8 axiom rules necessary.
Building domain transition graphs...
solveable in poly time 0
Building successor generator...
Preprocessor facts: 128
Preprocessor derived variables: 6
Preprocessor task size: 1653
Writing output...
done

/home/simbachiu/rail-planning/domain1/0-initial/translateFile
/home/simbachiu/rail-planning/domain1/0-initial/features.arff
No file in preprocess
/home/simbachiu/rail-planning/domain1/0-initial/initfeature-info.txt
No file in fflearner
/home/simbachiu/rail-planning/domain1/0-initial/landmark.arff
No file in landmarks
/home/simbachiu/rail-planning/domain1/0-initial/red-black
No file in red-black
/home/simbachiu/rail-planning/domain1/0-initial/tmp_results
No file in heuristics
domain1,problem2,1,8,21,15,0,50,5,5,6,0,60,444,879,1323,1671,0,216,0,43,6,152,19,169,204,1791,?,?,?,?,?,?,?,?,?,?,?,?,?,?,?,?,?,?,?,?,?,?,?,?,?,?,?,?,?,?,?,?,?,?,?,?,?,?,?,?,?,?,?,?,?,?,?,?,?,?,?,?,?,?,?,?,?,?,?,?,?,?,?,?,?,?,?,?,?,?,?,?,?,?,?,?,?,?,?,?,?,?,?,?,?,?,?,?,?,?,?,?,?,?,?
results 7
***** 1 1
inst: 1 actual: True predicted: True error: 0.787 planner: fdss-2
***** 2 1
inst: 2 actual: True predicted: True error: 0.977 planner: probe
***** 3 1
inst: 3 actual: True predicted: False error: 0.705 planner: yahsp2-mt
***** 4 1
inst: 4 actual: True predicted: True error: 0.791 planner: mercury
***** 5 1
inst: 5 actual: True predicted: False error: 0.593 planner: jasper
***** 6 1
inst: 6 actual: True predicted: True error: 0.593 planner: siw
***** 7 1
inst: 7 actual: True predicted: True error: 0.979 planner: bfs-f
 --- OK.
 Match tree built with 220 nodes.

PDDL problem description loaded: 
	Domain: DOMAIN1
	Problem: PROBLEM2
	#Actions: 220
	#Fluents: 116
Landmarks found: 19
Starting search with BFS(novel,land,h_add)...
--[4294967295 / 104]--
--[38 / 104]--
--[37 / 104]--
--[35 / 104]--
--[34 / 104]--
--[33 / 104]--
--[32 / 104]--
--[31 / 104]--
--[30 / 104]--
--[29 / 104]--
--[27 / 104]--
--[26 / 104]--
--[24 / 104]--
--[23 / 104]--
--[22 / 104]--
--[21 / 104]--
--[19 / 104]--
--[19 / 95]--
--[19 / 82]--
--[19 / 67]--
--[19 / 55]--
--[18 / 55]--
--[18 / 40]--
--[16 / 40]--
--[16 / 39]--
--[16 / 37]--
--[16 / 35]--
--[16 / 34]--
--[16 / 32]--
--[16 / 29]--
--[14 / 29]--
--[14 / 28]--
--[14 / 27]--
--[14 / 26]--
--[14 / 25]--
--[14 / 23]--
--[14 / 22]--
--[14 / 21]--
--[14 / 20]--
--[14 / 19]--
--[14 / 18]--
--[11 / 18]--
--[11 / 16]--
--[11 / 14]--
--[11 / 11]--
--[9 / 11]--
--[9 / 10]--
--[9 / 9]--
--[9 / 8]--
--[9 / 7]--
--[9 / 6]--
--[9 / 5]--
--[9 / 4]--
--[9 / 3]--
--[9 / 2]--
--[9 / 1]--
--[9 / 0]--
--[0 / 0]--
Total time: 1.50336
Nodes generated during search: 33712
Nodes expanded during search: 5298
Plan found with cost: 75
BFS search completed in 1.50336 secs
 --- OK.
Fluents=118
Operators=223

================================================
;; PROBE searching...
================================================
[0] [1] [2] [3] [4] [5] [6] [7] [8] [9] [10] [11] [12] [13] [14] [15] [16] [17] [18] [19] [20] [21] [22] [23] [24] [25] [26] [27] [28] [29] [30] [31] [32] [33] [34] [35] [36] [37] [38] [39] [40] [41] [42] 
 Advancing to distance: 32 gn:0(0/43 nodes expanded so far) open: 43
[0] [1] [2] [3] [4] [5] [6] [7] [0] [1] [2] [3] [4] [5] [6] [7] [8] [9] [0] [1] [2] [3] [4] 
 Advancing to distance: 30 gn:44(9/66 nodes expanded so far) open: 79
[0] [1] [2] [3] [4] 
 Advancing to distance: 27 gn:45(10/71 nodes expanded so far) open: 87

 Advancing to distance: 26 gn:47(15/71 nodes expanded so far) open: 102
[0] [1] [2] [3] [4] [5] [6] [7] [8] [9] [10] [11] [12] [13] [14] 
 Advancing to distance: 21 gn:60(19/86 nodes expanded so far) open: 129

 Advancing to distance: 20 gn:62(21/86 nodes expanded so far) open: 133

 Advancing to distance: 19 gn:63(23/86 nodes expanded so far) open: 139

 Advancing to distance: 18 gn:64(26/86 nodes expanded so far) open: 146
[0] [1] [2] [3] [0] [1] [2] [3] [0] [1] [0] [1] [0] [1] [2] [3] [4] [5] [6] [7] [8] [9] [0] [1] [2] [3] [4] [5] [6] [7] [8] [9] [10] [0] [1] [2] [0] [1] [2] [3] [0] 1000
[0] [1] [2] [3] [4] [5] [6] [7] [8] [0] [1] [2] [3] [0] [1] [2] [3] [0] [1] [2] [3] [4] [0] [1] [2] [3] 2000
3000
[0] [1] [2] [0] [0] [1] [2] [3] [4] [5] [0] [1] [2] [3] [4] 4000
[0] [0] [1] [2] [3] [4] [5] [6] [7] [8] [9] [10] [11] [12] [13] [14] 5000
[0] [1] [2] [0] [1] [0] [1] [2] [3] [4] [5] [6] [7] [8] [9] [10] [0] [1] [2] [3] [4] [5] 6000
7000
[0] [1] [2] [3] [4] [5] [6] [7] [8] [9] [10] [0] [0] [1] [2] [3] [4] [5] [6] [0] 8000
[0] 9000
10000
11000
12000
[0] [1] [2] [3] [4] [5] [6] [7] [8] [9] [10] [11] [12] [13] [14] 13000
[0] 14000
[0] [0] [1] [2] [3] [4] [5] [6] [7] [8] 15000
[0] 16000
[0] [1] [2] 17000
[0] [1] [2] [3] [4] [0] [1] 18000
[0] [1] [2] [3] [0] 19000
[0] [1] [0] [1] [2] 20000
21000
[0] 22000
[0] [1] [2] 23000
24000
[0] [1] [2] 25000
[0] [1] [2] [3] [4] 
 Advancing to distance: 17 gn:78(25653/286 nodes expanded so far) open: 823

 Advancing to distance: 16 gn:79(25657/286 nodes expanded so far) open: 831
[0] 26000
27000
[0] [1] [2] [3] [4] [5] [6] [7] 28000
29000
[0] [1] [2] [3] [4] [5] [6] [7] [8] [9] 30000
[0] [1] [2] [3] [4] [5] 31000
[0] [1] [2] [3] [4] [5] [6] [7] [8] [9] [10] [11] [12] [0] [1] [2] 32000
[0] [1] [2] [3] [4] 33000
[0] [1] 34000
[0] [1] [2] [3] [4] [5] [6] [7] [8] [9] [10] 35000
36000
37000
38000
39000
[0] [1] 40000
41000
[0] [0] [0] [1] [2] [3] [0] [1] 42000
[0] [1] [2] [3] [4] [5] [6] [7] 43000
44000
[0] [1] [2] [3] [4] [0] 45000
46000
47000
[0] [1] [0] [1] [2] [3] [4] 48000
49000
50000
[0] [1] [2] [3] [4] [5] [6] [7] [8] [9] 51000
[0] [1] [2] [3] [0] 52000
53000
54000
55000
56000
57000
[0] [1] [2] [3] [4] [5] 58000
59000
60000
[0] 
 Advancing to distance: 15 gn:70(60901/398 nodes expanded so far) open: 2324

 Advancing to distance: 14 gn:72(60911/398 nodes expanded so far) open: 2333
61000
62000
[0] [1] [2] 63000
64000
65000
66000
67000
68000
69000
70000
71000
72000
[0] [1] [2] [3] [4] 73000
74000
75000
[0] [0] [1] 76000
77000
[0] 78000
79000
[0] [1] [2] 80000
81000
[0] [1] 82000
[0] [0] [1] [2] [3] 83000
84000
85000
86000
87000
[0] [1] [2] [3] [4] 88000
89000
[0] 90000
91000
92000
93000
[0] [1] [2] [3] [4] [5] [6] [0] 94000
95000
96000
97000
98000
[0] [1] 99000
[0] 100000
101000
[0] [1] [2] [3] [4] [5] [6] 102000
103000
[0] [1] [2] [3] [4] [5] 104000
105000
106000
107000
108000
109000
110000
111000
112000
113000
[0] 114000
[0] [1] [2] [0] [1] [2] [3] [4] [5] [6] [7] [8] 115000
116000
[0] [1] [2] [0] [1] [2] [3] [4] [5] [6] 117000
118000
[0] 119000
[0] [1] [2] [3] [4] [5] [6] [0] [1] [2] [3] [4] [5] 120000
121000
122000
123000
124000
125000
126000
127000
128000
129000
[0] [1] [2] [3] [4] [5] 130000
[0] [1] [2] 131000
132000
[0] [1] [2] [0] [1] [2] [3] 133000
134000
135000
136000
[0] [1] [2] [3] [4] [5] [6] [7] [8] [9] [10] [11] 137000
138000
139000
140000
141000
142000
143000
144000
[0] [1] [2] [3] [4] 145000
146000
147000
148000
149000
150000
151000
152000
[0] 153000
154000
155000
156000

 Advancing to distance: 13 gn:66(156923/521 nodes expanded so far) open: 2007

 Advancing to distance: 11 gn:67(156924/521 nodes expanded so far) open: 2010

 Advancing to distance: 10 gn:68(156926/521 nodes expanded so far) open: 2014

 Advancing to distance: 9 gn:70(156931/521 nodes expanded so far) open: 2022

 Advancing to distance: 8 gn:71(156934/521 nodes expanded so far) open: 2024
157000
158000
[0] [1] [2] [3] [4] [5] [6] [7] [8] [9] 
 Advancing to distance: 7 gn:71(158211/531 nodes expanded so far) open: 2469
159000
160000
161000
[0] [1] [2] [3] [4] [0] 162000
163000
164000
165000
166000
[0] [1] [2] [3] 167000
168000
169000

 Advancing to distance: 6 gn:72(169477/541 nodes expanded so far) open: 1983

 Advancing to distance: 5 gn:74(169482/541 nodes expanded so far) open: 1990

 Advancing to distance: 4 gn:75(169486/541 nodes expanded so far) open: 1992

 Advancing to distance: 3 gn:75(169492/541 nodes expanded so far) open: 1998

 Advancing to distance: 2 gn:76(169494/541 nodes expanded so far) open: 1998

================================================
;; SOLUTION 1
;;	 Plan cost: 77.000000, steps: 77
;;	 Time: 9.214
================================================

================================================
;; WA*, h_add_RP, w = 5.000, bound = 77.000
================================================
;; Minimum h value: 33.000
;; Minimum h value: 32.000
;; Minimum h value: 31.000
;; Minimum h value: 30.000
;; Minimum h value: 29.000
;; Minimum h value: 28.000
;; Minimum h value: 27.000

***** The memory limit is:  7458980659
***************************

WARNING: IT IS A TEST CONFIGURATION ***************

***************************

/home/simbachiu/rail-planning/domain1/0-initial
/planner/src
Run command: python2.7 /planner/src/parser/parse.py /home/simbachiu/rail-planning/domain1/0-initial/domain1.pddl /home/simbachiu/rail-planning/domain1/0-initial/problem2.pddl

Portfolio runs original domain/problem

Parser took 1.0 seconds

Extract Features with original problem and domain
Run command: ulimit -v 4194304;ulimit -t 50; python2.7 /planner/src/features/translate/translate.py /home/simbachiu/rail-planning/domain1/0-initial/domain1.pddl /home/simbachiu/rail-planning/domain1/0-initial/problem2.pddl
Run command: ulimit -v 4194304;ulimit -t 50; /planner/src/features/preprocess/preprocess < /home/simbachiu/rail-planning/domain1/0-initial/output.sas
Run command: ulimit -v 4194304;ulimit -t 50; /planner/src/features/ff-learner/roller3.0 -o /home/simbachiu/rail-planning/domain1/0-initial/domain1.pddl -f /home/simbachiu/rail-planning/domain1/0-initial/problem2.pddl -S 28
Run command: ulimit -v 4194304;ulimit -t 100; /planner/src/features/heuristics/training.sh /home/simbachiu/rail-planning/domain1/0-initial/domain1.pddl /home/simbachiu/rail-planning/domain1/0-initial/problem2.pddl
Run command: ulimit -v 4194304;ulimit -t 100; /planner/src/search/downward --landmarks "lm=lm_merged([lm_hm(m=1),lm_rhw(),lm_zg()])" < /home/simbachiu/rail-planning/domain1/0-initial/output
Run command: ulimit -v 4194304;ulimit -t 100; /planner/src/search-mercury/downward ipc seq-agl-mercury </home/simbachiu/rail-planning/domain1/0-initial/output
Run command: python2.7 /planner/src/models/joinFile.py /home/simbachiu/rail-planning/domain1/0-initial
Run command: java -cp /planner/src/models/weka.jar -Xms256m -Xmx1024m weka.filters.unsupervised.attribute.Remove -R 1-3,18,20,65,78-79,119-120 -i /home/simbachiu/rail-planning/domain1/0-initial/global_features.arff -o /home/simbachiu/rail-planning/domain1/0-initial/global_features_simply.arff
Features 2.0 seconds

Features and parser took 3.0 seconds

Run command: java -Xms256m -Xmx1024m -cp /planner/src/models/weka.jar weka.classifiers.meta.RotationForest -l /planner/src/models/meta.RotationForest.model -T /home/simbachiu/rail-planning/domain1/0-initial/global_features_simply.arff -p 113 > /home/simbachiu/rail-planning/domain1/0-initial/outputModel
   

Run command: python2.7 /planner/src/models/parseWekaOutputFile.py /home/simbachiu/rail-planning/domain1/0-initial/outputModel /home/simbachiu/rail-planning/domain1/0-initial/listPlanner
Model 3.0 seconds

Main portfolio runs 6.0 seconds

**** PRINT PLANNERS SELECTED **** 
bfs-f 56
probe 56
mercury 56
fdss-2 56
yahsp2-mt 56
**** END PLANNERS SELECTED **** 
Select the planners 0.000136852264404 seconds

Time took 7.0 seconds


Original_Domain: /home/simbachiu/rail-planning/domain1/0-initial/domain1.pddl
Original_Problem: /home/simbachiu/rail-planning/domain1/0-initial/problem2.pddl
Modified_Domain: /home/simbachiu/rail-planning/domain1/0-initial/domain_ready.txt
Modified_Problem: /home/simbachiu/rail-planning/domain1/0-initial/problem_ready.txt
Original_Plan_file: re.out
Plans folder: /home/simbachiu/rail-planning/domain1/0-initial



****************************************************
*** Planner_path: /planner/src/bfs-f/plan TimeOut: 56 ***
****************************************************


Name: /home/simbachiu/rail-planning/domain1/0-initial/cleaned_result.result
ERROR: Plan /home/simbachiu/rail-planning/domain1/0-initial/cleaned_result.result is not valid or the plan cost is equal to -1, therefore we remove it
Planner /planner/src/bfs-f/plan run 5 seconds



****************************************************
*** Planner_path: /planner/src/probe/plan TimeOut: 56 ***
****************************************************


Name: /home/simbachiu/rail-planning/domain1/0-initial/cleaned_result.result.1
ERROR: Plan /home/simbachiu/rail-planning/domain1/0-initial/cleaned_result.result.1 is not valid or the plan cost is equal to -1, therefo;; Minimum h value: 26.000
;; Minimum h value: 25.000
;; Minimum h value: 23.000
;; Minimum h value: 22.000
;; Minimum h value: 21.000
;; Minimum h value: 20.000
;; Minimum h value: 19.000
;; Minimum h value: 18.000
;; Minimum h value: 16.000
;; Minimum h value: 15.000
;; Minimum h value: 14.000
;; Minimum h value: 12.000
;; Minimum h value: 11.000
;; Minimum h value: 9.000
;; Minimum h value: 8.000
;; Minimum h value: 6.000
;; Minimum h value: 5.000
;; Minimum h value: 4.000
;; Minimum h value: 3.000
;; Minimum h value: 2.000
;; Total nodes evaluated: 1353826
;; Total nodes expanded: 1353825, generated: 1420283

================================================
;; SOLUTION 2
;;	 Plan cost: 71.000, steps: 71
;;	 Time: 41.478
================================================

================================================
;; WA*, h_add_RP, w = 3.000, bound = 71.000
================================================
;; Minimum h value: 33.000
;; Minimum h value: 32.000
;; Minimum h value: 31.000
;; Minimum h value: 30.000
;; Minimum h value: 29.000
;; Minimum h value: 28.000
;; Minimum h value: 27.000
1. Running translator
Second argument is a file name: use two translator arguments.
Parsing...
Parsing: [0.000s CPU, 0.007s wall-clock]
Normalizing task... [0.010s CPU, 0.004s wall-clock]
Instantiating...
Generating Datalog program... [0.000s CPU, 0.003s wall-clock]
Normalizing Datalog program...
Trivial rules: Converted to facts.
Normalizing Datalog program: [0.020s CPU, 0.016s wall-clock]
Preparing model... [0.000s CPU, 0.007s wall-clock]
Generated 60 rules.
Computing model... [0.190s CPU, 0.191s wall-clock]
444 relevant atoms
879 auxiliary atoms
1323 final queue length
1671 total queue pushes
Completing instantiation... [0.060s CPU, 0.055s wall-clock]
Instantiating: [0.270s CPU, 0.273s wall-clock]
Computing fact groups...
Finding invariants...
10 initial candidates
Finding invariants: [0.020s CPU, 0.019s wall-clock]
Checking invariant weight... [0.000s CPU, 0.001s wall-clock]
Instantiating groups... [0.000s CPU, 0.002s wall-clock]
Collecting mutex groups... [0.000s CPU, 0.000s wall-clock]
Choosing groups...
37 uncovered facts
Choosing groups: [0.000s CPU, 0.001s wall-clock]
Building translation key... [0.010s CPU, 0.002s wall-clock]
Computing fact groups: [0.030s CPU, 0.030s wall-clock]
Building STRIPS to SAS dictionary... [0.000s CPU, 0.000s wall-clock]
Building dictionary for full mutex groups... [0.000s CPU, 0.001s wall-clock]
Building mutex information...
Building mutex information: [0.000s CPU, 0.001s wall-clock]
Translating task...
Processing axioms...
Simplifying axioms... [0.000s CPU, 0.001s wall-clock]
Processing axioms: [0.000s CPU, 0.006s wall-clock]
Translating task: [0.060s CPU, 0.063s wall-clock]
0 implied effects removed
0 effect conditions simplified
0 implied preconditions added
Detecting unreachable propositions...
0 operators removed
6 propositions removed
Detecting unreachable propositions: [0.010s CPU, 0.009s wall-clock]
Translator variables: 43
Translator derived variables: 6
Translator facts: 152
Translator goal facts: 5
Translator mutex groups: 19
Translator total mutex groups size: 169
Translator operators: 204
Translator axioms: 8
Translator task size: 1791
Translator peak memory: 98796 KB
Writing output... [0.070s CPU, 0.068s wall-clock]
Done! [0.450s CPU, 0.458s wall-clock]

2. Running preprocessor
Building causal graph...
The causal graph is not acyclic.
31 variables of 43 necessary
13 of 19 mutex groups necessary.
204 of 204 operators necessary.
8 of 8 axiom rules necessary.
Building domain transition graphs...
solveable in poly time 0
Building successor generator...
Preprocessor facts: 128
Preprocessor derived variables: 6
Preprocessor task size: 1653
Writing output...
done


3. Running search
/planner/src/mercury/src/search/downward < output ipc seq-sat-mercury --plan-file /home/simbachiu/rail-planning/domain1/0-initial/cleaned_result.result
Dispatcher selected state size 1.
This is a unit task.
Simplifying transitions... done!
Initializing Exploration...
Generating landmarks using the RPG/SAS+ approach
approx. reasonable orders
approx. obedient reasonable orders
Removed 0 reasonable or obedient reasonable orders
Landmarks generation time: 0.0039997s
Discovered 65 landmarks, of which 0 are disjunctive and 0 are conjunctive 
442 edges
Initializing landmarks count heuristic...
24 initial landmarks, 5 goal landmarks
Starting search: lazy_greedy(list(hrb, hlm), preferred = list(hrb, hlm))
Conducting lazy best first search, (real) bound = 2147483647
Initializing Red-Black Relaxation heuristic...
Peak memory: 4004 KB
Skip the translate
2. Running preprocessor
Building causal graph...
The causal graph is not acyclic.
31 variables of 43 necessary
13 of 19 mutex groups necessary.
204 of 204 operators necessary.
8 of 8 axiom rules necessary.
Building domain transition graphs...
solveable in poly time 0
Building successor generator...
Preprocessor facts: 128
Preprocessor derived variables: 6
Preprocessor task size: 1653
Writing output...
done

End Running preprocessor
3. Running search
Dispatcher selected state size 1.
This is a unit task.
External time limit: 56
Internal time limit: 56
External memory limit: 7458980659
Internal memory limit: 7406551859
WARNING! elapsed_time not found -- assuming full time available.
remaining time at start: 56.0
g bound: infinity
next plan number: 1
remaining time: 55.98
config 0: relative time 330, remaining 1595
args: ['/planner/src/fdss-2/../search/downward-1', '--heuristic', 'h=ff(cost_type=1)', '--search', 'eager_greedy(h,preferred=h,cost_type=1,bound=infinity)', '--plan-file', '/home/simbachiu/rail-planning/domain1/0-initial/cleaned_result.result.1']
timeout: 11.58
Simplifying transitions... done!
Conducting best first search without reopening closed nodes, (real) bound = 2147483647
Initializing FF heuristic...
Initializing additive heuristic...
Simplifying 632 unary operators... done! [632 unary operators]
Best heuristic value: 34 [g=0, 1 evaluated, 0 expanded, t=0s]
Switch from bucket-based to heap-based queue at key = 142, num_pushes = 124
Best heuristic value: 33 [g=7, 53 evaluated, 24 expanded, t=0s]
Best heuristic value: 32 [g=10, 67 evaluated, 28 expanded, t=0s]
Best heuristic value: 31 [g=11, 71 evaluated, 29 expanded, t=0s]
Best heuristic value: 30 [g=18, 181 evaluated, 57 expanded, t=0s]
Best heuristic value: 29 [g=25, 237 evaluated, 78 expanded, t=0s]
Best heuristic value: 28 [g=42, 17134 evaluated, 11092 expanded, t=0.72s]
Best heuristic value: 27 [g=43, 17138 evaluated, 11093 expanded, t=0.72s]
Best heuristic value: 26 [g=44, 17142 evaluated, 11094 expanded, t=0.72s]
Best heuristic value: 24 [g=46, 17147 evaluated, 11096 expanded, t=0.72s]
Best heuristic value: 23 [g=48, 17151 evaluated, 11098 expanded, t=0.72s]
Best heuristic value: 21 [g=49, 17154 evaluated, 11099 expanded, t=0.72s]
Best heuristic value: 20 [g=50, 17157 evaluated, 11100 expanded, t=0.72s]
Best heuristic value: 18 [g=52, 17163 evaluated, 11102 expanded, t=0.72s]
Best heuristic value: 17 [g=53, 17165 evaluated, 11103 expanded, t=0.72s]
Best heuristic value: 15 [g=55, 17171 evaluated, 11105 expanded, t=0.72s]
Best heuristic value: 14 [g=57, 17183 evaluated, 11108 expanded, t=0.72s]
Best heuristic value: 12 [g=58, 17187 evaluated, 11109 expanded, t=0.72s]
Best heuristic value: 11 [g=60, 17193 evaluated, 11111 expanded, t=0.72s]
Best heuristic value: 10 [g=61, 17195 evaluated, 11112 expanded, t=0.72s]
Best heuristic value: 9 [g=62, 17198 evaluated, 11113 expanded, t=0.72s]
Best heuristic value: 8 [g=64, 17206 evaluated, 11115 expanded, t=0.72s]
Best heuristic value: 7 [g=66, 17217 evaluated, 11118 expanded, t=0.72s]
Best heuristic value: 6 [g=67, 17220 evaluated, 11119 expanded, t=0.72s]
Best heuristic value: 5 [g=67, 17313 evaluated, 11157 expanded, t=0.72s]
Best heuristic value: 3 [g=69, 17321 evaluated, 11159 expanded, t=0.72s]
Best heuristic value: 2 [g=70, 17323 evaluated, 11160 expanded, t=0.72s]
Best heuristic value: 1 [g=71, 17327 evaluated, 11161 expanded, t=0.72s]
Best heuristic value: 0 [g=72, 17330 evaluated, 11162 expanded, t=0.72s]
Solution found!
Actual search time: 0.72s [t=0.72s]
move-on-arrival train1 v1 t0 (1)
move-to-track train1 t0 t1 track1 (1)
move-on-arrival train2 v2 v1 (1)
move-on-arrival train2 v1 t0 (1)
move-on-arrival train3 v3 v2 (1)
move-on-arrival train3 v2 v1 (1)
move-on-arrival train4 v4 v3 (1)
move-on-arrival train4 v3 v2 (1)
move-on-arrival train5 v5 v4 (1)
move-on-arrival train5 v4 v3 (1)
move-on-arrival train6 v6 v5 (1)
move-to-track train2 t0 t5 track2 (1)
move-along-track train1 t1 t2 track1 (1)
move-on-arrival train3 v1 t0 (1)
move-on-arrival train4 v2 v1 (1)
move-on-arrival train5 v3 v2 (1)
move-on-arrival train6 v5 v4 (1)
move-on-arrival train6 v4 v3 (1)
move-along-track train2 t5 t6 track2 (1)
move-to-track train3 t0 t5 track2 (1)
move-on-arrival train4 v1 t0 (1)
move-to-track train4 t0 t1 track1 (1)
move-on-arrival train5 v2 v1 (1)
move-on-arrival train6 v3 v2 (1)
move-along-track train1 t2 t3 track1 (1)
move-on-arrival train5 v1 t0 (1)
move-along-track train4 t1 t2 track1 (1)
move-on-arrival train6 v2 v1 (1)
move-along-track train1 t3 t4 track1 (1)
move-to-track train5 t0 t1 track1 (1)
move-along-track train4 t2 t3 track1 (1)
move-on-arrival train6 v1 t0 (1)
move-along-track train5 t1 t2 track1 (1)
move-to-track train6 t0 t1 track1 (1)
move-from-track train3 t5 t0 track2 (1)
move-along-track train2 t6 t5 track2 (1)
move-to-departure train3 t0 v1 (1)
move-to-departure train3 v1 v2 (1)
move-to-departure train3 v2 v3 (1)
move-to-departure train3 v3 v4 (1)
move-to-departure train3 v4 v5 (1)
move-to-departure train3 v5 v6 (1)
move-from-track train2 t5 t0 track2 (1)
move-to-departure train2 t0 v1 (1)
move-to-departure train2 v1 v2 (1)
move-to-departure train2 v2 v3 (1)
move-to-departure train2 v3 v4 (1)
move-to-departure train2 v4 v5 (1)
move-from-track train6 t1 t0 track1 (1)
move-to-departure train6 t0 v1 (1)
move-along-track train5 t2 t1 track1 (1)
move-along-track train4 t3 t2 track1 (1)
move-along-track train1 t4 t3 track1 (1)
move-to-departure train6 v1 v2 (1)
move-to-departure train6 v2 v3 (1)
move-to-departure train6 v3 v4 (1)
move-from-track train5 t1 t0 track1 (1)
move-along-track train4 t2 t1 track1 (1)
move-along-track train1 t3 t2 track1 (1)
move-to-track train5 t0 t5 track2 (1)
move-from-track train4 t1 t0 track1 (1)
move-along-track train1 t2 t1 track1 (1)
move-to-departure train4 t0 v1 (1)
move-to-departure train4 v1 v2 (1)
move-to-departure train4 v2 v3 (1)
move-from-track train1 t1 t0 track1 (1)
move-to-departure train1 t0 v1 (1)
move-to-departure train1 v1 v2 (1)
move-from-track train5 t5 t0 track2 (1)
move-to-departure train5 t0 v1 (1)
Plan length: 70 step(s).
Plan cost: 70
Initial state h value: 34.
Expanded 11163 state(s).
Reopened 0 state(s).
Evaluated 17330 state(s).
Evaluations: 28492
Generated 60526 state(s).
Dead ends: 2 state(s).
Search space hash size: 17330
Search space hash bucket count: 24593
Search time: 0.72s
Total time: 0.72s
Solution found.
Peak memory: 5572 KB
returncode: 0

Build final config.
Abort portfolio and run final config.
g bound: 70
next plan number: 2
remaining time: 55.23
config 0: relative time 1, remaining 1
args: ['/planner/src/fdss-2/../search/downward-1', '--heuristic', 'h=ff(cost_type=1)', '--search', 'iterated([eager(single(sum([g(),weight(h,5)])),preferred=h,cost_type=1),eager(single(sum([g(),weight(h,3)])),preferred=h,cost_type=1),eager(single(sum([g(),weight(h,2)])),preferred=h,cost_type=1),eager(single(sum([g(),weight(h,1)])),preferred=h,cost_type=1)],bound=70,repeat_last=true,plan_counter=1)', '--plan-file', '/home/simbachiu/rail-planning/domain1/0-initial/cleaned_result.result']
timeout: 55.23
Simplifying transitions... done!
Starting search: eager(single(sum(list(g, weight(h, 5)))), preferred = h, cost_type = 1)
Conducting best first search without reopening closed nodes, (real) bound = 70
Initializing FF heuristic...
Initializing additive heuristic...
Simplifying 632 unary operators... done! [632 unary operators]
Best heuristic value: 34 [g=0, 1 evaluated, 0 expanded, t=0s]
Switch from bucket-based to heap-based queue at key = 142, num_pushes = 124
Best heuristic value: 33 [g=7, 53 evaluated, 24 expanded, t=0s]
Best heuristic value: 32 [g=10, 67 evaluated, 28 expanded, t=0s]
Best heuristic value: 31 [g=11, 71 evaluated, 29 expanded, t=0s]
Best heuristic value: 30 [g=18, 189 evaluated, 63 expanded, t=0s]
Best heuristic value: 29 [g=23, 276 evaluated, 95 expanded, t=0.02s]
Best heuristic value: 28 [g=40, 21380 evaluated, 17363 expanded, t=0.98s]
Best heuristic value: 26 [g=42, 21386 evaluated, 17365 expanded, t=0.98s]
Best heuristic value: 24 [g=45, 21408 evaluated, 17372 expanded, t=0.98s]
Best heuristic value: 23 [g=46, 21412 evaluated, 17373 expanded, t=0.98s]
Best heuristic value: 21 [g=48, 21426 evaluated, 17377 expanded, t=0.98s]
Best heuristic value: 19 [g=51, 21456 evaluated, 17387 expanded, t=0.98s]
Best heuristic value: 18 [g=54, 21481 evaluated, 17394 expanded, t=0.98s]
Best heuristic value: 17 [g=56, 21489 evaluated, 17397 expanded, t=0.98s]
Best heuristic value: 16 [g=61, 21591 evaluated, 17440 expanded, t=0.98s]
Best heuristic value: 15 [g=62, 21593 evaluated, 17441 expanded, t=0.98s]
Best heuristic value: 14 [g=63, 21734 evaluated, 17516 expanded, t=0.98s]
Best heuristic value: 13 [g=64, 21736 evaluated, 17517 expanded, t=0.98s]
Best heuristic value: 12 [g=65, 21777 evaluated, 17549 expanded, t=0.98s]
Best heuristic value: 11 [g=65, 27575 evaluated, 22808 expanded, t=1.22s]
Best heuristic value: 10 [g=66, 27576 evaluated, 22809 expanded, t=1.22s]
Best heuristic value: 9 [g=68, 27643 evaluated, 22846 expanded, t=1.22s]
Best heuristic value: 8 [g=62, 49800 evaluated, 45609 expanded, t=2.06s]
Best heuristic value: 7 [g=64, 49811 evaluated, 45612 expanded, t=2.06s]
Best heuristic value: 6 [g=65, 49814 evaluated, 45613 expanded, t=2.06s]
Best heuristic value: 5 [g=65, 49989 evaluated, 45725 expanded, t=2.06s]
Best heuristic value: 3 [g=67, 49997 evaluated, 45727 expanded, t=2.06s]
Best heuristic value: 2 [g=68, 49999 evaluated, 45728 expanded, t=2.06s]
Best heuristic value: 1 [g=69, 50003 evaluated, 45729 expanded, t=2.06s]
Completely explored state space -- no solution!
Actual search time: 12.4s [t=12.4s]
Initial state h value: 34.
Expanded 481182 state(s).
Reopened 0 state(s).
Evaluated 481236 state(s).
Evaluations: 962418
Generated 2776187 state(s).
Dead ends: 54 state(s).
Search space hash size: 481236
Search space hash bucket count: 786433
No solution found - stop searching
Actual search time: 12.4s [t=12.4s]
Cumulative statistics:
Expanded 481182 state(s).
Reopened 0 state(s).
Evaluated 481236 state(s).
Evaluations: 962418
Generated 2776187 state(s).
Dead ends: 0 state(s).
Search time: 12.4s
Total time: 12.4s
Search stopped without finding a solution.
Peak memory: 41984 KB
returncode: 5

Exit codes: [0, 5]
run_portfolio /planner/src/fdss-2/../search/downward-seq-sat-fdss-2.py --plan-file /home/simbachiu/rail-planning/domain1/0-initial/cleaned_result.result

suboptimal yahsp search, threads : 32, teams : 2, strategy : 2
anytime behavior
domain file : /home/simbachiu/rail-planning/domain1/0-initial/domain1.pddl
problem file : /home/simbachiu/rail-planning/domain1/0-initial/problem2.pddl
output file : /home/simbachiu/rail-planning/domain1/0-initial/cleaned_result.result

Parsing domain....................

Parser error (syntax error) at line 58 : (...

Skip the translate
2. Running preprocessor
Failed to match magic word 'begin_metric'.
Got 'begin_version'.
1. Running translator
Second argument is a file name: use two translator arguments.
Parsing...
Parsing: [0.010s CPU, 0.007s wall-clock]
Normalizing task... [0.000s CPU, 0.003s wall-clock]
Instantiating...
Generating Datalog program... [0.000s CPU, 0.003s wall-clock]
Normalizing Datalog program...
Trivial rules: Converted to facts.
Normalizing Datalog program: [0.020s CPU, 0.014s wall-clock]
Preparing model... [0.010s CPU, 0.007s wall-clock]
Generated 60 rules.
Computing model... [0.170s CPU, 0.174s wall-clock]
444 relevant atoms
879 auxiliary atoms
1323 final queue length
1671 total queue pushes
Completing instantiation... [0.050s CPU, 0.055s wall-clock]
Instantiating: [0.250s CPU, 0.253s wall-clock]
Computing fact groups...
Finding invariants...
10 initial candidates
Finding invariants: [0.020s CPU, 0.019s wall-clock]
Checking invariant weight... [0.000s CPU, 0.001s wall-clock]
Instantiating groups... [0.010s CPU, 0.002s wall-clock]
Collecting mutex groups... [0.000s CPU, 0.000s wall-clock]
Choosing groups...
37 uncovered facts
Choosing groups: [0.000s CPU, 0.001s wall-clock]
Building translation key... [0.000s CPU, 0.002s wall-clock]
Computing fact groups: [0.030s CPU, 0.029s wall-clock]
Building STRIPS to SAS dictionary... [0.000s CPU, 0.000s wall-clock]
Building dictionary for full mutex groups... [0.000s CPU, 0.001s wall-clock]
Building mutex information...
Building mutex information: [0.010s CPU, 0.001s wall-clock]
Translating task...
Processing axioms...
Simplifying axioms... [0.000s CPU, 0.001s wall-clock]
Processing axioms: [0.000s CPU, 0.006s wall-clock]
Translating task: [0.060s CPU, 0.062s wall-clock]
0 implied effects removed
0 effect conditions simplified
0 implied preconditions added
Detecting unreachable propositions...
0 operators removed
6 propositions removed
Detecting unreachable propositions: [0.010s CPU, 0.009s wall-clock]
Translator variables: 43
Translator derived variables: 6
Translator facts: 152
Translator goal facts: 5
Translator mutex groups: 19
Translator total mutex groups size: 169
Translator operators: 204
Translator axioms: 8
Translator task size: 1791
Translator peak memory: 98796 KB
Writing output... [0.070s CPU, 0.067s wall-clock]
Done! [0.440s CPU, 0.434s wall-clock]

2. Running preprocessor
Building causal graph...
The causal graph is not acyclic.
31 variables of 43 necessary
13 of 19 mutex groups necessary.
204 of 204 operators necessary.
8 of 8 axiom rules necessary.
Building domain transition graphs...
solveable in poly time 0
Building successor generator...
Preprocessor facts: 128
Preprocessor derived variables: 6
Preprocessor task size: 1653
Writing output...
done


3. Running search
/planner/src/mercury/src/search/downward < output ipc seq-sat-mercury --plan-file /home/simbachiu/rail-planning/domain1/0-initial/cleaned_result.result
Dispatcher selected state size 1.
This is a unit task.
Simplifying transitions... done!
Initializing Exploration...
Generating landmarks using the RPG/SAS+ approach
approx. reasonable orders
approx. obedient reasonable orders
Removed 0 reasonable or obedient reasonable orders
Landmarks generation time: 0.00628641s
Discovered 65 landmarks, of which 0 are disjunctive and 0 are conjunctive 
442 edges
Initializing landmarks count heuristic...
24 initial landmarks, 5 goal landmarks
Starting search: lazy_greedy(list(hrb, hlm), preferred = list(hrb, hlm))
Conducting lazy best first search, (real) bound = 2147483647
Initializing Red-Black Relaxation heuristic...
Peak memory: 4004 KB
 --- OK.
 Match tree built with 220 nodes.

PDDL problem description loaded: 
	Domain: DOMAIN1
	Problem: PROBLEM2
	#Actions: 220
	#Fluents: 116
Landmarks found: 19
Starting search with BFS(novel,land,h_add)...
--[4294967295 / 104]--
--[38 / 104]--
--[37 / 104]--
--[35 / 104]--
--[34 / 104]--
--[33 / 104]--
--[32 / 104]--
--[31 / 104]--
--[30 / 104]--
--[29 / 104]--
--[27 / 104]--
--[26 / 104]--
--[24 / 104]--
--[23 / 104]--
--[22 / 104]--
--[21 / 104]--
--[19 / 104]--
--[19 / 95]--
--[19 / 82]--
--[19 / 67]--
--[19 / 55]--
--[18 / 55]--
--[18 / 40]--
--[16 / 40]--
--[16 / 39]--
--[16 / 37]--
--[16 / 35]--
--[16 / 34]--
--[16 / 32]--
--[16 / 29]--
--[14 / 29]--
--[14 / 28]--
--[14 / 27]--
--[14 / 26]--
--[14 / 25]--
--[14 / 23]--
--[14 / 22]--
--[14 / 21]--
--[14 / 20]--
--[14 / 19]--
--[14 / 18]--
--[11 / 18]--
--[11 / 16]--
--[11 / 14]--
--[11 / 11]--
--[9 / 11]--
--[9 / 10]--
--[9 / 9]--
--[9 / 8]--
--[9 / 7]--
--[9 / 6]--
--[9 / 5]--
--[9 / 4]--
--[9 / 3]--
--[9 / 2]--
--[9 / 1]--
--[9 / 0]--
--[0 / 0]--
Total time: 1.52164
Nodes generated during search: 33712
Nodes expanded during search: 5298
Plan found with cost: 75
BFS search completed in 1.52164 secs
 --- OK.
 Match tree built with 220 nodes.

PDDL problem description loaded: 
	Domain: DOMAIN1
	Problem: PROBLEM2
	#Actions: 220
	#Fluents: 116
Landmarks found: 1
Starting search with IW (time budget is 60 secs)...
Try allocate size: 0.00090625 MB
Try allocate size: 0.00090625 MB

Caption
{#goals, #UNnachieved,  #Achieved} -> IW(max_w)

{1/1/0}:IW(1) -> [2][3][4][5][6][7]Try allocate size: 0.105125 MB

{1/1/0}:IW(2) -> [2][3][4][5][6][7][8][9][10][11][12][13][14][15][16][17][18][19][20][21][22][23][24][25][26][27][28][29][30][31][32][33][34][35][36][37][38][39][40][41][42][43][44][45][46][47][48][49][50][51][52][53][54][55][56][57][58][59][60][61][62][63][64][65][66][67][68][69][70][71][72][73][74][75][76][77][78][79][80][81]Try allocate size: 12.1945 MB

{1/1/0}:IW(3) -> [2][3][4][5][6][7][8][9][10][11][12][13][14][15][16][17][18][19][20][21][22][23][24][25][26][27][28][29][30][31][32][33][34][35][36][37][38][39][40][41][42][43][44][45][46][47][48][49][50][51][52][53][54][55][56][57][58][59][60][61][62][63][64][65][66][67][68][69][70][71][72][73][74][75][76][77][78][79][80][81][82][83][84][85]Try allocate size: 1414.56 MB

{1/1/0}:IW(4) -> [2][3][4][5][6][7][8][9][10][11][12][13][14][15][16][17][18][19][20][21][22][23][24][25][26][27][28][29][30][31][32][33][34][35][36][37][38][39][40][41][42][43][44][45][46][47][48][49][50]re we remove it
Name: /home/simbachiu/rail-planning/domain1/0-initial/cleaned_result.result.2
ERROR: Plan /home/simbachiu/rail-planning/domain1/0-initial/cleaned_result.result.2 is not valid or the plan cost is equal to -1, therefore we remove it
Planner /planner/src/probe/plan run 60 seconds



****************************************************
*** Planner_path: /planner/src/mercury/plan TimeOut: 56 ***
****************************************************


Planner /planner/src/mercury/plan run 5 seconds



****************************************************
*** Planner_path: /planner/src/fdss-2/plan TimeOut: 56 ***
****************************************************


Name: /home/simbachiu/rail-planning/domain1/0-initial/cleaned_result.result.1
ERROR: Plan /home/simbachiu/rail-planning/domain1/0-initial/cleaned_result.result.1 is not valid or the plan cost is equal to -1, therefore we remove it
Planner /planner/src/fdss-2/plan run 15 seconds



****************************************************
*** Planner_path: /planner/src/yahsp2-mt/plan TimeOut: 56 ***
****************************************************


Planner /planner/src/yahsp2-mt/plan run 5 seconds

Main portfolio runs 97.0 seconds

jasper 183
mercury 183
bfs-f 183
siw 183

Original_Domain: /home/simbachiu/rail-planning/domain1/0-initial/domain1.pddl
Original_Problem: /home/simbachiu/rail-planning/domain1/0-initial/problem2.pddl
Modified_Domain: /home/simbachiu/rail-planning/domain1/0-initial/domain_ready.txt
Modified_Problem: /home/simbachiu/rail-planning/domain1/0-initial/problem_ready.txt
Original_Plan_file: re.out
Plans folder: /home/simbachiu/rail-planning/domain1/0-initial



****************************************************
*** Planner_path: /planner/src/jasper/plan TimeOut: 183 ***
****************************************************


Planner /planner/src/jasper/plan run 5 seconds



****************************************************
*** Planner_path: /planner/src/mercury/plan TimeOut: 183 ***
****************************************************


Planner /planner/src/mercury/plan run 5 seconds



****************************************************
*** Planner_path: /planner/src/bfs-f/plan TimeOut: 183 ***
****************************************************


Name: /home/simbachiu/rail-planning/domain1/0-initial/cleaned_result.result
ERROR: Plan /home/simbachiu/rail-planning/domain1/0-initial/cleaned_result.result is not valid or the plan cost is equal to -1, therefore we remove it
Planner /planner/src/bfs-f/plan run 5 seconds



****************************************************
*** Planner_path: /planner/src/siw/plan TimeOut: 183 ***
****************************************************


Name: /home/simbachiu/rail-planning/domain1/0-initial/cleaned_result.result
ERROR: Plan /home/simbachiu/rail-planning/domain1/0-initial/cleaned_result.result is not valid or the plan cost is equal to -1, therefore we remove it
Planner /planner/src/siw/plan run 185 seconds

Main portfolio plus default planner run 297.0 seconds (in total)

Main portfolio runs 297.0 seconds

-------------------- END --------------------
