INFO     Running translator.
INFO     translator input: ['../../domain1.pddl', '../../problem2.pddl']
INFO     translator arguments: []
INFO     translator time limit: None
INFO     translator memory limit: None
INFO     callstring: /usr/bin/python /planner/builds/release64/bin/translate/translate.py ../../domain1.pddl ../../problem2.pddl
Parsing...
Parsing: [0.010s CPU, 0.006s wall-clock]
Normalizing task... [0.000s CPU, 0.001s wall-clock]
Instantiating...
Generating Datalog program... [0.000s CPU, 0.001s wall-clock]
Normalizing Datalog program...
Trivial rules: Converted to facts.
Normalizing Datalog program: [0.000s CPU, 0.005s wall-clock]
Preparing model... [0.000s CPU, 0.002s wall-clock]
Generated 49 rules.
Computing model... [0.030s CPU, 0.022s wall-clock]
669 relevant atoms
454 auxiliary atoms
1123 final queue length
3192 total queue pushes
Completing instantiation... [0.050s CPU, 0.057s wall-clock]
Instantiating: [0.080s CPU, 0.087s wall-clock]
Computing fact groups...
Finding invariants...
15 initial candidates
Finding invariants: [0.010s CPU, 0.012s wall-clock]
Checking invariant weight... [0.000s CPU, 0.000s wall-clock]
Instantiating groups... [0.010s CPU, 0.001s wall-clock]
Collecting mutex groups... [0.000s CPU, 0.000s wall-clock]
Choosing groups...
52 uncovered facts
Choosing groups: [0.000s CPU, 0.001s wall-clock]
Building translation key... [0.000s CPU, 0.001s wall-clock]
Computing fact groups: [0.020s CPU, 0.016s wall-clock]
Building STRIPS to SAS dictionary... [0.000s CPU, 0.000s wall-clock]
Building dictionary for full mutex groups... [0.000s CPU, 0.000s wall-clock]
Building mutex information...
Building mutex information: [0.000s CPU, 0.000s wall-clock]
Translating task...
Processing axioms...
Simplifying axioms... [0.000s CPU, 0.000s wall-clock]
Processing axioms: [0.000s CPU, 0.004s wall-clock]
Translating task: [0.070s CPU, 0.074s wall-clock]
1512 effect conditions simplified
0 implied preconditions added
Detecting unreachable propositions...
0 operators removed
0 axioms removed
14 propositions removed
Detecting unreachable propositions: [0.030s CPU, 0.032s wall-clock]
Reordering and filtering variables...
54 of 54 variables necessary.
12 of 18 mutex groups necessary.
432 of 432 operators necessary.
8 of 8 axiom rules necessary.
Reordering and filtering variables: [0.020s CPU, 0.020s wall-clock]
Translator variables: 54
Translator derived variables: 6
Translator facts: 168
Translator goal facts: 5
Translator mutex groups: 12
Translator total mutex groups size: 84
Translator operators: 432
Translator axioms: 8
Translator task size: 6497
Translator peak memory: 29436 KB
Writing output... [0.010s CPU, 0.013s wall-clock]
Done! [0.250s CPU, 0.251s wall-clock]
INFO     Running search (release64).
INFO     search input: output.sas
INFO     search arguments: ['--if-unit-cost', '--heuristic', 'hlm=lama_synergy(lm_rhw(reasonable_orders=true))', '--heuristic', 'hff=ff_synergy(hlm)', '--search', 'iterated([lazy_greedy([hff,hlm],preferred=[hff,hlm]),lazy_wastar([hff,hlm],preferred=[hff,hlm],w=5),lazy_wastar([hff,hlm],preferred=[hff,hlm],w=3),lazy_wastar([hff,hlm],preferred=[hff,hlm],w=2),lazy_wastar([hff,hlm],preferred=[hff,hlm],w=1)],repeat_last=true,continue_on_fail=true)', '--if-non-unit-cost', '--heuristic', 'hlm1=lama_synergy(lm_rhw(reasonable_orders=true,lm_cost_type=one),transform=adapt_costs(one))', '--heuristic', 'hff1=ff_synergy(hlm1)', '--heuristic', 'hlm2=lama_synergy(lm_rhw(reasonable_orders=true,lm_cost_type=plusone),transform=adapt_costs(plusone))', '--heuristic', 'hff2=ff_synergy(hlm2)', '--search', 'iterated([lazy_greedy([hff1,hlm1],preferred=[hff1,hlm1],cost_type=one,reopen_closed=false),lazy_greedy([hff2,hlm2],preferred=[hff2,hlm2],reopen_closed=false),lazy_wastar([hff2,hlm2],preferred=[hff2,hlm2],w=5),lazy_wastar([hff2,hlm2],preferred=[hff2,hlm2],w=3),lazy_wastar([hff2,hlm2],preferred=[hff2,hlm2],w=2),lazy_wastar([hff2,hlm2],preferred=[hff2,hlm2],w=1)],repeat_last=true,continue_on_fail=true)', '--always']
INFO     search time limit: None
INFO     search memory limit: None
INFO     search executable: /planner/builds/release64/bin/downward
INFO     callstring: /planner/builds/release64/bin/downward --if-unit-cost --heuristic 'hlm=lama_synergy(lm_rhw(reasonable_orders=true))' --heuristic 'hff=ff_synergy(hlm)' --search 'iterated([lazy_greedy([hff,hlm],preferred=[hff,hlm]),lazy_wastar([hff,hlm],preferred=[hff,hlm],w=5),lazy_wastar([hff,hlm],preferred=[hff,hlm],w=3),lazy_wastar([hff,hlm],preferred=[hff,hlm],w=2),lazy_wastar([hff,hlm],preferred=[hff,hlm],w=1)],repeat_last=true,continue_on_fail=true)' --if-non-unit-cost --heuristic 'hlm1=lama_synergy(lm_rhw(reasonable_orders=true,lm_cost_type=one),transform=adapt_costs(one))' --heuristic 'hff1=ff_synergy(hlm1)' --heuristic 'hlm2=lama_synergy(lm_rhw(reasonable_orders=true,lm_cost_type=plusone),transform=adapt_costs(plusone))' --heuristic 'hff2=ff_synergy(hlm2)' --search 'iterated([lazy_greedy([hff1,hlm1],preferred=[hff1,hlm1],cost_type=one,reopen_closed=false),lazy_greedy([hff2,hlm2],preferred=[hff2,hlm2],reopen_closed=false),lazy_wastar([hff2,hlm2],preferred=[hff2,hlm2],w=5),lazy_wastar([hff2,hlm2],preferred=[hff2,hlm2],w=3),lazy_wastar([hff2,hlm2],preferred=[hff2,hlm2],w=2),lazy_wastar([hff2,hlm2],preferred=[hff2,hlm2],w=1)],repeat_last=true,continue_on_fail=true)' --always --internal-plan-file re.out < output.sas
reading input... [t=6.0123e-05s]
done reading input! [t=0.00701646s]
packing state variables...done! [t=0.00707128s]
Variables: 54
FactPairs: 168
Bytes per state: 12
Building successor generator...done! [t=0.00781772s]
peak memory difference for root successor generator creation: 0 KB
time for root successor generation creation: 0.000620724s
done initializing global data [t=0.00789032s]
Initializing Exploration...
Initializing landmarks count heuristic...
Generating landmarks using the RPG/SAS+ approach
approx. reasonable orders
approx. obedient reasonable orders
Removed 0 reasonable or obedient reasonable orders
Landmarks generation time: 0.0294666s
Discovered 54 landmarks, of which 5 are disjunctive and 0 are conjunctive 
253 edges
Initializing LAMA-FF synergy master
Initializing LAMA-FF synergy slave
Starting search: lazy_greedy(list(hff, hlm), preferred = list(hff, hlm))
Conducting lazy best first search, (real) bound = 2147483647
27 initial landmarks, 5 goal landmarks
New best heuristic value for lama_synergy(lm_rhw(reasonable_orders = true)): 21
New best heuristic value for ff_synergy(hlm): 11
[g=0, 1 evaluated, 0 expanded, t=0.0415741s, 5928 KB]
Initial heuristic value for lama_synergy(lm_rhw(reasonable_orders = true)): 21
Initial heuristic value for ff_synergy(hlm): 11
New best heuristic value for lama_synergy(lm_rhw(reasonable_orders = true)): 18
[g=1, 2 evaluated, 1 expanded, t=0.0418928s, 5928 KB]
New best heuristic value for lama_synergy(lm_rhw(reasonable_orders = true)): 17
[g=2, 3 evaluated, 2 expanded, t=0.0421595s, 5928 KB]
New best heuristic value for ff_synergy(hlm): 10
[g=1, 4 evaluated, 3 expanded, t=0.0424697s, 5928 KB]
New best heuristic value for lama_synergy(lm_rhw(reasonable_orders = true)): 13
[g=3, 5 evaluated, 4 expanded, t=0.0427665s, 5928 KB]
New best heuristic value for lama_synergy(lm_rhw(reasonable_orders = true)): 10
[g=4, 7 evaluated, 6 expanded, t=0.0433551s, 5928 KB]
New best heuristic value for lama_synergy(lm_rhw(reasonable_orders = true)): 8
[g=5, 9 evaluated, 8 expanded, t=0.0438929s, 5928 KB]
New best heuristic value for lama_synergy(lm_rhw(reasonable_orders = true)): 6
[g=6, 10 evaluated, 9 expanded, t=0.0442322s, 5928 KB]
New best heuristic value for lama_synergy(lm_rhw(reasonable_orders = true)): 4
[g=9, 16 evaluated, 15 expanded, t=0.045705s, 5928 KB]
New best heuristic value for ff_synergy(hlm): 9
[g=11, 19 evaluated, 18 expanded, t=0.046569s, 5928 KB]
New best heuristic value for lama_synergy(lm_rhw(reasonable_orders = true)): 3
[g=16, 25 evaluated, 24 expanded, t=0.0483466s, 5928 KB]
New best heuristic value for lama_synergy(lm_rhw(reasonable_orders = true)): 1
[g=20, 31 evaluated, 30 expanded, t=0.0501098s, 5928 KB]
New best heuristic value for ff_synergy(hlm): 8
[g=10, 160 evaluated, 159 expanded, t=0.0772169s, 5928 KB]
New best heuristic value for lama_synergy(lm_rhw(reasonable_orders = true)): 0
[g=34, 240 evaluated, 239 expanded, t=0.0923952s, 5928 KB]
New best heuristic value for ff_synergy(hlm): 5
[g=37, 255 evaluated, 254 expanded, t=0.0950875s, 5928 KB]
New best heuristic value for ff_synergy(hlm): 2
[g=38, 256 evaluated, 255 expanded, t=0.0952832s, 5928 KB]
New best heuristic value for ff_synergy(hlm): 1
[g=39, 257 evaluated, 256 expanded, t=0.0954531s, 5928 KB]
Solution found!
Actual search time: 0.0544294s [t=0.0957745s]
move-from-arrival-to-track train1 v1 t0 t5 t6 track2 (1)
move-from-arrival-to-track train2 v2 v1 t0 t5 track2 (1)
move-from-arrival-to-track train3 v3 v2 t3 t4 track1 (1)
move-from-arrival-to-track train4 v4 v3 t2 t3 track1 (1)
move-from-arrival-to-track train5 v5 v4 t1 t2 track1 (1)
move-from-arrival-to-track train6 v6 v5 t0 t1 track1 (1)
move-from-track-to-departure train2 t5 t0 v5 v6 track2 (1)
move-from-track-to-departure train1 t6 t5 v4 v5 track2 (1)
move-from-track-to-departure train6 t1 t0 v3 v4 track1 (1)
move-from-track-to-departure train5 t2 t1 v2 v3 track1 (1)
move-from-arrival-to-track train5 v3 v2 t5 t6 track2 (1)
move-from-track-to-departure train4 t3 t2 v2 v3 track1 (1)
move-from-track-to-departure train3 t4 t3 v1 v2 track1 (1)
move-from-track-to-departure train5 t6 t5 t0 v1 track2 (1)
move-from-arrival-to-track train5 v1 t0 t3 t4 track1 (1)
move-from-arrival-to-track train3 v2 v1 t2 t3 track1 (1)
move-from-arrival-to-track train4 v3 v2 t1 t2 track1 (1)
move-from-arrival-to-track train6 v4 v3 t0 t1 track1 (1)
move-from-arrival-to-track train1 v5 v4 t5 t6 track2 (1)
move-from-arrival-to-track train2 v6 v5 t0 t5 track2 (1)
move-from-track-to-departure train6 t1 t0 v5 v6 track1 (1)
move-from-track-to-departure train2 t5 t0 v4 v5 track2 (1)
move-from-track-to-departure train4 t2 t1 v3 v4 track1 (1)
move-from-arrival-to-track train4 v4 v3 t0 t5 track2 (1)
move-from-track-to-departure train3 t3 t2 v3 v4 track1 (1)
move-from-track-to-departure train4 t5 t0 v2 v3 track2 (1)
move-from-track-to-departure train1 t6 t5 v1 v2 track2 (1)
move-from-arrival-to-track train1 v2 v1 t2 t3 track1 (1)
move-from-arrival-to-track train4 v3 v2 t1 t2 track1 (1)
move-from-arrival-to-track train3 v4 v3 t0 t1 track1 (1)
move-from-arrival-to-track train2 v5 v4 t5 t6 track2 (1)
move-from-arrival-to-track train6 v6 v5 t0 t5 track2 (1)
move-from-track-to-departure train3 t1 t0 v5 v6 track1 (1)
move-from-track-to-departure train6 t5 t0 v4 v5 track2 (1)
move-from-arrival-to-track train6 v5 v4 t0 t1 track1 (1)
move-from-track-to-departure train2 t6 t5 v4 v5 track2 (1)
move-from-track-to-departure train6 t1 t0 v3 v4 track1 (1)
move-from-track-to-departure train4 t2 t1 v2 v3 track1 (1)
move-from-track-to-departure train1 t3 t2 v1 v2 track1 (1)
move-from-track-to-departure train5 t4 t3 t0 v1 track1 (1)
Plan length: 40 step(s).
Plan cost: 40
Expanded 258 state(s).
Reopened 0 state(s).
Evaluated 259 state(s).
Evaluations: 518
Generated 773 state(s).
Dead ends: 0 state(s).
Number of registered states: 259
Int hash set load factor: 259/512 = 0.505859
Int hash set resizes: 9
Best solution cost so far: 40
Solution found - keep searching
Starting search: lazy_wastar(list(hff, hlm), preferred = list(hff, hlm), w = 5)
Conducting lazy best first search, (real) bound = 40
27 initial landmarks, 5 goal landmarks
New best heuristic value for lama_synergy(lm_rhw(reasonable_orders = true)): 21
New best heuristic value for ff_synergy(hlm): 11
[g=0, 1 evaluated, 0 expanded, t=0.0964662s, 5928 KB]
Initial heuristic value for lama_synergy(lm_rhw(reasonable_orders = true)): 21
Initial heuristic value for ff_synergy(hlm): 11
New best heuristic value for lama_synergy(lm_rhw(reasonable_orders = true)): 18
[g=1, 2 evaluated, 1 expanded, t=0.0967087s, 5928 KB]
New best heuristic value for lama_synergy(lm_rhw(reasonable_orders = true)): 17
[g=2, 3 evaluated, 2 expanded, t=0.0969281s, 5928 KB]
New best heuristic value for ff_synergy(hlm): 10
[g=1, 4 evaluated, 3 expanded, t=0.0971412s, 5928 KB]
New best heuristic value for lama_synergy(lm_rhw(reasonable_orders = true)): 13
[g=3, 5 evaluated, 4 expanded, t=0.0973642s, 5928 KB]
New best heuristic value for lama_synergy(lm_rhw(reasonable_orders = true)): 10
[g=4, 7 evaluated, 6 expanded, t=0.0977715s, 5928 KB]
New best heuristic value for lama_synergy(lm_rhw(reasonable_orders = true)): 8
[g=5, 9 evaluated, 8 expanded, t=0.0981584s, 5928 KB]
New best heuristic value for lama_synergy(lm_rhw(reasonable_orders = true)): 6
[g=6, 10 evaluated, 9 expanded, t=0.0983902s, 5928 KB]
New best heuristic value for lama_synergy(lm_rhw(reasonable_orders = true)): 4
[g=9, 16 evaluated, 15 expanded, t=0.0995224s, 5928 KB]
New best heuristic value for ff_synergy(hlm): 9
[g=11, 22 evaluated, 21 expanded, t=0.100655s, 5928 KB]
New best heuristic value for lama_synergy(lm_rhw(reasonable_orders = true)): 3
[g=16, 28 evaluated, 27 expanded, t=0.101838s, 5928 KB]
New best heuristic value for lama_synergy(lm_rhw(reasonable_orders = true)): 1
[g=20, 37 evaluated, 36 expanded, t=0.103488s, 5928 KB]
New best heuristic value for ff_synergy(hlm): 8
[g=10, 92 evaluated, 91 expanded, t=0.113785s, 5928 KB]
New best heuristic value for ff_synergy(hlm): 5
[g=9, 209 evaluated, 208 expanded, t=0.13641s, 6060 KB]
New best heuristic value for ff_synergy(hlm): 4
[g=11, 212 evaluated, 211 expanded, t=0.136991s, 6060 KB]
New best heuristic value for ff_synergy(hlm): 2
[g=12, 213 evaluated, 212 expanded, t=0.137193s, 6060 KB]
New best heuristic value for lama_synergy(lm_rhw(reasonable_orders = true)): 0
New best heuristic value for ff_synergy(hlm): 1
[g=13, 214 evaluated, 213 expanded, t=0.137345s, 6060 KB]
Solution found!
Actual search time: 0.0411366s [t=0.137415s]
move-from-arrival-to-track train1 v1 t0 t3 t4 track1 (1)
move-from-arrival-to-track train2 v2 v1 t5 t6 track2 (1)
move-from-arrival-to-track train3 v3 v2 t0 t5 track2 (1)
move-from-arrival-to-track train4 v4 v3 t2 t3 track1 (1)
move-from-arrival-to-track train5 v5 v4 t1 t2 track1 (1)
move-from-arrival-to-track train6 v6 v5 t0 t1 track1 (1)
move-from-track-to-departure train3 t5 t0 v5 v6 track2 (1)
move-from-track-to-departure train2 t6 t5 v4 v5 track2 (1)
move-from-track-to-departure train6 t1 t0 v3 v4 track1 (1)
move-from-track-to-departure train5 t2 t1 v2 v3 track1 (1)
move-from-arrival-to-track train5 v3 v2 t5 t6 track2 (1)
move-from-track-to-departure train4 t3 t2 v2 v3 track1 (1)
move-from-track-to-departure train1 t4 t3 v1 v2 track1 (1)
move-from-track-to-departure train5 t6 t5 t0 v1 track2 (1)
Plan length: 14 step(s).
Plan cost: 14
Expanded 214 state(s).
Reopened 0 state(s).
Evaluated 215 state(s).
Evaluations: 430
Generated 609 state(s).
Dead ends: 0 state(s).
Number of registered states: 215
Int hash set load factor: 215/256 = 0.839844
Int hash set resizes: 8
Best solution cost so far: 14
Solution found - keep searching
Starting search: lazy_wastar(list(hff, hlm), preferred = list(hff, hlm), w = 3)
Conducting lazy best first search, (real) bound = 14
27 initial landmarks, 5 goal landmarks
New best heuristic value for lama_synergy(lm_rhw(reasonable_orders = true)): 21
New best heuristic value for ff_synergy(hlm): 11
[g=0, 1 evaluated, 0 expanded, t=0.137973s, 6060 KB]
Initial heuristic value for lama_synergy(lm_rhw(reasonable_orders = true)): 21
Initial heuristic value for ff_synergy(hlm): 11
New best heuristic value for lama_synergy(lm_rhw(reasonable_orders = true)): 18
[g=1, 2 evaluated, 1 expanded, t=0.138213s, 6060 KB]
New best heuristic value for lama_synergy(lm_rhw(reasonable_orders = true)): 17
[g=2, 3 evaluated, 2 expanded, t=0.138432s, 6060 KB]
New best heuristic value for ff_synergy(hlm): 10
[g=1, 4 evaluated, 3 expanded, t=0.138644s, 6060 KB]
New best heuristic value for lama_synergy(lm_rhw(reasonable_orders = true)): 13
[g=3, 5 evaluated, 4 expanded, t=0.138855s, 6060 KB]
New best heuristic value for lama_synergy(lm_rhw(reasonable_orders = true)): 10
[g=4, 7 evaluated, 6 expanded, t=0.139247s, 6060 KB]
New best heuristic value for lama_synergy(lm_rhw(reasonable_orders = true)): 8
[g=5, 9 evaluated, 8 expanded, t=0.139661s, 6060 KB]
New best heuristic value for lama_synergy(lm_rhw(reasonable_orders = true)): 6
[g=6, 10 evaluated, 9 expanded, t=0.139904s, 6060 KB]
New best heuristic value for lama_synergy(lm_rhw(reasonable_orders = true)): 4
[g=9, 16 evaluated, 15 expanded, t=0.141032s, 6060 KB]
New best heuristic value for lama_synergy(lm_rhw(reasonable_orders = true)): 3
[g=11, 31 evaluated, 30 expanded, t=0.143784s, 6060 KB]
New best heuristic value for ff_synergy(hlm): 9
[g=9, 60 evaluated, 59 expanded, t=0.149112s, 6060 KB]
New best heuristic value for ff_synergy(hlm): 8
[g=10, 62 evaluated, 61 expanded, t=0.149548s, 6060 KB]
New best heuristic value for lama_synergy(lm_rhw(reasonable_orders = true)): 1
New best heuristic value for ff_synergy(hlm): 5
[g=9, 138 evaluated, 137 expanded, t=0.163838s, 6060 KB]
New best heuristic value for ff_synergy(hlm): 4
[g=11, 141 evaluated, 140 expanded, t=0.164401s, 6060 KB]
New best heuristic value for ff_synergy(hlm): 2
[g=12, 142 evaluated, 141 expanded, t=0.164587s, 6060 KB]
New best heuristic value for lama_synergy(lm_rhw(reasonable_orders = true)): 0
New best heuristic value for ff_synergy(hlm): 1
[g=13, 143 evaluated, 142 expanded, t=0.164739s, 6060 KB]
Completely explored state space -- no solution!
Actual search time: 0.405149s [t=0.542951s]
Expanded 2093 state(s).
Reopened 74 state(s).
Evaluated 2093 state(s).
Evaluations: 4112
Generated 6302 state(s).
Dead ends: 0 state(s).
Number of registered states: 2019
Int hash set load factor: 2019/4096 = 0.49292
Int hash set resizes: 12
Best solution cost so far: 14
No solution found - keep searching
Starting search: lazy_wastar(list(hff, hlm), preferred = list(hff, hlm), w = 2)
Conducting lazy best first search, (real) bound = 14
27 initial landmarks, 5 goal landmarks
New best heuristic value for lama_synergy(lm_rhw(reasonable_orders = true)): 21
New best heuristic value for ff_synergy(hlm): 11
[g=0, 1 evaluated, 0 expanded, t=0.543451s, 6192 KB]
Initial heuristic value for lama_synergy(lm_rhw(reasonable_orders = true)): 21
Initial heuristic value for ff_synergy(hlm): 11
New best heuristic value for lama_synergy(lm_rhw(reasonable_orders = true)): 18
[g=1, 2 evaluated, 1 expanded, t=0.543749s, 6192 KB]
New best heuristic value for lama_synergy(lm_rhw(reasonable_orders = true)): 17
[g=2, 3 evaluated, 2 expanded, t=0.543972s, 6192 KB]
New best heuristic value for ff_synergy(hlm): 10
[g=1, 4 evaluated, 3 expanded, t=0.544185s, 6192 KB]
New best heuristic value for lama_synergy(lm_rhw(reasonable_orders = true)): 13
[g=3, 5 evaluated, 4 expanded, t=0.544399s, 6192 KB]
New best heuristic value for lama_synergy(lm_rhw(reasonable_orders = true)): 10
[g=4, 7 evaluated, 6 expanded, t=0.544787s, 6192 KB]
New best heuristic value for lama_synergy(lm_rhw(reasonable_orders = true)): 8
[g=5, 9 evaluated, 8 expanded, t=0.545172s, 6192 KB]
New best heuristic value for lama_synergy(lm_rhw(reasonable_orders = true)): 6
[g=6, 10 evaluated, 9 expanded, t=0.545409s, 6192 KB]
New best heuristic value for lama_synergy(lm_rhw(reasonable_orders = true)): 4
[g=9, 16 evaluated, 15 expanded, t=0.546551s, 6192 KB]
New best heuristic value for lama_synergy(lm_rhw(reasonable_orders = true)): 3
[g=11, 33 evaluated, 32 expanded, t=0.549655s, 6192 KB]
New best heuristic value for ff_synergy(hlm): 9
[g=9, 46 evaluated, 45 expanded, t=0.552048s, 6192 KB]
New best heuristic value for ff_synergy(hlm): 8
[g=10, 48 evaluated, 47 expanded, t=0.55248s, 6192 KB]
New best heuristic value for lama_synergy(lm_rhw(reasonable_orders = true)): 1
New best heuristic value for ff_synergy(hlm): 5
[g=9, 98 evaluated, 97 expanded, t=0.561518s, 6192 KB]
New best heuristic value for ff_synergy(hlm): 4
[g=11, 101 evaluated, 100 expanded, t=0.562081s, 6192 KB]
New best heuristic value for ff_synergy(hlm): 2
[g=12, 102 evaluated, 101 expanded, t=0.56227s, 6192 KB]
New best heuristic value for lama_synergy(lm_rhw(reasonable_orders = true)): 0
New best heuristic value for ff_synergy(hlm): 1
[g=13, 103 evaluated, 102 expanded, t=0.562423s, 6192 KB]
Completely explored state space -- no solution!
Actual search time: 0.395274s [t=0.938545s]
Expanded 2090 state(s).
Reopened 71 state(s).
Evaluated 2090 state(s).
Evaluations: 4109
Generated 6294 state(s).
Dead ends: 0 state(s).
Number of registered states: 2019
Int hash set load factor: 2019/4096 = 0.49292
Int hash set resizes: 12
Best solution cost so far: 14
No solution found - keep searching
Starting search: lazy_wastar(list(hff, hlm), preferred = list(hff, hlm), w = 1)
Conducting lazy best first search, (real) bound = 14
27 initial landmarks, 5 goal landmarks
New best heuristic value for lama_synergy(lm_rhw(reasonable_orders = true)): 21
New best heuristic value for ff_synergy(hlm): 11
[g=0, 1 evaluated, 0 expanded, t=0.939019s, 6192 KB]
Initial heuristic value for lama_synergy(lm_rhw(reasonable_orders = true)): 21
Initial heuristic value for ff_synergy(hlm): 11
New best heuristic value for lama_synergy(lm_rhw(reasonable_orders = true)): 18
[g=1, 2 evaluated, 1 expanded, t=0.939269s, 6192 KB]
New best heuristic value for lama_synergy(lm_rhw(reasonable_orders = true)): 17
[g=2, 3 evaluated, 2 expanded, t=0.939516s, 6192 KB]
New best heuristic value for ff_synergy(hlm): 10
[g=1, 4 evaluated, 3 expanded, t=0.939731s, 6192 KB]
New best heuristic value for lama_synergy(lm_rhw(reasonable_orders = true)): 13
[g=3, 7 evaluated, 6 expanded, t=0.940287s, 6192 KB]
New best heuristic value for lama_synergy(lm_rhw(reasonable_orders = true)): 10
[g=4, 9 evaluated, 8 expanded, t=0.940679s, 6192 KB]
New best heuristic value for lama_synergy(lm_rhw(reasonable_orders = true)): 8
[g=5, 10 evaluated, 9 expanded, t=0.94089s, 6192 KB]
New best heuristic value for lama_synergy(lm_rhw(reasonable_orders = true)): 6
[g=6, 11 evaluated, 10 expanded, t=0.941123s, 6192 KB]
New best heuristic value for lama_synergy(lm_rhw(reasonable_orders = true)): 4
[g=9, 25 evaluated, 24 expanded, t=0.943697s, 6192 KB]
New best heuristic value for lama_synergy(lm_rhw(reasonable_orders = true)): 3
New best heuristic value for ff_synergy(hlm): 8
[g=8, 51 evaluated, 50 expanded, t=0.948337s, 6192 KB]
New best heuristic value for lama_synergy(lm_rhw(reasonable_orders = true)): 1
New best heuristic value for ff_synergy(hlm): 5
[g=9, 53 evaluated, 52 expanded, t=0.948731s, 6192 KB]
New best heuristic value for ff_synergy(hlm): 4
[g=11, 68 evaluated, 67 expanded, t=0.951364s, 6192 KB]
New best heuristic value for lama_synergy(lm_rhw(reasonable_orders = true)): 0
[g=11, 69 evaluated, 68 expanded, t=0.951604s, 6192 KB]
New best heuristic value for ff_synergy(hlm): 2
[g=12, 70 evaluated, 69 expanded, t=0.951786s, 6192 KB]
New best heuristic value for ff_synergy(hlm): 1
[g=13, 71 evaluated, 70 expanded, t=0.951935s, 6192 KB]
Completely explored state space -- no solution!
Actual search time: 0.39042s [t=1.32926s]
Expanded 2074 state(s).
Reopened 55 state(s).
Evaluated 2074 state(s).
Evaluations: 4093
Generated 6242 state(s).
Dead ends: 0 state(s).
Number of registered states: 2019
Int hash set load factor: 2019/4096 = 0.49292
Int hash set resizes: 12
Best solution cost so far: 14
No solution found - keep searching
Actual search time: 1.28817s [t=1.3294s]
Cumulative statistics:
Expanded 6729 state(s).
Reopened 200 state(s).
Evaluated 6731 state(s).
Evaluations: 13262
Generated 20220 state(s).
Dead ends: 0 state(s).
Search time: 1.28818s
Total time: 1.3294s
Solution found.
Peak memory: 6192 KB
