Parsing...
Parsing: [0.010s CPU, 0.007s wall-clock]
Normalizing task... [0.000s CPU, 0.001s wall-clock]
Instantiating...
Generating Datalog program... [0.000s CPU, 0.001s wall-clock]
Normalizing Datalog program...
Trivial rules: Converted to facts.
Normalizing Datalog program: [0.000s CPU, 0.006s wall-clock]
Preparing model... [0.000s CPU, 0.002s wall-clock]
Generated 64 rules.
Computing model... [0.020s CPU, 0.016s wall-clock]
387 relevant atoms
640 auxiliary atoms
1027 final queue length
1399 total queue pushes
Completing instantiation... [0.010s CPU, 0.014s wall-clock]
Instantiating: [0.030s CPU, 0.039s wall-clock]
Computing fact groups...
Finding invariants...
15 initial candidates
Finding invariants: [0.010s CPU, 0.010s wall-clock]
Checking invariant weight... [0.000s CPU, 0.000s wall-clock]
Instantiating groups... [0.000s CPU, 0.001s wall-clock]
Collecting mutex groups... [0.010s CPU, 0.000s wall-clock]
Choosing groups...
45 uncovered facts
Choosing groups: [0.000s CPU, 0.001s wall-clock]
Building translation key... [0.000s CPU, 0.001s wall-clock]
Computing fact groups: [0.020s CPU, 0.014s wall-clock]
Building STRIPS to SAS dictionary... [0.000s CPU, 0.000s wall-clock]
Building dictionary for full mutex groups... [0.000s CPU, 0.000s wall-clock]
Building mutex information...
Building mutex information: [0.000s CPU, 0.000s wall-clock]
Translating task...
Processing axioms...
Simplifying axioms... [0.000s CPU, 0.000s wall-clock]
Processing axioms: [0.000s CPU, 0.002s wall-clock]
Translating task: [0.020s CPU, 0.020s wall-clock]
288 effect conditions simplified
0 implied preconditions added
Detecting unreachable propositions...
0 operators removed
0 axioms removed
11 propositions removed
Detecting unreachable propositions: [0.010s CPU, 0.008s wall-clock]
Reordering and filtering variables...
50 of 50 variables necessary.
13 of 20 mutex groups necessary.
144 of 144 operators necessary.
8 of 8 axiom rules necessary.
Reordering and filtering variables: [0.000s CPU, 0.006s wall-clock]
Translator variables: 50
Translator derived variables: 6
Translator facts: 171
Translator goal facts: 5
Translator mutex groups: 13
Translator total mutex groups size: 91
Translator operators: 144
Translator axioms: 8
Translator task size: 1781
Translator peak memory: 26092 KB
Writing output... [0.010s CPU, 0.004s wall-clock]
Done! [0.100s CPU, 0.104s wall-clock]
