1. Running translator
Second argument is a file name: use two translator arguments.
Parsing...
Parsing: [0.010s CPU, 0.005s wall-clock]
Normalizing task... [0.000s CPU, 0.001s wall-clock]
Instantiating...
Generating Datalog program... [0.000s CPU, 0.001s wall-clock]
Normalizing Datalog program...
Trivial rules: Converted to facts.
Normalizing Datalog program: [0.010s CPU, 0.008s wall-clock]
Preparing model... [0.000s CPU, 0.003s wall-clock]
Generated 82 rules.
Computing model... [0.020s CPU, 0.021s wall-clock]
498 relevant atoms
895 auxiliary atoms
1393 final queue length
1808 total queue pushes
Completing instantiation... [0.020s CPU, 0.019s wall-clock]
Instantiating: [0.050s CPU, 0.052s wall-clock]
Computing fact groups...
Finding invariants...
12 initial candidates
Finding invariants: [0.010s CPU, 0.009s wall-clock]
Checking invariant weight... [0.000s CPU, 0.000s wall-clock]
Instantiating groups... [0.000s CPU, 0.001s wall-clock]
Collecting mutex groups... [0.000s CPU, 0.000s wall-clock]
Choosing groups...
37 uncovered facts
Choosing groups: [0.000s CPU, 0.001s wall-clock]
Building translation key... [0.000s CPU, 0.000s wall-clock]
Computing fact groups: [0.010s CPU, 0.012s wall-clock]
Building STRIPS to SAS dictionary... [0.000s CPU, 0.000s wall-clock]
Building dictionary for full mutex groups... [0.000s CPU, 0.000s wall-clock]
Building mutex information...
Building mutex information: [0.000s CPU, 0.000s wall-clock]
Translating task...
Processing axioms...
Simplifying axioms... [0.000s CPU, 0.000s wall-clock]
Processing axioms: [0.000s CPU, 0.002s wall-clock]
Translating task: [0.030s CPU, 0.024s wall-clock]
0 implied effects removed
0 effect conditions simplified
0 implied preconditions added
Detecting unreachable propositions...
0 operators removed
7 propositions removed
Detecting unreachable propositions: [0.000s CPU, 0.004s wall-clock]
Translator variables: 44
Translator derived variables: 6
Translator facts: 158
Translator goal facts: 5
Translator mutex groups: 20
Translator total mutex groups size: 175
Translator operators: 246
Translator axioms: 8
Translator task size: 2218
Translator peak memory: 26560 KB
Writing output... [0.010s CPU, 0.005s wall-clock]
Done! [0.110s CPU, 0.107s wall-clock]

2. Running preprocessor
Building causal graph...
The causal graph is not acyclic.
32 variables of 44 necessary
13 of 20 mutex groups necessary.
246 of 246 operators necessary.
8 of 8 axiom rules necessary.
Building domain transition graphs...
solveable in poly time 0
Building successor generator...
Preprocessor facts: 134
Preprocessor derived variables: 6
Preprocessor task size: 2062
Writing output...
done


3. Running search
Dispatcher selected state size 1.
This is a nonunit task.
Simplifying transitions... done!
Initializing Exploration...
Generating landmarks using the RPG/SAS+ approach
approx. reasonable orders
approx. obedient reasonable orders
Removed 0 reasonable or obedient reasonable orders
Landmarks generation time: 0.00774162s
Discovered 71 landmarks, of which 0 are disjunctive and 0 are conjunctive 
584 edges
Initializing landmarks count heuristic...
25 initial landmarks, 5 goal landmarks
Initializing Exploration...
Generating landmarks using the RPG/SAS+ approach
approx. reasonable orders
approx. obedient reasonable orders
Removed 0 reasonable or obedient reasonable orders
Landmarks generation time: 0.00767248s
Discovered 71 landmarks, of which 0 are disjunctive and 0 are conjunctive 
584 edges
Initializing landmarks count heuristic...
25 initial landmarks, 5 goal landmarks
Starting search: lazy_greedy(list(hrb, hlm1), preferred = list(hrb, hlm1), cost_type = 1, reopen_closed = false)
Conducting lazy best first search, (real) bound = 2147483647
Initializing Red-Black Relaxation heuristic...
Peak memory: 5212 KB
