Straring problem7c with setting 4 at 2023-06-22 12:36:03.596

ff: parsing domain file
domain 'TUSD' defined
 ... done.
ff: parsing problem file
problem 'PROBLEM7' defined
 ... done.


warning: numeric precondition. turning cost-minimizing relaxed plans OFF.

ff: search configuration is A*epsilon with weight 5.
Metric is ((1.00*[RF7](COST)) - () + 0.00)
COST MINIMIZATION DONE (WITHOUT cost-minimizing relaxed plans).

Advancing to goal distance:   55
                              54
                              48
                              19
                              18
                              17
                              13
                              12
                              11
                               9
                               8
                               6
                               4
                               3
                               2
                               1
                               0

ff: found legal plan as follows
step    0: MOVE-ON-ARRIVAL TRAIN1 V1 T7
        1: MOVE-ON-ARRIVAL TRAIN2 V1 T1
        2: MOVE-ON-ARRIVAL TRAIN4 V1 T4
        3: MOVE-BETWEEN-TRACKS TRAIN4 T4 T5 TRACK2 TRACK2
        4: MOVE-ON-ARRIVAL TRAIN5 V1 T4
        5: MOVE-BETWEEN-TRACKS TRAIN1 T7 T8 TRACK3 TRACK3
        6: MOVE-ON-ARRIVAL TRAIN6 V1 T7
        7: MOVE-BETWEEN-TRACKS TRAIN2 T1 T2 TRACK1 TRACK1
        8: MOVE-TO-DEPARTURE TRAIN5 T4 V1
        9: MOVE-BETWEEN-TRACKS TRAIN6 T7 T1 TRACK3 TRACK1
       10: MOVE-BETWEEN-TRACKS TRAIN4 T5 T4 TRACK2 TRACK2
       11: MOVE TRAIN1 T8 T7 TRACK3
       12: MOVE-TO-DEPARTURE TRAIN4 T4 V1
       13: MOVE-ON-ARRIVAL TRAIN7 V1 T4
       14: MOVE-BETWEEN-TRACKS TRAIN1 T7 T8 TRACK3 TRACK3
       15: MOVE-ON-ARRIVAL TRAIN3 V1 T7
       16: MOVE-TO-DEPARTURE TRAIN6 T1 V1
       17: MOVE-BETWEEN-TRACKS TRAIN2 T2 T1 TRACK1 TRACK1
       18: MOVE-TO-DEPARTURE TRAIN3 T7 V1
       19: MOVE-TO-DEPARTURE TRAIN2 T1 V1
       20: MOVE-TO-DEPARTURE TRAIN7 T4 V1
       21: MOVE TRAIN1 T8 T7 TRACK3
       22: MOVE-TO-DEPARTURE TRAIN1 T7 V1
       23: REACH-GOAL
plan cost: 16.000000

time spent:    0.00 seconds instantiating 252 easy, 0 hard action templates
               0.00 seconds reachability analysis, yielding 86 facts and 360 actions
               0.00 seconds creating final representation with 87 relevant facts, 17 relevant fluents
               0.00 seconds computing LNF
               0.00 seconds building connectivity graph
               0.80 seconds searching, evaluating 4772 states, to a max depth of 0
               0.80 seconds total time

-e Execution of problem7c with setting 4 stopped at 2023-06-22 12:36:04.414
Total time elapsed = 00:00:00.818000000
