2023.06.01 19:43:24 INFO  Started: Metals version 0.11.12 in workspace 'C:\Users\cakas\Desktop\RP\rail-planning' for client Visual Studio Code 1.78.2.
Jun 01, 2023 7:43:25 PM org.flywaydb.core.internal.license.VersionPrinter printVersionOnly
INFO: Flyway Community Edition 9.16.3 by Redgate
Jun 01, 2023 7:43:25 PM org.flywaydb.core.internal.license.VersionPrinter printVersion
INFO: See release notes here: https://rd.gt/416ObMi
Jun 01, 2023 7:43:25 PM org.flywaydb.core.internal.license.VersionPrinter printVersion
INFO: 
Jun 01, 2023 7:43:25 PM org.flywaydb.core.internal.database.base.BaseDatabaseType createDatabase
INFO: Database: jdbc:h2:file:C:\Users\cakas\Desktop\RP\rail-planning\.metals\metals (H2 2.1)
Jun 01, 2023 7:43:25 PM org.flywaydb.core.internal.schemahistory.JdbcTableSchemaHistory allAppliedMigrations
INFO: Schema history table "PUBLIC"."flyway_schema_history" does not exist yet
Jun 01, 2023 7:43:25 PM org.flywaydb.core.internal.command.DbValidate validate
INFO: Successfully validated 4 migrations (execution time 00:00.021s)
Jun 01, 2023 7:43:25 PM org.flywaydb.core.internal.schemahistory.JdbcTableSchemaHistory create
INFO: Creating Schema History table "PUBLIC"."flyway_schema_history" ...
Jun 01, 2023 7:43:25 PM org.flywaydb.core.internal.command.DbMigrate migrateGroup
INFO: Current version of schema "PUBLIC": << Empty Schema >>
Jun 01, 2023 7:43:25 PM org.flywaydb.core.internal.command.DbMigrate doMigrateGroup
INFO: Migrating schema "PUBLIC" to version "1 - Create tables"
Jun 01, 2023 7:43:25 PM org.flywaydb.core.internal.command.DbMigrate doMigrateGroup
INFO: Migrating schema "PUBLIC" to version "2 - Server discovery"
Jun 01, 2023 7:43:25 PM org.flywaydb.core.internal.command.DbMigrate doMigrateGroup
INFO: Migrating schema "PUBLIC" to version "3 - Jar symbols"
Jun 01, 2023 7:43:25 PM org.flywaydb.core.internal.command.DbMigrate doMigrateGroup
INFO: Migrating schema "PUBLIC" to version "4 - Fingerprints"
Jun 01, 2023 7:43:26 PM org.flywaydb.core.internal.command.DbMigrate logSummary
INFO: Successfully applied 4 migrations to schema "PUBLIC", now at version v4 (execution time 00:00.060s)
2023.06.01 19:43:26 INFO  time: initialize in 0.87s
2023.06.01 19:43:26 WARN  Build server is not auto-connectable.
2023.06.01 19:43:26 WARN  no build tool detected in workspace 'C:\Users\cakas\Desktop\RP\rail-planning'. The most common cause for this problem is that the editor was opened in the wrong working directory, for example if you use sbt then the workspace directory should contain build.sbt. 
Jun 01, 2023 8:01:09 PM org.eclipse.lsp4j.jsonrpc.services.GenericEndpoint notify
INFO: Unsupported notification method: $/setTrace
