Straring problem9 with setting 3 at 2023-06-22 12:36:03.491

ff: parsing domain file
domain 'TUSD' defined
 ... done.
ff: parsing problem file
problem 'PROBLEM9' defined
 ... done.


warning: numeric precondition. turning cost-minimizing relaxed plans OFF.

ff: search configuration is weighted A* with weight 5.
Metric is ((1.00*[RF9](COST)) - () + 0.00)
COST MINIMIZATION DONE (WITHOUT cost-minimizing relaxed plans).

advancing to goal distance:   61
                              31
                              29
                              26
                              25
                              24
                              23
                              21-e Execution of problem9 with setting 3 stopped at 2023-06-22 13:06:03.514
Total time elapsed = 00:30:00.023000000
