Straring problem7b with setting 3 at 2023-06-20 22:33:24.544

ff: parsing domain file
domain 'TUSD' defined
 ... done.
ff: parsing problem file
problem 'PROBLEM7B' defined
 ... done.


warning: numeric precondition. turning cost-minimizing relaxed plans OFF.

ff: search configuration is weighted A* with weight 5.
Metric is ((1.00*[RF7](COST)) - () + 0.00)
COST MINIMIZATION DONE (WITHOUT cost-minimizing relaxed plans).

advancing to goal distance:   26
                              24
                              20
                              19
                              18
                              17
                              13
                              11
                               9
                               6
                               4
                               3
                               2
                               1
                               0

ff: found legal plan as follows
step    0: MOVE-ON-ARRIVAL TRAIN1 V1 T7
        1: MOVE-ON-ARRIVAL TRAIN5 V1 T1
        2: MOVE TRAIN5 T1 T2 TRACK1
        3: MOVE-ON-ARRIVAL TRAIN7 V1 T1
        4: MOVE-ON-ARRIVAL TRAIN4 V1 T4
        5: MOVE TRAIN1 T7 T8 TRACK3
        6: MOVE-ON-ARRIVAL TRAIN3 V1 T7
        7: MOVE-TO-DEPARTURE TRAIN7 T1 V1
        8: MOVE-TO-DEPARTURE TRAIN3 T7 V1
        9: MOVE-ON-ARRIVAL TRAIN2 V1 T1
       10: MOVE-ON-ARRIVAL TRAIN6 V1 T7
       11: MOVE-TO-DEPARTURE TRAIN2 T1 V1
       12: MOVE TRAIN5 T2 T1 TRACK1
       13: MOVE-TO-DEPARTURE TRAIN6 T7 V1
       14: MOVE-TO-DEPARTURE TRAIN5 T1 V1
       15: MOVE-TO-DEPARTURE TRAIN4 T4 V1
       16: MOVE TRAIN1 T8 T7 TRACK3
       17: MOVE-TO-DEPARTURE TRAIN1 T7 V1
       18: REACH-GOAL
plan cost: 4.000000

time spent:    0.00 seconds instantiating 252 easy, 0 hard action templates
               0.00 seconds reachability analysis, yielding 86 facts and 316 actions
               0.00 seconds creating final representation with 87 relevant facts, 17 relevant fluents
               0.00 seconds computing LNF
               0.00 seconds building connectivity graph
               0.55 seconds searching, evaluating 4844 states, to a max depth of 0
               0.55 seconds total time

-e Execution of problem7b with setting 3 stopped at 2023-06-20 22:33:25.107
Total time elapsed = 00:00:00.563000000
