Straring problem8b with setting 3 at 2023-06-20 23:03:25.149

ff: parsing domain file
domain 'TUSD' defined
 ... done.
ff: parsing problem file
problem 'PROBLEM8B' defined
 ... done.


warning: numeric precondition. turning cost-minimizing relaxed plans OFF.

ff: search configuration is weighted A* with weight 5.
Metric is ((1.00*[RF8](COST)) - () + 0.00)
COST MINIMIZATION DONE (WITHOUT cost-minimizing relaxed plans).

advancing to goal distance:   27
                              22
                              21
                              19
                              15
                              13
                              11
                               9
                               8
                               7
                               5
                               4
                               2
                               1
                               0

ff: found legal plan as follows
step    0: MOVE-ON-ARRIVAL TRAIN1 V1 T7
        1: MOVE-ON-ARRIVAL TRAIN5 V1 T4
        2: MOVE TRAIN5 T4 T5 TRACK2
        3: MOVE TRAIN1 T7 T8 TRACK3
        4: MOVE-ON-ARRIVAL TRAIN7 V1 T4
        5: MOVE-ON-ARRIVAL TRAIN4 V1 T1
        6: MOVE-ON-ARRIVAL TRAIN3 V1 T7
        7: MOVE TRAIN4 T1 T2 TRACK1
        8: MOVE-ON-ARRIVAL TRAIN8 V1 T1
        9: MOVE-TO-DEPARTURE TRAIN3 T7 V1
       10: MOVE-TO-DEPARTURE TRAIN7 T4 V1
       11: MOVE-ON-ARRIVAL TRAIN2 V1 T7
       12: MOVE-ON-ARRIVAL TRAIN6 V1 T4
       13: MOVE-TO-DEPARTURE TRAIN2 T7 V1
       14: MOVE TRAIN1 T8 T7 TRACK3
       15: MOVE-TO-DEPARTURE TRAIN6 T4 V1
       16: MOVE-BETWEEN-TRACKS TRAIN8 T1 T4 TRACK1 TRACK2
       17: MOVE TRAIN4 T2 T1 TRACK1
       18: MOVE-TO-DEPARTURE TRAIN4 T1 V1
       19: MOVE-BETWEEN-TRACKS TRAIN8 T4 T1 TRACK2 TRACK1
       20: MOVE TRAIN5 T5 T4 TRACK2
       21: MOVE-TO-DEPARTURE TRAIN5 T4 V1
       22: MOVE-TO-DEPARTURE TRAIN8 T1 V1
       23: MOVE-TO-DEPARTURE TRAIN1 T7 V1
       24: REACH-GOAL
plan cost: 10.000000

time spent:    0.00 seconds instantiating 288 easy, 0 hard action templates
               0.00 seconds reachability analysis, yielding 97 facts and 720 actions
               0.00 seconds creating final representation with 98 relevant facts, 19 relevant fluents
               0.01 seconds computing LNF
               0.00 seconds building connectivity graph
              85.68 seconds searching, evaluating 156594 states, to a max depth of 0
              85.69 seconds total time

-e Execution of problem8b with setting 3 stopped at 2023-06-20 23:04:50.906
Total time elapsed = 00:01:25.757000000
