Straring problem7 with setting 3 at 2023-06-20 22:33:24.636

ff: parsing domain file
domain 'TUSD' defined
 ... done.
ff: parsing problem file
problem 'PROBLEM7' defined
 ... done.


warning: numeric precondition. turning cost-minimizing relaxed plans OFF.

ff: search configuration is weighted A* with weight 5.
Metric is ((1.00*[RF7](COST)) - () + 0.00)
COST MINIMIZATION DONE (WITHOUT cost-minimizing relaxed plans).

advancing to goal distance:   54
                              29
                              26
                              24
                              19
                              18
                              17
                              13
                              12
                              11
                               9
                               7
                               6
                               4
                               2
                               1
                               0

ff: found legal plan as follows
step    0: MOVE-ON-ARRIVAL TRAIN3 V1 T7
        1: MOVE TRAIN3 T7 T8 TRACK3
        2: MOVE-ON-ARRIVAL TRAIN5 V1 T1
        3: MOVE-ON-ARRIVAL TRAIN7 V1 T4
        4: MOVE TRAIN5 T1 T2 TRACK1
        5: MOVE-ON-ARRIVAL TRAIN4 V1 T1
        6: MOVE-ON-ARRIVAL TRAIN1 V1 T7
        7: MOVE-TO-DEPARTURE TRAIN7 T4 V1
        8: MOVE-TO-DEPARTURE TRAIN4 T1 V1
        9: MOVE-ON-ARRIVAL TRAIN2 V1 T4
       10: MOVE-ON-ARRIVAL TRAIN6 V1 T1
       11: MOVE-TO-DEPARTURE TRAIN1 T7 V1
       12: MOVE-TO-DEPARTURE TRAIN6 T1 V1
       13: MOVE TRAIN5 T2 T1 TRACK1
       14: MOVE TRAIN3 T8 T7 TRACK3
       15: MOVE-TO-DEPARTURE TRAIN5 T1 V1
       16: MOVE-TO-DEPARTURE TRAIN3 T7 V1
       17: MOVE-TO-DEPARTURE TRAIN2 T4 V1
       18: REACH-GOAL
plan cost: 4.000000

time spent:    0.00 seconds instantiating 252 easy, 0 hard action templates
               0.00 seconds reachability analysis, yielding 86 facts and 316 actions
               0.00 seconds creating final representation with 87 relevant facts, 17 relevant fluents
               0.00 seconds computing LNF
               0.00 seconds building connectivity graph
               1.87 seconds searching, evaluating 14269 states, to a max depth of 0
               1.87 seconds total time

-e Execution of problem7 with setting 3 stopped at 2023-06-20 22:33:26.517
Total time elapsed = 00:00:01.881000000
