Straring problem8 with setting 3 at 2023-06-22 15:26:21.923

ff: parsing domain file
domain 'TUSD' defined
 ... done.
ff: parsing problem file
problem 'PROBLEM8' defined
 ... done.


warning: numeric precondition. turning cost-minimizing relaxed plans OFF.

ff: search configuration is weighted A* with weight 5.
Metric is ((1.00*[RF8](COST)) - () + 0.00)
COST MINIMIZATION DONE (WITHOUT cost-minimizing relaxed plans).

advancing to goal distance:   27
                              23
                              22
                              21
                              20
                              19
                              17
                              15
                              14
                              13
                              11
                               9
                               8
                               6-e Execution of problem8 with setting 3 stopped at 2023-06-22 15:56:21.949
Total time elapsed = 00:30:00.026000000
